#
# There is insufficient memory for the Java Runtime Environment to continue.
# Native memory allocation (malloc) failed to allocate 1062096 bytes for Chunk::new
# Possible reasons:
#   The system is out of physical RAM or swap space
#   The process is running with CompressedOops enabled, and the Java Heap may be blocking the growth of the native heap
# Possible solutions:
#   Reduce memory load on the system
#   Increase physical memory or swap space
#   Check if swap backing store is full
#   Decrease Java heap size (-Xmx/-Xms)
#   Decrease number of Java threads
#   Decrease Java thread stack sizes (-Xss)
#   Set larger code cache with -XX:ReservedCodeCacheSize=
#   JVM is running with Unscaled Compressed Oops mode in which the Java heap is
#     placed in the first 4GB address space. The Java Heap base address is the
#     maximum limit for the native heap growth. Please use -XX:HeapBaseMinAddress
#     to set the Java Heap base and to place the Java Heap above 4GB virtual address.
# This output file may be truncated or incomplete.
#
#  Out of Memory Error (./src/hotspot/share/memory/arena.cpp:197), pid=720, tid=10540
#
# JRE version: OpenJDK Runtime Environment (11.0.10) (build 11.0.10+0-b96-7249189)
# Java VM: OpenJDK 64-Bit Server VM (11.0.10+0-b96-7249189, mixed mode, tiered, compressed oops, g1 gc, windows-amd64)
# No core dump will be written. Minidumps are not enabled by default on client versions of Windows
#

---------------  S U M M A R Y ------------

Command Line: --add-opens=java.base/java.util=ALL-UNNAMED --add-opens=java.base/java.lang=ALL-UNNAMED --add-opens=java.base/java.lang.invoke=ALL-UNNAMED --add-opens=java.base/java.util=ALL-UNNAMED --add-opens=java.prefs/java.util.prefs=ALL-UNNAMED --add-opens=java.prefs/java.util.prefs=ALL-UNNAMED --add-opens=java.base/java.nio.charset=ALL-UNNAMED --add-opens=java.base/java.net=ALL-UNNAMED --add-opens=java.base/java.util.concurrent.atomic=ALL-UNNAMED -Xmx2048m -Dfile.encoding=UTF-8 -Duser.country=ID -Duser.language=en -Duser.variant org.gradle.launcher.daemon.bootstrap.GradleDaemon 7.0.2

Host: AMD A9-9425 RADEON R5, 5 COMPUTE CORES 2C+3G   , 2 cores, 6G,  Windows 10 , 64 bit Build 19041 (10.0.19041.1348)
Time: Tue Jan  4 14:19:55 2022 SE Asia Standard Time elapsed time: 5220.055760 seconds (0d 1h 27m 0s)

---------------  T H R E A D  ---------------

Current thread (0x000001bade406000):  JavaThread "C2 CompilerThread0" daemon [_thread_in_native, id=10540, stack(0x000000b7c5e00000,0x000000b7c5f00000)]


Current CompileTask:
C2:5220055 26678  s    4       com.android.build.api.artifact.impl.TypedStorageProvider::getArtifact$gradle_core (80 bytes)

Stack: [0x000000b7c5e00000,0x000000b7c5f00000]
Native frames: (J=compiled Java code, j=interpreted, Vv=VM code, C=native code)
V  [jvm.dll+0x5ecfaa]
V  [jvm.dll+0x722bd5]
V  [jvm.dll+0x72412d]
V  [jvm.dll+0x7247e3]
V  [jvm.dll+0x242928]
V  [jvm.dll+0xbc4fc]
V  [jvm.dll+0xbca0c]
V  [jvm.dll+0x352d3b]
V  [jvm.dll+0x320ad3]
V  [jvm.dll+0x31ffca]
V  [jvm.dll+0x1fb602]
V  [jvm.dll+0x1fa7f4]
V  [jvm.dll+0x18354c]
V  [jvm.dll+0x208ee7]
V  [jvm.dll+0x207731]
V  [jvm.dll+0x6eb1cf]
V  [jvm.dll+0x6e3d45]
V  [jvm.dll+0x5ebe96]
C  [ucrtbase.dll+0x21bb2]
C  [KERNEL32.DLL+0x17034]
C  [ntdll.dll+0x52651]


---------------  P R O C E S S  ---------------

Threads class SMR info:
_java_thread_list=0x000001bae2f66b60, length=40, elements={
0x000001bac239f000, 0x000001badda7f800, 0x000001badda86800, 0x000001bade400800,
0x000001bade402800, 0x000001bade404000, 0x000001bade406000, 0x000001bade407000,
0x000001bade45f800, 0x000001bade552800, 0x000001badf5f7000, 0x000001badee2d800,
0x000001bade8dd800, 0x000001badf35d000, 0x000001badf35f800, 0x000001badf35f000,
0x000001badf362000, 0x000001badf364000, 0x000001bae128e800, 0x000001bae128a800,
0x000001bae128c000, 0x000001bae1291000, 0x000001bae1296800, 0x000001bae1298000,
0x000001bae1292800, 0x000001bae128f000, 0x000001bae128b000, 0x000001bae1295000,
0x000001bae1293800, 0x000001bae1290000, 0x000001bae1294000, 0x000001bae1297800,
0x000001bae1291800, 0x000001bae1299000, 0x000001bae2dcc000, 0x000001bae2dcc800,
0x000001bae2dcd800, 0x000001bae2dca800, 0x000001bae2dcb000, 0x000001bae2dce800
}

Java Threads: ( => current thread )
  0x000001bac239f000 JavaThread "main" [_thread_blocked, id=2296, stack(0x000000b7c5200000,0x000000b7c5300000)]
  0x000001badda7f800 JavaThread "Reference Handler" daemon [_thread_blocked, id=900, stack(0x000000b7c5900000,0x000000b7c5a00000)]
  0x000001badda86800 JavaThread "Finalizer" daemon [_thread_blocked, id=9872, stack(0x000000b7c5a00000,0x000000b7c5b00000)]
  0x000001bade400800 JavaThread "Signal Dispatcher" daemon [_thread_blocked, id=948, stack(0x000000b7c5b00000,0x000000b7c5c00000)]
  0x000001bade402800 JavaThread "Attach Listener" daemon [_thread_blocked, id=7556, stack(0x000000b7c5c00000,0x000000b7c5d00000)]
  0x000001bade404000 JavaThread "Service Thread" daemon [_thread_blocked, id=9856, stack(0x000000b7c5d00000,0x000000b7c5e00000)]
=>0x000001bade406000 JavaThread "C2 CompilerThread0" daemon [_thread_in_native, id=10540, stack(0x000000b7c5e00000,0x000000b7c5f00000)]
  0x000001bade407000 JavaThread "C1 CompilerThread0" daemon [_thread_blocked, id=11200, stack(0x000000b7c5f00000,0x000000b7c6000000)]
  0x000001bade45f800 JavaThread "Sweeper thread" daemon [_thread_blocked, id=11884, stack(0x000000b7c6000000,0x000000b7c6100000)]
  0x000001bade552800 JavaThread "Common-Cleaner" daemon [_thread_blocked, id=3632, stack(0x000000b7c6100000,0x000000b7c6200000)]
  0x000001badf5f7000 JavaThread "Daemon health stats" [_thread_blocked, id=3804, stack(0x000000b7c6400000,0x000000b7c6500000)]
  0x000001badee2d800 JavaThread "Incoming local TCP Connector on port 50969" [_thread_in_native, id=12228, stack(0x000000b7c6500000,0x000000b7c6600000)]
  0x000001bade8dd800 JavaThread "Daemon periodic checks" [_thread_blocked, id=10584, stack(0x000000b7c6600000,0x000000b7c6700000)]
  0x000001badf35d000 JavaThread "Cache worker for file hash cache (C:\Users\amwa\.gradle\caches\7.0.2\fileHashes)" [_thread_blocked, id=11068, stack(0x000000b7c6e00000,0x000000b7c6f00000)]
  0x000001badf35f800 JavaThread "File lock request listener" [_thread_in_native, id=11464, stack(0x000000b7c6f00000,0x000000b7c7000000)]
  0x000001badf35f000 JavaThread "Cache worker for journal cache (C:\Users\amwa\.gradle\caches\journal-1)" [_thread_blocked, id=11148, stack(0x000000b7c7000000,0x000000b7c7100000)]
  0x000001badf362000 JavaThread "File watcher server" daemon [_thread_in_native, id=6720, stack(0x000000b7c7200000,0x000000b7c7300000)]
  0x000001badf364000 JavaThread "File watcher consumer" daemon [_thread_blocked, id=11820, stack(0x000000b7c7300000,0x000000b7c7400000)]
  0x000001bae128e800 JavaThread "Cache worker for execution history cache (C:\Users\amwa\.gradle\caches\7.0.2\executionHistory)" [_thread_blocked, id=5488, stack(0x000000b7c7700000,0x000000b7c7800000)]
  0x000001bae128a800 JavaThread "jar transforms" [_thread_blocked, id=1740, stack(0x000000b7c7800000,0x000000b7c7900000)]
  0x000001bae128c000 JavaThread "jar transforms Thread 2" [_thread_blocked, id=10796, stack(0x000000b7c7900000,0x000000b7c7a00000)]
  0x000001bae1291000 JavaThread "Cache worker for file content cache (C:\Users\amwa\.gradle\caches\7.0.2\fileContent)" [_thread_blocked, id=5124, stack(0x000000b7c7a00000,0x000000b7c7b00000)]
  0x000001bae1296800 JavaThread "Memory manager" [_thread_blocked, id=4676, stack(0x000000b7c5100000,0x000000b7c5200000)]
  0x000001bae1298000 JavaThread "Cache worker for Java compile cache (C:\Users\amwa\.gradle\caches\7.0.2\javaCompile)" [_thread_blocked, id=1680, stack(0x000000b7c8400000,0x000000b7c8500000)]
  0x000001bae1292800 JavaThread "ForkJoinPool.commonPool-worker-3" daemon [_thread_blocked, id=2712, stack(0x000000b7c8500000,0x000000b7c8600000)]
  0x000001bae128f000 JavaThread "Daemon Thread 12" [_thread_blocked, id=7912, stack(0x000000b7c4f00000,0x000000b7c5000000)]
  0x000001bae128b000 JavaThread "Handler for socket connection from /127.0.0.1:50969 to /127.0.0.1:51661" [_thread_in_native, id=8856, stack(0x000000b7c5000000,0x000000b7c5100000)]
  0x000001bae1295000 JavaThread "Cancel handler" [_thread_blocked, id=5776, stack(0x000000b7c6700000,0x000000b7c6800000)]
  0x000001bae1293800 JavaThread "Daemon worker Thread 12" [_thread_in_vm, id=11560, stack(0x000000b7c6800000,0x000000b7c6900000)]
  0x000001bae1290000 JavaThread "Asynchronous log dispatcher for DefaultDaemonConnection: socket connection from /127.0.0.1:50969 to /127.0.0.1:51661" [_thread_blocked, id=32, stack(0x000000b7c6900000,0x000000b7c6a00000)]
  0x000001bae1294000 JavaThread "Stdin handler" [_thread_blocked, id=9508, stack(0x000000b7c6a00000,0x000000b7c6b00000)]
  0x000001bae1297800 JavaThread "Daemon client event forwarder" [_thread_blocked, id=12268, stack(0x000000b7c6b00000,0x000000b7c6c00000)]
  0x000001bae1291800 JavaThread "Cache worker for file hash cache (C:\Users\amwa\AndroidStudioProjects\CafeMenu\.gradle\7.0.2\fileHashes)" [_thread_blocked, id=1928, stack(0x000000b7c6c00000,0x000000b7c6d00000)]
  0x000001bae1299000 JavaThread "Cache worker for checksums cache (C:\Users\amwa\AndroidStudioProjects\CafeMenu\.gradle\checksums)" [_thread_blocked, id=3316, stack(0x000000b7c6d00000,0x000000b7c6e00000)]
  0x000001bae2dcc000 JavaThread "Cache worker for cache directory md-supplier (C:\Users\amwa\.gradle\caches\7.0.2\md-supplier)" [_thread_blocked, id=4828, stack(0x000000b7c7100000,0x000000b7c7200000)]
  0x000001bae2dcc800 JavaThread "Cache worker for cache directory md-rule (C:\Users\amwa\.gradle\caches\7.0.2\md-rule)" [_thread_blocked, id=4360, stack(0x000000b7c7400000,0x000000b7c7500000)]
  0x000001bae2dcd800 JavaThread "Cache worker for dependencies-accessors (C:\Users\amwa\AndroidStudioProjects\CafeMenu\.gradle\7.0.2\dependencies-accessors)" [_thread_blocked, id=4152, stack(0x000000b7c7500000,0x000000b7c7600000)]
  0x000001bae2dca800 JavaThread "Cache worker for Build Output Cleanup Cache (C:\Users\amwa\AndroidStudioProjects\CafeMenu\.gradle\buildOutputCleanup)" [_thread_blocked, id=4120, stack(0x000000b7c7600000,0x000000b7c7700000)]
  0x000001bae2dcb000 JavaThread "Build operations" [_thread_blocked, id=10304, stack(0x000000b7c7b00000,0x000000b7c7c00000)]
  0x000001bae2dce800 JavaThread "Build operations Thread 2" [_thread_blocked, id=11304, stack(0x000000b7c7c00000,0x000000b7c7d00000)]

Other Threads:
  0x000001badda7b800 VMThread "VM Thread" [stack: 0x000000b7c5800000,0x000000b7c5900000] [id=1616]
  0x000001bade592000 WatcherThread [stack: 0x000000b7c6200000,0x000000b7c6300000] [id=10200]
  0x000001bac23b7800 GCTaskThread "GC Thread#0" [stack: 0x000000b7c5300000,0x000000b7c5400000] [id=10556]
  0x000001bade73d000 GCTaskThread "GC Thread#1" [stack: 0x000000b7c6300000,0x000000b7c6400000] [id=2728]
  0x000001bac23e9800 ConcurrentGCThread "G1 Main Marker" [stack: 0x000000b7c5400000,0x000000b7c5500000] [id=10704]
  0x000001bac23ea800 ConcurrentGCThread "G1 Conc#0" [stack: 0x000000b7c5500000,0x000000b7c5600000] [id=1808]
  0x000001bac245a800 ConcurrentGCThread "G1 Refine#0" [stack: 0x000000b7c5600000,0x000000b7c5700000] [id=7016]
  0x000001bac245b800 ConcurrentGCThread "G1 Young RemSet Sampling" [stack: 0x000000b7c5700000,0x000000b7c5800000] [id=7696]

Threads with active compile tasks:
C2 CompilerThread05220128 26678  s    4       com.android.build.api.artifact.impl.TypedStorageProvider::getArtifact$gradle_core (80 bytes)

VM state:not at safepoint (normal execution)

VM Mutex/Monitor currently owned by a thread: None

Heap address: 0x0000000080000000, size: 2048 MB, Compressed Oops mode: 32-bit
Narrow klass base: 0x0000000000000000, Narrow klass shift: 3
Compressed class space size: 1073741824 Address: 0x0000000100000000

Heap:
 garbage-first heap   total 317440K, used 146920K [0x0000000080000000, 0x0000000100000000)
  region size 1024K, 44 young (45056K), 7 survivors (7168K)
 Metaspace       used 122159K, capacity 125709K, committed 126028K, reserved 1159168K
  class space    used 15035K, capacity 16362K, committed 16460K, reserved 1048576K
Heap Regions: E=young(eden), S=young(survivor), O=old, HS=humongous(starts), HC=humongous(continues), CS=collection set, F=free, A=archive, TAMS=top-at-mark-start (previous, next)
|   0|0x0000000080000000, 0x0000000080100000, 0x0000000080100000|100%| O|  |TAMS 0x0000000080100000, 0x0000000080000000| Untracked 
|   1|0x0000000080100000, 0x0000000080200000, 0x0000000080200000|100%| O|  |TAMS 0x0000000080200000, 0x0000000080100000| Complete 
|   2|0x0000000080200000, 0x0000000080300000, 0x0000000080300000|100%| O|  |TAMS 0x0000000080300000, 0x0000000080200000| Untracked 
|   3|0x0000000080300000, 0x0000000080400000, 0x0000000080400000|100%| O|  |TAMS 0x0000000080400000, 0x0000000080300000| Untracked 
|   4|0x0000000080400000, 0x0000000080500000, 0x0000000080500000|100%|HS|  |TAMS 0x0000000080500000, 0x0000000080400000| Complete 
|   5|0x0000000080500000, 0x0000000080600000, 0x0000000080600000|100%|HC|  |TAMS 0x0000000080600000, 0x0000000080500000| Complete 
|   6|0x0000000080600000, 0x0000000080700000, 0x0000000080700000|100%|HC|  |TAMS 0x0000000080700000, 0x0000000080600000| Complete 
|   7|0x0000000080700000, 0x0000000080800000, 0x0000000080800000|100%| O|  |TAMS 0x0000000080800000, 0x0000000080700000| Untracked 
|   8|0x0000000080800000, 0x0000000080900000, 0x0000000080900000|100%| O|  |TAMS 0x0000000080900000, 0x0000000080800000| Complete 
|   9|0x0000000080900000, 0x0000000080a00000, 0x0000000080a00000|100%| O|  |TAMS 0x0000000080a00000, 0x0000000080900000| Untracked 
|  10|0x0000000080a00000, 0x0000000080b00000, 0x0000000080b00000|100%| O|  |TAMS 0x0000000080b00000, 0x0000000080a00000| Complete 
|  11|0x0000000080b00000, 0x0000000080c00000, 0x0000000080c00000|100%| O|  |TAMS 0x0000000080c00000, 0x0000000080b00000| Untracked 
|  12|0x0000000080c00000, 0x0000000080d00000, 0x0000000080d00000|100%| O|  |TAMS 0x0000000080d00000, 0x0000000080c00000| Untracked 
|  13|0x0000000080d00000, 0x0000000080e00000, 0x0000000080e00000|100%| O|  |TAMS 0x0000000080e00000, 0x0000000080d00000| Untracked 
|  14|0x0000000080e00000, 0x0000000080f00000, 0x0000000080f00000|100%| O|  |TAMS 0x0000000080f00000, 0x0000000080e00000| Complete 
|  15|0x0000000080f00000, 0x0000000081000000, 0x0000000081000000|100%| O|  |TAMS 0x0000000081000000, 0x0000000080f00000| Complete 
|  16|0x0000000081000000, 0x0000000081100000, 0x0000000081100000|100%| O|  |TAMS 0x0000000081100000, 0x0000000081000000| Complete 
|  17|0x0000000081100000, 0x0000000081200000, 0x0000000081200000|100%|HS|  |TAMS 0x0000000081200000, 0x0000000081100000| Complete 
|  18|0x0000000081200000, 0x0000000081300000, 0x0000000081300000|100%| O|  |TAMS 0x0000000081300000, 0x0000000081200000| Complete 
|  19|0x0000000081300000, 0x0000000081400000, 0x0000000081400000|100%| O|  |TAMS 0x0000000081400000, 0x0000000081300000| Untracked 
|  20|0x0000000081400000, 0x0000000081500000, 0x0000000081500000|100%| O|  |TAMS 0x0000000081500000, 0x0000000081400000| Complete 
|  21|0x0000000081500000, 0x0000000081600000, 0x0000000081600000|100%| O|  |TAMS 0x0000000081600000, 0x0000000081500000| Complete 
|  22|0x0000000081600000, 0x0000000081700000, 0x0000000081700000|100%| O|  |TAMS 0x0000000081700000, 0x0000000081600000| Complete 
|  23|0x0000000081700000, 0x0000000081800000, 0x0000000081800000|100%| O|  |TAMS 0x0000000081800000, 0x0000000081700000| Complete 
|  24|0x0000000081800000, 0x0000000081900000, 0x0000000081900000|100%| O|  |TAMS 0x0000000081900000, 0x0000000081800000| Complete 
|  25|0x0000000081900000, 0x0000000081a00000, 0x0000000081a00000|100%| O|  |TAMS 0x0000000081a00000, 0x0000000081900000| Complete 
|  26|0x0000000081a00000, 0x0000000081b00000, 0x0000000081b00000|100%|HS|  |TAMS 0x0000000081b00000, 0x0000000081a00000| Complete 
|  27|0x0000000081b00000, 0x0000000081c00000, 0x0000000081c00000|100%|HS|  |TAMS 0x0000000081c00000, 0x0000000081b00000| Complete 
|  28|0x0000000081c00000, 0x0000000081d00000, 0x0000000081d00000|100%|HC|  |TAMS 0x0000000081d00000, 0x0000000081c00000| Complete 
|  29|0x0000000081d00000, 0x0000000081e00000, 0x0000000081e00000|100%| O|  |TAMS 0x0000000081e00000, 0x0000000081d00000| Complete 
|  30|0x0000000081e00000, 0x0000000081f00000, 0x0000000081f00000|100%| O|  |TAMS 0x0000000081f00000, 0x0000000081e00000| Complete 
|  31|0x0000000081f00000, 0x0000000082000000, 0x0000000082000000|100%| O|  |TAMS 0x0000000082000000, 0x0000000081f00000| Complete 
|  32|0x0000000082000000, 0x0000000082100000, 0x0000000082100000|100%| O|  |TAMS 0x0000000082100000, 0x0000000082000000| Complete 
|  33|0x0000000082100000, 0x0000000082200000, 0x0000000082200000|100%| O|  |TAMS 0x0000000082200000, 0x0000000082100000| Untracked 
|  34|0x0000000082200000, 0x0000000082300000, 0x0000000082300000|100%| O|  |TAMS 0x0000000082300000, 0x0000000082200000| Untracked 
|  35|0x0000000082300000, 0x0000000082400000, 0x0000000082400000|100%| O|  |TAMS 0x0000000082400000, 0x0000000082300000| Untracked 
|  36|0x0000000082400000, 0x0000000082500000, 0x0000000082500000|100%| O|  |TAMS 0x0000000082500000, 0x0000000082400000| Untracked 
|  37|0x0000000082500000, 0x0000000082600000, 0x0000000082600000|100%| O|  |TAMS 0x0000000082600000, 0x0000000082500000| Complete 
|  38|0x0000000082600000, 0x0000000082700000, 0x0000000082700000|100%| O|  |TAMS 0x0000000082700000, 0x0000000082600000| Untracked 
|  39|0x0000000082700000, 0x0000000082800000, 0x0000000082800000|100%| O|  |TAMS 0x0000000082800000, 0x0000000082700000| Complete 
|  40|0x0000000082800000, 0x0000000082900000, 0x0000000082900000|100%| O|  |TAMS 0x0000000082900000, 0x0000000082800000| Complete 
|  41|0x0000000082900000, 0x0000000082a00000, 0x0000000082a00000|100%| O|  |TAMS 0x0000000082a00000, 0x0000000082900000| Complete 
|  42|0x0000000082a00000, 0x0000000082b00000, 0x0000000082b00000|100%| O|  |TAMS 0x0000000082b00000, 0x0000000082a00000| Complete 
|  43|0x0000000082b00000, 0x0000000082c00000, 0x0000000082c00000|100%| O|  |TAMS 0x0000000082c00000, 0x0000000082b00000| Untracked 
|  44|0x0000000082c00000, 0x0000000082d00000, 0x0000000082d00000|100%| O|  |TAMS 0x0000000082d00000, 0x0000000082c00000| Complete 
|  45|0x0000000082d00000, 0x0000000082e00000, 0x0000000082e00000|100%| O|  |TAMS 0x0000000082e00000, 0x0000000082d00000| Complete 
|  46|0x0000000082e00000, 0x0000000082f00000, 0x0000000082f00000|100%| O|  |TAMS 0x0000000082f00000, 0x0000000082e00000| Complete 
|  47|0x0000000082f00000, 0x0000000083000000, 0x0000000083000000|100%| O|  |TAMS 0x0000000083000000, 0x0000000082f00000| Complete 
|  48|0x0000000083000000, 0x0000000083100000, 0x0000000083100000|100%| O|  |TAMS 0x0000000083100000, 0x0000000083000000| Complete 
|  49|0x0000000083100000, 0x0000000083200000, 0x0000000083200000|100%| O|  |TAMS 0x0000000083200000, 0x0000000083100000| Complete 
|  50|0x0000000083200000, 0x0000000083300000, 0x0000000083300000|100%| O|  |TAMS 0x0000000083300000, 0x0000000083200000| Complete 
|  51|0x0000000083300000, 0x0000000083400000, 0x0000000083400000|100%| O|  |TAMS 0x0000000083400000, 0x0000000083300000| Complete 
|  52|0x0000000083400000, 0x0000000083500000, 0x0000000083500000|100%| O|  |TAMS 0x0000000083500000, 0x0000000083400000| Complete 
|  53|0x0000000083500000, 0x0000000083600000, 0x0000000083600000|100%| O|  |TAMS 0x0000000083600000, 0x0000000083500000| Complete 
|  54|0x0000000083600000, 0x0000000083700000, 0x0000000083700000|100%| O|  |TAMS 0x0000000083700000, 0x0000000083600000| Complete 
|  55|0x0000000083700000, 0x0000000083800000, 0x0000000083800000|100%| O|  |TAMS 0x0000000083800000, 0x0000000083700000| Complete 
|  56|0x0000000083800000, 0x0000000083900000, 0x0000000083900000|100%| O|  |TAMS 0x0000000083900000, 0x0000000083800000| Complete 
|  57|0x0000000083900000, 0x0000000083a00000, 0x0000000083a00000|100%| O|  |TAMS 0x0000000083a00000, 0x0000000083900000| Untracked 
|  58|0x0000000083a00000, 0x0000000083b00000, 0x0000000083b00000|100%| O|  |TAMS 0x0000000083b00000, 0x0000000083a00000| Complete 
|  59|0x0000000083b00000, 0x0000000083c00000, 0x0000000083c00000|100%| O|  |TAMS 0x0000000083c00000, 0x0000000083b00000| Complete 
|  60|0x0000000083c00000, 0x0000000083d00000, 0x0000000083d00000|100%| O|  |TAMS 0x0000000083d00000, 0x0000000083c00000| Complete 
|  61|0x0000000083d00000, 0x0000000083e00000, 0x0000000083e00000|100%| O|  |TAMS 0x0000000083e00000, 0x0000000083d00000| Complete 
|  62|0x0000000083e00000, 0x0000000083f00000, 0x0000000083f00000|100%| O|  |TAMS 0x0000000083f00000, 0x0000000083e00000| Complete 
|  63|0x0000000083f00000, 0x0000000084000000, 0x0000000084000000|100%| O|  |TAMS 0x0000000084000000, 0x0000000083f00000| Untracked 
|  64|0x0000000084000000, 0x0000000084100000, 0x0000000084100000|100%| O|  |TAMS 0x0000000084100000, 0x0000000084000000| Complete 
|  65|0x0000000084100000, 0x0000000084200000, 0x0000000084200000|100%| O|  |TAMS 0x0000000084200000, 0x0000000084100000| Complete 
|  66|0x0000000084200000, 0x0000000084300000, 0x0000000084300000|100%| O|  |TAMS 0x0000000084300000, 0x0000000084200000| Complete 
|  67|0x0000000084300000, 0x0000000084400000, 0x0000000084400000|100%| O|  |TAMS 0x0000000084400000, 0x0000000084300000| Complete 
|  68|0x0000000084400000, 0x0000000084500000, 0x0000000084500000|100%| O|  |TAMS 0x0000000084500000, 0x0000000084400000| Complete 
|  69|0x0000000084500000, 0x0000000084600000, 0x0000000084600000|100%| O|  |TAMS 0x0000000084600000, 0x0000000084500000| Untracked 
|  70|0x0000000084600000, 0x0000000084700000, 0x0000000084700000|100%| O|  |TAMS 0x0000000084700000, 0x0000000084600000| Complete 
|  71|0x0000000084700000, 0x0000000084800000, 0x0000000084800000|100%| O|  |TAMS 0x0000000084800000, 0x0000000084700000| Untracked 
|  72|0x0000000084800000, 0x0000000084900000, 0x0000000084900000|100%| O|  |TAMS 0x0000000084900000, 0x0000000084800000| Complete 
|  73|0x0000000084900000, 0x0000000084a00000, 0x0000000084a00000|100%| O|  |TAMS 0x0000000084a00000, 0x0000000084900000| Complete 
|  74|0x0000000084a00000, 0x0000000084b00000, 0x0000000084b00000|100%| O|  |TAMS 0x0000000084b00000, 0x0000000084a00000| Complete 
|  75|0x0000000084b00000, 0x0000000084c00000, 0x0000000084c00000|100%| O|  |TAMS 0x0000000084c00000, 0x0000000084b00000| Untracked 
|  76|0x0000000084c00000, 0x0000000084d00000, 0x0000000084d00000|100%|HS|  |TAMS 0x0000000084c00000, 0x0000000084c00000| Complete 
|  77|0x0000000084d00000, 0x0000000084e00000, 0x0000000084e00000|100%|HC|  |TAMS 0x0000000084d00000, 0x0000000084d00000| Complete 
|  78|0x0000000084e00000, 0x0000000084f00000, 0x0000000084f00000|100%| O|  |TAMS 0x0000000084f00000, 0x0000000084e00000| Complete 
|  79|0x0000000084f00000, 0x0000000085000000, 0x0000000085000000|100%| O|  |TAMS 0x0000000085000000, 0x0000000084f00000| Complete 
|  80|0x0000000085000000, 0x0000000085100000, 0x0000000085100000|100%|HS|  |TAMS 0x0000000085000000, 0x0000000085000000| Complete 
|  81|0x0000000085100000, 0x0000000085200000, 0x0000000085200000|100%|HC|  |TAMS 0x0000000085100000, 0x0000000085100000| Complete 
|  82|0x0000000085200000, 0x0000000085300000, 0x0000000085300000|100%| O|  |TAMS 0x0000000085300000, 0x0000000085200000| Untracked 
|  83|0x0000000085300000, 0x0000000085400000, 0x0000000085400000|100%| O|  |TAMS 0x0000000085400000, 0x0000000085300000| Complete 
|  84|0x0000000085400000, 0x0000000085500000, 0x0000000085500000|100%|HS|  |TAMS 0x0000000085400000, 0x0000000085400000| Complete 
|  85|0x0000000085500000, 0x0000000085600000, 0x0000000085600000|100%|HC|  |TAMS 0x0000000085500000, 0x0000000085500000| Complete 
|  86|0x0000000085600000, 0x0000000085700000, 0x0000000085700000|100%| O|  |TAMS 0x0000000085700000, 0x0000000085600000| Untracked 
|  87|0x0000000085700000, 0x00000000857fa200, 0x0000000085800000| 97%| O|  |TAMS 0x00000000857fa200, 0x0000000085700000| Untracked 
|  88|0x0000000085800000, 0x0000000085900000, 0x0000000085900000|100%| O|  |TAMS 0x0000000085900000, 0x0000000085800000| Untracked 
|  89|0x0000000085900000, 0x0000000085a00000, 0x0000000085a00000|100%| O|  |TAMS 0x0000000085a00000, 0x0000000085900000| Complete 
|  90|0x0000000085a00000, 0x0000000085b00000, 0x0000000085b00000|100%|HS|  |TAMS 0x0000000085a00000, 0x0000000085a00000| Complete 
|  91|0x0000000085b00000, 0x0000000085c00000, 0x0000000085c00000|100%|HC|  |TAMS 0x0000000085b00000, 0x0000000085b00000| Complete 
|  92|0x0000000085c00000, 0x0000000085d00000, 0x0000000085d00000|100%| O|  |TAMS 0x0000000085d00000, 0x0000000085c00000| Complete 
|  93|0x0000000085d00000, 0x0000000085e00000, 0x0000000085e00000|100%| O|  |TAMS 0x0000000085e00000, 0x0000000085d00000| Complete 
|  94|0x0000000085e00000, 0x0000000085f00000, 0x0000000085f00000|100%|HS|  |TAMS 0x0000000085e00000, 0x0000000085e00000| Complete 
|  95|0x0000000085f00000, 0x0000000086000000, 0x0000000086000000|100%|HC|  |TAMS 0x0000000085f00000, 0x0000000085f00000| Complete 
|  96|0x0000000086000000, 0x0000000086000000, 0x0000000086100000|  0%| F|  |TAMS 0x0000000086000000, 0x0000000086000000| Untracked 
|  97|0x0000000086100000, 0x0000000086200000, 0x0000000086200000|100%| O|  |TAMS 0x0000000086200000, 0x0000000086100000| Complete 
|  98|0x0000000086200000, 0x0000000086300000, 0x0000000086300000|100%|HS|  |TAMS 0x0000000086200000, 0x0000000086200000| Complete 
|  99|0x0000000086300000, 0x0000000086400000, 0x0000000086400000|100%|HC|  |TAMS 0x0000000086300000, 0x0000000086300000| Complete 
| 100|0x0000000086400000, 0x0000000086500000, 0x0000000086500000|100%|HS|  |TAMS 0x0000000086400000, 0x0000000086400000| Complete 
| 101|0x0000000086500000, 0x0000000086600000, 0x0000000086600000|100%|HC|  |TAMS 0x0000000086500000, 0x0000000086500000| Complete 
| 102|0x0000000086600000, 0x0000000086600000, 0x0000000086700000|  0%| F|  |TAMS 0x0000000086600000, 0x0000000086600000| Untracked 
| 103|0x0000000086700000, 0x0000000086800000, 0x0000000086800000|100%| O|  |TAMS 0x0000000086800000, 0x0000000086700000| Complete 
| 104|0x0000000086800000, 0x0000000086800000, 0x0000000086900000|  0%| F|  |TAMS 0x0000000086800000, 0x0000000086800000| Untracked 
| 105|0x0000000086900000, 0x0000000086900000, 0x0000000086a00000|  0%| F|  |TAMS 0x0000000086900000, 0x0000000086900000| Untracked 
| 106|0x0000000086a00000, 0x0000000086a00000, 0x0000000086b00000|  0%| F|  |TAMS 0x0000000086a00000, 0x0000000086a00000| Untracked 
| 107|0x0000000086b00000, 0x0000000086b00000, 0x0000000086c00000|  0%| F|  |TAMS 0x0000000086b00000, 0x0000000086b00000| Untracked 
| 108|0x0000000086c00000, 0x0000000086c00000, 0x0000000086d00000|  0%| F|  |TAMS 0x0000000086c00000, 0x0000000086c00000| Untracked 
| 109|0x0000000086d00000, 0x0000000086d00000, 0x0000000086e00000|  0%| F|  |TAMS 0x0000000086d00000, 0x0000000086d00000| Untracked 
| 110|0x0000000086e00000, 0x0000000086e00000, 0x0000000086f00000|  0%| F|  |TAMS 0x0000000086e00000, 0x0000000086e00000| Untracked 
| 111|0x0000000086f00000, 0x0000000086f00000, 0x0000000087000000|  0%| F|  |TAMS 0x0000000086f00000, 0x0000000086f00000| Untracked 
| 112|0x0000000087000000, 0x0000000087000000, 0x0000000087100000|  0%| F|  |TAMS 0x0000000087000000, 0x0000000087000000| Untracked 
| 113|0x0000000087100000, 0x0000000087100000, 0x0000000087200000|  0%| F|  |TAMS 0x0000000087100000, 0x0000000087100000| Untracked 
| 114|0x0000000087200000, 0x0000000087200000, 0x0000000087300000|  0%| F|  |TAMS 0x0000000087200000, 0x0000000087200000| Untracked 
| 115|0x0000000087300000, 0x0000000087300000, 0x0000000087400000|  0%| F|  |TAMS 0x0000000087300000, 0x0000000087300000| Untracked 
| 116|0x0000000087400000, 0x0000000087400000, 0x0000000087500000|  0%| F|  |TAMS 0x0000000087400000, 0x0000000087400000| Untracked 
| 117|0x0000000087500000, 0x0000000087500000, 0x0000000087600000|  0%| F|  |TAMS 0x0000000087500000, 0x0000000087500000| Untracked 
| 118|0x0000000087600000, 0x0000000087600000, 0x0000000087700000|  0%| F|  |TAMS 0x0000000087600000, 0x0000000087600000| Untracked 
| 119|0x0000000087700000, 0x0000000087700000, 0x0000000087800000|  0%| F|  |TAMS 0x0000000087700000, 0x0000000087700000| Untracked 
| 120|0x0000000087800000, 0x0000000087800000, 0x0000000087900000|  0%| F|  |TAMS 0x0000000087800000, 0x0000000087800000| Untracked 
| 121|0x0000000087900000, 0x0000000087900000, 0x0000000087a00000|  0%| F|  |TAMS 0x0000000087900000, 0x0000000087900000| Untracked 
| 122|0x0000000087a00000, 0x0000000087a00000, 0x0000000087b00000|  0%| F|  |TAMS 0x0000000087a00000, 0x0000000087a00000| Untracked 
| 123|0x0000000087b00000, 0x0000000087b00000, 0x0000000087c00000|  0%| F|  |TAMS 0x0000000087b00000, 0x0000000087b00000| Untracked 
| 124|0x0000000087c00000, 0x0000000087c00000, 0x0000000087d00000|  0%| F|  |TAMS 0x0000000087c00000, 0x0000000087c00000| Untracked 
| 125|0x0000000087d00000, 0x0000000087d00000, 0x0000000087e00000|  0%| F|  |TAMS 0x0000000087d00000, 0x0000000087d00000| Untracked 
| 126|0x0000000087e00000, 0x0000000087e00000, 0x0000000087f00000|  0%| F|  |TAMS 0x0000000087e00000, 0x0000000087e00000| Untracked 
| 127|0x0000000087f00000, 0x0000000087f00000, 0x0000000088000000|  0%| F|  |TAMS 0x0000000087f00000, 0x0000000087f00000| Untracked 
| 128|0x0000000088000000, 0x0000000088000000, 0x0000000088100000|  0%| F|  |TAMS 0x0000000088000000, 0x0000000088000000| Untracked 
| 129|0x0000000088100000, 0x0000000088100000, 0x0000000088200000|  0%| F|  |TAMS 0x0000000088100000, 0x0000000088100000| Untracked 
| 130|0x0000000088200000, 0x0000000088200000, 0x0000000088300000|  0%| F|  |TAMS 0x0000000088200000, 0x0000000088200000| Untracked 
| 131|0x0000000088300000, 0x0000000088300000, 0x0000000088400000|  0%| F|  |TAMS 0x0000000088300000, 0x0000000088300000| Untracked 
| 132|0x0000000088400000, 0x0000000088400000, 0x0000000088500000|  0%| F|  |TAMS 0x0000000088400000, 0x0000000088400000| Untracked 
| 133|0x0000000088500000, 0x0000000088500000, 0x0000000088600000|  0%| F|  |TAMS 0x0000000088500000, 0x0000000088500000| Untracked 
| 134|0x0000000088600000, 0x0000000088600000, 0x0000000088700000|  0%| F|  |TAMS 0x0000000088600000, 0x0000000088600000| Untracked 
| 135|0x0000000088700000, 0x0000000088700000, 0x0000000088800000|  0%| F|  |TAMS 0x0000000088700000, 0x0000000088700000| Untracked 
| 136|0x0000000088800000, 0x0000000088800000, 0x0000000088900000|  0%| F|  |TAMS 0x0000000088800000, 0x0000000088800000| Untracked 
| 137|0x0000000088900000, 0x0000000088900000, 0x0000000088a00000|  0%| F|  |TAMS 0x0000000088900000, 0x0000000088900000| Untracked 
| 138|0x0000000088a00000, 0x0000000088a00000, 0x0000000088b00000|  0%| F|  |TAMS 0x0000000088a00000, 0x0000000088a00000| Untracked 
| 139|0x0000000088b00000, 0x0000000088b00000, 0x0000000088c00000|  0%| F|  |TAMS 0x0000000088b00000, 0x0000000088b00000| Untracked 
| 140|0x0000000088c00000, 0x0000000088c00000, 0x0000000088d00000|  0%| F|  |TAMS 0x0000000088c00000, 0x0000000088c00000| Untracked 
| 141|0x0000000088d00000, 0x0000000088d00000, 0x0000000088e00000|  0%| F|  |TAMS 0x0000000088d00000, 0x0000000088d00000| Untracked 
| 142|0x0000000088e00000, 0x0000000088e00000, 0x0000000088f00000|  0%| F|  |TAMS 0x0000000088e00000, 0x0000000088e00000| Untracked 
| 143|0x0000000088f00000, 0x0000000088f00000, 0x0000000089000000|  0%| F|  |TAMS 0x0000000088f00000, 0x0000000088f00000| Untracked 
| 144|0x0000000089000000, 0x0000000089000000, 0x0000000089100000|  0%| F|  |TAMS 0x0000000089000000, 0x0000000089000000| Untracked 
| 145|0x0000000089100000, 0x0000000089100000, 0x0000000089200000|  0%| F|  |TAMS 0x0000000089100000, 0x0000000089100000| Untracked 
| 146|0x0000000089200000, 0x0000000089200000, 0x0000000089300000|  0%| F|  |TAMS 0x0000000089200000, 0x0000000089200000| Untracked 
| 147|0x0000000089300000, 0x0000000089300000, 0x0000000089400000|  0%| F|  |TAMS 0x0000000089300000, 0x0000000089300000| Untracked 
| 148|0x0000000089400000, 0x0000000089400000, 0x0000000089500000|  0%| F|  |TAMS 0x0000000089400000, 0x0000000089400000| Untracked 
| 149|0x0000000089500000, 0x0000000089500000, 0x0000000089600000|  0%| F|  |TAMS 0x0000000089500000, 0x0000000089500000| Untracked 
| 150|0x0000000089600000, 0x0000000089600000, 0x0000000089700000|  0%| F|  |TAMS 0x0000000089600000, 0x0000000089600000| Untracked 
| 151|0x0000000089700000, 0x0000000089700000, 0x0000000089800000|  0%| F|  |TAMS 0x0000000089700000, 0x0000000089700000| Untracked 
| 152|0x0000000089800000, 0x0000000089800000, 0x0000000089900000|  0%| F|  |TAMS 0x0000000089800000, 0x0000000089800000| Untracked 
| 153|0x0000000089900000, 0x0000000089900000, 0x0000000089a00000|  0%| F|  |TAMS 0x0000000089900000, 0x0000000089900000| Untracked 
| 154|0x0000000089a00000, 0x0000000089a00000, 0x0000000089b00000|  0%| F|  |TAMS 0x0000000089a00000, 0x0000000089a00000| Untracked 
| 155|0x0000000089b00000, 0x0000000089b00000, 0x0000000089c00000|  0%| F|  |TAMS 0x0000000089b00000, 0x0000000089b00000| Untracked 
| 156|0x0000000089c00000, 0x0000000089c00000, 0x0000000089d00000|  0%| F|  |TAMS 0x0000000089c00000, 0x0000000089c00000| Untracked 
| 157|0x0000000089d00000, 0x0000000089d00000, 0x0000000089e00000|  0%| F|  |TAMS 0x0000000089d00000, 0x0000000089d00000| Untracked 
| 158|0x0000000089e00000, 0x0000000089e00000, 0x0000000089f00000|  0%| F|  |TAMS 0x0000000089e00000, 0x0000000089e00000| Untracked 
| 159|0x0000000089f00000, 0x0000000089f00000, 0x000000008a000000|  0%| F|  |TAMS 0x0000000089f00000, 0x0000000089f00000| Untracked 
| 160|0x000000008a000000, 0x000000008a000000, 0x000000008a100000|  0%| F|  |TAMS 0x000000008a000000, 0x000000008a000000| Untracked 
| 161|0x000000008a100000, 0x000000008a100000, 0x000000008a200000|  0%| F|  |TAMS 0x000000008a100000, 0x000000008a100000| Untracked 
| 162|0x000000008a200000, 0x000000008a200000, 0x000000008a300000|  0%| F|  |TAMS 0x000000008a200000, 0x000000008a200000| Untracked 
| 163|0x000000008a300000, 0x000000008a300000, 0x000000008a400000|  0%| F|  |TAMS 0x000000008a300000, 0x000000008a300000| Untracked 
| 164|0x000000008a400000, 0x000000008a400000, 0x000000008a500000|  0%| F|  |TAMS 0x000000008a400000, 0x000000008a400000| Untracked 
| 165|0x000000008a500000, 0x000000008a500000, 0x000000008a600000|  0%| F|  |TAMS 0x000000008a500000, 0x000000008a500000| Untracked 
| 166|0x000000008a600000, 0x000000008a600000, 0x000000008a700000|  0%| F|  |TAMS 0x000000008a600000, 0x000000008a600000| Untracked 
| 167|0x000000008a700000, 0x000000008a700000, 0x000000008a800000|  0%| F|  |TAMS 0x000000008a700000, 0x000000008a700000| Untracked 
| 168|0x000000008a800000, 0x000000008a800000, 0x000000008a900000|  0%| F|  |TAMS 0x000000008a800000, 0x000000008a800000| Untracked 
| 169|0x000000008a900000, 0x000000008a900000, 0x000000008aa00000|  0%| F|  |TAMS 0x000000008a900000, 0x000000008a900000| Untracked 
| 170|0x000000008aa00000, 0x000000008aa00000, 0x000000008ab00000|  0%| F|  |TAMS 0x000000008aa00000, 0x000000008aa00000| Untracked 
| 171|0x000000008ab00000, 0x000000008ab00000, 0x000000008ac00000|  0%| F|  |TAMS 0x000000008ab00000, 0x000000008ab00000| Untracked 
| 172|0x000000008ac00000, 0x000000008ac00000, 0x000000008ad00000|  0%| F|  |TAMS 0x000000008ac00000, 0x000000008ac00000| Untracked 
| 173|0x000000008ad00000, 0x000000008ad00000, 0x000000008ae00000|  0%| F|  |TAMS 0x000000008ad00000, 0x000000008ad00000| Untracked 
| 174|0x000000008ae00000, 0x000000008ae00000, 0x000000008af00000|  0%| F|  |TAMS 0x000000008ae00000, 0x000000008ae00000| Untracked 
| 175|0x000000008af00000, 0x000000008af00000, 0x000000008b000000|  0%| F|  |TAMS 0x000000008af00000, 0x000000008af00000| Untracked 
| 176|0x000000008b000000, 0x000000008b000000, 0x000000008b100000|  0%| F|  |TAMS 0x000000008b000000, 0x000000008b000000| Untracked 
| 177|0x000000008b100000, 0x000000008b100000, 0x000000008b200000|  0%| F|  |TAMS 0x000000008b100000, 0x000000008b100000| Untracked 
| 178|0x000000008b200000, 0x000000008b200000, 0x000000008b300000|  0%| F|  |TAMS 0x000000008b200000, 0x000000008b200000| Untracked 
| 179|0x000000008b300000, 0x000000008b300000, 0x000000008b400000|  0%| F|  |TAMS 0x000000008b300000, 0x000000008b300000| Untracked 
| 180|0x000000008b400000, 0x000000008b400000, 0x000000008b500000|  0%| F|  |TAMS 0x000000008b400000, 0x000000008b400000| Untracked 
| 181|0x000000008b500000, 0x000000008b500000, 0x000000008b600000|  0%| F|  |TAMS 0x000000008b500000, 0x000000008b500000| Untracked 
| 182|0x000000008b600000, 0x000000008b600000, 0x000000008b700000|  0%| F|  |TAMS 0x000000008b600000, 0x000000008b600000| Untracked 
| 183|0x000000008b700000, 0x000000008b700000, 0x000000008b800000|  0%| F|  |TAMS 0x000000008b700000, 0x000000008b700000| Untracked 
| 184|0x000000008b800000, 0x000000008b800000, 0x000000008b900000|  0%| F|  |TAMS 0x000000008b800000, 0x000000008b800000| Untracked 
| 185|0x000000008b900000, 0x000000008b900000, 0x000000008ba00000|  0%| F|  |TAMS 0x000000008b900000, 0x000000008b900000| Untracked 
| 186|0x000000008ba00000, 0x000000008ba00000, 0x000000008bb00000|  0%| F|  |TAMS 0x000000008ba00000, 0x000000008ba00000| Untracked 
| 187|0x000000008bb00000, 0x000000008bb00000, 0x000000008bc00000|  0%| F|  |TAMS 0x000000008bb00000, 0x000000008bb00000| Untracked 
| 188|0x000000008bc00000, 0x000000008bc00000, 0x000000008bd00000|  0%| F|  |TAMS 0x000000008bc00000, 0x000000008bc00000| Untracked 
| 189|0x000000008bd00000, 0x000000008bd00000, 0x000000008be00000|  0%| F|  |TAMS 0x000000008bd00000, 0x000000008bd00000| Untracked 
| 190|0x000000008be00000, 0x000000008be00000, 0x000000008bf00000|  0%| F|  |TAMS 0x000000008be00000, 0x000000008be00000| Untracked 
| 191|0x000000008bf00000, 0x000000008bf00000, 0x000000008c000000|  0%| F|  |TAMS 0x000000008bf00000, 0x000000008bf00000| Untracked 
| 192|0x000000008c000000, 0x000000008c000000, 0x000000008c100000|  0%| F|  |TAMS 0x000000008c000000, 0x000000008c000000| Untracked 
| 193|0x000000008c100000, 0x000000008c100000, 0x000000008c200000|  0%| F|  |TAMS 0x000000008c100000, 0x000000008c100000| Untracked 
| 194|0x000000008c200000, 0x000000008c200000, 0x000000008c300000|  0%| F|  |TAMS 0x000000008c200000, 0x000000008c200000| Untracked 
| 195|0x000000008c300000, 0x000000008c300000, 0x000000008c400000|  0%| F|  |TAMS 0x000000008c300000, 0x000000008c300000| Untracked 
| 196|0x000000008c400000, 0x000000008c400000, 0x000000008c500000|  0%| F|  |TAMS 0x000000008c400000, 0x000000008c400000| Untracked 
| 197|0x000000008c500000, 0x000000008c500000, 0x000000008c600000|  0%| F|  |TAMS 0x000000008c500000, 0x000000008c500000| Untracked 
| 198|0x000000008c600000, 0x000000008c600000, 0x000000008c700000|  0%| F|  |TAMS 0x000000008c600000, 0x000000008c600000| Untracked 
| 199|0x000000008c700000, 0x000000008c700000, 0x000000008c800000|  0%| F|  |TAMS 0x000000008c700000, 0x000000008c700000| Untracked 
| 200|0x000000008c800000, 0x000000008c800000, 0x000000008c900000|  0%| F|  |TAMS 0x000000008c800000, 0x000000008c800000| Untracked 
| 201|0x000000008c900000, 0x000000008c900000, 0x000000008ca00000|  0%| F|  |TAMS 0x000000008c900000, 0x000000008c900000| Untracked 
| 202|0x000000008ca00000, 0x000000008ca00000, 0x000000008cb00000|  0%| F|  |TAMS 0x000000008ca00000, 0x000000008ca00000| Untracked 
| 203|0x000000008cb00000, 0x000000008cb00000, 0x000000008cc00000|  0%| F|  |TAMS 0x000000008cb00000, 0x000000008cb00000| Untracked 
| 204|0x000000008cc00000, 0x000000008cc00000, 0x000000008cd00000|  0%| F|  |TAMS 0x000000008cc00000, 0x000000008cc00000| Untracked 
| 205|0x000000008cd00000, 0x000000008cd00000, 0x000000008ce00000|  0%| F|  |TAMS 0x000000008cd00000, 0x000000008cd00000| Untracked 
| 206|0x000000008ce00000, 0x000000008ce00000, 0x000000008cf00000|  0%| F|  |TAMS 0x000000008ce00000, 0x000000008ce00000| Untracked 
| 207|0x000000008cf00000, 0x000000008cf00000, 0x000000008d000000|  0%| F|  |TAMS 0x000000008cf00000, 0x000000008cf00000| Untracked 
| 208|0x000000008d000000, 0x000000008d000000, 0x000000008d100000|  0%| F|  |TAMS 0x000000008d000000, 0x000000008d000000| Untracked 
| 209|0x000000008d100000, 0x000000008d100000, 0x000000008d200000|  0%| F|  |TAMS 0x000000008d100000, 0x000000008d100000| Untracked 
| 210|0x000000008d200000, 0x000000008d200000, 0x000000008d300000|  0%| F|  |TAMS 0x000000008d200000, 0x000000008d200000| Untracked 
| 211|0x000000008d300000, 0x000000008d300000, 0x000000008d400000|  0%| F|  |TAMS 0x000000008d300000, 0x000000008d300000| Untracked 
| 212|0x000000008d400000, 0x000000008d400000, 0x000000008d500000|  0%| F|  |TAMS 0x000000008d400000, 0x000000008d400000| Untracked 
| 213|0x000000008d500000, 0x000000008d500000, 0x000000008d600000|  0%| F|  |TAMS 0x000000008d500000, 0x000000008d500000| Untracked 
| 214|0x000000008d600000, 0x000000008d600000, 0x000000008d700000|  0%| F|  |TAMS 0x000000008d600000, 0x000000008d600000| Untracked 
| 215|0x000000008d700000, 0x000000008d700000, 0x000000008d800000|  0%| F|  |TAMS 0x000000008d700000, 0x000000008d700000| Untracked 
| 216|0x000000008d800000, 0x000000008d800000, 0x000000008d900000|  0%| F|  |TAMS 0x000000008d800000, 0x000000008d800000| Untracked 
| 217|0x000000008d900000, 0x000000008d900000, 0x000000008da00000|  0%| F|  |TAMS 0x000000008d900000, 0x000000008d900000| Untracked 
| 218|0x000000008da00000, 0x000000008da00000, 0x000000008db00000|  0%| F|  |TAMS 0x000000008da00000, 0x000000008da00000| Untracked 
| 219|0x000000008db00000, 0x000000008db00000, 0x000000008dc00000|  0%| F|  |TAMS 0x000000008db00000, 0x000000008db00000| Untracked 
| 220|0x000000008dc00000, 0x000000008dc00000, 0x000000008dd00000|  0%| F|  |TAMS 0x000000008dc00000, 0x000000008dc00000| Untracked 
| 221|0x000000008dd00000, 0x000000008dd00000, 0x000000008de00000|  0%| F|  |TAMS 0x000000008dd00000, 0x000000008dd00000| Untracked 
| 222|0x000000008de00000, 0x000000008de00000, 0x000000008df00000|  0%| F|  |TAMS 0x000000008de00000, 0x000000008de00000| Untracked 
| 223|0x000000008df00000, 0x000000008df00000, 0x000000008e000000|  0%| F|  |TAMS 0x000000008df00000, 0x000000008df00000| Untracked 
| 224|0x000000008e000000, 0x000000008e000000, 0x000000008e100000|  0%| F|  |TAMS 0x000000008e000000, 0x000000008e000000| Untracked 
| 225|0x000000008e100000, 0x000000008e100000, 0x000000008e200000|  0%| F|  |TAMS 0x000000008e100000, 0x000000008e100000| Untracked 
| 226|0x000000008e200000, 0x000000008e200000, 0x000000008e300000|  0%| F|  |TAMS 0x000000008e200000, 0x000000008e200000| Untracked 
| 227|0x000000008e300000, 0x000000008e300000, 0x000000008e400000|  0%| F|  |TAMS 0x000000008e300000, 0x000000008e300000| Untracked 
| 228|0x000000008e400000, 0x000000008e400000, 0x000000008e500000|  0%| F|  |TAMS 0x000000008e400000, 0x000000008e400000| Untracked 
| 229|0x000000008e500000, 0x000000008e500000, 0x000000008e600000|  0%| F|  |TAMS 0x000000008e500000, 0x000000008e500000| Untracked 
| 230|0x000000008e600000, 0x000000008e600000, 0x000000008e700000|  0%| F|  |TAMS 0x000000008e600000, 0x000000008e600000| Untracked 
| 231|0x000000008e700000, 0x000000008e700000, 0x000000008e800000|  0%| F|  |TAMS 0x000000008e700000, 0x000000008e700000| Untracked 
| 232|0x000000008e800000, 0x000000008e800000, 0x000000008e900000|  0%| F|  |TAMS 0x000000008e800000, 0x000000008e800000| Untracked 
| 233|0x000000008e900000, 0x000000008e900000, 0x000000008ea00000|  0%| F|  |TAMS 0x000000008e900000, 0x000000008e900000| Untracked 
| 234|0x000000008ea00000, 0x000000008ea00000, 0x000000008eb00000|  0%| F|  |TAMS 0x000000008ea00000, 0x000000008ea00000| Untracked 
| 235|0x000000008eb00000, 0x000000008eb00000, 0x000000008ec00000|  0%| F|  |TAMS 0x000000008eb00000, 0x000000008eb00000| Untracked 
| 236|0x000000008ec00000, 0x000000008ec00000, 0x000000008ed00000|  0%| F|  |TAMS 0x000000008ec00000, 0x000000008ec00000| Untracked 
| 237|0x000000008ed00000, 0x000000008ed00000, 0x000000008ee00000|  0%| F|  |TAMS 0x000000008ed00000, 0x000000008ed00000| Untracked 
| 238|0x000000008ee00000, 0x000000008ee00000, 0x000000008ef00000|  0%| F|  |TAMS 0x000000008ee00000, 0x000000008ee00000| Untracked 
| 239|0x000000008ef00000, 0x000000008ef00000, 0x000000008f000000|  0%| F|  |TAMS 0x000000008ef00000, 0x000000008ef00000| Untracked 
| 240|0x000000008f000000, 0x000000008f000000, 0x000000008f100000|  0%| F|  |TAMS 0x000000008f000000, 0x000000008f000000| Untracked 
| 241|0x000000008f100000, 0x000000008f100000, 0x000000008f200000|  0%| F|  |TAMS 0x000000008f100000, 0x000000008f100000| Untracked 
| 242|0x000000008f200000, 0x000000008f200000, 0x000000008f300000|  0%| F|  |TAMS 0x000000008f200000, 0x000000008f200000| Untracked 
| 243|0x000000008f300000, 0x000000008f300000, 0x000000008f400000|  0%| F|  |TAMS 0x000000008f300000, 0x000000008f300000| Untracked 
| 244|0x000000008f400000, 0x000000008f400000, 0x000000008f500000|  0%| F|  |TAMS 0x000000008f400000, 0x000000008f400000| Untracked 
| 245|0x000000008f500000, 0x000000008f500000, 0x000000008f600000|  0%| F|  |TAMS 0x000000008f500000, 0x000000008f500000| Untracked 
| 246|0x000000008f600000, 0x000000008f600000, 0x000000008f700000|  0%| F|  |TAMS 0x000000008f600000, 0x000000008f600000| Untracked 
| 247|0x000000008f700000, 0x000000008f700000, 0x000000008f800000|  0%| F|  |TAMS 0x000000008f700000, 0x000000008f700000| Untracked 
| 248|0x000000008f800000, 0x000000008f800000, 0x000000008f900000|  0%| F|  |TAMS 0x000000008f800000, 0x000000008f800000| Untracked 
| 249|0x000000008f900000, 0x000000008f900000, 0x000000008fa00000|  0%| F|  |TAMS 0x000000008f900000, 0x000000008f900000| Untracked 
| 250|0x000000008fa00000, 0x000000008fa00000, 0x000000008fb00000|  0%| F|  |TAMS 0x000000008fa00000, 0x000000008fa00000| Untracked 
| 251|0x000000008fb00000, 0x000000008fb00000, 0x000000008fc00000|  0%| F|  |TAMS 0x000000008fb00000, 0x000000008fb00000| Untracked 
| 252|0x000000008fc00000, 0x000000008fc00000, 0x000000008fd00000|  0%| F|  |TAMS 0x000000008fc00000, 0x000000008fc00000| Untracked 
| 253|0x000000008fd00000, 0x000000008fd00000, 0x000000008fe00000|  0%| F|  |TAMS 0x000000008fd00000, 0x000000008fd00000| Untracked 
| 254|0x000000008fe00000, 0x000000008fe00000, 0x000000008ff00000|  0%| F|  |TAMS 0x000000008fe00000, 0x000000008fe00000| Untracked 
| 255|0x000000008ff00000, 0x000000008ff00000, 0x0000000090000000|  0%| F|  |TAMS 0x000000008ff00000, 0x000000008ff00000| Untracked 
| 256|0x0000000090000000, 0x0000000090000000, 0x0000000090100000|  0%| F|  |TAMS 0x0000000090000000, 0x0000000090000000| Untracked 
| 257|0x0000000090100000, 0x0000000090100000, 0x0000000090200000|  0%| F|  |TAMS 0x0000000090100000, 0x0000000090100000| Untracked 
| 258|0x0000000090200000, 0x0000000090200000, 0x0000000090300000|  0%| F|  |TAMS 0x0000000090200000, 0x0000000090200000| Untracked 
| 259|0x0000000090300000, 0x0000000090300000, 0x0000000090400000|  0%| F|  |TAMS 0x0000000090300000, 0x0000000090300000| Untracked 
| 260|0x0000000090400000, 0x0000000090400000, 0x0000000090500000|  0%| F|  |TAMS 0x0000000090400000, 0x0000000090400000| Untracked 
| 261|0x0000000090500000, 0x0000000090500000, 0x0000000090600000|  0%| F|  |TAMS 0x0000000090500000, 0x0000000090500000| Untracked 
| 262|0x0000000090600000, 0x0000000090600000, 0x0000000090700000|  0%| F|  |TAMS 0x0000000090600000, 0x0000000090600000| Untracked 
| 263|0x0000000090700000, 0x0000000090700000, 0x0000000090800000|  0%| F|  |TAMS 0x0000000090700000, 0x0000000090700000| Untracked 
| 264|0x0000000090800000, 0x0000000090800000, 0x0000000090900000|  0%| F|  |TAMS 0x0000000090800000, 0x0000000090800000| Untracked 
| 265|0x0000000090900000, 0x0000000090900000, 0x0000000090a00000|  0%| F|  |TAMS 0x0000000090900000, 0x0000000090900000| Untracked 
| 266|0x0000000090a00000, 0x0000000090af0740, 0x0000000090b00000| 93%| E|  |TAMS 0x0000000090a00000, 0x0000000090a00000| Complete 
| 267|0x0000000090b00000, 0x0000000090c00000, 0x0000000090c00000|100%| E|CS|TAMS 0x0000000090b00000, 0x0000000090b00000| Complete 
| 268|0x0000000090c00000, 0x0000000090d00000, 0x0000000090d00000|100%| E|CS|TAMS 0x0000000090c00000, 0x0000000090c00000| Complete 
| 269|0x0000000090d00000, 0x0000000090e00000, 0x0000000090e00000|100%| E|CS|TAMS 0x0000000090d00000, 0x0000000090d00000| Complete 
| 270|0x0000000090e00000, 0x0000000090f00000, 0x0000000090f00000|100%| E|CS|TAMS 0x0000000090e00000, 0x0000000090e00000| Complete 
| 271|0x0000000090f00000, 0x0000000091000000, 0x0000000091000000|100%| E|CS|TAMS 0x0000000090f00000, 0x0000000090f00000| Complete 
| 272|0x0000000091000000, 0x0000000091100000, 0x0000000091100000|100%| E|CS|TAMS 0x0000000091000000, 0x0000000091000000| Complete 
| 273|0x0000000091100000, 0x0000000091200000, 0x0000000091200000|100%| E|CS|TAMS 0x0000000091100000, 0x0000000091100000| Complete 
| 274|0x0000000091200000, 0x0000000091300000, 0x0000000091300000|100%| E|CS|TAMS 0x0000000091200000, 0x0000000091200000| Complete 
| 275|0x0000000091300000, 0x0000000091400000, 0x0000000091400000|100%| E|CS|TAMS 0x0000000091300000, 0x0000000091300000| Complete 
| 276|0x0000000091400000, 0x0000000091500000, 0x0000000091500000|100%| E|CS|TAMS 0x0000000091400000, 0x0000000091400000| Complete 
| 277|0x0000000091500000, 0x0000000091600000, 0x0000000091600000|100%| E|CS|TAMS 0x0000000091500000, 0x0000000091500000| Complete 
| 278|0x0000000091600000, 0x0000000091700000, 0x0000000091700000|100%| E|CS|TAMS 0x0000000091600000, 0x0000000091600000| Complete 
| 279|0x0000000091700000, 0x0000000091800000, 0x0000000091800000|100%| E|CS|TAMS 0x0000000091700000, 0x0000000091700000| Complete 
| 280|0x0000000091800000, 0x0000000091900000, 0x0000000091900000|100%| E|  |TAMS 0x0000000091800000, 0x0000000091800000| Complete 
| 281|0x0000000091900000, 0x0000000091a00000, 0x0000000091a00000|100%| E|CS|TAMS 0x0000000091900000, 0x0000000091900000| Complete 
| 282|0x0000000091a00000, 0x0000000091b00000, 0x0000000091b00000|100%| E|CS|TAMS 0x0000000091a00000, 0x0000000091a00000| Complete 
| 283|0x0000000091b00000, 0x0000000091c00000, 0x0000000091c00000|100%| E|CS|TAMS 0x0000000091b00000, 0x0000000091b00000| Complete 
| 284|0x0000000091c00000, 0x0000000091d00000, 0x0000000091d00000|100%| E|CS|TAMS 0x0000000091c00000, 0x0000000091c00000| Complete 
| 285|0x0000000091d00000, 0x0000000091e00000, 0x0000000091e00000|100%| E|CS|TAMS 0x0000000091d00000, 0x0000000091d00000| Complete 
| 286|0x0000000091e00000, 0x0000000091f00000, 0x0000000091f00000|100%| E|CS|TAMS 0x0000000091e00000, 0x0000000091e00000| Complete 
| 287|0x0000000091f00000, 0x0000000092000000, 0x0000000092000000|100%| E|CS|TAMS 0x0000000091f00000, 0x0000000091f00000| Complete 
| 288|0x0000000092000000, 0x0000000092100000, 0x0000000092100000|100%| E|CS|TAMS 0x0000000092000000, 0x0000000092000000| Complete 
| 289|0x0000000092100000, 0x0000000092200000, 0x0000000092200000|100%| E|CS|TAMS 0x0000000092100000, 0x0000000092100000| Complete 
| 290|0x0000000092200000, 0x0000000092300000, 0x0000000092300000|100%| E|CS|TAMS 0x0000000092200000, 0x0000000092200000| Complete 
| 291|0x0000000092300000, 0x0000000092400000, 0x0000000092400000|100%| E|CS|TAMS 0x0000000092300000, 0x0000000092300000| Complete 
| 292|0x0000000092400000, 0x0000000092500000, 0x0000000092500000|100%| E|CS|TAMS 0x0000000092400000, 0x0000000092400000| Complete 
| 293|0x0000000092500000, 0x0000000092600000, 0x0000000092600000|100%| E|CS|TAMS 0x0000000092500000, 0x0000000092500000| Complete 
| 294|0x0000000092600000, 0x0000000092700000, 0x0000000092700000|100%| E|CS|TAMS 0x0000000092600000, 0x0000000092600000| Complete 
| 295|0x0000000092700000, 0x0000000092800000, 0x0000000092800000|100%| E|CS|TAMS 0x0000000092700000, 0x0000000092700000| Complete 
| 296|0x0000000092800000, 0x0000000092880000, 0x0000000092900000| 50%| S|CS|TAMS 0x0000000092800000, 0x0000000092800000| Complete 
| 297|0x0000000092900000, 0x0000000092a00000, 0x0000000092a00000|100%| S|CS|TAMS 0x0000000092900000, 0x0000000092900000| Complete 
| 298|0x0000000092a00000, 0x0000000092b00000, 0x0000000092b00000|100%| S|CS|TAMS 0x0000000092a00000, 0x0000000092a00000| Complete 
| 299|0x0000000092b00000, 0x0000000092c00000, 0x0000000092c00000|100%| S|CS|TAMS 0x0000000092b00000, 0x0000000092b00000| Complete 
| 300|0x0000000092c00000, 0x0000000092d00000, 0x0000000092d00000|100%| S|CS|TAMS 0x0000000092c00000, 0x0000000092c00000| Complete 
| 301|0x0000000092d00000, 0x0000000092e00000, 0x0000000092e00000|100%| S|CS|TAMS 0x0000000092d00000, 0x0000000092d00000| Complete 
| 302|0x0000000092e00000, 0x0000000092f00000, 0x0000000092f00000|100%| S|CS|TAMS 0x0000000092e00000, 0x0000000092e00000| Complete 
| 303|0x0000000092f00000, 0x0000000093000000, 0x0000000093000000|100%| E|CS|TAMS 0x0000000092f00000, 0x0000000092f00000| Complete 
| 304|0x0000000093000000, 0x0000000093100000, 0x0000000093100000|100%| E|CS|TAMS 0x0000000093000000, 0x0000000093000000| Complete 
| 305|0x0000000093100000, 0x0000000093200000, 0x0000000093200000|100%| E|CS|TAMS 0x0000000093100000, 0x0000000093100000| Complete 
| 306|0x0000000093200000, 0x0000000093300000, 0x0000000093300000|100%| E|CS|TAMS 0x0000000093200000, 0x0000000093200000| Complete 
| 307|0x0000000093300000, 0x0000000093400000, 0x0000000093400000|100%| E|CS|TAMS 0x0000000093300000, 0x0000000093300000| Complete 
| 308|0x0000000093400000, 0x0000000093500000, 0x0000000093500000|100%| E|CS|TAMS 0x0000000093400000, 0x0000000093400000| Complete 
| 309|0x0000000093500000, 0x0000000093600000, 0x0000000093600000|100%| E|CS|TAMS 0x0000000093500000, 0x0000000093500000| Complete 

Card table byte_map: [0x000001bad6e70000,0x000001bad7270000] _byte_map_base: 0x000001bad6a70000

Marking Bits (Prev, Next): (CMBitMap*) 0x000001bac23e0af0, (CMBitMap*) 0x000001bac23e0ab8
 Prev Bits: [0x000001bad9670000, 0x000001badb670000)
 Next Bits: [0x000001bad7670000, 0x000001bad9670000)

Polling page: 0x000001bac3c30000

Metaspace:

Usage:
  Non-class:    106.78 MB capacity,   104.61 MB ( 98%) used,     1.73 MB (  2%) free+waste,   454.94 KB ( <1%) overhead. 
      Class:     15.98 MB capacity,    14.68 MB ( 92%) used,     1.11 MB (  7%) free+waste,   194.50 KB (  1%) overhead. 
       Both:    122.76 MB capacity,   119.30 MB ( 97%) used,     2.83 MB (  2%) free+waste,   649.44 KB ( <1%) overhead. 

Virtual space:
  Non-class space:      108.00 MB reserved,     107.00 MB (>99%) committed 
      Class space:        1.00 GB reserved,      16.07 MB (  2%) committed 
             Both:        1.11 GB reserved,     123.07 MB ( 11%) committed 

Chunk freelists:
   Non-Class:  93.00 KB
       Class:  31.00 KB
        Both:  124.00 KB

MaxMetaspaceSize: 17179869184.00 GB
CompressedClassSpaceSize: 1.00 GB

CodeHeap 'non-profiled nmethods': size=120064Kb used=16251Kb max_used=16754Kb free=103812Kb
 bounds [0x000001bacf120000, 0x000001bad0180000, 0x000001bad6660000]
CodeHeap 'profiled nmethods': size=120000Kb used=49144Kb max_used=51374Kb free=70855Kb
 bounds [0x000001bac7bf0000, 0x000001bacae50000, 0x000001bacf120000]
CodeHeap 'non-nmethods': size=5696Kb used=2348Kb max_used=2401Kb free=3347Kb
 bounds [0x000001bac7660000, 0x000001bac78d0000, 0x000001bac7bf0000]
 total_blobs=23713 nmethods=22747 adapters=876
 compilation: enabled
              stopped_count=0, restarted_count=0
 full_count=0

Compilation events (20 events):
Event: 5219.914 Thread 0x000001bade407000 nmethod 26674 0x000001bac7f58390 code [0x000001bac7f58580, 0x000001bac7f58b08]
Event: 5219.914 Thread 0x000001bade407000 26675       3       org.gradle.api.internal.tasks.TaskMutator::mutate (33 bytes)
Event: 5219.916 Thread 0x000001bade407000 nmethod 26675 0x000001bac7f71390 code [0x000001bac7f716a0, 0x000001bac7f72838]
Event: 5219.916 Thread 0x000001bade407000 26676       3       org.gradle.api.internal.tasks.StaticValue::<init> (10 bytes)
Event: 5219.916 Thread 0x000001bade407000 nmethod 26676 0x000001bac7f63e90 code [0x000001bac7f64040, 0x000001bac7f641f8]
Event: 5219.917 Thread 0x000001bade406000 26677 %     4       org.gradle.api.internal.collections.DefaultPendingSource::removeByProvider @ 10 (50 bytes)
Event: 5219.936 Thread 0x000001bade406000 nmethod 26677% 0x000001bacf504890 code [0x000001bacf504a60, 0x000001bacf505078]
Event: 5219.936 Thread 0x000001bade406000 26678  s    4       com.android.build.api.artifact.impl.TypedStorageProvider::getArtifact$gradle_core (80 bytes)
Event: 5219.961 Thread 0x000001bade407000 26680       3       com.android.build.gradle.internal.utils.HasConfigurableValuesKt::setDisallowChanges (20 bytes)
Event: 5219.962 Thread 0x000001bade407000 nmethod 26680 0x000001bac7f92b90 code [0x000001bac7f92de0, 0x000001bac7f934d8]
Event: 5220.013 Thread 0x000001bade407000 26681       3       org.gradle.model.internal.type.ModelType::<init> (6 bytes)
Event: 5220.013 Thread 0x000001bade407000 nmethod 26681 0x000001bac7f70e90 code [0x000001bac7f71040, 0x000001bac7f71258]
Event: 5220.013 Thread 0x000001bade407000 26682       3       org.gradle.model.internal.type.ModelType::<init> (10 bytes)
Event: 5220.014 Thread 0x000001bade407000 nmethod 26682 0x000001bac7f7cc90 code [0x000001bac7f7ce40, 0x000001bac7f7cff8]
Event: 5220.032 Thread 0x000001bade407000 26683       3       kotlin.collections.ArraysKt___ArraysKt::last (45 bytes)
Event: 5220.034 Thread 0x000001bade407000 nmethod 26683 0x000001bac7f9b410 code [0x000001bac7f9b6e0, 0x000001bac7f9c2c8]
Event: 5220.035 Thread 0x000001bade407000 26684       3       kotlin.collections.ArraysKt___ArraysKt::joinToString$default (97 bytes)
Event: 5220.035 Thread 0x000001bade407000 nmethod 26684 0x000001bac7f92610 code [0x000001bac7f927e0, 0x000001bac7f92aa8]
Event: 5220.047 Thread 0x000001bade407000 26685       3       com.android.build.api.artifact.impl.SingleInitialProviderRequestImpl$on$2::transform (9 bytes)
Event: 5220.047 Thread 0x000001bade407000 nmethod 26685 0x000001bac7f9fe90 code [0x000001bac7fa0080, 0x000001bac7fa0518]

GC Heap History (20 events):
Event: 2734.157 GC heap before
{Heap before GC invocations=76 (full 0):
 garbage-first heap   total 317440K, used 265530K [0x0000000080000000, 0x0000000100000000)
  region size 1024K, 58 young (59392K), 1 survivors (1024K)
 Metaspace       used 121180K, capacity 124741K, committed 125004K, reserved 1157120K
  class space    used 15043K, capacity 16386K, committed 16460K, reserved 1048576K
}
Event: 2734.185 GC heap after
{Heap after GC invocations=77 (full 0):
 garbage-first heap   total 317440K, used 198134K [0x0000000080000000, 0x0000000100000000)
  region size 1024K, 7 young (7168K), 7 survivors (7168K)
 Metaspace       used 121180K, capacity 124741K, committed 125004K, reserved 1157120K
  class space    used 15043K, capacity 16386K, committed 16460K, reserved 1048576K
}
Event: 2811.939 GC heap before
{Heap before GC invocations=78 (full 0):
 garbage-first heap   total 317440K, used 238070K [0x0000000080000000, 0x0000000100000000)
  region size 1024K, 72 young (73728K), 7 survivors (7168K)
 Metaspace       used 121294K, capacity 124931K, committed 125004K, reserved 1157120K
  class space    used 15048K, capacity 16391K, committed 16460K, reserved 1048576K
}
Event: 2811.961 GC heap after
{Heap after GC invocations=79 (full 0):
 garbage-first heap   total 317440K, used 155286K [0x0000000080000000, 0x0000000100000000)
  region size 1024K, 3 young (3072K), 3 survivors (3072K)
 Metaspace       used 121294K, capacity 124931K, committed 125004K, reserved 1157120K
  class space    used 15048K, capacity 16391K, committed 16460K, reserved 1048576K
}
Event: 2813.412 GC heap before
{Heap before GC invocations=79 (full 0):
 garbage-first heap   total 317440K, used 167574K [0x0000000080000000, 0x0000000100000000)
  region size 1024K, 15 young (15360K), 3 survivors (3072K)
 Metaspace       used 121344K, capacity 125001K, committed 125260K, reserved 1159168K
  class space    used 15049K, capacity 16392K, committed 16460K, reserved 1048576K
}
Event: 2813.442 GC heap after
{Heap after GC invocations=80 (full 0):
 garbage-first heap   total 317440K, used 123266K [0x0000000080000000, 0x0000000100000000)
  region size 1024K, 2 young (2048K), 2 survivors (2048K)
 Metaspace       used 121344K, capacity 125001K, committed 125260K, reserved 1159168K
  class space    used 15049K, capacity 16392K, committed 16460K, reserved 1048576K
}
Event: 2813.862 GC heap before
{Heap before GC invocations=80 (full 0):
 garbage-first heap   total 317440K, used 135554K [0x0000000080000000, 0x0000000100000000)
  region size 1024K, 15 young (15360K), 2 survivors (2048K)
 Metaspace       used 121364K, capacity 125002K, committed 125260K, reserved 1159168K
  class space    used 15049K, capacity 16392K, committed 16460K, reserved 1048576K
}
Event: 2813.909 GC heap after
{Heap after GC invocations=81 (full 0):
 garbage-first heap   total 317440K, used 97566K [0x0000000080000000, 0x0000000100000000)
  region size 1024K, 2 young (2048K), 2 survivors (2048K)
 Metaspace       used 121364K, capacity 125002K, committed 125260K, reserved 1159168K
  class space    used 15049K, capacity 16392K, committed 16460K, reserved 1048576K
}
Event: 3484.722 GC heap before
{Heap before GC invocations=81 (full 0):
 garbage-first heap   total 317440K, used 263454K [0x0000000080000000, 0x0000000100000000)
  region size 1024K, 149 young (152576K), 2 survivors (2048K)
 Metaspace       used 121702K, capacity 125347K, committed 125516K, reserved 1159168K
  class space    used 15049K, capacity 16393K, committed 16460K, reserved 1048576K
}
Event: 3484.755 GC heap after
{Heap after GC invocations=82 (full 0):
 garbage-first heap   total 317440K, used 105043K [0x0000000080000000, 0x0000000100000000)
  region size 1024K, 7 young (7168K), 7 survivors (7168K)
 Metaspace       used 121702K, capacity 125347K, committed 125516K, reserved 1159168K
  class space    used 15049K, capacity 16393K, committed 16460K, reserved 1048576K
}
Event: 3485.511 GC heap before
{Heap before GC invocations=82 (full 0):
 garbage-first heap   total 317440K, used 121427K [0x0000000080000000, 0x0000000100000000)
  region size 1024K, 25 young (25600K), 7 survivors (7168K)
 Metaspace       used 121713K, capacity 125412K, committed 125516K, reserved 1159168K
  class space    used 15049K, capacity 16393K, committed 16460K, reserved 1048576K
}
Event: 3485.539 GC heap after
{Heap after GC invocations=83 (full 0):
 garbage-first heap   total 317440K, used 104291K [0x0000000080000000, 0x0000000100000000)
  region size 1024K, 8 young (8192K), 8 survivors (8192K)
 Metaspace       used 121713K, capacity 125412K, committed 125516K, reserved 1159168K
  class space    used 15049K, capacity 16393K, committed 16460K, reserved 1048576K
}
Event: 3617.090 GC heap before
{Heap before GC invocations=84 (full 0):
 garbage-first heap   total 317440K, used 274275K [0x0000000080000000, 0x0000000100000000)
  region size 1024K, 160 young (163840K), 8 survivors (8192K)
 Metaspace       used 121919K, capacity 125538K, committed 125772K, reserved 1159168K
  class space    used 15036K, capacity 16365K, committed 16460K, reserved 1048576K
}
Event: 3617.125 GC heap after
{Heap after GC invocations=85 (full 0):
 garbage-first heap   total 317440K, used 107363K [0x0000000080000000, 0x0000000100000000)
  region size 1024K, 10 young (10240K), 10 survivors (10240K)
 Metaspace       used 121919K, capacity 125538K, committed 125772K, reserved 1159168K
  class space    used 15036K, capacity 16365K, committed 16460K, reserved 1048576K
}
Event: 3636.021 GC heap before
{Heap before GC invocations=85 (full 0):
 garbage-first heap   total 317440K, used 125795K [0x0000000080000000, 0x0000000100000000)
  region size 1024K, 15 young (15360K), 10 survivors (10240K)
 Metaspace       used 121936K, capacity 125538K, committed 125772K, reserved 1159168K
  class space    used 15036K, capacity 16365K, committed 16460K, reserved 1048576K
}
Event: 3636.037 GC heap after
{Heap after GC invocations=86 (full 0):
 garbage-first heap   total 317440K, used 91112K [0x0000000080000000, 0x0000000100000000)
  region size 1024K, 1 young (1024K), 1 survivors (1024K)
 Metaspace       used 121936K, capacity 125538K, committed 125772K, reserved 1159168K
  class space    used 15036K, capacity 16365K, committed 16460K, reserved 1048576K
}
Event: 4823.771 GC heap before
{Heap before GC invocations=86 (full 0):
 garbage-first heap   total 317440K, used 251880K [0x0000000080000000, 0x0000000100000000)
  region size 1024K, 157 young (160768K), 1 survivors (1024K)
 Metaspace       used 122120K, capacity 125674K, committed 126028K, reserved 1159168K
  class space    used 15036K, capacity 16366K, committed 16460K, reserved 1048576K
}
Event: 4823.798 GC heap after
{Heap after GC invocations=87 (full 0):
 garbage-first heap   total 317440K, used 98996K [0x0000000080000000, 0x0000000100000000)
  region size 1024K, 7 young (7168K), 7 survivors (7168K)
 Metaspace       used 122120K, capacity 125674K, committed 126028K, reserved 1159168K
  class space    used 15036K, capacity 16366K, committed 16460K, reserved 1048576K
}
Event: 4824.105 GC heap before
{Heap before GC invocations=87 (full 0):
 garbage-first heap   total 317440K, used 105140K [0x0000000080000000, 0x0000000100000000)
  region size 1024K, 14 young (14336K), 7 survivors (7168K)
 Metaspace       used 122127K, capacity 125680K, committed 126028K, reserved 1159168K
  class space    used 15037K, capacity 16367K, committed 16460K, reserved 1048576K
}
Event: 4824.124 GC heap after
{Heap after GC invocations=88 (full 0):
 garbage-first heap   total 317440K, used 96744K [0x0000000080000000, 0x0000000100000000)
  region size 1024K, 7 young (7168K), 7 survivors (7168K)
 Metaspace       used 122127K, capacity 125680K, committed 126028K, reserved 1159168K
  class space    used 15037K, capacity 16367K, committed 16460K, reserved 1048576K
}

Deoptimization events (20 events):
Event: 4820.506 Thread 0x000001bae2dd3800 Uncommon trap: trap_request=0xffffffbe fr.pc=0x000001bad0134b98 relative=0x0000000000000378
Event: 4820.506 Thread 0x000001bae2dd3800 Uncommon trap: reason=profile_predicate action=maybe_recompile pc=0x000001bad0134b98 method=java.net.URI$Parser.scan(IILjava/lang/String;Ljava/lang/String;)I @ 6 c2
Event: 4820.506 Thread 0x000001bae2dd3800 DEOPT PACKING pc=0x000001bad0134b98 sp=0x000000b7c7efad70
Event: 4820.506 Thread 0x000001bae2dd3800 DEOPT UNPACKING pc=0x000001bac76873af sp=0x000000b7c7efad00 mode 2
Event: 4822.911 Thread 0x000001bae2dd3800 DEOPT PACKING pc=0x000001bac917020f sp=0x000000b7c7ef8220
Event: 4822.912 Thread 0x000001bae2dd3800 DEOPT UNPACKING pc=0x000001bac76871ce sp=0x000000b7c7ef7740 mode 0
Event: 4823.984 Thread 0x000001bae128f000 DEOPT PACKING pc=0x000001bac9d00905 sp=0x000000b7c81fd9f0
Event: 4823.984 Thread 0x000001bae128f000 DEOPT UNPACKING pc=0x000001bac76871ce sp=0x000000b7c81fce88 mode 0
Event: 5219.425 Thread 0x000001bae128a800 Uncommon trap: trap_request=0xffffff6e fr.pc=0x000001bacfa3a22c relative=0x000000000000108c
Event: 5219.425 Thread 0x000001bae128a800 Uncommon trap: reason=speculate_class_check action=maybe_recompile pc=0x000001bacfa3a22c method=java.util.concurrent.locks.AbstractQueuedSynchronizer.doAcquireInterruptibly(I)V @ 23 c2
Event: 5219.425 Thread 0x000001bae128a800 DEOPT PACKING pc=0x000001bacfa3a22c sp=0x000000b7c78ff190
Event: 5219.426 Thread 0x000001bae128a800 DEOPT UNPACKING pc=0x000001bac76873af sp=0x000000b7c78ff0a0 mode 2
Event: 5219.427 Thread 0x000001bae128a800 Uncommon trap: trap_request=0xffffff6e fr.pc=0x000001bacfa3a22c relative=0x000000000000108c
Event: 5219.427 Thread 0x000001bae128a800 Uncommon trap: reason=speculate_class_check action=maybe_recompile pc=0x000001bacfa3a22c method=java.util.concurrent.locks.AbstractQueuedSynchronizer.doAcquireInterruptibly(I)V @ 23 c2
Event: 5219.427 Thread 0x000001bae128a800 DEOPT PACKING pc=0x000001bacfa3a22c sp=0x000000b7c78ff190
Event: 5219.427 Thread 0x000001bae128a800 DEOPT UNPACKING pc=0x000001bac76873af sp=0x000000b7c78ff0a0 mode 2
Event: 5219.842 Thread 0x000001bae1293800 Uncommon trap: trap_request=0xffffffcc fr.pc=0x000001bacf45506c relative=0x000000000000038c
Event: 5219.842 Thread 0x000001bae1293800 Uncommon trap: reason=intrinsic_or_type_checked_inlining action=make_not_entrant pc=0x000001bacf45506c method=com.google.common.collect.RegularImmutableSet.copyIntoArray([Ljava/lang/Object;I)I @ 11 c2
Event: 5219.842 Thread 0x000001bae1293800 DEOPT PACKING pc=0x000001bacf45506c sp=0x000000b7c68fb3c0
Event: 5219.842 Thread 0x000001bae1293800 DEOPT UNPACKING pc=0x000001bac76873af sp=0x000000b7c68fb218 mode 2

Classes redefined (0 events):
No events

Internal exceptions (20 events):
Event: 4823.033 Thread 0x000001bae2dd3800 Exception <a 'sun/nio/fs/WindowsException'{0x000000008a4b1590}> (0x000000008a4b1590) thrown at [./src/hotspot/share/prims/jni.cpp, line 615]
Event: 4823.034 Thread 0x000001bae2dd3800 Exception <a 'sun/nio/fs/WindowsException'{0x000000008a4b16f8}> (0x000000008a4b16f8) thrown at [./src/hotspot/share/prims/jni.cpp, line 615]
Event: 4823.045 Thread 0x000001bae2dd3800 Exception <a 'sun/nio/fs/WindowsException'{0x000000008a4daab8}> (0x000000008a4daab8) thrown at [./src/hotspot/share/prims/jni.cpp, line 615]
Event: 4823.052 Thread 0x000001bae2dd3800 Exception <a 'sun/nio/fs/WindowsException'{0x000000008a4e1660}> (0x000000008a4e1660) thrown at [./src/hotspot/share/prims/jni.cpp, line 615]
Event: 4823.067 Thread 0x000001bae2dd3800 Exception <a 'sun/nio/fs/WindowsException'{0x000000008a4ec9a8}> (0x000000008a4ec9a8) thrown at [./src/hotspot/share/prims/jni.cpp, line 615]
Event: 4823.114 Thread 0x000001bae2dd3800 Exception <a 'sun/nio/fs/WindowsException'{0x000000008a256978}> (0x000000008a256978) thrown at [./src/hotspot/share/prims/jni.cpp, line 615]
Event: 4823.125 Thread 0x000001bae2dd3800 Exception <a 'sun/nio/fs/WindowsException'{0x000000008a25c7e0}> (0x000000008a25c7e0) thrown at [./src/hotspot/share/prims/jni.cpp, line 615]
Event: 4823.141 Thread 0x000001bae2dd3800 Exception <a 'sun/nio/fs/WindowsException'{0x000000008a261d68}> (0x000000008a261d68) thrown at [./src/hotspot/share/prims/jni.cpp, line 615]
Event: 4823.152 Thread 0x000001bae2dd3800 Exception <a 'sun/nio/fs/WindowsException'{0x000000008a26a498}> (0x000000008a26a498) thrown at [./src/hotspot/share/prims/jni.cpp, line 615]
Event: 4823.721 Thread 0x000001bae128f000 Exception <a 'sun/nio/fs/WindowsException'{0x0000000089a26540}> (0x0000000089a26540) thrown at [./src/hotspot/share/prims/jni.cpp, line 615]
Event: 4823.810 Thread 0x000001bae128f000 Exception <a 'sun/nio/fs/WindowsException'{0x00000000935a1a88}> (0x00000000935a1a88) thrown at [./src/hotspot/share/prims/jni.cpp, line 615]
Event: 4823.976 Thread 0x000001bae128f000 Exception <a 'sun/nio/fs/WindowsException'{0x00000000932063c0}> (0x00000000932063c0) thrown at [./src/hotspot/share/prims/jni.cpp, line 615]
Event: 4823.997 Thread 0x000001bae128f000 Exception <a 'sun/nio/fs/WindowsException'{0x0000000093156140}> (0x0000000093156140) thrown at [./src/hotspot/share/prims/jni.cpp, line 615]
Event: 5219.571 Thread 0x000001bae1293800 Exception <a 'sun/nio/fs/WindowsException'{0x00000000912c5d70}> (0x00000000912c5d70) thrown at [./src/hotspot/share/prims/jni.cpp, line 615]
Event: 5219.767 Thread 0x000001bae1293800 Exception <a 'java/lang/NoClassDefFoundError'{0x0000000090fc6268}: org/jetbrains/kotlin/gradle/plugin/KotlinBasePluginWrapper> (0x0000000090fc6268) thrown at [./src/hotspot/share/oops/constantPool.cpp, line 775]
Event: 5219.852 Thread 0x000001bae1293800 Exception <a 'sun/nio/fs/WindowsException'{0x0000000090eb09c8}> (0x0000000090eb09c8) thrown at [./src/hotspot/share/prims/jni.cpp, line 615]
Event: 5219.864 Thread 0x000001bae1293800 Exception <a 'sun/nio/fs/WindowsException'{0x0000000090d52570}> (0x0000000090d52570) thrown at [./src/hotspot/share/prims/jni.cpp, line 615]
Event: 5219.865 Thread 0x000001bae1293800 Exception <a 'sun/nio/fs/WindowsException'{0x0000000090d53588}> (0x0000000090d53588) thrown at [./src/hotspot/share/prims/jni.cpp, line 615]
Event: 5219.865 Thread 0x000001bae1293800 Exception <a 'sun/nio/fs/WindowsException'{0x0000000090d54848}> (0x0000000090d54848) thrown at [./src/hotspot/share/prims/jni.cpp, line 615]
Event: 5219.865 Thread 0x000001bae1293800 Exception <a 'sun/nio/fs/WindowsException'{0x0000000090d558b0}> (0x0000000090d558b0) thrown at [./src/hotspot/share/prims/jni.cpp, line 615]

Events (20 events):
Event: 5218.997 Thread 0x000001bade45f800 flushing nmethod 0x000001bac9eeb290
Event: 5218.999 Thread 0x000001bade45f800 flushing nmethod 0x000001baca1f3190
Event: 5218.999 Thread 0x000001bade45f800 flushing nmethod 0x000001baca1f4010
Event: 5219.000 Thread 0x000001bade45f800 flushing nmethod 0x000001baca1f4f10
Event: 5219.000 Thread 0x000001bade45f800 flushing nmethod 0x000001baca1fe210
Event: 5219.000 Thread 0x000001bade45f800 flushing nmethod 0x000001baca215010
Event: 5219.000 Thread 0x000001bade45f800 flushing nmethod 0x000001baca233d10
Event: 5219.000 Thread 0x000001bade45f800 flushing nmethod 0x000001baca266c90
Event: 5219.000 Thread 0x000001bade45f800 flushing nmethod 0x000001baca2a1d90
Event: 5219.002 Thread 0x000001bade45f800 flushing nmethod 0x000001baca4a7810
Event: 5219.003 Thread 0x000001bade45f800 flushing nmethod 0x000001baca5c1490
Event: 5219.003 Thread 0x000001bade45f800 flushing nmethod 0x000001baca5c4890
Event: 5219.364 Thread 0x000001bae2dcb000 Thread added: 0x000001bae2dcb000
Event: 5219.364 Thread 0x000001bae2dce800 Thread added: 0x000001bae2dce800
Event: 5219.384 Executing VM operation: RevokeBias
Event: 5219.386 Executing VM operation: RevokeBias done
Event: 5219.483 Executing VM operation: BulkRevokeBias
Event: 5219.485 Executing VM operation: BulkRevokeBias done
Event: 5219.536 loading class com/google/common/reflect/TypeResolver$1
Event: 5219.536 loading class com/google/common/reflect/TypeResolver$1 done


Dynamic libraries:
0x00007ff70a9e0000 - 0x00007ff70a9ea000 	C:\Program Files\Android\Android Studio1\jre\bin\java.exe
0x00007ffbb8970000 - 0x00007ffbb8b65000 	C:\WINDOWS\SYSTEM32\ntdll.dll
0x00007ffbb86e0000 - 0x00007ffbb879e000 	C:\WINDOWS\System32\KERNEL32.DLL
0x00007ffbb61c0000 - 0x00007ffbb6488000 	C:\WINDOWS\System32\KERNELBASE.dll
0x00007ffbb6800000 - 0x00007ffbb6900000 	C:\WINDOWS\System32\ucrtbase.dll
0x00007ffbac650000 - 0x00007ffbac669000 	C:\Program Files\Android\Android Studio1\jre\bin\jli.dll
0x00007ffbb73e0000 - 0x00007ffbb7581000 	C:\WINDOWS\System32\USER32.dll
0x00007ffbb6080000 - 0x00007ffbb60a2000 	C:\WINDOWS\System32\win32u.dll
0x00007ffbb7590000 - 0x00007ffbb75bb000 	C:\WINDOWS\System32\GDI32.dll
0x00007ffbb60b0000 - 0x00007ffbb61bd000 	C:\WINDOWS\System32\gdi32full.dll
0x00007ffbb6730000 - 0x00007ffbb67cd000 	C:\WINDOWS\System32\msvcp_win.dll
0x00007ffba3c40000 - 0x00007ffba3eda000 	C:\WINDOWS\WinSxS\amd64_microsoft.windows.common-controls_6595b64144ccf1df_6.0.19041.1110_none_60b5254171f9507e\COMCTL32.dll
0x00007ffbb83e0000 - 0x00007ffbb847e000 	C:\WINDOWS\System32\msvcrt.dll
0x00007ffbabac0000 - 0x00007ffbabad7000 	C:\Program Files\Android\Android Studio1\jre\bin\VCRUNTIME140.dll
0x00007ffbb7770000 - 0x00007ffbb77a0000 	C:\WINDOWS\System32\IMM32.DLL
0x00007ffb68780000 - 0x00007ffb6881d000 	C:\Program Files\Android\Android Studio1\jre\bin\msvcp140.dll
0x00007ffb3d400000 - 0x00007ffb3decf000 	C:\Program Files\Android\Android Studio1\jre\bin\server\jvm.dll
0x00007ffbb81f0000 - 0x00007ffbb829c000 	C:\WINDOWS\System32\ADVAPI32.dll
0x00007ffbb6ac0000 - 0x00007ffbb6b5b000 	C:\WINDOWS\System32\sechost.dll
0x00007ffbb87a0000 - 0x00007ffbb88ca000 	C:\WINDOWS\System32\RPCRT4.dll
0x00007ffbb72b0000 - 0x00007ffbb72b8000 	C:\WINDOWS\System32\PSAPI.DLL
0x00007ffb7cfb0000 - 0x00007ffb7cfb9000 	C:\WINDOWS\SYSTEM32\WSOCK32.dll
0x00007ffbb8180000 - 0x00007ffbb81eb000 	C:\WINDOWS\System32\WS2_32.dll
0x00007ffbae960000 - 0x00007ffbae96a000 	C:\WINDOWS\SYSTEM32\VERSION.dll
0x00007ffbae970000 - 0x00007ffbae997000 	C:\WINDOWS\SYSTEM32\WINMM.dll
0x00007ffbb3f30000 - 0x00007ffbb3f42000 	C:\WINDOWS\SYSTEM32\kernel.appcore.dll
0x00007ffba8c50000 - 0x00007ffba8c61000 	C:\Program Files\Android\Android Studio1\jre\bin\verify.dll
0x00007ffb9d8b0000 - 0x00007ffb9da94000 	C:\WINDOWS\SYSTEM32\DBGHELP.DLL
0x00007ffb9d880000 - 0x00007ffb9d8ac000 	C:\WINDOWS\SYSTEM32\dbgcore.DLL
0x00007ffbb6650000 - 0x00007ffbb66d2000 	C:\WINDOWS\System32\bcryptPrimitives.dll
0x00007ffba49b0000 - 0x00007ffba49d9000 	C:\Program Files\Android\Android Studio1\jre\bin\java.dll
0x00007ffbac620000 - 0x00007ffbac62b000 	C:\Program Files\Android\Android Studio1\jre\bin\jimage.dll
0x00007ffba23e0000 - 0x00007ffba23f8000 	C:\Program Files\Android\Android Studio1\jre\bin\zip.dll
0x00007ffbb6b60000 - 0x00007ffbb72a4000 	C:\WINDOWS\System32\SHELL32.dll
0x00007ffbb4130000 - 0x00007ffbb48c4000 	C:\WINDOWS\SYSTEM32\windows.storage.dll
0x00007ffbb77a0000 - 0x00007ffbb7af5000 	C:\WINDOWS\System32\combase.dll
0x00007ffbb5920000 - 0x00007ffbb594e000 	C:\WINDOWS\SYSTEM32\Wldp.dll
0x00007ffbb72d0000 - 0x00007ffbb737d000 	C:\WINDOWS\System32\SHCORE.dll
0x00007ffbb69e0000 - 0x00007ffbb6a35000 	C:\WINDOWS\System32\shlwapi.dll
0x00007ffbb5fc0000 - 0x00007ffbb5fdf000 	C:\WINDOWS\SYSTEM32\profapi.dll
0x00007ffb9aef0000 - 0x00007ffb9af0a000 	C:\Program Files\Android\Android Studio1\jre\bin\net.dll
0x00007ffba2fd0000 - 0x00007ffba30dc000 	C:\WINDOWS\SYSTEM32\WINHTTP.dll
0x00007ffbb5700000 - 0x00007ffbb576a000 	C:\WINDOWS\system32\mswsock.dll
0x00007ffb9ae30000 - 0x00007ffb9ae44000 	C:\Program Files\Android\Android Studio1\jre\bin\nio.dll
0x00007ffbb0270000 - 0x00007ffbb0297000 	C:\Users\amwa\.gradle\native\8bec1ad78214c89d9ad589b4d07fe93259594b29d510b10fafb7a158f7737e5d\windows-amd64\native-platform.dll
0x00007ffb9f9e0000 - 0x00007ffb9fb1d000 	C:\Users\amwa\.gradle\native\53dbd7edfb1c66fb8903c78663c9afc45aea4f116125fa6feffd364cf09443e8\windows-amd64\native-platform-file-events.dll
0x00007ffbac3b0000 - 0x00007ffbac3ba000 	C:\Program Files\Android\Android Studio1\jre\bin\management.dll
0x00007ffbac230000 - 0x00007ffbac23c000 	C:\Program Files\Android\Android Studio1\jre\bin\management_ext.dll
0x00007ffbb5960000 - 0x00007ffbb5978000 	C:\WINDOWS\SYSTEM32\CRYPTSP.dll
0x00007ffbb50a0000 - 0x00007ffbb50d4000 	C:\WINDOWS\system32\rsaenh.dll
0x00007ffbb67d0000 - 0x00007ffbb67f7000 	C:\WINDOWS\System32\bcrypt.dll
0x00007ffbb5f40000 - 0x00007ffbb5f6e000 	C:\WINDOWS\SYSTEM32\USERENV.dll
0x00007ffbb5890000 - 0x00007ffbb589c000 	C:\WINDOWS\SYSTEM32\CRYPTBASE.dll
0x00007ffbb5410000 - 0x00007ffbb544b000 	C:\WINDOWS\SYSTEM32\IPHLPAPI.DLL
0x00007ffbb69d0000 - 0x00007ffbb69d8000 	C:\WINDOWS\System32\NSI.dll
0x00007ffba5ac0000 - 0x00007ffba5ad7000 	C:\WINDOWS\SYSTEM32\dhcpcsvc6.DLL
0x00007ffba84e0000 - 0x00007ffba84fd000 	C:\WINDOWS\SYSTEM32\dhcpcsvc.DLL
0x00007ffbb5450000 - 0x00007ffbb551b000 	C:\WINDOWS\SYSTEM32\DNSAPI.dll

dbghelp: loaded successfully - version: 4.0.5 - missing functions: none
symbol engine: initialized successfully - sym options: 0x614 - pdb path: .;C:\Program Files\Android\Android Studio1\jre\bin;C:\WINDOWS\SYSTEM32;C:\WINDOWS\WinSxS\amd64_microsoft.windows.common-controls_6595b64144ccf1df_6.0.19041.1110_none_60b5254171f9507e;C:\Program Files\Android\Android Studio1\jre\bin\server;C:\Users\amwa\.gradle\native\8bec1ad78214c89d9ad589b4d07fe93259594b29d510b10fafb7a158f7737e5d\windows-amd64;C:\Users\amwa\.gradle\native\53dbd7edfb1c66fb8903c78663c9afc45aea4f116125fa6feffd364cf09443e8\windows-amd64

VM Arguments:
jvm_args: --add-opens=java.base/java.util=ALL-UNNAMED --add-opens=java.base/java.lang=ALL-UNNAMED --add-opens=java.base/java.lang.invoke=ALL-UNNAMED --add-opens=java.base/java.util=ALL-UNNAMED --add-opens=java.prefs/java.util.prefs=ALL-UNNAMED --add-opens=java.prefs/java.util.prefs=ALL-UNNAMED --add-opens=java.base/java.nio.charset=ALL-UNNAMED --add-opens=java.base/java.net=ALL-UNNAMED --add-opens=java.base/java.util.concurrent.atomic=ALL-UNNAMED -Xmx2048m -Dfile.encoding=UTF-8 -Duser.country=ID -Duser.language=en -Duser.variant 
java_command: org.gradle.launcher.daemon.bootstrap.GradleDaemon 7.0.2
java_class_path (initial): C:\Users\amwa\.gradle\wrapper\dists\gradle-7.0.2-bin\857tjihv64xamwrf0h14cai3r\gradle-7.0.2\lib\gradle-launcher-7.0.2.jar
Launcher Type: SUN_STANDARD

[Global flags]
     intx CICompilerCount                          = 2                                         {product} {ergonomic}
     uint ConcGCThreads                            = 1                                         {product} {ergonomic}
     uint G1ConcRefinementThreads                  = 2                                         {product} {ergonomic}
   size_t G1HeapRegionSize                         = 1048576                                   {product} {ergonomic}
    uintx GCDrainStackTargetSize                   = 64                                        {product} {ergonomic}
   size_t InitialHeapSize                          = 117440512                                 {product} {ergonomic}
   size_t MarkStackSize                            = 4194304                                   {product} {ergonomic}
   size_t MaxHeapSize                              = 2147483648                                {product} {command line}
   size_t MaxNewSize                               = 1287651328                                {product} {ergonomic}
   size_t MinHeapDeltaBytes                        = 1048576                                   {product} {ergonomic}
    uintx NonNMethodCodeHeapSize                   = 5825164                                {pd product} {ergonomic}
    uintx NonProfiledCodeHeapSize                  = 122916538                              {pd product} {ergonomic}
    uintx ProfiledCodeHeapSize                     = 122916538                              {pd product} {ergonomic}
    uintx ReservedCodeCacheSize                    = 251658240                              {pd product} {ergonomic}
     bool SegmentedCodeCache                       = true                                      {product} {ergonomic}
     bool UseCompressedClassPointers               = true                                 {lp64_product} {ergonomic}
     bool UseCompressedOops                        = true                                 {lp64_product} {ergonomic}
     bool UseG1GC                                  = true                                      {product} {ergonomic}
     bool UseLargePagesIndividualAllocation        = false                                  {pd product} {ergonomic}

Logging:
Log output configuration:
 #0: stdout all=warning uptime,level,tags
 #1: stderr all=off uptime,level,tags

Environment Variables:
JAVA_HOME=C:\Program Files\Amazon Corretto\jdk11.0.11_9\bin\bin
CLASSPATH=C:\Android\openjdk\lib\*.jar;.;C:\PROGRA~1\IBM\SQLLIB\java\db2java.zip;C:\PROGRA~1\IBM\SQLLIB\java\db2jcc4.jar;C:\PROGRA~1\IBM\SQLLIB\java\sqlj4.zip;C:\PROGRA~1\IBM\SQLLIB\java\db2jcc_license_cisuz.jar;C:\PROGRA~1\IBM\SQLLIB\java\db2jcc_license_cu.jar;C:\PROGRA~1\IBM\SQLLIB\bin;C:\PROGRA~1\IBM\SQLLIB\java\common.jar
PATH=C:\WINDOWS\system32;C:\WINDOWS;C:\WINDOWS\System32\Wbem;C:\WINDOWS\System32\WindowsPowerShell\v1.0\;C:\WINDOWS\System32\OpenSSH\;C:\Program Files\mingw-w64\x86_64-8.1.0-posix-seh-rt_v6-rev0\mingw64\bin;C:\Program Files\Dart\dart-sdk\bin;C:\Android\flutter\bin;C:\Android\cmdline-tools;C:\Android\cmdline-tools\tools;C:\Android\cmdline-tools\tools\bin;C:\Users\amwa\.gradle\wrapper\dists\gradle-6.7-all\9st6wgf78h16so49nn74lgtbb\gradle-5.6.2;C:\Android\openjdk\bin;C:\Program Files\nodejs\;C:\Program Files\apache-maven-3.8.1\bin;C:\xampp\php;C:\ProgramData\ComposerSetup\bin;C:\WINDOWS\system32\config\systemprofile\AppData\Roaming\Composer\vendor\bin;C:\Program Files\ibm\gsk8\lib64;C:\Program Files (x86)\ibm\gsk8\lib;C:\Program Files\Git\cmd;C:\Program Files\Amazon Corretto\jdk11.0.11_9\bin;C:\PROGRA~1\IBM\SQLLIB\BIN;C:\PROGRA~1\IBM\SQLLIB\FUNCTION;C:\PROGRA~1\IBM\SQLLIB\SAMPLES\REPL;C:\Users\amwa\Documents\MongoDB\mongosh-1.1.2-win32-x64\bin;C:\Users\amwa\Documents\MongoDB\bin;C:\Program Files\MongoDB\Server\3.6\bin;C:\Users\amwa\AppData\Local\Microsoft\WindowsApps;C:\Users\amwa\AppData\Local\Programs\Microsoft VS Code\bin;C:\Users\amwa\AppData\Roaming\npm;C:\Users\amwa\AppData\Roaming\Composer\vendor\bin
USERNAME=amwa
OS=Windows_NT
PROCESSOR_IDENTIFIER=AMD64 Family 21 Model 112 Stepping 0, AuthenticAMD



---------------  S Y S T E M  ---------------

OS: Windows 10 , 64 bit Build 19041 (10.0.19041.1348)
OS uptime: 0 days 4:45 hours
Hyper-V role detected

CPU:total 2 (initial active 2) (2 cores per cpu, 1 threads per core) family 21 model 112 stepping 0 microcode 0x0, cmov, cx8, fxsr, mmx, sse, sse2, sse3, ssse3, sse4.1, sse4.2, popcnt, avx, avx2, aes, clmul, mmxext, 3dnowpref, lzcnt, sse4a, tsc, tscinvbit, tscinv, bmi1, bmi2, fma

Memory: 4k page, system-wide physical 7129M (347M free)
TotalPageFile size 9433M (AvailPageFile size 3M)
current process WorkingSet (physical memory assigned to process): 635M, peak: 656M
current process commit charge ("private bytes"): 669M, peak: 681M

vm_info: OpenJDK 64-Bit Server VM (11.0.10+0-b96-7249189) for windows-amd64 JRE (11.0.10+0-b96-7249189), built on Mar 31 2021 21:44:00 by "builder" with MS VC++ 14.0 (VS2015)

END.
