#
# There is insufficient memory for the Java Runtime Environment to continue.
# Native memory allocation (malloc) failed to allocate 1450736 bytes for Chunk::new
# Possible reasons:
#   The system is out of physical RAM or swap space
#   The process is running with CompressedOops enabled, and the Java Heap may be blocking the growth of the native heap
# Possible solutions:
#   Reduce memory load on the system
#   Increase physical memory or swap space
#   Check if swap backing store is full
#   Decrease Java heap size (-Xmx/-Xms)
#   Decrease number of Java threads
#   Decrease Java thread stack sizes (-Xss)
#   Set larger code cache with -XX:ReservedCodeCacheSize=
#   JVM is running with Unscaled Compressed Oops mode in which the Java heap is
#     placed in the first 4GB address space. The Java Heap base address is the
#     maximum limit for the native heap growth. Please use -XX:HeapBaseMinAddress
#     to set the Java Heap base and to place the Java Heap above 4GB virtual address.
# This output file may be truncated or incomplete.
#
#  Out of Memory Error (./src/hotspot/share/memory/arena.cpp:197), pid=10236, tid=12156
#
# JRE version: OpenJDK Runtime Environment (11.0.10) (build 11.0.10+0-b96-7249189)
# Java VM: OpenJDK 64-Bit Server VM (11.0.10+0-b96-7249189, mixed mode, tiered, compressed oops, g1 gc, windows-amd64)
# No core dump will be written. Minidumps are not enabled by default on client versions of Windows
#

---------------  S U M M A R Y ------------

Command Line: --add-opens=java.base/java.util=ALL-UNNAMED --add-opens=java.base/java.lang=ALL-UNNAMED --add-opens=java.base/java.lang.invoke=ALL-UNNAMED --add-opens=java.base/java.util=ALL-UNNAMED --add-opens=java.prefs/java.util.prefs=ALL-UNNAMED --add-opens=java.prefs/java.util.prefs=ALL-UNNAMED --add-opens=java.base/java.nio.charset=ALL-UNNAMED --add-opens=java.base/java.net=ALL-UNNAMED --add-opens=java.base/java.util.concurrent.atomic=ALL-UNNAMED -Xmx2048m -Dfile.encoding=UTF-8 -Duser.country=ID -Duser.language=en -Duser.variant org.gradle.launcher.daemon.bootstrap.GradleDaemon 7.0.2

Host: AMD A9-9425 RADEON R5, 5 COMPUTE CORES 2C+3G   , 2 cores, 6G,  Windows 10 , 64 bit Build 19041 (10.0.19041.1348)
Time: Tue Jan  4 19:36:16 2022 SE Asia Standard Time elapsed time: 64.588024 seconds (0d 0h 1m 4s)

---------------  T H R E A D  ---------------

Current thread (0x000001fc7be66000):  JavaThread "C2 CompilerThread0" daemon [_thread_in_native, id=12156, stack(0x000000ec8ae00000,0x000000ec8af00000)]


Current CompileTask:
C2:  64588 9732       4       java.lang.String::split (324 bytes)

Stack: [0x000000ec8ae00000,0x000000ec8af00000]
Native frames: (J=compiled Java code, j=interpreted, Vv=VM code, C=native code)
V  [jvm.dll+0x5ecfaa]
V  [jvm.dll+0x722bd5]
V  [jvm.dll+0x72412d]
V  [jvm.dll+0x7247e3]
V  [jvm.dll+0x242928]
V  [jvm.dll+0xbc4fc]
V  [jvm.dll+0xbca0c]
V  [jvm.dll+0x352d7d]
V  [jvm.dll+0x320ad3]
V  [jvm.dll+0x31ffca]
V  [jvm.dll+0x1fb602]
V  [jvm.dll+0x1fa7f4]
V  [jvm.dll+0x18354c]
V  [jvm.dll+0x208ee7]
V  [jvm.dll+0x207731]
V  [jvm.dll+0x6eb1cf]
V  [jvm.dll+0x6e3d45]
V  [jvm.dll+0x5ebe96]
C  [ucrtbase.dll+0x21bb2]
C  [KERNEL32.DLL+0x17034]
C  [ntdll.dll+0x52651]


---------------  P R O C E S S  ---------------

Threads class SMR info:
_java_thread_list=0x000001fc118c15d0, length=43, elements={
0x000001fc70df3800, 0x000001fc7b4e1800, 0x000001fc7b4e6800, 0x000001fc7be60800,
0x000001fc7be62800, 0x000001fc7be64000, 0x000001fc7be66000, 0x000001fc7beb0000,
0x000001fc7becf800, 0x000001fc7bfcb000, 0x000001fc7d3f5800, 0x000001fc7cf37000,
0x000001fc7d225800, 0x000001fc7c4f2800, 0x000001fc7d65a800, 0x000001fc7d2b2800,
0x000001fc7cc3b000, 0x000001fc7cc3c000, 0x000001fc7da03000, 0x000001fc7caf6800,
0x000001fc7caf7000, 0x000001fc7caf5000, 0x000001fc7caf5800, 0x000001fc7d970000,
0x000001fc7d96f800, 0x000001fc7d973800, 0x000001fc7d971000, 0x000001fc7d972800,
0x000001fc7d96e800, 0x000001fc7d971800, 0x000001fc7d979000, 0x000001fc7d97a000,
0x000001fc7d976000, 0x000001fc7d974000, 0x000001fc7d97a800, 0x000001fc7d975000,
0x000001fc7d97b800, 0x000001fc7d977800, 0x000001fc7d978800, 0x000001fc115ac800,
0x000001fc115ab000, 0x000001fc115ad800, 0x000001fc115af000
}

Java Threads: ( => current thread )
  0x000001fc70df3800 JavaThread "main" [_thread_blocked, id=4548, stack(0x000000ec8a200000,0x000000ec8a300000)]
  0x000001fc7b4e1800 JavaThread "Reference Handler" daemon [_thread_blocked, id=6412, stack(0x000000ec8a900000,0x000000ec8aa00000)]
  0x000001fc7b4e6800 JavaThread "Finalizer" daemon [_thread_blocked, id=6860, stack(0x000000ec8aa00000,0x000000ec8ab00000)]
  0x000001fc7be60800 JavaThread "Signal Dispatcher" daemon [_thread_blocked, id=11644, stack(0x000000ec8ab00000,0x000000ec8ac00000)]
  0x000001fc7be62800 JavaThread "Attach Listener" daemon [_thread_blocked, id=8668, stack(0x000000ec8ac00000,0x000000ec8ad00000)]
  0x000001fc7be64000 JavaThread "Service Thread" daemon [_thread_blocked, id=4276, stack(0x000000ec8ad00000,0x000000ec8ae00000)]
=>0x000001fc7be66000 JavaThread "C2 CompilerThread0" daemon [_thread_in_native, id=12156, stack(0x000000ec8ae00000,0x000000ec8af00000)]
  0x000001fc7beb0000 JavaThread "C1 CompilerThread0" daemon [_thread_blocked, id=11304, stack(0x000000ec8af00000,0x000000ec8b000000)]
  0x000001fc7becf800 JavaThread "Sweeper thread" daemon [_thread_blocked, id=2124, stack(0x000000ec8b000000,0x000000ec8b100000)]
  0x000001fc7bfcb000 JavaThread "Common-Cleaner" daemon [_thread_blocked, id=7688, stack(0x000000ec8b100000,0x000000ec8b200000)]
  0x000001fc7d3f5800 JavaThread "Daemon health stats" [_thread_blocked, id=8484, stack(0x000000ec8b500000,0x000000ec8b600000)]
  0x000001fc7cf37000 JavaThread "Incoming local TCP Connector on port 60609" [_thread_in_native, id=11536, stack(0x000000ec8b600000,0x000000ec8b700000)]
  0x000001fc7d225800 JavaThread "Daemon periodic checks" [_thread_blocked, id=3480, stack(0x000000ec8b700000,0x000000ec8b800000)]
  0x000001fc7c4f2800 JavaThread "Daemon" [_thread_blocked, id=10680, stack(0x000000ec8b800000,0x000000ec8b900000)]
  0x000001fc7d65a800 JavaThread "Handler for socket connection from /127.0.0.1:60609 to /127.0.0.1:60610" [_thread_in_native, id=7716, stack(0x000000ec8b900000,0x000000ec8ba00000)]
  0x000001fc7d2b2800 JavaThread "Cancel handler" [_thread_blocked, id=7684, stack(0x000000ec8ba00000,0x000000ec8bb00000)]
  0x000001fc7cc3b000 JavaThread "Daemon worker" [_thread_blocked, id=9336, stack(0x000000ec8bb00000,0x000000ec8bc00000)]
  0x000001fc7cc3c000 JavaThread "Asynchronous log dispatcher for DefaultDaemonConnection: socket connection from /127.0.0.1:60609 to /127.0.0.1:60610" [_thread_blocked, id=7424, stack(0x000000ec8bc00000,0x000000ec8bd00000)]
  0x000001fc7da03000 JavaThread "Stdin handler" [_thread_blocked, id=1620, stack(0x000000ec8bd00000,0x000000ec8be00000)]
  0x000001fc7caf6800 JavaThread "Daemon client event forwarder" [_thread_blocked, id=6340, stack(0x000000ec8be00000,0x000000ec8bf00000)]
  0x000001fc7caf7000 JavaThread "Cache worker for file hash cache (C:\Users\amwa\.gradle\caches\7.0.2\fileHashes)" [_thread_blocked, id=8100, stack(0x000000ec8bf00000,0x000000ec8c000000)]
  0x000001fc7caf5000 JavaThread "File lock request listener" [_thread_in_native, id=3948, stack(0x000000ec8c000000,0x000000ec8c100000)]
  0x000001fc7caf5800 JavaThread "Cache worker for journal cache (C:\Users\amwa\.gradle\caches\journal-1)" [_thread_blocked, id=12224, stack(0x000000ec8c100000,0x000000ec8c200000)]
  0x000001fc7d970000 JavaThread "Cache worker for file hash cache (C:\Users\amwa\AndroidStudioProjects\CafeMenu\.gradle\7.0.2\fileHashes)" [_thread_blocked, id=2736, stack(0x000000ec8c200000,0x000000ec8c300000)]
  0x000001fc7d96f800 JavaThread "File watcher server" daemon [_thread_in_native, id=3396, stack(0x000000ec8c300000,0x000000ec8c400000)]
  0x000001fc7d973800 JavaThread "File watcher consumer" daemon [_thread_blocked, id=11244, stack(0x000000ec8c400000,0x000000ec8c500000)]
  0x000001fc7d971000 JavaThread "Cache worker for checksums cache (C:\Users\amwa\AndroidStudioProjects\CafeMenu\.gradle\checksums)" [_thread_blocked, id=10552, stack(0x000000ec8c500000,0x000000ec8c600000)]
  0x000001fc7d972800 JavaThread "Cache worker for cache directory md-supplier (C:\Users\amwa\.gradle\caches\7.0.2\md-supplier)" [_thread_blocked, id=12004, stack(0x000000ec8c600000,0x000000ec8c700000)]
  0x000001fc7d96e800 JavaThread "Cache worker for cache directory md-rule (C:\Users\amwa\.gradle\caches\7.0.2\md-rule)" [_thread_blocked, id=10748, stack(0x000000ec8c700000,0x000000ec8c800000)]
  0x000001fc7d971800 JavaThread "Cache worker for execution history cache (C:\Users\amwa\.gradle\caches\7.0.2\executionHistory)" [_thread_blocked, id=3244, stack(0x000000ec8c800000,0x000000ec8c900000)]
  0x000001fc7d979000 JavaThread "jar transforms" [_thread_blocked, id=5968, stack(0x000000ec8c900000,0x000000ec8ca00000)]
  0x000001fc7d97a000 JavaThread "jar transforms Thread 2" [_thread_blocked, id=12132, stack(0x000000ec8ca00000,0x000000ec8cb00000)]
  0x000001fc7d976000 JavaThread "Cache worker for file content cache (C:\Users\amwa\.gradle\caches\7.0.2\fileContent)" [_thread_blocked, id=11928, stack(0x000000ec8cb00000,0x000000ec8cc00000)]
  0x000001fc7d974000 JavaThread "Cache worker for dependencies-accessors (C:\Users\amwa\AndroidStudioProjects\CafeMenu\.gradle\7.0.2\dependencies-accessors)" [_thread_blocked, id=4532, stack(0x000000ec8cc00000,0x000000ec8cd00000)]
  0x000001fc7d97a800 JavaThread "Cache worker for Build Output Cleanup Cache (C:\Users\amwa\AndroidStudioProjects\CafeMenu\.gradle\buildOutputCleanup)" [_thread_blocked, id=2844, stack(0x000000ec8cd00000,0x000000ec8ce00000)]
  0x000001fc7d975000 JavaThread "Build operations" [_thread_blocked, id=2112, stack(0x000000ec8ce00000,0x000000ec8cf00000)]
  0x000001fc7d97b800 JavaThread "Build operations Thread 2" [_thread_blocked, id=8536, stack(0x000000ec8cf00000,0x000000ec8d000000)]
  0x000001fc7d977800 JavaThread "Memory manager" [_thread_in_Java, id=9884, stack(0x000000ec8d000000,0x000000ec8d100000)]
  0x000001fc7d978800 JavaThread "build event listener" [_thread_blocked, id=10268, stack(0x000000ec8d200000,0x000000ec8d300000)]
  0x000001fc115ac800 JavaThread "Execution worker for ':'" [_thread_in_native, id=9632, stack(0x000000ec8d300000,0x000000ec8d400000)]
  0x000001fc115ab000 JavaThread "Cache worker for execution history cache (C:\Users\amwa\AndroidStudioProjects\CafeMenu\.gradle\7.0.2\executionHistory)" [_thread_blocked, id=3832, stack(0x000000ec8d400000,0x000000ec8d500000)]
  0x000001fc115ad800 JavaThread "Cache worker for Java compile cache (C:\Users\amwa\.gradle\caches\7.0.2\javaCompile)" [_thread_blocked, id=5928, stack(0x000000ec8a000000,0x000000ec8a100000)]
  0x000001fc115af000 JavaThread "Cache worker for Java compile cache (C:\Users\amwa\AndroidStudioProjects\CafeMenu\.gradle\7.0.2\javaCompile)" [_thread_blocked, id=5064, stack(0x000000ec8a100000,0x000000ec8a200000)]

Other Threads:
  0x000001fc7b4dd800 VMThread "VM Thread" [stack: 0x000000ec8a800000,0x000000ec8a900000] [id=9192]
  0x000001fc7bffb000 WatcherThread [stack: 0x000000ec8b200000,0x000000ec8b300000] [id=7316]
  0x000001fc70e07800 GCTaskThread "GC Thread#0" [stack: 0x000000ec8a300000,0x000000ec8a400000] [id=9976]
  0x000001fc7c073800 GCTaskThread "GC Thread#1" [stack: 0x000000ec8b300000,0x000000ec8b400000] [id=8880]
  0x000001fc70e39800 ConcurrentGCThread "G1 Main Marker" [stack: 0x000000ec8a400000,0x000000ec8a500000] [id=7692]
  0x000001fc70e3a800 ConcurrentGCThread "G1 Conc#0" [stack: 0x000000ec8a500000,0x000000ec8a600000] [id=1364]
  0x000001fc70eaa800 ConcurrentGCThread "G1 Refine#0" [stack: 0x000000ec8a600000,0x000000ec8a700000] [id=11784]
  0x000001fc7c1f1000 ConcurrentGCThread "G1 Refine#1" [stack: 0x000000ec8b400000,0x000000ec8b500000] [id=11852]
  0x000001fc70eab800 ConcurrentGCThread "G1 Young RemSet Sampling" [stack: 0x000000ec8a700000,0x000000ec8a800000] [id=12264]

Threads with active compile tasks:
C2 CompilerThread0  64636 9732       4       java.lang.String::split (324 bytes)

VM state:not at safepoint (normal execution)

VM Mutex/Monitor currently owned by a thread: None

Heap address: 0x0000000080000000, size: 2048 MB, Compressed Oops mode: 32-bit
Narrow klass base: 0x0000000000000000, Narrow klass shift: 3
Compressed class space size: 1073741824 Address: 0x0000000100000000

Heap:
 garbage-first heap   total 199680K, used 108960K [0x0000000080000000, 0x0000000100000000)
  region size 1024K, 51 young (52224K), 12 survivors (12288K)
 Metaspace       used 83436K, capacity 85623K, committed 85880K, reserved 1124352K
  class space    used 10794K, capacity 11598K, committed 11640K, reserved 1048576K
Heap Regions: E=young(eden), S=young(survivor), O=old, HS=humongous(starts), HC=humongous(continues), CS=collection set, F=free, A=archive, TAMS=top-at-mark-start (previous, next)
|   0|0x0000000080000000, 0x0000000080100000, 0x0000000080100000|100%| O|  |TAMS 0x0000000080100000, 0x0000000080000000| Untracked 
|   1|0x0000000080100000, 0x0000000080200000, 0x0000000080200000|100%| O|  |TAMS 0x0000000080200000, 0x0000000080100000| Untracked 
|   2|0x0000000080200000, 0x0000000080300000, 0x0000000080300000|100%| O|  |TAMS 0x0000000080300000, 0x0000000080200000| Untracked 
|   3|0x0000000080300000, 0x0000000080400000, 0x0000000080400000|100%| O|  |TAMS 0x0000000080400000, 0x0000000080300000| Untracked 
|   4|0x0000000080400000, 0x0000000080500000, 0x0000000080500000|100%|HS|  |TAMS 0x0000000080500000, 0x0000000080400000| Complete 
|   5|0x0000000080500000, 0x0000000080600000, 0x0000000080600000|100%|HC|  |TAMS 0x0000000080600000, 0x0000000080500000| Complete 
|   6|0x0000000080600000, 0x0000000080700000, 0x0000000080700000|100%|HC|  |TAMS 0x0000000080700000, 0x0000000080600000| Complete 
|   7|0x0000000080700000, 0x0000000080800000, 0x0000000080800000|100%| O|  |TAMS 0x0000000080800000, 0x0000000080700000| Untracked 
|   8|0x0000000080800000, 0x0000000080900000, 0x0000000080900000|100%| O|  |TAMS 0x0000000080900000, 0x0000000080800000| Untracked 
|   9|0x0000000080900000, 0x0000000080a00000, 0x0000000080a00000|100%| O|  |TAMS 0x0000000080a00000, 0x0000000080900000| Untracked 
|  10|0x0000000080a00000, 0x0000000080b00000, 0x0000000080b00000|100%| O|  |TAMS 0x0000000080b00000, 0x0000000080a00000| Untracked 
|  11|0x0000000080b00000, 0x0000000080c00000, 0x0000000080c00000|100%| O|  |TAMS 0x0000000080c00000, 0x0000000080b00000| Untracked 
|  12|0x0000000080c00000, 0x0000000080d00000, 0x0000000080d00000|100%| O|  |TAMS 0x0000000080d00000, 0x0000000080c00000| Untracked 
|  13|0x0000000080d00000, 0x0000000080e00000, 0x0000000080e00000|100%| O|  |TAMS 0x0000000080e00000, 0x0000000080d00000| Untracked 
|  14|0x0000000080e00000, 0x0000000080f00000, 0x0000000080f00000|100%| O|  |TAMS 0x0000000080f00000, 0x0000000080e00000| Untracked 
|  15|0x0000000080f00000, 0x0000000081000000, 0x0000000081000000|100%| O|  |TAMS 0x0000000081000000, 0x0000000080f00000| Untracked 
|  16|0x0000000081000000, 0x0000000081100000, 0x0000000081100000|100%|HS|  |TAMS 0x0000000081100000, 0x0000000081000000| Complete 
|  17|0x0000000081100000, 0x0000000081200000, 0x0000000081200000|100%| O|  |TAMS 0x0000000081200000, 0x0000000081100000| Untracked 
|  18|0x0000000081200000, 0x0000000081300000, 0x0000000081300000|100%| O|  |TAMS 0x0000000081300000, 0x0000000081200000| Untracked 
|  19|0x0000000081300000, 0x0000000081400000, 0x0000000081400000|100%| O|  |TAMS 0x0000000081400000, 0x0000000081300000| Untracked 
|  20|0x0000000081400000, 0x0000000081500000, 0x0000000081500000|100%| O|  |TAMS 0x0000000081500000, 0x0000000081400000| Untracked 
|  21|0x0000000081500000, 0x0000000081600000, 0x0000000081600000|100%| O|  |TAMS 0x0000000081600000, 0x0000000081500000| Untracked 
|  22|0x0000000081600000, 0x0000000081700000, 0x0000000081700000|100%| O|  |TAMS 0x0000000081700000, 0x0000000081600000| Untracked 
|  23|0x0000000081700000, 0x0000000081800000, 0x0000000081800000|100%| O|  |TAMS 0x0000000081800000, 0x0000000081700000| Untracked 
|  24|0x0000000081800000, 0x0000000081900000, 0x0000000081900000|100%| O|  |TAMS 0x0000000081900000, 0x0000000081800000| Untracked 
|  25|0x0000000081900000, 0x0000000081a00000, 0x0000000081a00000|100%| O|  |TAMS 0x0000000081a00000, 0x0000000081900000| Untracked 
|  26|0x0000000081a00000, 0x0000000081b00000, 0x0000000081b00000|100%| O|  |TAMS 0x0000000081b00000, 0x0000000081a00000| Untracked 
|  27|0x0000000081b00000, 0x0000000081c00000, 0x0000000081c00000|100%|HS|  |TAMS 0x0000000081c00000, 0x0000000081b00000| Complete 
|  28|0x0000000081c00000, 0x0000000081d00000, 0x0000000081d00000|100%|HS|  |TAMS 0x0000000081d00000, 0x0000000081c00000| Complete 
|  29|0x0000000081d00000, 0x0000000081e00000, 0x0000000081e00000|100%|HC|  |TAMS 0x0000000081e00000, 0x0000000081d00000| Complete 
|  30|0x0000000081e00000, 0x0000000081f00000, 0x0000000081f00000|100%| O|  |TAMS 0x0000000081f00000, 0x0000000081e00000| Untracked 
|  31|0x0000000081f00000, 0x0000000082000000, 0x0000000082000000|100%| O|  |TAMS 0x0000000082000000, 0x0000000081f00000| Untracked 
|  32|0x0000000082000000, 0x0000000082100000, 0x0000000082100000|100%| O|  |TAMS 0x0000000082100000, 0x0000000082000000| Untracked 
|  33|0x0000000082100000, 0x0000000082200000, 0x0000000082200000|100%| O|  |TAMS 0x0000000082200000, 0x0000000082100000| Untracked 
|  34|0x0000000082200000, 0x0000000082300000, 0x0000000082300000|100%| O|  |TAMS 0x0000000082300000, 0x0000000082200000| Untracked 
|  35|0x0000000082300000, 0x0000000082400000, 0x0000000082400000|100%| O|  |TAMS 0x0000000082400000, 0x0000000082300000| Untracked 
|  36|0x0000000082400000, 0x0000000082500000, 0x0000000082500000|100%| O|  |TAMS 0x0000000082500000, 0x0000000082400000| Untracked 
|  37|0x0000000082500000, 0x0000000082600000, 0x0000000082600000|100%| O|  |TAMS 0x0000000082600000, 0x0000000082500000| Untracked 
|  38|0x0000000082600000, 0x0000000082700000, 0x0000000082700000|100%| O|  |TAMS 0x0000000082700000, 0x0000000082600000| Untracked 
|  39|0x0000000082700000, 0x0000000082800000, 0x0000000082800000|100%| O|  |TAMS 0x00000000827d1400, 0x0000000082700000| Untracked 
|  40|0x0000000082800000, 0x0000000082900000, 0x0000000082900000|100%| O|  |TAMS 0x0000000082800000, 0x0000000082800000| Untracked 
|  41|0x0000000082900000, 0x0000000082a00000, 0x0000000082a00000|100%| O|  |TAMS 0x0000000082900000, 0x0000000082900000| Untracked 
|  42|0x0000000082a00000, 0x0000000082b00000, 0x0000000082b00000|100%| O|  |TAMS 0x0000000082a00000, 0x0000000082a00000| Untracked 
|  43|0x0000000082b00000, 0x0000000082c00000, 0x0000000082c00000|100%| O|  |TAMS 0x0000000082b00000, 0x0000000082b00000| Untracked 
|  44|0x0000000082c00000, 0x0000000082d00000, 0x0000000082d00000|100%| O|  |TAMS 0x0000000082c00000, 0x0000000082c00000| Untracked 
|  45|0x0000000082d00000, 0x0000000082e00000, 0x0000000082e00000|100%| O|  |TAMS 0x0000000082d00000, 0x0000000082d00000| Untracked 
|  46|0x0000000082e00000, 0x0000000082f00000, 0x0000000082f00000|100%| O|  |TAMS 0x0000000082e00000, 0x0000000082e00000| Untracked 
|  47|0x0000000082f00000, 0x0000000083000000, 0x0000000083000000|100%| O|  |TAMS 0x0000000082f00000, 0x0000000082f00000| Untracked 
|  48|0x0000000083000000, 0x0000000083100000, 0x0000000083100000|100%| O|  |TAMS 0x0000000083000000, 0x0000000083000000| Untracked 
|  49|0x0000000083100000, 0x0000000083200000, 0x0000000083200000|100%| O|  |TAMS 0x0000000083100000, 0x0000000083100000| Untracked 
|  50|0x0000000083200000, 0x0000000083300000, 0x0000000083300000|100%| O|  |TAMS 0x0000000083200000, 0x0000000083200000| Untracked 
|  51|0x0000000083300000, 0x0000000083400000, 0x0000000083400000|100%| O|  |TAMS 0x0000000083300000, 0x0000000083300000| Untracked 
|  52|0x0000000083400000, 0x0000000083500000, 0x0000000083500000|100%| O|  |TAMS 0x0000000083400000, 0x0000000083400000| Untracked 
|  53|0x0000000083500000, 0x0000000083600000, 0x0000000083600000|100%| O|  |TAMS 0x0000000083500000, 0x0000000083500000| Untracked 
|  54|0x0000000083600000, 0x0000000083700000, 0x0000000083700000|100%| O|  |TAMS 0x0000000083600000, 0x0000000083600000| Untracked 
|  55|0x0000000083700000, 0x0000000083800000, 0x0000000083800000|100%| O|  |TAMS 0x0000000083700000, 0x0000000083700000| Untracked 
|  56|0x0000000083800000, 0x0000000083900000, 0x0000000083900000|100%| O|  |TAMS 0x0000000083800000, 0x0000000083800000| Untracked 
|  57|0x0000000083900000, 0x00000000839e8000, 0x0000000083a00000| 90%| O|  |TAMS 0x0000000083900000, 0x0000000083900000| Untracked 
|  58|0x0000000083a00000, 0x0000000083a00000, 0x0000000083b00000|  0%| F|  |TAMS 0x0000000083a00000, 0x0000000083a00000| Untracked 
|  59|0x0000000083b00000, 0x0000000083b00000, 0x0000000083c00000|  0%| F|  |TAMS 0x0000000083b00000, 0x0000000083b00000| Untracked 
|  60|0x0000000083c00000, 0x0000000083c00000, 0x0000000083d00000|  0%| F|  |TAMS 0x0000000083c00000, 0x0000000083c00000| Untracked 
|  61|0x0000000083d00000, 0x0000000083d00000, 0x0000000083e00000|  0%| F|  |TAMS 0x0000000083d00000, 0x0000000083d00000| Untracked 
|  62|0x0000000083e00000, 0x0000000083e00000, 0x0000000083f00000|  0%| F|  |TAMS 0x0000000083e00000, 0x0000000083e00000| Untracked 
|  63|0x0000000083f00000, 0x0000000083f00000, 0x0000000084000000|  0%| F|  |TAMS 0x0000000083f00000, 0x0000000083f00000| Untracked 
|  64|0x0000000084000000, 0x0000000084000000, 0x0000000084100000|  0%| F|  |TAMS 0x0000000084000000, 0x0000000084000000| Untracked 
|  65|0x0000000084100000, 0x0000000084100000, 0x0000000084200000|  0%| F|  |TAMS 0x0000000084100000, 0x0000000084100000| Untracked 
|  66|0x0000000084200000, 0x0000000084200000, 0x0000000084300000|  0%| F|  |TAMS 0x0000000084200000, 0x0000000084200000| Untracked 
|  67|0x0000000084300000, 0x0000000084300000, 0x0000000084400000|  0%| F|  |TAMS 0x0000000084300000, 0x0000000084300000| Untracked 
|  68|0x0000000084400000, 0x0000000084400000, 0x0000000084500000|  0%| F|  |TAMS 0x0000000084400000, 0x0000000084400000| Untracked 
|  69|0x0000000084500000, 0x0000000084500000, 0x0000000084600000|  0%| F|  |TAMS 0x0000000084500000, 0x0000000084500000| Untracked 
|  70|0x0000000084600000, 0x0000000084600000, 0x0000000084700000|  0%| F|  |TAMS 0x0000000084600000, 0x0000000084600000| Untracked 
|  71|0x0000000084700000, 0x0000000084700000, 0x0000000084800000|  0%| F|  |TAMS 0x0000000084700000, 0x0000000084700000| Untracked 
|  72|0x0000000084800000, 0x0000000084800000, 0x0000000084900000|  0%| F|  |TAMS 0x0000000084800000, 0x0000000084800000| Untracked 
|  73|0x0000000084900000, 0x0000000084900000, 0x0000000084a00000|  0%| F|  |TAMS 0x0000000084900000, 0x0000000084900000| Untracked 
|  74|0x0000000084a00000, 0x0000000084a00000, 0x0000000084b00000|  0%| F|  |TAMS 0x0000000084a00000, 0x0000000084a00000| Untracked 
|  75|0x0000000084b00000, 0x0000000084b00000, 0x0000000084c00000|  0%| F|  |TAMS 0x0000000084b00000, 0x0000000084b00000| Untracked 
|  76|0x0000000084c00000, 0x0000000084c00000, 0x0000000084d00000|  0%| F|  |TAMS 0x0000000084c00000, 0x0000000084c00000| Untracked 
|  77|0x0000000084d00000, 0x0000000084d00000, 0x0000000084e00000|  0%| F|  |TAMS 0x0000000084d00000, 0x0000000084d00000| Untracked 
|  78|0x0000000084e00000, 0x0000000084e00000, 0x0000000084f00000|  0%| F|  |TAMS 0x0000000084e00000, 0x0000000084e00000| Untracked 
|  79|0x0000000084f00000, 0x0000000084f00000, 0x0000000085000000|  0%| F|  |TAMS 0x0000000084f00000, 0x0000000084f00000| Untracked 
|  80|0x0000000085000000, 0x0000000085000000, 0x0000000085100000|  0%| F|  |TAMS 0x0000000085000000, 0x0000000085000000| Untracked 
|  81|0x0000000085100000, 0x0000000085100000, 0x0000000085200000|  0%| F|  |TAMS 0x0000000085100000, 0x0000000085100000| Untracked 
|  82|0x0000000085200000, 0x0000000085200000, 0x0000000085300000|  0%| F|  |TAMS 0x0000000085200000, 0x0000000085200000| Untracked 
|  83|0x0000000085300000, 0x0000000085300000, 0x0000000085400000|  0%| F|  |TAMS 0x0000000085300000, 0x0000000085300000| Untracked 
|  84|0x0000000085400000, 0x0000000085400000, 0x0000000085500000|  0%| F|  |TAMS 0x0000000085400000, 0x0000000085400000| Untracked 
|  85|0x0000000085500000, 0x0000000085500000, 0x0000000085600000|  0%| F|  |TAMS 0x0000000085500000, 0x0000000085500000| Untracked 
|  86|0x0000000085600000, 0x0000000085600000, 0x0000000085700000|  0%| F|  |TAMS 0x0000000085600000, 0x0000000085600000| Untracked 
|  87|0x0000000085700000, 0x0000000085700000, 0x0000000085800000|  0%| F|  |TAMS 0x0000000085700000, 0x0000000085700000| Untracked 
|  88|0x0000000085800000, 0x0000000085800000, 0x0000000085900000|  0%| F|  |TAMS 0x0000000085800000, 0x0000000085800000| Untracked 
|  89|0x0000000085900000, 0x0000000085900000, 0x0000000085a00000|  0%| F|  |TAMS 0x0000000085900000, 0x0000000085900000| Untracked 
|  90|0x0000000085a00000, 0x0000000085a00000, 0x0000000085b00000|  0%| F|  |TAMS 0x0000000085a00000, 0x0000000085a00000| Untracked 
|  91|0x0000000085b00000, 0x0000000085b00000, 0x0000000085c00000|  0%| F|  |TAMS 0x0000000085b00000, 0x0000000085b00000| Untracked 
|  92|0x0000000085c00000, 0x0000000085c80000, 0x0000000085d00000| 50%| S|CS|TAMS 0x0000000085c00000, 0x0000000085c00000| Complete 
|  93|0x0000000085d00000, 0x0000000085e00000, 0x0000000085e00000|100%| S|CS|TAMS 0x0000000085d00000, 0x0000000085d00000| Complete 
|  94|0x0000000085e00000, 0x0000000085f00000, 0x0000000085f00000|100%| S|CS|TAMS 0x0000000085e00000, 0x0000000085e00000| Complete 
|  95|0x0000000085f00000, 0x0000000086000000, 0x0000000086000000|100%| S|CS|TAMS 0x0000000085f00000, 0x0000000085f00000| Complete 
|  96|0x0000000086000000, 0x0000000086100000, 0x0000000086100000|100%| S|CS|TAMS 0x0000000086000000, 0x0000000086000000| Complete 
|  97|0x0000000086100000, 0x0000000086200000, 0x0000000086200000|100%| S|CS|TAMS 0x0000000086100000, 0x0000000086100000| Complete 
|  98|0x0000000086200000, 0x0000000086300000, 0x0000000086300000|100%| S|CS|TAMS 0x0000000086200000, 0x0000000086200000| Complete 
|  99|0x0000000086300000, 0x0000000086400000, 0x0000000086400000|100%| S|CS|TAMS 0x0000000086300000, 0x0000000086300000| Complete 
| 100|0x0000000086400000, 0x0000000086500000, 0x0000000086500000|100%| S|CS|TAMS 0x0000000086400000, 0x0000000086400000| Complete 
| 101|0x0000000086500000, 0x0000000086600000, 0x0000000086600000|100%| S|CS|TAMS 0x0000000086500000, 0x0000000086500000| Complete 
| 102|0x0000000086600000, 0x0000000086700000, 0x0000000086700000|100%| S|CS|TAMS 0x0000000086600000, 0x0000000086600000| Complete 
| 103|0x0000000086700000, 0x0000000086800000, 0x0000000086800000|100%| S|CS|TAMS 0x0000000086700000, 0x0000000086700000| Complete 
| 104|0x0000000086800000, 0x0000000086800000, 0x0000000086900000|  0%| F|  |TAMS 0x0000000086800000, 0x0000000086800000| Untracked 
| 105|0x0000000086900000, 0x0000000086900000, 0x0000000086a00000|  0%| F|  |TAMS 0x0000000086900000, 0x0000000086900000| Untracked 
| 106|0x0000000086a00000, 0x0000000086a00000, 0x0000000086b00000|  0%| F|  |TAMS 0x0000000086a00000, 0x0000000086a00000| Untracked 
| 107|0x0000000086b00000, 0x0000000086b00000, 0x0000000086c00000|  0%| F|  |TAMS 0x0000000086b00000, 0x0000000086b00000| Untracked 
| 108|0x0000000086c00000, 0x0000000086c00000, 0x0000000086d00000|  0%| F|  |TAMS 0x0000000086c00000, 0x0000000086c00000| Untracked 
| 109|0x0000000086d00000, 0x0000000086d00000, 0x0000000086e00000|  0%| F|  |TAMS 0x0000000086d00000, 0x0000000086d00000| Untracked 
| 110|0x0000000086e00000, 0x0000000086e00000, 0x0000000086f00000|  0%| F|  |TAMS 0x0000000086e00000, 0x0000000086e00000| Untracked 
| 111|0x0000000086f00000, 0x0000000086f00000, 0x0000000087000000|  0%| F|  |TAMS 0x0000000086f00000, 0x0000000086f00000| Untracked 
| 112|0x0000000087000000, 0x0000000087000000, 0x0000000087100000|  0%| F|  |TAMS 0x0000000087000000, 0x0000000087000000| Untracked 
| 113|0x0000000087100000, 0x0000000087100000, 0x0000000087200000|  0%| F|  |TAMS 0x0000000087100000, 0x0000000087100000| Untracked 
| 114|0x0000000087200000, 0x0000000087200000, 0x0000000087300000|  0%| F|  |TAMS 0x0000000087200000, 0x0000000087200000| Untracked 
| 115|0x0000000087300000, 0x0000000087300000, 0x0000000087400000|  0%| F|  |TAMS 0x0000000087300000, 0x0000000087300000| Untracked 
| 116|0x0000000087400000, 0x0000000087400000, 0x0000000087500000|  0%| F|  |TAMS 0x0000000087400000, 0x0000000087400000| Untracked 
| 117|0x0000000087500000, 0x0000000087500000, 0x0000000087600000|  0%| F|  |TAMS 0x0000000087500000, 0x0000000087500000| Untracked 
| 118|0x0000000087600000, 0x0000000087600000, 0x0000000087700000|  0%| F|  |TAMS 0x0000000087600000, 0x0000000087600000| Untracked 
| 119|0x0000000087700000, 0x0000000087700000, 0x0000000087800000|  0%| F|  |TAMS 0x0000000087700000, 0x0000000087700000| Untracked 
| 120|0x0000000087800000, 0x0000000087800000, 0x0000000087900000|  0%| F|  |TAMS 0x0000000087800000, 0x0000000087800000| Untracked 
| 121|0x0000000087900000, 0x0000000087900000, 0x0000000087a00000|  0%| F|  |TAMS 0x0000000087900000, 0x0000000087900000| Untracked 
| 122|0x0000000087a00000, 0x0000000087a00000, 0x0000000087b00000|  0%| F|  |TAMS 0x0000000087a00000, 0x0000000087a00000| Untracked 
| 123|0x0000000087b00000, 0x0000000087b00000, 0x0000000087c00000|  0%| F|  |TAMS 0x0000000087b00000, 0x0000000087b00000| Untracked 
| 124|0x0000000087c00000, 0x0000000087c00000, 0x0000000087d00000|  0%| F|  |TAMS 0x0000000087c00000, 0x0000000087c00000| Untracked 
| 125|0x0000000087d00000, 0x0000000087d00000, 0x0000000087e00000|  0%| F|  |TAMS 0x0000000087d00000, 0x0000000087d00000| Untracked 
| 126|0x0000000087e00000, 0x0000000087e00000, 0x0000000087f00000|  0%| F|  |TAMS 0x0000000087e00000, 0x0000000087e00000| Untracked 
| 127|0x0000000087f00000, 0x0000000087f00000, 0x0000000088000000|  0%| F|  |TAMS 0x0000000087f00000, 0x0000000087f00000| Untracked 
| 128|0x0000000088000000, 0x0000000088000000, 0x0000000088100000|  0%| F|  |TAMS 0x0000000088000000, 0x0000000088000000| Untracked 
| 129|0x0000000088100000, 0x0000000088100000, 0x0000000088200000|  0%| F|  |TAMS 0x0000000088100000, 0x0000000088100000| Untracked 
| 130|0x0000000088200000, 0x0000000088200000, 0x0000000088300000|  0%| F|  |TAMS 0x0000000088200000, 0x0000000088200000| Untracked 
| 131|0x0000000088300000, 0x0000000088300000, 0x0000000088400000|  0%| F|  |TAMS 0x0000000088300000, 0x0000000088300000| Untracked 
| 132|0x0000000088400000, 0x0000000088400000, 0x0000000088500000|  0%| F|  |TAMS 0x0000000088400000, 0x0000000088400000| Untracked 
| 133|0x0000000088500000, 0x0000000088500000, 0x0000000088600000|  0%| F|  |TAMS 0x0000000088500000, 0x0000000088500000| Untracked 
| 134|0x0000000088600000, 0x0000000088600000, 0x0000000088700000|  0%| F|  |TAMS 0x0000000088600000, 0x0000000088600000| Untracked 
| 135|0x0000000088700000, 0x0000000088700000, 0x0000000088800000|  0%| F|  |TAMS 0x0000000088700000, 0x0000000088700000| Untracked 
| 136|0x0000000088800000, 0x0000000088800000, 0x0000000088900000|  0%| F|  |TAMS 0x0000000088800000, 0x0000000088800000| Untracked 
| 137|0x0000000088900000, 0x0000000088900000, 0x0000000088a00000|  0%| F|  |TAMS 0x0000000088900000, 0x0000000088900000| Untracked 
| 138|0x0000000088a00000, 0x0000000088a00000, 0x0000000088b00000|  0%| F|  |TAMS 0x0000000088a00000, 0x0000000088a00000| Untracked 
| 139|0x0000000088b00000, 0x0000000088b00000, 0x0000000088c00000|  0%| F|  |TAMS 0x0000000088b00000, 0x0000000088b00000| Untracked 
| 140|0x0000000088c00000, 0x0000000088c00000, 0x0000000088d00000|  0%| F|  |TAMS 0x0000000088c00000, 0x0000000088c00000| Untracked 
| 141|0x0000000088d00000, 0x0000000088d00000, 0x0000000088e00000|  0%| F|  |TAMS 0x0000000088d00000, 0x0000000088d00000| Untracked 
| 142|0x0000000088e00000, 0x0000000088e00000, 0x0000000088f00000|  0%| F|  |TAMS 0x0000000088e00000, 0x0000000088e00000| Untracked 
| 143|0x0000000088f00000, 0x0000000088f00000, 0x0000000089000000|  0%| F|  |TAMS 0x0000000088f00000, 0x0000000088f00000| Untracked 
| 144|0x0000000089000000, 0x0000000089000000, 0x0000000089100000|  0%| F|  |TAMS 0x0000000089000000, 0x0000000089000000| Untracked 
| 145|0x0000000089100000, 0x0000000089100000, 0x0000000089200000|  0%| F|  |TAMS 0x0000000089100000, 0x0000000089100000| Untracked 
| 146|0x0000000089200000, 0x0000000089200000, 0x0000000089300000|  0%| F|  |TAMS 0x0000000089200000, 0x0000000089200000| Untracked 
| 147|0x0000000089300000, 0x0000000089300000, 0x0000000089400000|  0%| F|  |TAMS 0x0000000089300000, 0x0000000089300000| Untracked 
| 148|0x0000000089400000, 0x0000000089400000, 0x0000000089500000|  0%| F|  |TAMS 0x0000000089400000, 0x0000000089400000| Untracked 
| 149|0x0000000089500000, 0x0000000089500000, 0x0000000089600000|  0%| F|  |TAMS 0x0000000089500000, 0x0000000089500000| Untracked 
| 150|0x0000000089600000, 0x0000000089600000, 0x0000000089700000|  0%| F|  |TAMS 0x0000000089600000, 0x0000000089600000| Untracked 
| 151|0x0000000089700000, 0x0000000089700000, 0x0000000089800000|  0%| F|  |TAMS 0x0000000089700000, 0x0000000089700000| Untracked 
| 152|0x0000000089800000, 0x0000000089800000, 0x0000000089900000|  0%| F|  |TAMS 0x0000000089800000, 0x0000000089800000| Untracked 
| 153|0x0000000089900000, 0x0000000089900000, 0x0000000089a00000|  0%| F|  |TAMS 0x0000000089900000, 0x0000000089900000| Untracked 
| 154|0x0000000089a00000, 0x0000000089a00000, 0x0000000089b00000|  0%| F|  |TAMS 0x0000000089a00000, 0x0000000089a00000| Untracked 
| 155|0x0000000089b00000, 0x0000000089b00000, 0x0000000089c00000|  0%| F|  |TAMS 0x0000000089b00000, 0x0000000089b00000| Untracked 
| 156|0x0000000089c00000, 0x0000000089c390d8, 0x0000000089d00000| 22%| E|  |TAMS 0x0000000089c00000, 0x0000000089c00000| Complete 
| 157|0x0000000089d00000, 0x0000000089e00000, 0x0000000089e00000|100%| E|CS|TAMS 0x0000000089d00000, 0x0000000089d00000| Complete 
| 158|0x0000000089e00000, 0x0000000089f00000, 0x0000000089f00000|100%| E|CS|TAMS 0x0000000089e00000, 0x0000000089e00000| Complete 
| 159|0x0000000089f00000, 0x000000008a000000, 0x000000008a000000|100%| E|CS|TAMS 0x0000000089f00000, 0x0000000089f00000| Complete 
| 160|0x000000008a000000, 0x000000008a100000, 0x000000008a100000|100%| E|CS|TAMS 0x000000008a000000, 0x000000008a000000| Complete 
| 161|0x000000008a100000, 0x000000008a200000, 0x000000008a200000|100%| E|CS|TAMS 0x000000008a100000, 0x000000008a100000| Complete 
| 162|0x000000008a200000, 0x000000008a300000, 0x000000008a300000|100%| E|CS|TAMS 0x000000008a200000, 0x000000008a200000| Complete 
| 163|0x000000008a300000, 0x000000008a400000, 0x000000008a400000|100%| E|CS|TAMS 0x000000008a300000, 0x000000008a300000| Complete 
| 164|0x000000008a400000, 0x000000008a500000, 0x000000008a500000|100%| E|CS|TAMS 0x000000008a400000, 0x000000008a400000| Complete 
| 165|0x000000008a500000, 0x000000008a600000, 0x000000008a600000|100%| E|  |TAMS 0x000000008a500000, 0x000000008a500000| Complete 
| 166|0x000000008a600000, 0x000000008a700000, 0x000000008a700000|100%| E|CS|TAMS 0x000000008a600000, 0x000000008a600000| Complete 
| 167|0x000000008a700000, 0x000000008a800000, 0x000000008a800000|100%| E|CS|TAMS 0x000000008a700000, 0x000000008a700000| Complete 
| 168|0x000000008a800000, 0x000000008a900000, 0x000000008a900000|100%| E|CS|TAMS 0x000000008a800000, 0x000000008a800000| Complete 
| 169|0x000000008a900000, 0x000000008aa00000, 0x000000008aa00000|100%| E|CS|TAMS 0x000000008a900000, 0x000000008a900000| Complete 
| 170|0x000000008aa00000, 0x000000008ab00000, 0x000000008ab00000|100%| E|CS|TAMS 0x000000008aa00000, 0x000000008aa00000| Complete 
| 171|0x000000008ab00000, 0x000000008ac00000, 0x000000008ac00000|100%| E|CS|TAMS 0x000000008ab00000, 0x000000008ab00000| Complete 
| 172|0x000000008ac00000, 0x000000008ad00000, 0x000000008ad00000|100%| E|CS|TAMS 0x000000008ac00000, 0x000000008ac00000| Complete 
| 173|0x000000008ad00000, 0x000000008ae00000, 0x000000008ae00000|100%| E|CS|TAMS 0x000000008ad00000, 0x000000008ad00000| Complete 
| 174|0x000000008ae00000, 0x000000008af00000, 0x000000008af00000|100%| E|CS|TAMS 0x000000008ae00000, 0x000000008ae00000| Complete 
| 175|0x000000008af00000, 0x000000008b000000, 0x000000008b000000|100%| E|CS|TAMS 0x000000008af00000, 0x000000008af00000| Complete 
| 176|0x000000008b000000, 0x000000008b100000, 0x000000008b100000|100%| E|CS|TAMS 0x000000008b000000, 0x000000008b000000| Complete 
| 177|0x000000008b100000, 0x000000008b200000, 0x000000008b200000|100%| E|CS|TAMS 0x000000008b100000, 0x000000008b100000| Complete 
| 178|0x000000008b200000, 0x000000008b300000, 0x000000008b300000|100%| E|CS|TAMS 0x000000008b200000, 0x000000008b200000| Complete 
| 179|0x000000008b300000, 0x000000008b400000, 0x000000008b400000|100%| E|CS|TAMS 0x000000008b300000, 0x000000008b300000| Complete 
| 180|0x000000008b400000, 0x000000008b500000, 0x000000008b500000|100%| E|CS|TAMS 0x000000008b400000, 0x000000008b400000| Complete 
| 181|0x000000008b500000, 0x000000008b600000, 0x000000008b600000|100%| E|CS|TAMS 0x000000008b500000, 0x000000008b500000| Complete 
| 182|0x000000008b600000, 0x000000008b700000, 0x000000008b700000|100%| E|CS|TAMS 0x000000008b600000, 0x000000008b600000| Complete 
| 183|0x000000008b700000, 0x000000008b800000, 0x000000008b800000|100%| E|CS|TAMS 0x000000008b700000, 0x000000008b700000| Complete 
| 184|0x000000008b800000, 0x000000008b900000, 0x000000008b900000|100%| E|CS|TAMS 0x000000008b800000, 0x000000008b800000| Complete 
| 185|0x000000008b900000, 0x000000008ba00000, 0x000000008ba00000|100%| E|CS|TAMS 0x000000008b900000, 0x000000008b900000| Complete 
| 186|0x000000008ba00000, 0x000000008bb00000, 0x000000008bb00000|100%| E|CS|TAMS 0x000000008ba00000, 0x000000008ba00000| Complete 
| 187|0x000000008bb00000, 0x000000008bc00000, 0x000000008bc00000|100%| E|CS|TAMS 0x000000008bb00000, 0x000000008bb00000| Complete 
| 188|0x000000008bc00000, 0x000000008bd00000, 0x000000008bd00000|100%| E|CS|TAMS 0x000000008bc00000, 0x000000008bc00000| Complete 
| 189|0x000000008bd00000, 0x000000008be00000, 0x000000008be00000|100%| E|CS|TAMS 0x000000008bd00000, 0x000000008bd00000| Complete 
| 190|0x000000008be00000, 0x000000008bf00000, 0x000000008bf00000|100%| E|CS|TAMS 0x000000008be00000, 0x000000008be00000| Complete 
| 191|0x000000008bf00000, 0x000000008c000000, 0x000000008c000000|100%| E|CS|TAMS 0x000000008bf00000, 0x000000008bf00000| Complete 
| 192|0x000000008c000000, 0x000000008c100000, 0x000000008c100000|100%| E|CS|TAMS 0x000000008c000000, 0x000000008c000000| Complete 
| 193|0x000000008c100000, 0x000000008c200000, 0x000000008c200000|100%| E|CS|TAMS 0x000000008c100000, 0x000000008c100000| Complete 
| 194|0x000000008c200000, 0x000000008c300000, 0x000000008c300000|100%| E|CS|TAMS 0x000000008c200000, 0x000000008c200000| Complete 

Card table byte_map: [0x000001fc748e0000,0x000001fc74ce0000] _byte_map_base: 0x000001fc744e0000

Marking Bits (Prev, Next): (CMBitMap*) 0x000001fc70e30a78, (CMBitMap*) 0x000001fc70e30ab0
 Prev Bits: [0x000001fc750e0000, 0x000001fc770e0000)
 Next Bits: [0x000001fc770e0000, 0x000001fc790e0000)

Polling page: 0x000001fc6ef80000

Metaspace:

Usage:
  Non-class:     72.29 MB capacity,    70.94 MB ( 98%) used,     1.12 MB (  2%) free+waste,   240.00 KB ( <1%) overhead. 
      Class:     11.33 MB capacity,    10.54 MB ( 93%) used,   694.97 KB (  6%) free+waste,   108.00 KB ( <1%) overhead. 
       Both:     83.62 MB capacity,    81.48 MB ( 97%) used,     1.79 MB (  2%) free+waste,   348.00 KB ( <1%) overhead. 

Virtual space:
  Non-class space:       74.00 MB reserved,      72.50 MB ( 98%) committed 
      Class space:        1.00 GB reserved,      11.37 MB (  1%) committed 
             Both:        1.07 GB reserved,      83.87 MB (  8%) committed 

Chunk freelists:
   Non-Class:  23.00 KB
       Class:  18.00 KB
        Both:  41.00 KB

MaxMetaspaceSize: 17179869184.00 GB
CompressedClassSpaceSize: 1.00 GB

CodeHeap 'non-profiled nmethods': size=120064Kb used=5482Kb max_used=5482Kb free=114581Kb
 bounds [0x000001fc07ac0000, 0x000001fc08020000, 0x000001fc0f000000]
CodeHeap 'profiled nmethods': size=120000Kb used=21445Kb max_used=21445Kb free=98554Kb
 bounds [0x000001fc00590000, 0x000001fc01a90000, 0x000001fc07ac0000]
CodeHeap 'non-nmethods': size=5696Kb used=2274Kb max_used=2312Kb free=3421Kb
 bounds [0x000001fc00000000, 0x000001fc00270000, 0x000001fc00590000]
 total_blobs=10573 nmethods=9698 adapters=787
 compilation: enabled
              stopped_count=0, restarted_count=0
 full_count=0

Compilation events (20 events):
Event: 64.496 Thread 0x000001fc7beb0000 9743       3       java.util.JumboEnumSet$EnumSetIterator::hasNext (67 bytes)
Event: 64.497 Thread 0x000001fc7beb0000 nmethod 9743 0x000001fc01a6ee90 code [0x000001fc01a6f060, 0x000001fc01a6f318]
Event: 64.499 Thread 0x000001fc7beb0000 9744       3       java.util.JumboEnumSet$EnumSetIterator::next (5 bytes)
Event: 64.499 Thread 0x000001fc7beb0000 nmethod 9744 0x000001fc01a6f410 code [0x000001fc01a6f5c0, 0x000001fc01a6f708]
Event: 64.500 Thread 0x000001fc7beb0000 9745       3       com.sun.tools.javac.main.Option::matches (204 bytes)
Event: 64.503 Thread 0x000001fc7beb0000 nmethod 9745 0x000001fc01a6f790 code [0x000001fc01a6fb80, 0x000001fc01a71368]
Event: 64.503 Thread 0x000001fc7beb0000 9746       3       com.sun.tools.javac.main.Option::matches (43 bytes)
Event: 64.503 Thread 0x000001fc7beb0000 nmethod 9746 0x000001fc01a71c10 code [0x000001fc01a71de0, 0x000001fc01a72068]
Event: 64.508 Thread 0x000001fc7beb0000 9747       3       java.util.JumboEnumSet$EnumSetIterator::next (74 bytes)
Event: 64.508 Thread 0x000001fc7beb0000 nmethod 9747 0x000001fc01a72190 code [0x000001fc01a72380, 0x000001fc01a72668]
Event: 64.509 Thread 0x000001fc7beb0000 9748       3       java.nio.file.Paths::get (6 bytes)
Event: 64.510 Thread 0x000001fc7beb0000 nmethod 9748 0x000001fc01a72810 code [0x000001fc01a72a00, 0x000001fc01a72e68]
Event: 64.510 Thread 0x000001fc7beb0000 9749       3       java.nio.file.Path::of (9 bytes)
Event: 64.510 Thread 0x000001fc7beb0000 nmethod 9749 0x000001fc01a73010 code [0x000001fc01a73200, 0x000001fc01a73608]
Event: 64.533 Thread 0x000001fc7beb0000 9750 %     3       java.util.zip.ZipFile$Source::initCEN @ 223 (658 bytes)
Event: 64.540 Thread 0x000001fc7beb0000 nmethod 9750% 0x000001fc01a73790 code [0x000001fc01a73de0, 0x000001fc01a77ae8]
Event: 64.540 Thread 0x000001fc7beb0000 9751       3       java.util.zip.ZipFile$Source::initCEN (658 bytes)
Event: 64.546 Thread 0x000001fc7beb0000 nmethod 9751 0x000001fc01a79510 code [0x000001fc01a79b60, 0x000001fc01a7d6a8]
Event: 64.548 Thread 0x000001fc7beb0000 9752       3       java.util.zip.ZipFile$CleanableResource::clean (10 bytes)
Event: 64.548 Thread 0x000001fc7beb0000 nmethod 9752 0x000001fc01a7f110 code [0x000001fc01a7f2c0, 0x000001fc01a7f488]

GC Heap History (20 events):
Event: 14.403 GC heap before
{Heap before GC invocations=11 (full 0):
 garbage-first heap   total 138240K, used 79104K [0x0000000080000000, 0x0000000100000000)
  region size 1024K, 60 young (61440K), 6 survivors (6144K)
 Metaspace       used 38892K, capacity 39831K, committed 39936K, reserved 1083392K
  class space    used 4954K, capacity 5316K, committed 5376K, reserved 1048576K
}
Event: 14.435 GC heap after
{Heap after GC invocations=12 (full 0):
 garbage-first heap   total 138240K, used 26523K [0x0000000080000000, 0x0000000100000000)
  region size 1024K, 8 young (8192K), 8 survivors (8192K)
 Metaspace       used 38892K, capacity 39831K, committed 39936K, reserved 1083392K
  class space    used 4954K, capacity 5316K, committed 5376K, reserved 1048576K
}
Event: 16.928 GC heap before
{Heap before GC invocations=12 (full 0):
 garbage-first heap   total 138240K, used 82843K [0x0000000080000000, 0x0000000100000000)
  region size 1024K, 63 young (64512K), 8 survivors (8192K)
 Metaspace       used 44108K, capacity 45230K, committed 45312K, reserved 1089536K
  class space    used 5651K, capacity 6067K, committed 6144K, reserved 1048576K
}
Event: 16.957 GC heap after
{Heap after GC invocations=13 (full 0):
 garbage-first heap   total 138240K, used 28411K [0x0000000080000000, 0x0000000100000000)
  region size 1024K, 3 young (3072K), 3 survivors (3072K)
 Metaspace       used 44108K, capacity 45230K, committed 45312K, reserved 1089536K
  class space    used 5651K, capacity 6067K, committed 6144K, reserved 1048576K
}
Event: 20.334 GC heap before
{Heap before GC invocations=13 (full 0):
 garbage-first heap   total 138240K, used 90875K [0x0000000080000000, 0x0000000100000000)
  region size 1024K, 60 young (61440K), 3 survivors (3072K)
 Metaspace       used 47281K, capacity 48525K, committed 48768K, reserved 1091584K
  class space    used 6020K, capacity 6454K, committed 6528K, reserved 1048576K
}
Event: 20.361 GC heap after
{Heap after GC invocations=14 (full 0):
 garbage-first heap   total 165888K, used 40448K [0x0000000080000000, 0x0000000100000000)
  region size 1024K, 8 young (8192K), 8 survivors (8192K)
 Metaspace       used 47281K, capacity 48525K, committed 48768K, reserved 1091584K
  class space    used 6020K, capacity 6454K, committed 6528K, reserved 1048576K
}
Event: 23.870 GC heap before
{Heap before GC invocations=14 (full 0):
 garbage-first heap   total 165888K, used 105984K [0x0000000080000000, 0x0000000100000000)
  region size 1024K, 72 young (73728K), 8 survivors (8192K)
 Metaspace       used 56192K, capacity 57541K, committed 57856K, reserved 1099776K
  class space    used 7090K, capacity 7583K, committed 7680K, reserved 1048576K
}
Event: 23.903 GC heap after
{Heap after GC invocations=15 (full 0):
 garbage-first heap   total 165888K, used 44096K [0x0000000080000000, 0x0000000100000000)
  region size 1024K, 4 young (4096K), 4 survivors (4096K)
 Metaspace       used 56192K, capacity 57541K, committed 57856K, reserved 1099776K
  class space    used 7090K, capacity 7583K, committed 7680K, reserved 1048576K
}
Event: 24.866 GC heap before
{Heap before GC invocations=15 (full 0):
 garbage-first heap   total 165888K, used 59456K [0x0000000080000000, 0x0000000100000000)
  region size 1024K, 20 young (20480K), 4 survivors (4096K)
 Metaspace       used 58449K, capacity 59867K, committed 59904K, reserved 1101824K
  class space    used 7397K, capacity 7934K, committed 7936K, reserved 1048576K
}
Event: 24.888 GC heap after
{Heap after GC invocations=16 (full 0):
 garbage-first heap   total 165888K, used 44610K [0x0000000080000000, 0x0000000100000000)
  region size 1024K, 4 young (4096K), 4 survivors (4096K)
 Metaspace       used 58449K, capacity 59867K, committed 59904K, reserved 1101824K
  class space    used 7397K, capacity 7934K, committed 7936K, reserved 1048576K
}
Event: 29.194 GC heap before
{Heap before GC invocations=17 (full 0):
 garbage-first heap   total 165888K, used 114242K [0x0000000080000000, 0x0000000100000000)
  region size 1024K, 72 young (73728K), 4 survivors (4096K)
 Metaspace       used 63630K, capacity 65086K, committed 65272K, reserved 1105920K
  class space    used 8068K, capacity 8610K, committed 8696K, reserved 1048576K
}
Event: 29.242 GC heap after
{Heap after GC invocations=18 (full 0):
 garbage-first heap   total 165888K, used 49989K [0x0000000080000000, 0x0000000100000000)
  region size 1024K, 9 young (9216K), 9 survivors (9216K)
 Metaspace       used 63630K, capacity 65086K, committed 65272K, reserved 1105920K
  class space    used 8068K, capacity 8610K, committed 8696K, reserved 1048576K
}
Event: 37.906 GC heap before
{Heap before GC invocations=19 (full 0):
 garbage-first heap   total 165888K, used 118597K [0x0000000080000000, 0x0000000100000000)
  region size 1024K, 76 young (77824K), 9 survivors (9216K)
 Metaspace       used 68839K, capacity 70459K, committed 70776K, reserved 1110016K
  class space    used 8888K, capacity 9477K, committed 9592K, reserved 1048576K
}
Event: 37.961 GC heap after
{Heap after GC invocations=20 (full 0):
 garbage-first heap   total 165888K, used 55582K [0x0000000080000000, 0x0000000100000000)
  region size 1024K, 6 young (6144K), 6 survivors (6144K)
 Metaspace       used 68839K, capacity 70459K, committed 70776K, reserved 1110016K
  class space    used 8888K, capacity 9477K, committed 9592K, reserved 1048576K
}
Event: 51.317 GC heap before
{Heap before GC invocations=20 (full 0):
 garbage-first heap   total 165888K, used 123166K [0x0000000080000000, 0x0000000100000000)
  region size 1024K, 72 young (73728K), 6 survivors (6144K)
 Metaspace       used 73236K, capacity 75000K, committed 75256K, reserved 1114112K
  class space    used 9511K, capacity 10146K, committed 10232K, reserved 1048576K
}
Event: 51.353 GC heap after
{Heap after GC invocations=21 (full 0):
 garbage-first heap   total 199680K, used 59904K [0x0000000080000000, 0x0000000100000000)
  region size 1024K, 5 young (5120K), 5 survivors (5120K)
 Metaspace       used 73236K, capacity 75000K, committed 75256K, reserved 1114112K
  class space    used 9511K, capacity 10146K, committed 10232K, reserved 1048576K
}
Event: 56.850 GC heap before
{Heap before GC invocations=21 (full 0):
 garbage-first heap   total 199680K, used 136704K [0x0000000080000000, 0x0000000100000000)
  region size 1024K, 80 young (81920K), 5 survivors (5120K)
 Metaspace       used 79271K, capacity 81294K, committed 81528K, reserved 1120256K
  class space    used 10356K, capacity 11075K, committed 11128K, reserved 1048576K
}
Event: 56.894 GC heap after
{Heap after GC invocations=22 (full 0):
 garbage-first heap   total 199680K, used 65412K [0x0000000080000000, 0x0000000100000000)
  region size 1024K, 10 young (10240K), 10 survivors (10240K)
 Metaspace       used 79271K, capacity 81294K, committed 81528K, reserved 1120256K
  class space    used 10356K, capacity 11075K, committed 11128K, reserved 1048576K
}
Event: 62.559 GC heap before
{Heap before GC invocations=22 (full 0):
 garbage-first heap   total 199680K, used 147332K [0x0000000080000000, 0x0000000100000000)
  region size 1024K, 91 young (93184K), 10 survivors (10240K)
 Metaspace       used 80457K, capacity 82604K, committed 82680K, reserved 1120256K
  class space    used 10429K, capacity 11212K, committed 11256K, reserved 1048576K
}
Event: 62.612 GC heap after
{Heap after GC invocations=23 (full 0):
 garbage-first heap   total 199680K, used 71072K [0x0000000080000000, 0x0000000100000000)
  region size 1024K, 12 young (12288K), 12 survivors (12288K)
 Metaspace       used 80457K, capacity 82604K, committed 82680K, reserved 1120256K
  class space    used 10429K, capacity 11212K, committed 11256K, reserved 1048576K
}

Deoptimization events (20 events):
Event: 64.071 Thread 0x000001fc115ac800 Uncommon trap: trap_request=0xffffff4d fr.pc=0x000001fc07ed64cc relative=0x000000000000018c
Event: 64.071 Thread 0x000001fc115ac800 Uncommon trap: reason=unstable_if action=reinterpret pc=0x000001fc07ed64cc method=com.google.common.base.Objects.equal(Ljava/lang/Object;Ljava/lang/Object;)Z @ 14 c2
Event: 64.071 Thread 0x000001fc115ac800 DEOPT PACKING pc=0x000001fc07ed64cc sp=0x000000ec8d3fa200
Event: 64.071 Thread 0x000001fc115ac800 DEOPT UNPACKING pc=0x000001fc000273af sp=0x000000ec8d3fa138 mode 2
Event: 64.193 Thread 0x000001fc115ac800 Uncommon trap: trap_request=0xffffffde fr.pc=0x000001fc07e1e13c relative=0x000000000000129c
Event: 64.193 Thread 0x000001fc115ac800 Uncommon trap: reason=class_check action=maybe_recompile pc=0x000001fc07e1e13c method=jdk.internal.loader.BuiltinClassLoader.loadClassOrNull(Ljava/lang/String;Z)Ljava/lang/Class; @ 66 c2
Event: 64.193 Thread 0x000001fc115ac800 DEOPT PACKING pc=0x000001fc07e1e13c sp=0x000000ec8d3f7590
Event: 64.193 Thread 0x000001fc115ac800 DEOPT UNPACKING pc=0x000001fc000273af sp=0x000000ec8d3f7548 mode 2
Event: 64.194 Thread 0x000001fc115ac800 Uncommon trap: trap_request=0xffffffde fr.pc=0x000001fc07e1e13c relative=0x000000000000129c
Event: 64.194 Thread 0x000001fc115ac800 Uncommon trap: reason=class_check action=maybe_recompile pc=0x000001fc07e1e13c method=jdk.internal.loader.BuiltinClassLoader.loadClassOrNull(Ljava/lang/String;Z)Ljava/lang/Class; @ 66 c2
Event: 64.194 Thread 0x000001fc115ac800 DEOPT PACKING pc=0x000001fc07e1e13c sp=0x000000ec8d3f6ba0
Event: 64.194 Thread 0x000001fc115ac800 DEOPT UNPACKING pc=0x000001fc000273af sp=0x000000ec8d3f6b58 mode 2
Event: 64.196 Thread 0x000001fc115ac800 Uncommon trap: trap_request=0xffffffde fr.pc=0x000001fc07e1e13c relative=0x000000000000129c
Event: 64.197 Thread 0x000001fc115ac800 Uncommon trap: reason=class_check action=maybe_recompile pc=0x000001fc07e1e13c method=jdk.internal.loader.BuiltinClassLoader.loadClassOrNull(Ljava/lang/String;Z)Ljava/lang/Class; @ 66 c2
Event: 64.197 Thread 0x000001fc115ac800 DEOPT PACKING pc=0x000001fc07e1e13c sp=0x000000ec8d3f7100
Event: 64.197 Thread 0x000001fc115ac800 DEOPT UNPACKING pc=0x000001fc000273af sp=0x000000ec8d3f70b8 mode 2
Event: 64.200 Thread 0x000001fc115ac800 Uncommon trap: trap_request=0xffffffde fr.pc=0x000001fc07e1e13c relative=0x000000000000129c
Event: 64.200 Thread 0x000001fc115ac800 Uncommon trap: reason=class_check action=maybe_recompile pc=0x000001fc07e1e13c method=jdk.internal.loader.BuiltinClassLoader.loadClassOrNull(Ljava/lang/String;Z)Ljava/lang/Class; @ 66 c2
Event: 64.200 Thread 0x000001fc115ac800 DEOPT PACKING pc=0x000001fc07e1e13c sp=0x000000ec8d3f7100
Event: 64.200 Thread 0x000001fc115ac800 DEOPT UNPACKING pc=0x000001fc000273af sp=0x000000ec8d3f70b8 mode 2

Classes redefined (0 events):
No events

Internal exceptions (20 events):
Event: 53.742 Thread 0x000001fc7caf6800 Exception <a 'java/lang/NoSuchMethodError'{0x000000008990b8c0}: <clinit>> (0x000000008990b8c0) thrown at [./src/hotspot/share/prims/jni.cpp, line 1362]
Event: 53.742 Thread 0x000001fc7caf6800 Exception <a 'java/lang/NoSuchMethodError'{0x000000008990cde0}: <clinit>> (0x000000008990cde0) thrown at [./src/hotspot/share/prims/jni.cpp, line 1362]
Event: 53.830 Thread 0x000001fc7d978800 Exception <a 'java/lang/NoSuchMethodError'{0x000000008991a0b0}: <clinit>> (0x000000008991a0b0) thrown at [./src/hotspot/share/prims/jni.cpp, line 1362]
Event: 53.838 Thread 0x000001fc7d978800 Exception <a 'java/lang/NoSuchMethodError'{0x000000008992e620}: <clinit>> (0x000000008992e620) thrown at [./src/hotspot/share/prims/jni.cpp, line 1362]
Event: 53.846 Thread 0x000001fc7d978800 Exception <a 'java/lang/NoSuchMethodError'{0x0000000089947b28}: <clinit>> (0x0000000089947b28) thrown at [./src/hotspot/share/prims/jni.cpp, line 1362]
Event: 54.060 Thread 0x000001fc7caf6800 Exception <a 'java/lang/NoSuchMethodError'{0x0000000089639620}: <clinit>> (0x0000000089639620) thrown at [./src/hotspot/share/prims/jni.cpp, line 1362]
Event: 54.250 Thread 0x000001fc115ac800 Exception <a 'java/lang/NoSuchMethodError'{0x0000000089512b70}: 'java.lang.Object java.lang.invoke.Invokers$Holder.linkToTargetMethod(java.lang.Object, java.lang.Object, java.lang.Object, int, java.lang.Object, java.lang.Object)'> (0x0000000089512b70) thrown at [./src/hotspot/share/interpreter/linkResolver.cpp, line 773]
Event: 54.302 Thread 0x000001fc115ac800 Exception <a 'java/lang/IncompatibleClassChangeError'{0x0000000089572648}: Found class java.lang.Object, but interface was expected> (0x0000000089572648) thrown at [./src/hotspot/share/interpreter/linkResolver.cpp, line 839]
Event: 54.371 Thread 0x000001fc115ac800 Exception <a 'java/lang/NoSuchMethodError'{0x0000000089345a40}: 'int java.lang.invoke.DirectMethodHandle$Holder.invokeStaticInit(java.lang.Object, java.lang.Object, java.lang.Object, java.lang.Object, java.lang.Object)'> (0x0000000089345a40) thrown at [./src/hotspot/share/interpreter/linkResolver.cpp, line 773]
Event: 55.606 Thread 0x000001fc7d975000 Exception <a 'java/lang/NoSuchMethodError'{0x0000000088772998}: 'java.lang.Object java.lang.invoke.DirectMethodHandle$Holder.invokeSpecialIFC(java.lang.Object, java.lang.Object, java.lang.Object)'> (0x0000000088772998) thrown at [./src/hotspot/share/interpreter/linkResolver.cpp, line 773]
Event: 55.606 Thread 0x000001fc7d97b800 Exception <a 'java/lang/NoSuchMethodError'{0x000000008877e5a0}: 'java.lang.Object java.lang.invoke.DirectMethodHandle$Holder.invokeSpecialIFC(java.lang.Object, java.lang.Object, java.lang.Object)'> (0x000000008877e5a0) thrown at [./src/hotspot/share/interpreter/linkResolver.cpp, line 773]
Event: 57.364 Thread 0x000001fc7d975000 Exception <a 'java/lang/NoSuchMethodError'{0x000000008bfe4da8}: 'void java.lang.invoke.DirectMethodHandle$Holder.invokeVirtual(java.lang.Object, java.lang.Object)'> (0x000000008bfe4da8) thrown at [./src/hotspot/share/interpreter/linkResolver.cpp, line 773]
Event: 61.596 Thread 0x000001fc7d975000 Implicit null exception at 0x000001fc07fc6901 to 0x000001fc07fc7110
Event: 62.357 Thread 0x000001fc115ac800 Exception <a 'java/lang/NoSuchMethodError'{0x0000000086a4fbb8}: <clinit>> (0x0000000086a4fbb8) thrown at [./src/hotspot/share/prims/jni.cpp, line 1362]
Event: 62.357 Thread 0x000001fc115ac800 Exception <a 'java/lang/NoSuchMethodError'{0x0000000086a50ef0}: <clinit>> (0x0000000086a50ef0) thrown at [./src/hotspot/share/prims/jni.cpp, line 1362]
Event: 62.359 Thread 0x000001fc115ac800 Exception <a 'java/lang/NoSuchMethodError'{0x0000000086a53890}: <clinit>> (0x0000000086a53890) thrown at [./src/hotspot/share/prims/jni.cpp, line 1362]
Event: 62.363 Thread 0x000001fc115ac800 Exception <a 'java/lang/NoSuchMethodError'{0x0000000086a6ccd8}: <clinit>> (0x0000000086a6ccd8) thrown at [./src/hotspot/share/prims/jni.cpp, line 1362]
Event: 62.363 Thread 0x000001fc115ac800 Exception <a 'java/lang/NoSuchMethodError'{0x0000000086a6e1b8}: <clinit>> (0x0000000086a6e1b8) thrown at [./src/hotspot/share/prims/jni.cpp, line 1362]
Event: 63.292 Thread 0x000001fc115ac800 Exception <a 'java/lang/NoSuchMethodError'{0x000000008b970c78}: 'int java.lang.invoke.DirectMethodHandle$Holder.invokeSpecial(java.lang.Object, java.lang.Object, java.lang.Object, java.lang.Object, java.lang.Object)'> (0x000000008b970c78) thrown at [./src/hotspot/share/interpreter/linkResolver.cpp, line 773]
Event: 64.068 Thread 0x000001fc115ac800 Implicit null exception at 0x000001fc07d179f6 to 0x000001fc07d17b84

Events (20 events):
Event: 64.341 loading class java/util/ResourceBundle$CacheKeyReference done
Event: 64.341 loading class java/util/ResourceBundle$KeyElementReference done
Event: 64.341 loading class java/util/ResourceBundle$3
Event: 64.342 loading class java/util/ResourceBundle$3 done
Event: 64.342 loading class com/sun/tools/javac/resources/spi/compilerProvider
Event: 64.342 loading class com/sun/tools/javac/resources/spi/compilerProvider done
Event: 64.352 loading class java/util/ResourceBundle$BundleReference
Event: 64.352 loading class java/util/ResourceBundle$BundleReference done
Event: 64.417 loading class com/sun/tools/javac/util/Options
Event: 64.417 loading class com/sun/tools/javac/util/Options done
Event: 64.417 loading class com/sun/tools/javac/util/JCDiagnostic$Factory
Event: 64.417 loading class com/sun/tools/javac/util/JCDiagnostic$Factory done
Event: 64.418 loading class com/sun/tools/javac/util/Options
Event: 64.418 loading class com/sun/tools/javac/util/Options done
Event: 64.418 loading class com/sun/tools/javac/util/Log
Event: 64.418 loading class com/sun/tools/javac/util/Log done
Event: 64.443 loading class org/gradle/api/internal/tasks/compile/reflect/GradleStandardJavaFileManager
Event: 64.443 loading class org/gradle/api/internal/tasks/compile/reflect/GradleStandardJavaFileManager done
Event: 64.505 Executing VM operation: Deoptimize
Event: 64.507 Executing VM operation: Deoptimize done


Dynamic libraries:
0x00007ff75c320000 - 0x00007ff75c32a000 	C:\Program Files\Android\Android Studio1\jre\bin\java.exe
0x00007ffb497f0000 - 0x00007ffb499e5000 	C:\WINDOWS\SYSTEM32\ntdll.dll
0x00007ffb49490000 - 0x00007ffb4954e000 	C:\WINDOWS\System32\KERNEL32.DLL
0x00007ffb47000000 - 0x00007ffb472c8000 	C:\WINDOWS\System32\KERNELBASE.dll
0x00007ffb46f00000 - 0x00007ffb47000000 	C:\WINDOWS\System32\ucrtbase.dll
0x00007ffb30710000 - 0x00007ffb30729000 	C:\Program Files\Android\Android Studio1\jre\bin\jli.dll
0x00007ffb480b0000 - 0x00007ffb48251000 	C:\WINDOWS\System32\USER32.dll
0x00007ffb472d0000 - 0x00007ffb472f2000 	C:\WINDOWS\System32\win32u.dll
0x00007ffb48680000 - 0x00007ffb486ab000 	C:\WINDOWS\System32\GDI32.dll
0x00007ffb47720000 - 0x00007ffb4782d000 	C:\WINDOWS\System32\gdi32full.dll
0x00007ffb475d0000 - 0x00007ffb4766d000 	C:\WINDOWS\System32\msvcp_win.dll
0x00007ffb34240000 - 0x00007ffb344da000 	C:\WINDOWS\WinSxS\amd64_microsoft.windows.common-controls_6595b64144ccf1df_6.0.19041.1110_none_60b5254171f9507e\COMCTL32.dll
0x00007ffb306f0000 - 0x00007ffb30707000 	C:\Program Files\Android\Android Studio1\jre\bin\VCRUNTIME140.dll
0x00007ffb48da0000 - 0x00007ffb48e3e000 	C:\WINDOWS\System32\msvcrt.dll
0x00007ffb48ea0000 - 0x00007ffb48ed0000 	C:\WINDOWS\System32\IMM32.DLL
0x00007ffb30400000 - 0x00007ffb3049d000 	C:\Program Files\Android\Android Studio1\jre\bin\msvcp140.dll
0x00007ffad32e0000 - 0x00007ffad3daf000 	C:\Program Files\Android\Android Studio1\jre\bin\server\jvm.dll
0x00007ffb48b30000 - 0x00007ffb48bdc000 	C:\WINDOWS\System32\ADVAPI32.dll
0x00007ffb49020000 - 0x00007ffb490bb000 	C:\WINDOWS\System32\sechost.dll
0x00007ffb47f80000 - 0x00007ffb480aa000 	C:\WINDOWS\System32\RPCRT4.dll
0x00007ffb48be0000 - 0x00007ffb48be8000 	C:\WINDOWS\System32\PSAPI.DLL
0x00007ffb0ed00000 - 0x00007ffb0ed09000 	C:\WINDOWS\SYSTEM32\WSOCK32.dll
0x00007ffb48fa0000 - 0x00007ffb4900b000 	C:\WINDOWS\System32\WS2_32.dll
0x00007ffb3ec90000 - 0x00007ffb3ecb7000 	C:\WINDOWS\SYSTEM32\WINMM.dll
0x00007ffb3ec80000 - 0x00007ffb3ec8a000 	C:\WINDOWS\SYSTEM32\VERSION.dll
0x00007ffb44db0000 - 0x00007ffb44dc2000 	C:\WINDOWS\SYSTEM32\kernel.appcore.dll
0x00007ffaf8920000 - 0x00007ffaf8931000 	C:\Program Files\Android\Android Studio1\jre\bin\verify.dll
0x00007ffb2fa80000 - 0x00007ffb2fc64000 	C:\WINDOWS\SYSTEM32\DBGHELP.DLL
0x00007ffb2fa50000 - 0x00007ffb2fa7c000 	C:\WINDOWS\SYSTEM32\dbgcore.DLL
0x00007ffb474f0000 - 0x00007ffb47572000 	C:\WINDOWS\System32\bcryptPrimitives.dll
0x00007ffaf2660000 - 0x00007ffaf2689000 	C:\Program Files\Android\Android Studio1\jre\bin\java.dll
0x00007ffaf8910000 - 0x00007ffaf891b000 	C:\Program Files\Android\Android Studio1\jre\bin\jimage.dll
0x00007ffaf49c0000 - 0x00007ffaf49d8000 	C:\Program Files\Android\Android Studio1\jre\bin\zip.dll
0x00007ffb47830000 - 0x00007ffb47f74000 	C:\WINDOWS\System32\SHELL32.dll
0x00007ffb44fb0000 - 0x00007ffb45744000 	C:\WINDOWS\SYSTEM32\windows.storage.dll
0x00007ffb482c0000 - 0x00007ffb48615000 	C:\WINDOWS\System32\combase.dll
0x00007ffb46800000 - 0x00007ffb4682e000 	C:\WINDOWS\SYSTEM32\Wldp.dll
0x00007ffb493e0000 - 0x00007ffb4948d000 	C:\WINDOWS\System32\SHCORE.dll
0x00007ffb49550000 - 0x00007ffb495a5000 	C:\WINDOWS\System32\shlwapi.dll
0x00007ffb46e40000 - 0x00007ffb46e5f000 	C:\WINDOWS\SYSTEM32\profapi.dll
0x00007ffaf13d0000 - 0x00007ffaf13ea000 	C:\Program Files\Android\Android Studio1\jre\bin\net.dll
0x00007ffb33fc0000 - 0x00007ffb340cc000 	C:\WINDOWS\SYSTEM32\WINHTTP.dll
0x00007ffb46580000 - 0x00007ffb465ea000 	C:\WINDOWS\system32\mswsock.dll
0x00007ffaf11b0000 - 0x00007ffaf11c4000 	C:\Program Files\Android\Android Studio1\jre\bin\nio.dll
0x00007ffaf1160000 - 0x00007ffaf1187000 	C:\Users\amwa\.gradle\native\8bec1ad78214c89d9ad589b4d07fe93259594b29d510b10fafb7a158f7737e5d\windows-amd64\native-platform.dll
0x00007ffac2900000 - 0x00007ffac2a3d000 	C:\Users\amwa\.gradle\native\53dbd7edfb1c66fb8903c78663c9afc45aea4f116125fa6feffd364cf09443e8\windows-amd64\native-platform-file-events.dll
0x00007ffaf8900000 - 0x00007ffaf890a000 	C:\Program Files\Android\Android Studio1\jre\bin\management.dll
0x00007ffaf29c0000 - 0x00007ffaf29cc000 	C:\Program Files\Android\Android Studio1\jre\bin\management_ext.dll
0x00007ffb46840000 - 0x00007ffb46858000 	C:\WINDOWS\SYSTEM32\CRYPTSP.dll
0x00007ffb45f20000 - 0x00007ffb45f54000 	C:\WINDOWS\system32\rsaenh.dll
0x00007ffb474c0000 - 0x00007ffb474e7000 	C:\WINDOWS\System32\bcrypt.dll
0x00007ffb46dc0000 - 0x00007ffb46dee000 	C:\WINDOWS\SYSTEM32\USERENV.dll
0x00007ffb46710000 - 0x00007ffb4671c000 	C:\WINDOWS\SYSTEM32\CRYPTBASE.dll
0x00007ffb46290000 - 0x00007ffb462cb000 	C:\WINDOWS\SYSTEM32\IPHLPAPI.DLL
0x00007ffb49010000 - 0x00007ffb49018000 	C:\WINDOWS\System32\NSI.dll
0x00007ffb345b0000 - 0x00007ffb345c7000 	C:\WINDOWS\SYSTEM32\dhcpcsvc6.DLL
0x00007ffb36a20000 - 0x00007ffb36a3d000 	C:\WINDOWS\SYSTEM32\dhcpcsvc.DLL
0x00007ffb462d0000 - 0x00007ffb4639b000 	C:\WINDOWS\SYSTEM32\DNSAPI.dll

dbghelp: loaded successfully - version: 4.0.5 - missing functions: none
symbol engine: initialized successfully - sym options: 0x614 - pdb path: .;C:\Program Files\Android\Android Studio1\jre\bin;C:\WINDOWS\SYSTEM32;C:\WINDOWS\WinSxS\amd64_microsoft.windows.common-controls_6595b64144ccf1df_6.0.19041.1110_none_60b5254171f9507e;C:\Program Files\Android\Android Studio1\jre\bin\server;C:\Users\amwa\.gradle\native\8bec1ad78214c89d9ad589b4d07fe93259594b29d510b10fafb7a158f7737e5d\windows-amd64;C:\Users\amwa\.gradle\native\53dbd7edfb1c66fb8903c78663c9afc45aea4f116125fa6feffd364cf09443e8\windows-amd64

VM Arguments:
jvm_args: --add-opens=java.base/java.util=ALL-UNNAMED --add-opens=java.base/java.lang=ALL-UNNAMED --add-opens=java.base/java.lang.invoke=ALL-UNNAMED --add-opens=java.base/java.util=ALL-UNNAMED --add-opens=java.prefs/java.util.prefs=ALL-UNNAMED --add-opens=java.prefs/java.util.prefs=ALL-UNNAMED --add-opens=java.base/java.nio.charset=ALL-UNNAMED --add-opens=java.base/java.net=ALL-UNNAMED --add-opens=java.base/java.util.concurrent.atomic=ALL-UNNAMED -Xmx2048m -Dfile.encoding=UTF-8 -Duser.country=ID -Duser.language=en -Duser.variant 
java_command: org.gradle.launcher.daemon.bootstrap.GradleDaemon 7.0.2
java_class_path (initial): C:\Users\amwa\.gradle\wrapper\dists\gradle-7.0.2-bin\857tjihv64xamwrf0h14cai3r\gradle-7.0.2\lib\gradle-launcher-7.0.2.jar
Launcher Type: SUN_STANDARD

[Global flags]
     intx CICompilerCount                          = 2                                         {product} {ergonomic}
     uint ConcGCThreads                            = 1                                         {product} {ergonomic}
     uint G1ConcRefinementThreads                  = 2                                         {product} {ergonomic}
   size_t G1HeapRegionSize                         = 1048576                                   {product} {ergonomic}
    uintx GCDrainStackTargetSize                   = 64                                        {product} {ergonomic}
   size_t InitialHeapSize                          = 117440512                                 {product} {ergonomic}
   size_t MarkStackSize                            = 4194304                                   {product} {ergonomic}
   size_t MaxHeapSize                              = 2147483648                                {product} {command line}
   size_t MaxNewSize                               = 1287651328                                {product} {ergonomic}
   size_t MinHeapDeltaBytes                        = 1048576                                   {product} {ergonomic}
    uintx NonNMethodCodeHeapSize                   = 5825164                                {pd product} {ergonomic}
    uintx NonProfiledCodeHeapSize                  = 122916538                              {pd product} {ergonomic}
    uintx ProfiledCodeHeapSize                     = 122916538                              {pd product} {ergonomic}
    uintx ReservedCodeCacheSize                    = 251658240                              {pd product} {ergonomic}
     bool SegmentedCodeCache                       = true                                      {product} {ergonomic}
     bool UseCompressedClassPointers               = true                                 {lp64_product} {ergonomic}
     bool UseCompressedOops                        = true                                 {lp64_product} {ergonomic}
     bool UseG1GC                                  = true                                      {product} {ergonomic}
     bool UseLargePagesIndividualAllocation        = false                                  {pd product} {ergonomic}

Logging:
Log output configuration:
 #0: stdout all=warning uptime,level,tags
 #1: stderr all=off uptime,level,tags

Environment Variables:
JAVA_HOME=C:\Program Files\Amazon Corretto\jdk11.0.11_9\bin\bin
CLASSPATH=C:\Android\openjdk\lib\*.jar;.;C:\PROGRA~1\IBM\SQLLIB\java\db2java.zip;C:\PROGRA~1\IBM\SQLLIB\java\db2jcc4.jar;C:\PROGRA~1\IBM\SQLLIB\java\sqlj4.zip;C:\PROGRA~1\IBM\SQLLIB\java\db2jcc_license_cisuz.jar;C:\PROGRA~1\IBM\SQLLIB\java\db2jcc_license_cu.jar;C:\PROGRA~1\IBM\SQLLIB\bin;C:\PROGRA~1\IBM\SQLLIB\java\common.jar
PATH=C:\WINDOWS\system32;C:\WINDOWS;C:\WINDOWS\System32\Wbem;C:\WINDOWS\System32\WindowsPowerShell\v1.0\;C:\WINDOWS\System32\OpenSSH\;C:\Program Files\mingw-w64\x86_64-8.1.0-posix-seh-rt_v6-rev0\mingw64\bin;C:\Program Files\Dart\dart-sdk\bin;C:\Android\flutter\bin;C:\Android\cmdline-tools;C:\Android\cmdline-tools\tools;C:\Android\cmdline-tools\tools\bin;C:\Users\amwa\.gradle\wrapper\dists\gradle-6.7-all\9st6wgf78h16so49nn74lgtbb\gradle-5.6.2;C:\Android\openjdk\bin;C:\Program Files\nodejs\;C:\Program Files\apache-maven-3.8.1\bin;C:\xampp\php;C:\ProgramData\ComposerSetup\bin;C:\WINDOWS\system32\config\systemprofile\AppData\Roaming\Composer\vendor\bin;C:\Program Files\ibm\gsk8\lib64;C:\Program Files (x86)\ibm\gsk8\lib;C:\Program Files\Git\cmd;C:\Program Files\Amazon Corretto\jdk11.0.11_9\bin;C:\PROGRA~1\IBM\SQLLIB\BIN;C:\PROGRA~1\IBM\SQLLIB\FUNCTION;C:\PROGRA~1\IBM\SQLLIB\SAMPLES\REPL;C:\Users\amwa\Documents\MongoDB\mongosh-1.1.2-win32-x64\bin;C:\Users\amwa\Documents\MongoDB\bin;C:\Program Files\MongoDB\Server\3.6\bin;C:\Users\amwa\AppData\Local\Microsoft\WindowsApps;C:\Users\amwa\AppData\Local\Programs\Microsoft VS Code\bin;C:\Users\amwa\AppData\Roaming\npm;C:\Users\amwa\AppData\Roaming\Composer\vendor\bin
USERNAME=amwa
OS=Windows_NT
PROCESSOR_IDENTIFIER=AMD64 Family 21 Model 112 Stepping 0, AuthenticAMD



---------------  S Y S T E M  ---------------

OS: Windows 10 , 64 bit Build 19041 (10.0.19041.1348)
OS uptime: 0 days 1:04 hours
Hyper-V role detected

CPU:total 2 (initial active 2) (2 cores per cpu, 1 threads per core) family 21 model 112 stepping 0 microcode 0x0, cmov, cx8, fxsr, mmx, sse, sse2, sse3, ssse3, sse4.1, sse4.2, popcnt, avx, avx2, aes, clmul, mmxext, 3dnowpref, lzcnt, sse4a, tsc, tscinvbit, tscinv, bmi1, bmi2, fma

Memory: 4k page, system-wide physical 7129M (102M free)
TotalPageFile size 9433M (AvailPageFile size 6M)
current process WorkingSet (physical memory assigned to process): 421M, peak: 421M
current process commit charge ("private bytes"): 444M, peak: 446M

vm_info: OpenJDK 64-Bit Server VM (11.0.10+0-b96-7249189) for windows-amd64 JRE (11.0.10+0-b96-7249189), built on Mar 31 2021 21:44:00 by "builder" with MS VC++ 14.0 (VS2015)

END.
