#
# There is insufficient memory for the Java Runtime Environment to continue.
# Native memory allocation (malloc) failed to allocate 992336 bytes for Chunk::new
# Possible reasons:
#   The system is out of physical RAM or swap space
#   The process is running with CompressedOops enabled, and the Java Heap may be blocking the growth of the native heap
# Possible solutions:
#   Reduce memory load on the system
#   Increase physical memory or swap space
#   Check if swap backing store is full
#   Decrease Java heap size (-Xmx/-Xms)
#   Decrease number of Java threads
#   Decrease Java thread stack sizes (-Xss)
#   Set larger code cache with -XX:ReservedCodeCacheSize=
#   JVM is running with Unscaled Compressed Oops mode in which the Java heap is
#     placed in the first 4GB address space. The Java Heap base address is the
#     maximum limit for the native heap growth. Please use -XX:HeapBaseMinAddress
#     to set the Java Heap base and to place the Java Heap above 4GB virtual address.
# This output file may be truncated or incomplete.
#
#  Out of Memory Error (./src/hotspot/share/memory/arena.cpp:197), pid=1524, tid=6692
#
# JRE version: OpenJDK Runtime Environment (11.0.10) (build 11.0.10+0-b96-7249189)
# Java VM: OpenJDK 64-Bit Server VM (11.0.10+0-b96-7249189, mixed mode, tiered, compressed oops, g1 gc, windows-amd64)
# No core dump will be written. Minidumps are not enabled by default on client versions of Windows
#

---------------  S U M M A R Y ------------

Command Line: --add-opens=java.base/java.util=ALL-UNNAMED --add-opens=java.base/java.lang=ALL-UNNAMED --add-opens=java.base/java.lang.invoke=ALL-UNNAMED --add-opens=java.base/java.util=ALL-UNNAMED --add-opens=java.prefs/java.util.prefs=ALL-UNNAMED --add-opens=java.prefs/java.util.prefs=ALL-UNNAMED --add-opens=java.base/java.nio.charset=ALL-UNNAMED --add-opens=java.base/java.net=ALL-UNNAMED --add-opens=java.base/java.util.concurrent.atomic=ALL-UNNAMED -Xmx2048m -Dfile.encoding=UTF-8 -Duser.country=ID -Duser.language=en -Duser.variant org.gradle.launcher.daemon.bootstrap.GradleDaemon 7.0.2

Host: AMD A9-9425 RADEON R5, 5 COMPUTE CORES 2C+3G   , 2 cores, 6G,  Windows 10 , 64 bit Build 19041 (10.0.19041.1348)
Time: Tue Jan  4 19:34:29 2022 SE Asia Standard Time elapsed time: 62.301337 seconds (0d 0h 1m 2s)

---------------  T H R E A D  ---------------

Current thread (0x00000208f91ec800):  JavaThread "C2 CompilerThread0" daemon [_thread_in_native, id=6692, stack(0x00000089c3b00000,0x00000089c3c00000)]


Current CompileTask:
C2:  62301 10978       4       org.gradle.api.internal.artifacts.transform.ConsumerProvidedVariantFinder::matchAttributes (68 bytes)

Stack: [0x00000089c3b00000,0x00000089c3c00000]
Native frames: (J=compiled Java code, j=interpreted, Vv=VM code, C=native code)
V  [jvm.dll+0x5ecfaa]
V  [jvm.dll+0x722bd5]
V  [jvm.dll+0x72412d]
V  [jvm.dll+0x7247e3]
V  [jvm.dll+0x242928]
V  [jvm.dll+0xbc4fc]
V  [jvm.dll+0xbca0c]
V  [jvm.dll+0x352d7d]
V  [jvm.dll+0x320ad3]
V  [jvm.dll+0x31ffca]
V  [jvm.dll+0x1fb602]
V  [jvm.dll+0x1fa7f4]
V  [jvm.dll+0x18354c]
V  [jvm.dll+0x208ee7]
V  [jvm.dll+0x207731]
V  [jvm.dll+0x6eb1cf]
V  [jvm.dll+0x6e3d45]
V  [jvm.dll+0x5ebe96]
C  [ucrtbase.dll+0x21bb2]
C  [KERNEL32.DLL+0x17034]
C  [ntdll.dll+0x52651]


---------------  P R O C E S S  ---------------

Threads class SMR info:
_java_thread_list=0x00000208fc57c6f0, length=43, elements={
0x00000208dfae0800, 0x00000208f91cd800, 0x00000208f91d4800, 0x00000208f9b83000,
0x00000208f91e9000, 0x00000208f91ea000, 0x00000208f91ec800, 0x00000208f9237000,
0x00000208f9b9d000, 0x00000208f9c90000, 0x00000208fb30a800, 0x00000208fb074800,
0x00000208fb0ce800, 0x00000208fb0ff000, 0x00000208fab41800, 0x00000208fb041800,
0x00000208fb001000, 0x00000208fac23800, 0x00000208fabe1800, 0x00000208f9f08000,
0x00000208f9f09800, 0x00000208f9f07000, 0x00000208f9f0a800, 0x00000208f9f0b000,
0x00000208f9f08800, 0x00000208f9f0c000, 0x00000208f9f06800, 0x00000208f9f0d000,
0x00000208fa542000, 0x00000208fa548800, 0x00000208fa543000, 0x00000208fa546800,
0x00000208fa548000, 0x00000208fa54a800, 0x00000208fa54b000, 0x00000208fa545800,
0x00000208fa54e800, 0x00000208fa550000, 0x00000208fa54c000, 0x00000208fa54f000,
0x00000208fa54d000, 0x00000208fa54d800, 0x00000208fbb44800
}

Java Threads: ( => current thread )
  0x00000208dfae0800 JavaThread "main" [_thread_blocked, id=10420, stack(0x00000089c2f00000,0x00000089c3000000)]
  0x00000208f91cd800 JavaThread "Reference Handler" daemon [_thread_blocked, id=10604, stack(0x00000089c3600000,0x00000089c3700000)]
  0x00000208f91d4800 JavaThread "Finalizer" daemon [_thread_blocked, id=9712, stack(0x00000089c3700000,0x00000089c3800000)]
  0x00000208f9b83000 JavaThread "Signal Dispatcher" daemon [_thread_blocked, id=10248, stack(0x00000089c3800000,0x00000089c3900000)]
  0x00000208f91e9000 JavaThread "Attach Listener" daemon [_thread_blocked, id=4260, stack(0x00000089c3900000,0x00000089c3a00000)]
  0x00000208f91ea000 JavaThread "Service Thread" daemon [_thread_blocked, id=10304, stack(0x00000089c3a00000,0x00000089c3b00000)]
=>0x00000208f91ec800 JavaThread "C2 CompilerThread0" daemon [_thread_in_native, id=6692, stack(0x00000089c3b00000,0x00000089c3c00000)]
  0x00000208f9237000 JavaThread "C1 CompilerThread0" daemon [_thread_blocked, id=4488, stack(0x00000089c3c00000,0x00000089c3d00000)]
  0x00000208f9b9d000 JavaThread "Sweeper thread" daemon [_thread_blocked, id=2548, stack(0x00000089c3d00000,0x00000089c3e00000)]
  0x00000208f9c90000 JavaThread "Common-Cleaner" daemon [_thread_blocked, id=4140, stack(0x00000089c3e00000,0x00000089c3f00000)]
  0x00000208fb30a800 JavaThread "Daemon health stats" [_thread_blocked, id=9112, stack(0x00000089c4200000,0x00000089c4300000)]
  0x00000208fb074800 JavaThread "Incoming local TCP Connector on port 60590" [_thread_in_native, id=3984, stack(0x00000089c4300000,0x00000089c4400000)]
  0x00000208fb0ce800 JavaThread "Daemon periodic checks" [_thread_blocked, id=2240, stack(0x00000089c4400000,0x00000089c4500000)]
  0x00000208fb0ff000 JavaThread "Daemon" [_thread_blocked, id=3564, stack(0x00000089c4500000,0x00000089c4600000)]
  0x00000208fab41800 JavaThread "Handler for socket connection from /127.0.0.1:60590 to /127.0.0.1:60591" [_thread_in_native, id=7760, stack(0x00000089c4600000,0x00000089c4700000)]
  0x00000208fb041800 JavaThread "Cancel handler" [_thread_blocked, id=3992, stack(0x00000089c4700000,0x00000089c4800000)]
  0x00000208fb001000 JavaThread "Daemon worker" [_thread_blocked, id=11720, stack(0x00000089c4800000,0x00000089c4900000)]
  0x00000208fac23800 JavaThread "Asynchronous log dispatcher for DefaultDaemonConnection: socket connection from /127.0.0.1:60590 to /127.0.0.1:60591" [_thread_blocked, id=11308, stack(0x00000089c4900000,0x00000089c4a00000)]
  0x00000208fabe1800 JavaThread "Stdin handler" [_thread_blocked, id=3724, stack(0x00000089c4a00000,0x00000089c4b00000)]
  0x00000208f9f08000 JavaThread "Daemon client event forwarder" [_thread_blocked, id=10360, stack(0x00000089c4b00000,0x00000089c4c00000)]
  0x00000208f9f09800 JavaThread "Cache worker for file hash cache (C:\Users\amwa\.gradle\caches\7.0.2\fileHashes)" [_thread_blocked, id=12240, stack(0x00000089c4c00000,0x00000089c4d00000)]
  0x00000208f9f07000 JavaThread "File lock request listener" [_thread_in_native, id=2076, stack(0x00000089c4d00000,0x00000089c4e00000)]
  0x00000208f9f0a800 JavaThread "Cache worker for journal cache (C:\Users\amwa\.gradle\caches\journal-1)" [_thread_blocked, id=7832, stack(0x00000089c4e00000,0x00000089c4f00000)]
  0x00000208f9f0b000 JavaThread "Cache worker for file hash cache (C:\Users\amwa\AndroidStudioProjects\CafeMenu\.gradle\7.0.2\fileHashes)" [_thread_blocked, id=6320, stack(0x00000089c4f00000,0x00000089c5000000)]
  0x00000208f9f08800 JavaThread "File watcher server" daemon [_thread_in_native, id=2448, stack(0x00000089c5000000,0x00000089c5100000)]
  0x00000208f9f0c000 JavaThread "File watcher consumer" daemon [_thread_blocked, id=2264, stack(0x00000089c5100000,0x00000089c5200000)]
  0x00000208f9f06800 JavaThread "Cache worker for checksums cache (C:\Users\amwa\AndroidStudioProjects\CafeMenu\.gradle\checksums)" [_thread_blocked, id=4292, stack(0x00000089c5200000,0x00000089c5300000)]
  0x00000208f9f0d000 JavaThread "Cache worker for cache directory md-supplier (C:\Users\amwa\.gradle\caches\7.0.2\md-supplier)" [_thread_blocked, id=10044, stack(0x00000089c5300000,0x00000089c5400000)]
  0x00000208fa542000 JavaThread "Cache worker for cache directory md-rule (C:\Users\amwa\.gradle\caches\7.0.2\md-rule)" [_thread_blocked, id=8184, stack(0x00000089c5400000,0x00000089c5500000)]
  0x00000208fa548800 JavaThread "Cache worker for execution history cache (C:\Users\amwa\.gradle\caches\7.0.2\executionHistory)" [_thread_blocked, id=10376, stack(0x00000089c5500000,0x00000089c5600000)]
  0x00000208fa543000 JavaThread "jar transforms" [_thread_blocked, id=1636, stack(0x00000089c5600000,0x00000089c5700000)]
  0x00000208fa546800 JavaThread "jar transforms Thread 2" [_thread_blocked, id=7232, stack(0x00000089c5700000,0x00000089c5800000)]
  0x00000208fa548000 JavaThread "Cache worker for file content cache (C:\Users\amwa\.gradle\caches\7.0.2\fileContent)" [_thread_blocked, id=7432, stack(0x00000089c5800000,0x00000089c5900000)]
  0x00000208fa54a800 JavaThread "Cache worker for dependencies-accessors (C:\Users\amwa\AndroidStudioProjects\CafeMenu\.gradle\7.0.2\dependencies-accessors)" [_thread_blocked, id=1572, stack(0x00000089c5900000,0x00000089c5a00000)]
  0x00000208fa54b000 JavaThread "Cache worker for Build Output Cleanup Cache (C:\Users\amwa\AndroidStudioProjects\CafeMenu\.gradle\buildOutputCleanup)" [_thread_blocked, id=10568, stack(0x00000089c5a00000,0x00000089c5b00000)]
  0x00000208fa545800 JavaThread "Build operations" [_thread_blocked, id=9988, stack(0x00000089c5b00000,0x00000089c5c00000)]
  0x00000208fa54e800 JavaThread "Build operations Thread 2" [_thread_blocked, id=7252, stack(0x00000089c5c00000,0x00000089c5d00000)]
  0x00000208fa550000 JavaThread "Memory manager" [_thread_blocked, id=5116, stack(0x00000089c5d00000,0x00000089c5e00000)]
  0x00000208fa54c000 JavaThread "build event listener" [_thread_blocked, id=7964, stack(0x00000089c6000000,0x00000089c6100000)]
  0x00000208fa54f000 JavaThread "Execution worker for ':'" [_thread_blocked, id=6876, stack(0x00000089c6100000,0x00000089c6200000)]
  0x00000208fa54d000 JavaThread "Cache worker for execution history cache (C:\Users\amwa\AndroidStudioProjects\CafeMenu\.gradle\7.0.2\executionHistory)" [_thread_blocked, id=904, stack(0x00000089c6200000,0x00000089c6300000)]
  0x00000208fa54d800 JavaThread "Cache worker for Java compile cache (C:\Users\amwa\.gradle\caches\7.0.2\javaCompile)" [_thread_blocked, id=8820, stack(0x00000089c6300000,0x00000089c6400000)]
  0x00000208fbb44800 JavaThread "Cache worker for Java compile cache (C:\Users\amwa\AndroidStudioProjects\CafeMenu\.gradle\7.0.2\javaCompile)" [_thread_blocked, id=7856, stack(0x00000089c6400000,0x00000089c6500000)]

Other Threads:
  0x00000208f91ca000 VMThread "VM Thread" [stack: 0x00000089c3500000,0x00000089c3600000] [id=10116]
  0x00000208f9cd7800 WatcherThread [stack: 0x00000089c3f00000,0x00000089c4000000] [id=9012]
  0x00000208dfaf7000 GCTaskThread "GC Thread#0" [stack: 0x00000089c3000000,0x00000089c3100000] [id=10896]
  0x00000208f9eec000 GCTaskThread "GC Thread#1" [stack: 0x00000089c4000000,0x00000089c4100000] [id=12124]
  0x00000208dfb29800 ConcurrentGCThread "G1 Main Marker" [stack: 0x00000089c3100000,0x00000089c3200000] [id=4888]
  0x00000208dfb2a800 ConcurrentGCThread "G1 Conc#0" [stack: 0x00000089c3200000,0x00000089c3300000] [id=9140]
  0x00000208dfb99000 ConcurrentGCThread "G1 Refine#0" [stack: 0x00000089c3300000,0x00000089c3400000] [id=4544]
  0x00000208f9ee1000 ConcurrentGCThread "G1 Refine#1" [stack: 0x00000089c4100000,0x00000089c4200000] [id=11168]
  0x00000208dfb9a000 ConcurrentGCThread "G1 Young RemSet Sampling" [stack: 0x00000089c3400000,0x00000089c3500000] [id=10392]

Threads with active compile tasks:
C2 CompilerThread0  62351 10978       4       org.gradle.api.internal.artifacts.transform.ConsumerProvidedVariantFinder::matchAttributes (68 bytes)

VM state:not at safepoint (normal execution)

VM Mutex/Monitor currently owned by a thread: None

Heap address: 0x0000000080000000, size: 2048 MB, Compressed Oops mode: 32-bit
Narrow klass base: 0x0000000000000000, Narrow klass shift: 3
Compressed class space size: 1073741824 Address: 0x0000000100000000

Heap:
 garbage-first heap   total 199680K, used 104448K [0x0000000080000000, 0x0000000100000000)
  region size 1024K, 28 young (28672K), 7 survivors (7168K)
 Metaspace       used 90388K, capacity 92632K, committed 92876K, reserved 1130496K
  class space    used 11631K, capacity 12454K, committed 12492K, reserved 1048576K
Heap Regions: E=young(eden), S=young(survivor), O=old, HS=humongous(starts), HC=humongous(continues), CS=collection set, F=free, A=archive, TAMS=top-at-mark-start (previous, next)
|   0|0x0000000080000000, 0x0000000080100000, 0x0000000080100000|100%| O|  |TAMS 0x0000000080100000, 0x0000000080000000| Untracked 
|   1|0x0000000080100000, 0x0000000080200000, 0x0000000080200000|100%| O|  |TAMS 0x0000000080200000, 0x0000000080100000| Untracked 
|   2|0x0000000080200000, 0x0000000080300000, 0x0000000080300000|100%| O|  |TAMS 0x0000000080300000, 0x0000000080200000| Untracked 
|   3|0x0000000080300000, 0x0000000080400000, 0x0000000080400000|100%| O|  |TAMS 0x0000000080400000, 0x0000000080300000| Untracked 
|   4|0x0000000080400000, 0x0000000080500000, 0x0000000080500000|100%|HS|  |TAMS 0x0000000080500000, 0x0000000080400000| Complete 
|   5|0x0000000080500000, 0x0000000080600000, 0x0000000080600000|100%|HC|  |TAMS 0x0000000080600000, 0x0000000080500000| Complete 
|   6|0x0000000080600000, 0x0000000080700000, 0x0000000080700000|100%|HC|  |TAMS 0x0000000080700000, 0x0000000080600000| Complete 
|   7|0x0000000080700000, 0x0000000080800000, 0x0000000080800000|100%| O|  |TAMS 0x0000000080800000, 0x0000000080700000| Untracked 
|   8|0x0000000080800000, 0x0000000080900000, 0x0000000080900000|100%| O|  |TAMS 0x0000000080900000, 0x0000000080800000| Untracked 
|   9|0x0000000080900000, 0x0000000080a00000, 0x0000000080a00000|100%| O|  |TAMS 0x0000000080a00000, 0x0000000080900000| Untracked 
|  10|0x0000000080a00000, 0x0000000080b00000, 0x0000000080b00000|100%| O|  |TAMS 0x0000000080b00000, 0x0000000080a00000| Untracked 
|  11|0x0000000080b00000, 0x0000000080c00000, 0x0000000080c00000|100%| O|  |TAMS 0x0000000080c00000, 0x0000000080b00000| Untracked 
|  12|0x0000000080c00000, 0x0000000080d00000, 0x0000000080d00000|100%| O|  |TAMS 0x0000000080d00000, 0x0000000080c00000| Untracked 
|  13|0x0000000080d00000, 0x0000000080e00000, 0x0000000080e00000|100%| O|  |TAMS 0x0000000080e00000, 0x0000000080d00000| Untracked 
|  14|0x0000000080e00000, 0x0000000080f00000, 0x0000000080f00000|100%| O|  |TAMS 0x0000000080f00000, 0x0000000080e00000| Untracked 
|  15|0x0000000080f00000, 0x0000000081000000, 0x0000000081000000|100%| O|  |TAMS 0x0000000081000000, 0x0000000080f00000| Untracked 
|  16|0x0000000081000000, 0x0000000081100000, 0x0000000081100000|100%| O|  |TAMS 0x0000000081100000, 0x0000000081000000| Untracked 
|  17|0x0000000081100000, 0x0000000081200000, 0x0000000081200000|100%|HS|  |TAMS 0x0000000081200000, 0x0000000081100000| Complete 
|  18|0x0000000081200000, 0x0000000081300000, 0x0000000081300000|100%| O|  |TAMS 0x0000000081300000, 0x0000000081200000| Untracked 
|  19|0x0000000081300000, 0x0000000081400000, 0x0000000081400000|100%| O|  |TAMS 0x0000000081400000, 0x0000000081300000| Untracked 
|  20|0x0000000081400000, 0x0000000081500000, 0x0000000081500000|100%| O|  |TAMS 0x0000000081500000, 0x0000000081400000| Untracked 
|  21|0x0000000081500000, 0x0000000081600000, 0x0000000081600000|100%| O|  |TAMS 0x0000000081600000, 0x0000000081500000| Untracked 
|  22|0x0000000081600000, 0x0000000081700000, 0x0000000081700000|100%| O|  |TAMS 0x0000000081700000, 0x0000000081600000| Untracked 
|  23|0x0000000081700000, 0x0000000081800000, 0x0000000081800000|100%| O|  |TAMS 0x0000000081800000, 0x0000000081700000| Untracked 
|  24|0x0000000081800000, 0x0000000081900000, 0x0000000081900000|100%| O|  |TAMS 0x0000000081900000, 0x0000000081800000| Untracked 
|  25|0x0000000081900000, 0x0000000081a00000, 0x0000000081a00000|100%| O|  |TAMS 0x0000000081a00000, 0x0000000081900000| Untracked 
|  26|0x0000000081a00000, 0x0000000081b00000, 0x0000000081b00000|100%| O|  |TAMS 0x0000000081b00000, 0x0000000081a00000| Untracked 
|  27|0x0000000081b00000, 0x0000000081c00000, 0x0000000081c00000|100%|HS|  |TAMS 0x0000000081c00000, 0x0000000081b00000| Complete 
|  28|0x0000000081c00000, 0x0000000081d00000, 0x0000000081d00000|100%|HS|  |TAMS 0x0000000081d00000, 0x0000000081c00000| Complete 
|  29|0x0000000081d00000, 0x0000000081e00000, 0x0000000081e00000|100%|HC|  |TAMS 0x0000000081e00000, 0x0000000081d00000| Complete 
|  30|0x0000000081e00000, 0x0000000081f00000, 0x0000000081f00000|100%| O|  |TAMS 0x0000000081f00000, 0x0000000081e00000| Untracked 
|  31|0x0000000081f00000, 0x0000000082000000, 0x0000000082000000|100%| O|  |TAMS 0x0000000082000000, 0x0000000081f00000| Untracked 
|  32|0x0000000082000000, 0x0000000082100000, 0x0000000082100000|100%| O|  |TAMS 0x0000000082100000, 0x0000000082000000| Untracked 
|  33|0x0000000082100000, 0x0000000082200000, 0x0000000082200000|100%| O|  |TAMS 0x0000000082200000, 0x0000000082100000| Untracked 
|  34|0x0000000082200000, 0x0000000082300000, 0x0000000082300000|100%| O|  |TAMS 0x0000000082300000, 0x0000000082200000| Untracked 
|  35|0x0000000082300000, 0x0000000082400000, 0x0000000082400000|100%| O|  |TAMS 0x0000000082400000, 0x0000000082300000| Untracked 
|  36|0x0000000082400000, 0x0000000082500000, 0x0000000082500000|100%| O|  |TAMS 0x0000000082500000, 0x0000000082400000| Untracked 
|  37|0x0000000082500000, 0x0000000082600000, 0x0000000082600000|100%| O|  |TAMS 0x00000000825c3a00, 0x0000000082500000| Untracked 
|  38|0x0000000082600000, 0x0000000082700000, 0x0000000082700000|100%| O|  |TAMS 0x0000000082600000, 0x0000000082600000| Untracked 
|  39|0x0000000082700000, 0x0000000082800000, 0x0000000082800000|100%| O|  |TAMS 0x0000000082700000, 0x0000000082700000| Untracked 
|  40|0x0000000082800000, 0x0000000082900000, 0x0000000082900000|100%| O|  |TAMS 0x0000000082800000, 0x0000000082800000| Untracked 
|  41|0x0000000082900000, 0x0000000082a00000, 0x0000000082a00000|100%| O|  |TAMS 0x0000000082900000, 0x0000000082900000| Untracked 
|  42|0x0000000082a00000, 0x0000000082b00000, 0x0000000082b00000|100%| O|  |TAMS 0x0000000082a00000, 0x0000000082a00000| Untracked 
|  43|0x0000000082b00000, 0x0000000082c00000, 0x0000000082c00000|100%| O|  |TAMS 0x0000000082b00000, 0x0000000082b00000| Untracked 
|  44|0x0000000082c00000, 0x0000000082d00000, 0x0000000082d00000|100%| O|  |TAMS 0x0000000082c00000, 0x0000000082c00000| Untracked 
|  45|0x0000000082d00000, 0x0000000082e00000, 0x0000000082e00000|100%| O|  |TAMS 0x0000000082d00000, 0x0000000082d00000| Untracked 
|  46|0x0000000082e00000, 0x0000000082f00000, 0x0000000082f00000|100%| O|  |TAMS 0x0000000082e00000, 0x0000000082e00000| Untracked 
|  47|0x0000000082f00000, 0x0000000083000000, 0x0000000083000000|100%| O|  |TAMS 0x0000000082f00000, 0x0000000082f00000| Untracked 
|  48|0x0000000083000000, 0x0000000083100000, 0x0000000083100000|100%| O|  |TAMS 0x0000000083000000, 0x0000000083000000| Untracked 
|  49|0x0000000083100000, 0x0000000083200000, 0x0000000083200000|100%| O|  |TAMS 0x0000000083100000, 0x0000000083100000| Untracked 
|  50|0x0000000083200000, 0x0000000083300000, 0x0000000083300000|100%| O|  |TAMS 0x0000000083200000, 0x0000000083200000| Untracked 
|  51|0x0000000083300000, 0x0000000083400000, 0x0000000083400000|100%| O|  |TAMS 0x0000000083300000, 0x0000000083300000| Untracked 
|  52|0x0000000083400000, 0x0000000083500000, 0x0000000083500000|100%| O|  |TAMS 0x0000000083400000, 0x0000000083400000| Untracked 
|  53|0x0000000083500000, 0x0000000083600000, 0x0000000083600000|100%| O|  |TAMS 0x0000000083500000, 0x0000000083500000| Untracked 
|  54|0x0000000083600000, 0x0000000083700000, 0x0000000083700000|100%| O|  |TAMS 0x0000000083600000, 0x0000000083600000| Untracked 
|  55|0x0000000083700000, 0x0000000083800000, 0x0000000083800000|100%| O|  |TAMS 0x0000000083700000, 0x0000000083700000| Untracked 
|  56|0x0000000083800000, 0x0000000083900000, 0x0000000083900000|100%| O|  |TAMS 0x0000000083800000, 0x0000000083800000| Untracked 
|  57|0x0000000083900000, 0x0000000083a00000, 0x0000000083a00000|100%| O|  |TAMS 0x0000000083900000, 0x0000000083900000| Untracked 
|  58|0x0000000083a00000, 0x0000000083b00000, 0x0000000083b00000|100%| O|  |TAMS 0x0000000083a00000, 0x0000000083a00000| Untracked 
|  59|0x0000000083b00000, 0x0000000083c00000, 0x0000000083c00000|100%| O|  |TAMS 0x0000000083b00000, 0x0000000083b00000| Untracked 
|  60|0x0000000083c00000, 0x0000000083d00000, 0x0000000083d00000|100%| O|  |TAMS 0x0000000083c00000, 0x0000000083c00000| Untracked 
|  61|0x0000000083d00000, 0x0000000083e00000, 0x0000000083e00000|100%| O|  |TAMS 0x0000000083d00000, 0x0000000083d00000| Untracked 
|  62|0x0000000083e00000, 0x0000000083f00000, 0x0000000083f00000|100%| O|  |TAMS 0x0000000083e00000, 0x0000000083e00000| Untracked 
|  63|0x0000000083f00000, 0x0000000084000000, 0x0000000084000000|100%|HS|  |TAMS 0x0000000083f00000, 0x0000000083f00000| Complete 
|  64|0x0000000084000000, 0x0000000084100000, 0x0000000084100000|100%|HC|  |TAMS 0x0000000084000000, 0x0000000084000000| Complete 
|  65|0x0000000084100000, 0x0000000084200000, 0x0000000084200000|100%| O|  |TAMS 0x0000000084100000, 0x0000000084100000| Untracked 
|  66|0x0000000084200000, 0x0000000084300000, 0x0000000084300000|100%| O|  |TAMS 0x0000000084200000, 0x0000000084200000| Untracked 
|  67|0x0000000084300000, 0x0000000084400000, 0x0000000084400000|100%| O|  |TAMS 0x0000000084300000, 0x0000000084300000| Untracked 
|  68|0x0000000084400000, 0x0000000084500000, 0x0000000084500000|100%| O|  |TAMS 0x0000000084400000, 0x0000000084400000| Untracked 
|  69|0x0000000084500000, 0x0000000084600000, 0x0000000084600000|100%| O|  |TAMS 0x0000000084500000, 0x0000000084500000| Untracked 
|  70|0x0000000084600000, 0x0000000084700000, 0x0000000084700000|100%| O|  |TAMS 0x0000000084600000, 0x0000000084600000| Untracked 
|  71|0x0000000084700000, 0x0000000084800000, 0x0000000084800000|100%| O|  |TAMS 0x0000000084700000, 0x0000000084700000| Untracked 
|  72|0x0000000084800000, 0x0000000084900000, 0x0000000084900000|100%| O|  |TAMS 0x0000000084800000, 0x0000000084800000| Untracked 
|  73|0x0000000084900000, 0x0000000084a00000, 0x0000000084a00000|100%| O|  |TAMS 0x0000000084900000, 0x0000000084900000| Untracked 
|  74|0x0000000084a00000, 0x0000000084b00000, 0x0000000084b00000|100%| O|  |TAMS 0x0000000084a00000, 0x0000000084a00000| Untracked 
|  75|0x0000000084b00000, 0x0000000084c00000, 0x0000000084c00000|100%| O|  |TAMS 0x0000000084b00000, 0x0000000084b00000| Untracked 
|  76|0x0000000084c00000, 0x0000000084c00000, 0x0000000084d00000|  0%| F|  |TAMS 0x0000000084c00000, 0x0000000084c00000| Untracked 
|  77|0x0000000084d00000, 0x0000000084d00000, 0x0000000084e00000|  0%| F|  |TAMS 0x0000000084d00000, 0x0000000084d00000| Untracked 
|  78|0x0000000084e00000, 0x0000000084e00000, 0x0000000084f00000|  0%| F|  |TAMS 0x0000000084e00000, 0x0000000084e00000| Untracked 
|  79|0x0000000084f00000, 0x0000000084f00000, 0x0000000085000000|  0%| F|  |TAMS 0x0000000084f00000, 0x0000000084f00000| Untracked 
|  80|0x0000000085000000, 0x0000000085000000, 0x0000000085100000|  0%| F|  |TAMS 0x0000000085000000, 0x0000000085000000| Untracked 
|  81|0x0000000085100000, 0x0000000085100000, 0x0000000085200000|  0%| F|  |TAMS 0x0000000085100000, 0x0000000085100000| Untracked 
|  82|0x0000000085200000, 0x0000000085200000, 0x0000000085300000|  0%| F|  |TAMS 0x0000000085200000, 0x0000000085200000| Untracked 
|  83|0x0000000085300000, 0x0000000085300000, 0x0000000085400000|  0%| F|  |TAMS 0x0000000085300000, 0x0000000085300000| Untracked 
|  84|0x0000000085400000, 0x0000000085400000, 0x0000000085500000|  0%| F|  |TAMS 0x0000000085400000, 0x0000000085400000| Untracked 
|  85|0x0000000085500000, 0x0000000085500000, 0x0000000085600000|  0%| F|  |TAMS 0x0000000085500000, 0x0000000085500000| Untracked 
|  86|0x0000000085600000, 0x0000000085600000, 0x0000000085700000|  0%| F|  |TAMS 0x0000000085600000, 0x0000000085600000| Untracked 
|  87|0x0000000085700000, 0x0000000085700000, 0x0000000085800000|  0%| F|  |TAMS 0x0000000085700000, 0x0000000085700000| Untracked 
|  88|0x0000000085800000, 0x0000000085800000, 0x0000000085900000|  0%| F|  |TAMS 0x0000000085800000, 0x0000000085800000| Untracked 
|  89|0x0000000085900000, 0x0000000085900000, 0x0000000085a00000|  0%| F|  |TAMS 0x0000000085900000, 0x0000000085900000| Untracked 
|  90|0x0000000085a00000, 0x0000000085a00000, 0x0000000085b00000|  0%| F|  |TAMS 0x0000000085a00000, 0x0000000085a00000| Untracked 
|  91|0x0000000085b00000, 0x0000000085b00000, 0x0000000085c00000|  0%| F|  |TAMS 0x0000000085b00000, 0x0000000085b00000| Untracked 
|  92|0x0000000085c00000, 0x0000000085c00000, 0x0000000085d00000|  0%| F|  |TAMS 0x0000000085c00000, 0x0000000085c00000| Untracked 
|  93|0x0000000085d00000, 0x0000000085d00000, 0x0000000085e00000|  0%| F|  |TAMS 0x0000000085d00000, 0x0000000085d00000| Untracked 
|  94|0x0000000085e00000, 0x0000000085e00000, 0x0000000085f00000|  0%| F|  |TAMS 0x0000000085e00000, 0x0000000085e00000| Untracked 
|  95|0x0000000085f00000, 0x0000000085f00000, 0x0000000086000000|  0%| F|  |TAMS 0x0000000085f00000, 0x0000000085f00000| Untracked 
|  96|0x0000000086000000, 0x0000000086000000, 0x0000000086100000|  0%| F|  |TAMS 0x0000000086000000, 0x0000000086000000| Untracked 
|  97|0x0000000086100000, 0x0000000086100000, 0x0000000086200000|  0%| F|  |TAMS 0x0000000086100000, 0x0000000086100000| Untracked 
|  98|0x0000000086200000, 0x0000000086200000, 0x0000000086300000|  0%| F|  |TAMS 0x0000000086200000, 0x0000000086200000| Untracked 
|  99|0x0000000086300000, 0x0000000086300000, 0x0000000086400000|  0%| F|  |TAMS 0x0000000086300000, 0x0000000086300000| Untracked 
| 100|0x0000000086400000, 0x0000000086400000, 0x0000000086500000|  0%| F|  |TAMS 0x0000000086400000, 0x0000000086400000| Untracked 
| 101|0x0000000086500000, 0x0000000086500000, 0x0000000086600000|  0%| F|  |TAMS 0x0000000086500000, 0x0000000086500000| Untracked 
| 102|0x0000000086600000, 0x0000000086600000, 0x0000000086700000|  0%| F|  |TAMS 0x0000000086600000, 0x0000000086600000| Untracked 
| 103|0x0000000086700000, 0x0000000086700000, 0x0000000086800000|  0%| F|  |TAMS 0x0000000086700000, 0x0000000086700000| Untracked 
| 104|0x0000000086800000, 0x0000000086800000, 0x0000000086900000|  0%| F|  |TAMS 0x0000000086800000, 0x0000000086800000| Untracked 
| 105|0x0000000086900000, 0x0000000086900000, 0x0000000086a00000|  0%| F|  |TAMS 0x0000000086900000, 0x0000000086900000| Untracked 
| 106|0x0000000086a00000, 0x0000000086a00000, 0x0000000086b00000|  0%| F|  |TAMS 0x0000000086a00000, 0x0000000086a00000| Untracked 
| 107|0x0000000086b00000, 0x0000000086b00000, 0x0000000086c00000|  0%| F|  |TAMS 0x0000000086b00000, 0x0000000086b00000| Untracked 
| 108|0x0000000086c00000, 0x0000000086c00000, 0x0000000086d00000|  0%| F|  |TAMS 0x0000000086c00000, 0x0000000086c00000| Untracked 
| 109|0x0000000086d00000, 0x0000000086d00000, 0x0000000086e00000|  0%| F|  |TAMS 0x0000000086d00000, 0x0000000086d00000| Untracked 
| 110|0x0000000086e00000, 0x0000000086e00000, 0x0000000086f00000|  0%| F|  |TAMS 0x0000000086e00000, 0x0000000086e00000| Untracked 
| 111|0x0000000086f00000, 0x0000000086f00000, 0x0000000087000000|  0%| F|  |TAMS 0x0000000086f00000, 0x0000000086f00000| Untracked 
| 112|0x0000000087000000, 0x0000000087100000, 0x0000000087100000|100%| S|CS|TAMS 0x0000000087000000, 0x0000000087000000| Complete 
| 113|0x0000000087100000, 0x0000000087200000, 0x0000000087200000|100%| S|CS|TAMS 0x0000000087100000, 0x0000000087100000| Complete 
| 114|0x0000000087200000, 0x0000000087300000, 0x0000000087300000|100%| S|CS|TAMS 0x0000000087200000, 0x0000000087200000| Complete 
| 115|0x0000000087300000, 0x0000000087400000, 0x0000000087400000|100%| S|CS|TAMS 0x0000000087300000, 0x0000000087300000| Complete 
| 116|0x0000000087400000, 0x0000000087500000, 0x0000000087500000|100%| S|CS|TAMS 0x0000000087400000, 0x0000000087400000| Complete 
| 117|0x0000000087500000, 0x0000000087600000, 0x0000000087600000|100%| S|CS|TAMS 0x0000000087500000, 0x0000000087500000| Complete 
| 118|0x0000000087600000, 0x0000000087700000, 0x0000000087700000|100%| S|CS|TAMS 0x0000000087600000, 0x0000000087600000| Complete 
| 119|0x0000000087700000, 0x0000000087700000, 0x0000000087800000|  0%| F|  |TAMS 0x0000000087700000, 0x0000000087700000| Untracked 
| 120|0x0000000087800000, 0x0000000087800000, 0x0000000087900000|  0%| F|  |TAMS 0x0000000087800000, 0x0000000087800000| Untracked 
| 121|0x0000000087900000, 0x0000000087900000, 0x0000000087a00000|  0%| F|  |TAMS 0x0000000087900000, 0x0000000087900000| Untracked 
| 122|0x0000000087a00000, 0x0000000087a00000, 0x0000000087b00000|  0%| F|  |TAMS 0x0000000087a00000, 0x0000000087a00000| Untracked 
| 123|0x0000000087b00000, 0x0000000087b00000, 0x0000000087c00000|  0%| F|  |TAMS 0x0000000087b00000, 0x0000000087b00000| Untracked 
| 124|0x0000000087c00000, 0x0000000087c00000, 0x0000000087d00000|  0%| F|  |TAMS 0x0000000087c00000, 0x0000000087c00000| Untracked 
| 125|0x0000000087d00000, 0x0000000087d00000, 0x0000000087e00000|  0%| F|  |TAMS 0x0000000087d00000, 0x0000000087d00000| Untracked 
| 126|0x0000000087e00000, 0x0000000087e00000, 0x0000000087f00000|  0%| F|  |TAMS 0x0000000087e00000, 0x0000000087e00000| Untracked 
| 127|0x0000000087f00000, 0x0000000087f00000, 0x0000000088000000|  0%| F|  |TAMS 0x0000000087f00000, 0x0000000087f00000| Untracked 
| 128|0x0000000088000000, 0x0000000088000000, 0x0000000088100000|  0%| F|  |TAMS 0x0000000088000000, 0x0000000088000000| Untracked 
| 129|0x0000000088100000, 0x0000000088100000, 0x0000000088200000|  0%| F|  |TAMS 0x0000000088100000, 0x0000000088100000| Untracked 
| 130|0x0000000088200000, 0x0000000088200000, 0x0000000088300000|  0%| F|  |TAMS 0x0000000088200000, 0x0000000088200000| Untracked 
| 131|0x0000000088300000, 0x0000000088300000, 0x0000000088400000|  0%| F|  |TAMS 0x0000000088300000, 0x0000000088300000| Untracked 
| 132|0x0000000088400000, 0x0000000088400000, 0x0000000088500000|  0%| F|  |TAMS 0x0000000088400000, 0x0000000088400000| Untracked 
| 133|0x0000000088500000, 0x0000000088500000, 0x0000000088600000|  0%| F|  |TAMS 0x0000000088500000, 0x0000000088500000| Untracked 
| 134|0x0000000088600000, 0x0000000088600000, 0x0000000088700000|  0%| F|  |TAMS 0x0000000088600000, 0x0000000088600000| Untracked 
| 135|0x0000000088700000, 0x0000000088700000, 0x0000000088800000|  0%| F|  |TAMS 0x0000000088700000, 0x0000000088700000| Untracked 
| 136|0x0000000088800000, 0x0000000088800000, 0x0000000088900000|  0%| F|  |TAMS 0x0000000088800000, 0x0000000088800000| Untracked 
| 137|0x0000000088900000, 0x0000000088900000, 0x0000000088a00000|  0%| F|  |TAMS 0x0000000088900000, 0x0000000088900000| Untracked 
| 138|0x0000000088a00000, 0x0000000088a00000, 0x0000000088b00000|  0%| F|  |TAMS 0x0000000088a00000, 0x0000000088a00000| Untracked 
| 139|0x0000000088b00000, 0x0000000088b00000, 0x0000000088c00000|  0%| F|  |TAMS 0x0000000088b00000, 0x0000000088b00000| Untracked 
| 140|0x0000000088c00000, 0x0000000088c00000, 0x0000000088d00000|  0%| F|  |TAMS 0x0000000088c00000, 0x0000000088c00000| Untracked 
| 141|0x0000000088d00000, 0x0000000088d00000, 0x0000000088e00000|  0%| F|  |TAMS 0x0000000088d00000, 0x0000000088d00000| Untracked 
| 142|0x0000000088e00000, 0x0000000088e00000, 0x0000000088f00000|  0%| F|  |TAMS 0x0000000088e00000, 0x0000000088e00000| Untracked 
| 143|0x0000000088f00000, 0x0000000088f00000, 0x0000000089000000|  0%| F|  |TAMS 0x0000000088f00000, 0x0000000088f00000| Untracked 
| 144|0x0000000089000000, 0x0000000089000000, 0x0000000089100000|  0%| F|  |TAMS 0x0000000089000000, 0x0000000089000000| Untracked 
| 145|0x0000000089100000, 0x0000000089100000, 0x0000000089200000|  0%| F|  |TAMS 0x0000000089100000, 0x0000000089100000| Untracked 
| 146|0x0000000089200000, 0x0000000089200000, 0x0000000089300000|  0%| F|  |TAMS 0x0000000089200000, 0x0000000089200000| Untracked 
| 147|0x0000000089300000, 0x0000000089300000, 0x0000000089400000|  0%| F|  |TAMS 0x0000000089300000, 0x0000000089300000| Untracked 
| 148|0x0000000089400000, 0x0000000089400000, 0x0000000089500000|  0%| F|  |TAMS 0x0000000089400000, 0x0000000089400000| Untracked 
| 149|0x0000000089500000, 0x0000000089500000, 0x0000000089600000|  0%| F|  |TAMS 0x0000000089500000, 0x0000000089500000| Untracked 
| 150|0x0000000089600000, 0x0000000089600000, 0x0000000089700000|  0%| F|  |TAMS 0x0000000089600000, 0x0000000089600000| Untracked 
| 151|0x0000000089700000, 0x0000000089700000, 0x0000000089800000|  0%| F|  |TAMS 0x0000000089700000, 0x0000000089700000| Untracked 
| 152|0x0000000089800000, 0x0000000089800000, 0x0000000089900000|  0%| F|  |TAMS 0x0000000089800000, 0x0000000089800000| Untracked 
| 153|0x0000000089900000, 0x0000000089900000, 0x0000000089a00000|  0%| F|  |TAMS 0x0000000089900000, 0x0000000089900000| Untracked 
| 154|0x0000000089a00000, 0x0000000089a00000, 0x0000000089b00000|  0%| F|  |TAMS 0x0000000089a00000, 0x0000000089a00000| Untracked 
| 155|0x0000000089b00000, 0x0000000089b00000, 0x0000000089c00000|  0%| F|  |TAMS 0x0000000089b00000, 0x0000000089b00000| Untracked 
| 156|0x0000000089c00000, 0x0000000089c00000, 0x0000000089d00000|  0%| F|  |TAMS 0x0000000089c00000, 0x0000000089c00000| Untracked 
| 157|0x0000000089d00000, 0x0000000089d00000, 0x0000000089e00000|  0%| F|  |TAMS 0x0000000089d00000, 0x0000000089d00000| Untracked 
| 158|0x0000000089e00000, 0x0000000089e00000, 0x0000000089f00000|  0%| F|  |TAMS 0x0000000089e00000, 0x0000000089e00000| Untracked 
| 159|0x0000000089f00000, 0x0000000089f00000, 0x000000008a000000|  0%| F|  |TAMS 0x0000000089f00000, 0x0000000089f00000| Untracked 
| 160|0x000000008a000000, 0x000000008a000000, 0x000000008a100000|  0%| F|  |TAMS 0x000000008a000000, 0x000000008a000000| Untracked 
| 161|0x000000008a100000, 0x000000008a100000, 0x000000008a200000|  0%| F|  |TAMS 0x000000008a100000, 0x000000008a100000| Untracked 
| 162|0x000000008a200000, 0x000000008a200000, 0x000000008a300000|  0%| F|  |TAMS 0x000000008a200000, 0x000000008a200000| Untracked 
| 163|0x000000008a300000, 0x000000008a300000, 0x000000008a400000|  0%| F|  |TAMS 0x000000008a300000, 0x000000008a300000| Untracked 
| 164|0x000000008a400000, 0x000000008a400000, 0x000000008a500000|  0%| F|  |TAMS 0x000000008a400000, 0x000000008a400000| Untracked 
| 165|0x000000008a500000, 0x000000008a500000, 0x000000008a600000|  0%| F|  |TAMS 0x000000008a500000, 0x000000008a500000| Untracked 
| 166|0x000000008a600000, 0x000000008a600000, 0x000000008a700000|  0%| F|  |TAMS 0x000000008a600000, 0x000000008a600000| Untracked 
| 167|0x000000008a700000, 0x000000008a700000, 0x000000008a800000|  0%| F|  |TAMS 0x000000008a700000, 0x000000008a700000| Untracked 
| 168|0x000000008a800000, 0x000000008a800000, 0x000000008a900000|  0%| F|  |TAMS 0x000000008a800000, 0x000000008a800000| Untracked 
| 169|0x000000008a900000, 0x000000008a900000, 0x000000008aa00000|  0%| F|  |TAMS 0x000000008a900000, 0x000000008a900000| Untracked 
| 170|0x000000008aa00000, 0x000000008aa00000, 0x000000008ab00000|  0%| F|  |TAMS 0x000000008aa00000, 0x000000008aa00000| Untracked 
| 171|0x000000008ab00000, 0x000000008ab00000, 0x000000008ac00000|  0%| F|  |TAMS 0x000000008ab00000, 0x000000008ab00000| Untracked 
| 172|0x000000008ac00000, 0x000000008ac00000, 0x000000008ad00000|  0%| F|  |TAMS 0x000000008ac00000, 0x000000008ac00000| Untracked 
| 173|0x000000008ad00000, 0x000000008ad00000, 0x000000008ae00000|  0%| F|  |TAMS 0x000000008ad00000, 0x000000008ad00000| Untracked 
| 174|0x000000008ae00000, 0x000000008aee1998, 0x000000008af00000| 88%| E|  |TAMS 0x000000008ae00000, 0x000000008ae00000| Complete 
| 175|0x000000008af00000, 0x000000008b000000, 0x000000008b000000|100%| E|CS|TAMS 0x000000008af00000, 0x000000008af00000| Complete 
| 176|0x000000008b000000, 0x000000008b100000, 0x000000008b100000|100%| E|CS|TAMS 0x000000008b000000, 0x000000008b000000| Complete 
| 177|0x000000008b100000, 0x000000008b200000, 0x000000008b200000|100%| E|CS|TAMS 0x000000008b100000, 0x000000008b100000| Complete 
| 178|0x000000008b200000, 0x000000008b300000, 0x000000008b300000|100%| E|CS|TAMS 0x000000008b200000, 0x000000008b200000| Complete 
| 179|0x000000008b300000, 0x000000008b400000, 0x000000008b400000|100%| E|CS|TAMS 0x000000008b300000, 0x000000008b300000| Complete 
| 180|0x000000008b400000, 0x000000008b500000, 0x000000008b500000|100%| E|CS|TAMS 0x000000008b400000, 0x000000008b400000| Complete 
| 181|0x000000008b500000, 0x000000008b600000, 0x000000008b600000|100%| E|CS|TAMS 0x000000008b500000, 0x000000008b500000| Complete 
| 182|0x000000008b600000, 0x000000008b700000, 0x000000008b700000|100%| E|CS|TAMS 0x000000008b600000, 0x000000008b600000| Complete 
| 183|0x000000008b700000, 0x000000008b800000, 0x000000008b800000|100%| E|CS|TAMS 0x000000008b700000, 0x000000008b700000| Complete 
| 184|0x000000008b800000, 0x000000008b900000, 0x000000008b900000|100%| E|CS|TAMS 0x000000008b800000, 0x000000008b800000| Complete 
| 185|0x000000008b900000, 0x000000008ba00000, 0x000000008ba00000|100%| E|CS|TAMS 0x000000008b900000, 0x000000008b900000| Complete 
| 186|0x000000008ba00000, 0x000000008bb00000, 0x000000008bb00000|100%| E|CS|TAMS 0x000000008ba00000, 0x000000008ba00000| Complete 
| 187|0x000000008bb00000, 0x000000008bc00000, 0x000000008bc00000|100%| E|CS|TAMS 0x000000008bb00000, 0x000000008bb00000| Complete 
| 188|0x000000008bc00000, 0x000000008bd00000, 0x000000008bd00000|100%| E|CS|TAMS 0x000000008bc00000, 0x000000008bc00000| Complete 
| 189|0x000000008bd00000, 0x000000008be00000, 0x000000008be00000|100%| E|CS|TAMS 0x000000008bd00000, 0x000000008bd00000| Complete 
| 190|0x000000008be00000, 0x000000008bf00000, 0x000000008bf00000|100%| E|CS|TAMS 0x000000008be00000, 0x000000008be00000| Complete 
| 191|0x000000008bf00000, 0x000000008c000000, 0x000000008c000000|100%| E|  |TAMS 0x000000008bf00000, 0x000000008bf00000| Complete 
| 192|0x000000008c000000, 0x000000008c100000, 0x000000008c100000|100%| E|CS|TAMS 0x000000008c000000, 0x000000008c000000| Complete 
| 193|0x000000008c100000, 0x000000008c200000, 0x000000008c200000|100%| E|CS|TAMS 0x000000008c100000, 0x000000008c100000| Complete 
| 194|0x000000008c200000, 0x000000008c300000, 0x000000008c300000|100%| E|CS|TAMS 0x000000008c200000, 0x000000008c200000| Complete 

Card table byte_map: [0x00000208f25d0000,0x00000208f29d0000] _byte_map_base: 0x00000208f21d0000

Marking Bits (Prev, Next): (CMBitMap*) 0x00000208dfb20c70, (CMBitMap*) 0x00000208dfb20c38
 Prev Bits: [0x00000208f4dd0000, 0x00000208f6dd0000)
 Next Bits: [0x00000208f2dd0000, 0x00000208f4dd0000)

Polling page: 0x00000208ddac0000

Metaspace:

Usage:
  Non-class:     78.30 MB capacity,    76.91 MB ( 98%) used,     1.13 MB (  1%) free+waste,   264.56 KB ( <1%) overhead. 
      Class:     12.16 MB capacity,    11.36 MB ( 93%) used,   703.98 KB (  6%) free+waste,   118.81 KB ( <1%) overhead. 
       Both:     90.46 MB capacity,    88.27 MB ( 98%) used,     1.82 MB (  2%) free+waste,   383.38 KB ( <1%) overhead. 

Virtual space:
  Non-class space:       80.00 MB reserved,      78.50 MB ( 98%) committed 
      Class space:        1.00 GB reserved,      12.20 MB (  1%) committed 
             Both:        1.08 GB reserved,      90.70 MB (  8%) committed 

Chunk freelists:
   Non-Class:  14.00 KB
       Class:  0 bytes
        Both:  14.00 KB

MaxMetaspaceSize: 17179869184.00 GB
CompressedClassSpaceSize: 1.00 GB

CodeHeap 'non-profiled nmethods': size=120064Kb used=6368Kb max_used=6368Kb free=113695Kb
 bounds [0x00000208eb090000, 0x00000208eb6d0000, 0x00000208f25d0000]
CodeHeap 'profiled nmethods': size=120000Kb used=24167Kb max_used=24167Kb free=95832Kb
 bounds [0x00000208e3b60000, 0x00000208e5300000, 0x00000208eb090000]
CodeHeap 'non-nmethods': size=5696Kb used=2283Kb max_used=2324Kb free=3412Kb
 bounds [0x00000208e35d0000, 0x00000208e3840000, 0x00000208e3b60000]
 total_blobs=11807 nmethods=10918 adapters=801
 compilation: enabled
              stopped_count=0, restarted_count=0
 full_count=0

Compilation events (20 events):
Event: 61.981 Thread 0x00000208f9237000 10975       3       org.gradle.api.internal.tasks.properties.AbstractValidatingProperty::validate (51 bytes)
Event: 61.981 Thread 0x00000208f9237000 nmethod 10975 0x00000208e52f7090 code [0x00000208e52f72e0, 0x00000208e52f7b88]
Event: 61.985 Thread 0x00000208f9237000 10976       3       org.gradle.api.internal.attributes.DefaultAttributesSchema$DefaultAttributeMatcher::isMatching (14 bytes)
Event: 61.985 Thread 0x00000208f9237000 nmethod 10976 0x00000208e52f7e90 code [0x00000208e52f8040, 0x00000208e52f8188]
Event: 61.986 Thread 0x00000208f9237000 10977       2       org.gradle.api.internal.artifacts.transform.ConsumerProvidedVariantFinder::matchAttributes (68 bytes)
Event: 61.987 Thread 0x00000208f9237000 nmethod 10977 0x00000208e52f8290 code [0x00000208e52f8480, 0x00000208e52f8748]
Event: 61.995 Thread 0x00000208f9237000 10980       2       org.objectweb.asm.MethodWriter::<init> (232 bytes)
Event: 61.996 Thread 0x00000208f9237000 nmethod 10980 0x00000208e52f8990 code [0x00000208e52f8be0, 0x00000208e52f94b8]
Event: 62.000 Thread 0x00000208f9237000 10981       3       org.gradle.api.internal.tasks.properties.annotations.NoOpPropertyAnnotationHandler::getAllowedModifiers (4 bytes)
Event: 62.000 Thread 0x00000208f9237000 nmethod 10981 0x00000208e52f9890 code [0x00000208e52f9a40, 0x00000208e52f9b98]
Event: 62.033 Thread 0x00000208f9237000 10982       1       org.gradle.internal.MutableReference::get (5 bytes)
Event: 62.033 Thread 0x00000208f9237000 nmethod 10982 0x00000208eb6c4910 code [0x00000208eb6c4ac0, 0x00000208eb6c4b78]
Event: 62.070 Thread 0x00000208f91ec800 nmethod 10964 0x00000208eb6c4c10 code [0x00000208eb6c4e80, 0x00000208eb6c6c80]
Event: 62.070 Thread 0x00000208f91ec800 10978       4       org.gradle.api.internal.artifacts.transform.ConsumerProvidedVariantFinder::matchAttributes (68 bytes)
Event: 62.129 Thread 0x00000208f9237000 10983       1       org.gradle.internal.logging.events.ProgressCompleteEvent::getTimestamp (5 bytes)
Event: 62.129 Thread 0x00000208f9237000 nmethod 10983 0x00000208eb6c7890 code [0x00000208eb6c7a40, 0x00000208eb6c7af8]
Event: 62.129 Thread 0x00000208f9237000 10984       1       org.gradle.internal.logging.events.ProgressCompleteEvent::getStatus (5 bytes)
Event: 62.129 Thread 0x00000208f9237000 nmethod 10984 0x00000208eb6c7b90 code [0x00000208eb6c7d40, 0x00000208eb6c7df8]
Event: 62.130 Thread 0x00000208f9237000 10985       1       org.gradle.launcher.daemon.protocol.OutputMessage::getEvent (5 bytes)
Event: 62.130 Thread 0x00000208f9237000 nmethod 10985 0x00000208eb6c7e90 code [0x00000208eb6c8040, 0x00000208eb6c80f8]

GC Heap History (20 events):
Event: 21.813 GC heap before
{Heap before GC invocations=13 (full 0):
 garbage-first heap   total 138240K, used 85941K [0x0000000080000000, 0x0000000100000000)
  region size 1024K, 58 young (59392K), 3 survivors (3072K)
 Metaspace       used 47226K, capacity 48455K, committed 48716K, reserved 1091584K
  class space    used 6009K, capacity 6449K, committed 6476K, reserved 1048576K
}
Event: 21.834 GC heap after
{Heap after GC invocations=14 (full 0):
 garbage-first heap   total 138240K, used 36864K [0x0000000080000000, 0x0000000100000000)
  region size 1024K, 8 young (8192K), 8 survivors (8192K)
 Metaspace       used 47226K, capacity 48455K, committed 48716K, reserved 1091584K
  class space    used 6009K, capacity 6449K, committed 6476K, reserved 1048576K
}
Event: 24.476 GC heap before
{Heap before GC invocations=14 (full 0):
 garbage-first heap   total 138240K, used 93184K [0x0000000080000000, 0x0000000100000000)
  region size 1024K, 62 young (63488K), 8 survivors (8192K)
 Metaspace       used 53768K, capacity 55175K, committed 55244K, reserved 1097728K
  class space    used 6822K, capacity 7330K, committed 7372K, reserved 1048576K
}
Event: 24.509 GC heap after
{Heap after GC invocations=15 (full 0):
 garbage-first heap   total 165888K, used 43790K [0x0000000080000000, 0x0000000100000000)
  region size 1024K, 5 young (5120K), 5 survivors (5120K)
 Metaspace       used 53768K, capacity 55175K, committed 55244K, reserved 1097728K
  class space    used 6822K, capacity 7330K, committed 7372K, reserved 1048576K
}
Event: 26.469 GC heap before
{Heap before GC invocations=15 (full 0):
 garbage-first heap   total 165888K, used 72462K [0x0000000080000000, 0x0000000100000000)
  region size 1024K, 34 young (34816K), 5 survivors (5120K)
 Metaspace       used 58670K, capacity 60148K, committed 60236K, reserved 1101824K
  class space    used 7410K, capacity 7961K, committed 8012K, reserved 1048576K
}
Event: 26.488 GC heap after
{Heap after GC invocations=16 (full 0):
 garbage-first heap   total 165888K, used 45838K [0x0000000080000000, 0x0000000100000000)
  region size 1024K, 7 young (7168K), 7 survivors (7168K)
 Metaspace       used 58670K, capacity 60148K, committed 60236K, reserved 1101824K
  class space    used 7410K, capacity 7961K, committed 8012K, reserved 1048576K
}
Event: 29.369 GC heap before
{Heap before GC invocations=17 (full 0):
 garbage-first heap   total 165888K, used 107278K [0x0000000080000000, 0x0000000100000000)
  region size 1024K, 67 young (68608K), 7 survivors (7168K)
 Metaspace       used 63496K, capacity 65030K, committed 65228K, reserved 1105920K
  class space    used 8035K, capacity 8569K, committed 8652K, reserved 1048576K
}
Event: 29.398 GC heap after
{Heap after GC invocations=18 (full 0):
 garbage-first heap   total 165888K, used 49786K [0x0000000080000000, 0x0000000100000000)
  region size 1024K, 7 young (7168K), 7 survivors (7168K)
 Metaspace       used 63496K, capacity 65030K, committed 65228K, reserved 1105920K
  class space    used 8035K, capacity 8569K, committed 8652K, reserved 1048576K
}
Event: 32.449 GC heap before
{Heap before GC invocations=18 (full 0):
 garbage-first heap   total 165888K, used 112250K [0x0000000080000000, 0x0000000100000000)
  region size 1024K, 68 young (69632K), 7 survivors (7168K)
 Metaspace       used 68728K, capacity 70381K, committed 70476K, reserved 1110016K
  class space    used 8871K, capacity 9472K, committed 9548K, reserved 1048576K
}
Event: 32.484 GC heap after
{Heap after GC invocations=19 (full 0):
 garbage-first heap   total 165888K, used 54561K [0x0000000080000000, 0x0000000100000000)
  region size 1024K, 5 young (5120K), 5 survivors (5120K)
 Metaspace       used 68728K, capacity 70381K, committed 70476K, reserved 1110016K
  class space    used 8871K, capacity 9472K, committed 9548K, reserved 1048576K
}
Event: 35.255 GC heap before
{Heap before GC invocations=19 (full 0):
 garbage-first heap   total 165888K, used 118049K [0x0000000080000000, 0x0000000100000000)
  region size 1024K, 67 young (68608K), 5 survivors (5120K)
 Metaspace       used 71787K, capacity 73609K, committed 73804K, reserved 1114112K
  class space    used 9319K, capacity 9962K, committed 10060K, reserved 1048576K
}
Event: 35.287 GC heap after
{Heap after GC invocations=20 (full 0):
 garbage-first heap   total 165888K, used 59383K [0x0000000080000000, 0x0000000100000000)
  region size 1024K, 5 young (5120K), 5 survivors (5120K)
 Metaspace       used 71787K, capacity 73609K, committed 73804K, reserved 1114112K
  class space    used 9319K, capacity 9962K, committed 10060K, reserved 1048576K
}
Event: 41.871 GC heap before
{Heap before GC invocations=20 (full 0):
 garbage-first heap   total 165888K, used 121847K [0x0000000080000000, 0x0000000100000000)
  region size 1024K, 66 young (67584K), 5 survivors (5120K)
 Metaspace       used 77848K, capacity 79667K, committed 79820K, reserved 1118208K
  class space    used 10175K, capacity 10841K, committed 10956K, reserved 1048576K
}
Event: 41.906 GC heap after
{Heap after GC invocations=21 (full 0):
 garbage-first heap   total 199680K, used 63864K [0x0000000080000000, 0x0000000100000000)
  region size 1024K, 9 young (9216K), 9 survivors (9216K)
 Metaspace       used 77848K, capacity 79667K, committed 79820K, reserved 1118208K
  class space    used 10175K, capacity 10841K, committed 10956K, reserved 1048576K
}
Event: 48.934 GC heap before
{Heap before GC invocations=21 (full 0):
 garbage-first heap   total 199680K, used 141688K [0x0000000080000000, 0x0000000100000000)
  region size 1024K, 86 young (88064K), 9 survivors (9216K)
 Metaspace       used 79898K, capacity 81936K, committed 82124K, reserved 1120256K
  class space    used 10388K, capacity 11154K, committed 11212K, reserved 1048576K
}
Event: 48.982 GC heap after
{Heap after GC invocations=22 (full 0):
 garbage-first heap   total 199680K, used 69333K [0x0000000080000000, 0x0000000100000000)
  region size 1024K, 10 young (10240K), 10 survivors (10240K)
 Metaspace       used 79898K, capacity 81936K, committed 82124K, reserved 1120256K
  class space    used 10388K, capacity 11154K, committed 11212K, reserved 1048576K
}
Event: 53.984 GC heap before
{Heap before GC invocations=22 (full 0):
 garbage-first heap   total 199680K, used 148181K [0x0000000080000000, 0x0000000100000000)
  region size 1024K, 87 young (89088K), 10 survivors (10240K)
 Metaspace       used 84786K, capacity 86938K, committed 87116K, reserved 1124352K
  class space    used 11009K, capacity 11823K, committed 11852K, reserved 1048576K
}
Event: 54.044 GC heap after
{Heap after GC invocations=23 (full 0):
 garbage-first heap   total 199680K, used 75776K [0x0000000080000000, 0x0000000100000000)
  region size 1024K, 11 young (11264K), 11 survivors (11264K)
 Metaspace       used 84786K, capacity 86938K, committed 87116K, reserved 1124352K
  class space    used 11009K, capacity 11823K, committed 11852K, reserved 1048576K
}
Event: 60.982 GC heap before
{Heap before GC invocations=23 (full 0):
 garbage-first heap   total 199680K, used 155648K [0x0000000080000000, 0x0000000100000000)
  region size 1024K, 87 young (89088K), 11 survivors (11264K)
 Metaspace       used 90359K, capacity 92565K, committed 92620K, reserved 1130496K
  class space    used 11629K, capacity 12454K, committed 12492K, reserved 1048576K
}
Event: 61.037 GC heap after
{Heap after GC invocations=24 (full 0):
 garbage-first heap   total 199680K, used 84992K [0x0000000080000000, 0x0000000100000000)
  region size 1024K, 7 young (7168K), 7 survivors (7168K)
 Metaspace       used 90359K, capacity 92565K, committed 92620K, reserved 1130496K
  class space    used 11629K, capacity 12454K, committed 12492K, reserved 1048576K
}

Deoptimization events (20 events):
Event: 61.044 Thread 0x00000208f9f0b000 DEOPT PACKING pc=0x00000208e52a8e46 sp=0x00000089c4ffe360
Event: 61.044 Thread 0x00000208f9f0b000 DEOPT UNPACKING pc=0x00000208e35f71ce sp=0x00000089c4ffd800 mode 0
Event: 61.211 Thread 0x00000208fa550000 Uncommon trap: trap_request=0xffffffde fr.pc=0x00000208eb61a4c4 relative=0x0000000000000184
Event: 61.211 Thread 0x00000208fa550000 Uncommon trap: reason=class_check action=maybe_recompile pc=0x00000208eb61a4c4 method=java.util.concurrent.locks.ReentrantReadWriteLock$Sync.tryAcquireShared(I)I @ 33 c2
Event: 61.211 Thread 0x00000208fa550000 DEOPT PACKING pc=0x00000208eb61a4c4 sp=0x00000089c5dfe7f0
Event: 61.211 Thread 0x00000208fa550000 DEOPT UNPACKING pc=0x00000208e35f73af sp=0x00000089c5dfe790 mode 2
Event: 61.211 Thread 0x00000208fa550000 Uncommon trap: trap_request=0xffffffde fr.pc=0x00000208eb61a4c4 relative=0x0000000000000184
Event: 61.211 Thread 0x00000208fa550000 Uncommon trap: reason=class_check action=maybe_recompile pc=0x00000208eb61a4c4 method=java.util.concurrent.locks.ReentrantReadWriteLock$Sync.tryAcquireShared(I)I @ 33 c2
Event: 61.211 Thread 0x00000208fa550000 DEOPT PACKING pc=0x00000208eb61a4c4 sp=0x00000089c5dfe7f0
Event: 61.211 Thread 0x00000208fa550000 DEOPT UNPACKING pc=0x00000208e35f73af sp=0x00000089c5dfe790 mode 2
Event: 61.982 Thread 0x00000208fa54f000 Uncommon trap: trap_request=0xfffffff4 fr.pc=0x00000208eb6a34a4 relative=0x0000000000004644
Event: 61.982 Thread 0x00000208fa54f000 Uncommon trap: reason=null_check action=make_not_entrant pc=0x00000208eb6a34a4 method=org.gradle.api.internal.attributes.DefaultAttributesSchema.compatibilityRules(Lorg/gradle/api/attributes/Attribute;)Lorg/gradle/api/internal/attributes/CompatibilityRule
Event: 61.982 Thread 0x00000208fa54f000 DEOPT PACKING pc=0x00000208eb6a34a4 sp=0x00000089c61fc2e0
Event: 61.982 Thread 0x00000208fa54f000 DEOPT UNPACKING pc=0x00000208e35f73af sp=0x00000089c61fc120 mode 2
Event: 61.989 Thread 0x00000208fa54f000 DEOPT PACKING pc=0x00000208e5019755 sp=0x00000089c61fc160
Event: 61.989 Thread 0x00000208fa54f000 DEOPT UNPACKING pc=0x00000208e35f71ce sp=0x00000089c61fb680 mode 0
Event: 61.998 Thread 0x00000208fa54f000 Uncommon trap: trap_request=0xffffffd6 fr.pc=0x00000208eb6bbf98 relative=0x0000000000000858
Event: 61.998 Thread 0x00000208fa54f000 Uncommon trap: reason=array_check action=maybe_recompile pc=0x00000208eb6bbf98 method=java.util.TimSort.binarySort([Ljava/lang/Object;IIILjava/util/Comparator;)V @ 183 c2
Event: 61.998 Thread 0x00000208fa54f000 DEOPT PACKING pc=0x00000208eb6bbf98 sp=0x00000089c61fa9b0
Event: 61.998 Thread 0x00000208fa54f000 DEOPT UNPACKING pc=0x00000208e35f73af sp=0x00000089c61fa958 mode 2

Classes redefined (0 events):
No events

Internal exceptions (20 events):
Event: 57.635 Thread 0x00000208fb001000 Exception <a 'sun/nio/fs/WindowsException'{0x0000000089712ba8}> (0x0000000089712ba8) thrown at [./src/hotspot/share/prims/jni.cpp, line 615]
Event: 57.664 Thread 0x00000208fb001000 Exception <a 'java/lang/NoSuchMethodError'{0x000000008976e070}: 'int java.lang.invoke.DirectMethodHandle$Holder.invokeVirtual(java.lang.Object, java.lang.Object, java.lang.Object, java.lang.Object)'> (0x000000008976e070) thrown at [./src/hotspot/share/interpreter/linkResolver.cpp, line 773]
Event: 57.963 Thread 0x00000208fb001000 Exception <a 'sun/nio/fs/WindowsException'{0x0000000089574838}> (0x0000000089574838) thrown at [./src/hotspot/share/prims/jni.cpp, line 615]
Event: 57.964 Thread 0x00000208fb001000 Exception <a 'sun/nio/fs/WindowsException'{0x0000000089574998}> (0x0000000089574998) thrown at [./src/hotspot/share/prims/jni.cpp, line 615]
Event: 58.013 Thread 0x00000208fb001000 Exception <a 'sun/nio/fs/WindowsException'{0x0000000089423460}> (0x0000000089423460) thrown at [./src/hotspot/share/prims/jni.cpp, line 615]
Event: 58.014 Thread 0x00000208fb001000 Exception <a 'sun/nio/fs/WindowsException'{0x00000000894235d0}> (0x00000000894235d0) thrown at [./src/hotspot/share/prims/jni.cpp, line 615]
Event: 58.224 Thread 0x00000208fb001000 Exception <a 'sun/nio/fs/WindowsException'{0x00000000891616c0}> (0x00000000891616c0) thrown at [./src/hotspot/share/prims/jni.cpp, line 615]
Event: 58.224 Thread 0x00000208fb001000 Exception <a 'sun/nio/fs/WindowsException'{0x0000000089161828}> (0x0000000089161828) thrown at [./src/hotspot/share/prims/jni.cpp, line 615]
Event: 58.296 Thread 0x00000208fb001000 Exception <a 'sun/nio/fs/WindowsException'{0x00000000891f0a08}> (0x00000000891f0a08) thrown at [./src/hotspot/share/prims/jni.cpp, line 615]
Event: 58.359 Thread 0x00000208fb001000 Exception <a 'sun/nio/fs/WindowsException'{0x00000000890425b8}> (0x00000000890425b8) thrown at [./src/hotspot/share/prims/jni.cpp, line 615]
Event: 58.400 Thread 0x00000208fb001000 Exception <a 'sun/nio/fs/WindowsException'{0x000000008904f418}> (0x000000008904f418) thrown at [./src/hotspot/share/prims/jni.cpp, line 615]
Event: 58.737 Thread 0x00000208fb001000 Exception <a 'sun/nio/fs/WindowsException'{0x0000000088d13380}> (0x0000000088d13380) thrown at [./src/hotspot/share/prims/jni.cpp, line 615]
Event: 58.778 Thread 0x00000208fb001000 Exception <a 'sun/nio/fs/WindowsException'{0x0000000088d19ae0}> (0x0000000088d19ae0) thrown at [./src/hotspot/share/prims/jni.cpp, line 615]
Event: 58.833 Thread 0x00000208fb001000 Exception <a 'sun/nio/fs/WindowsException'{0x0000000088d20bb8}> (0x0000000088d20bb8) thrown at [./src/hotspot/share/prims/jni.cpp, line 615]
Event: 58.870 Thread 0x00000208fb001000 Exception <a 'sun/nio/fs/WindowsException'{0x0000000088d2ab18}> (0x0000000088d2ab18) thrown at [./src/hotspot/share/prims/jni.cpp, line 615]
Event: 59.050 Thread 0x00000208fb001000 Exception <a 'sun/nio/fs/WindowsException'{0x0000000088b418c0}> (0x0000000088b418c0) thrown at [./src/hotspot/share/prims/jni.cpp, line 615]
Event: 59.291 Thread 0x00000208fb001000 Exception <a 'java/lang/NoSuchMethodError'{0x000000008894e950}: 'void java.lang.invoke.DirectMethodHandle$Holder.invokeStatic(java.lang.Object, java.lang.Object, java.lang.Object, java.lang.Object, java.lang.Object, java.lang.Object, java.lang.Object)'> (0x000000008894e950) thrown at [./src/hotspot/share/interpreter/linkResolver.cpp, line 773]
Event: 59.319 Thread 0x00000208f9f08000 Exception <a 'java/lang/NoSuchMethodError'{0x000000008888ac68}: <clinit>> (0x000000008888ac68) thrown at [./src/hotspot/share/prims/jni.cpp, line 1362]
Event: 59.330 Thread 0x00000208f9f08000 Exception <a 'java/lang/NoSuchMethodError'{0x00000000888b0520}: <clinit>> (0x00000000888b0520) thrown at [./src/hotspot/share/prims/jni.cpp, line 1362]
Event: 61.982 Thread 0x00000208fa54f000 Implicit null exception at 0x00000208eb6a058c to 0x00000208eb6a3450

Events (20 events):
Event: 59.306 loading class org/gradle/internal/execution/history/impl/DefaultOutputFilesRepository$1
Event: 59.306 loading class org/gradle/internal/execution/history/impl/DefaultOutputFilesRepository$1 done
Event: 59.307 loading class org/gradle/internal/execution/history/impl/FileSystemSnapshotSerializer$1
Event: 59.307 loading class org/gradle/internal/execution/history/impl/FileSystemSnapshotSerializer$1 done
Event: 59.308 loading class org/gradle/internal/execution/history/impl/FileSystemSnapshotSerializer$1$1
Event: 59.308 loading class org/gradle/internal/execution/history/impl/FileSystemSnapshotSerializer$1$1 done
Event: 59.309 loading class org/gradle/internal/execution/steps/SkipUpToDateStep$2
Event: 59.309 loading class org/gradle/internal/execution/steps/SkipUpToDateStep$2 done
Event: 59.312 loading class org/gradle/tooling/events/task/internal/java/DefaultJavaCompileTaskSuccessResult
Event: 59.312 loading class org/gradle/tooling/events/task/internal/java/DefaultJavaCompileTaskSuccessResult done
Event: 59.314 loading class org/gradle/tooling/events/task/java/JavaCompileTaskOperationResult
Event: 59.314 loading class org/gradle/tooling/events/task/java/JavaCompileTaskOperationResult done
Event: 59.322 loading class com/google/common/collect/ImmutableList$SerializedForm
Event: 59.322 loading class com/google/common/collect/ImmutableList$SerializedForm done
Event: 59.585 Executing VM operation: ICBufferFull
Event: 59.586 Executing VM operation: ICBufferFull done
Event: 60.981 Executing VM operation: G1CollectForAllocation
Event: 61.037 Executing VM operation: G1CollectForAllocation done
Event: 61.301 loading class org/gradle/internal/Try$1
Event: 61.301 loading class org/gradle/internal/Try$1 done


Dynamic libraries:
0x00007ff75c320000 - 0x00007ff75c32a000 	C:\Program Files\Android\Android Studio1\jre\bin\java.exe
0x00007ffb497f0000 - 0x00007ffb499e5000 	C:\WINDOWS\SYSTEM32\ntdll.dll
0x00007ffb49490000 - 0x00007ffb4954e000 	C:\WINDOWS\System32\KERNEL32.DLL
0x00007ffb47000000 - 0x00007ffb472c8000 	C:\WINDOWS\System32\KERNELBASE.dll
0x00007ffb46f00000 - 0x00007ffb47000000 	C:\WINDOWS\System32\ucrtbase.dll
0x00007ffb30710000 - 0x00007ffb30729000 	C:\Program Files\Android\Android Studio1\jre\bin\jli.dll
0x00007ffb306f0000 - 0x00007ffb30707000 	C:\Program Files\Android\Android Studio1\jre\bin\VCRUNTIME140.dll
0x00007ffb480b0000 - 0x00007ffb48251000 	C:\WINDOWS\System32\USER32.dll
0x00007ffb472d0000 - 0x00007ffb472f2000 	C:\WINDOWS\System32\win32u.dll
0x00007ffb48680000 - 0x00007ffb486ab000 	C:\WINDOWS\System32\GDI32.dll
0x00007ffb47720000 - 0x00007ffb4782d000 	C:\WINDOWS\System32\gdi32full.dll
0x00007ffb475d0000 - 0x00007ffb4766d000 	C:\WINDOWS\System32\msvcp_win.dll
0x00007ffb34240000 - 0x00007ffb344da000 	C:\WINDOWS\WinSxS\amd64_microsoft.windows.common-controls_6595b64144ccf1df_6.0.19041.1110_none_60b5254171f9507e\COMCTL32.dll
0x00007ffb48da0000 - 0x00007ffb48e3e000 	C:\WINDOWS\System32\msvcrt.dll
0x00007ffb48ea0000 - 0x00007ffb48ed0000 	C:\WINDOWS\System32\IMM32.DLL
0x00007ffb30400000 - 0x00007ffb3049d000 	C:\Program Files\Android\Android Studio1\jre\bin\msvcp140.dll
0x00007ffad32e0000 - 0x00007ffad3daf000 	C:\Program Files\Android\Android Studio1\jre\bin\server\jvm.dll
0x00007ffb48b30000 - 0x00007ffb48bdc000 	C:\WINDOWS\System32\ADVAPI32.dll
0x00007ffb49020000 - 0x00007ffb490bb000 	C:\WINDOWS\System32\sechost.dll
0x00007ffb47f80000 - 0x00007ffb480aa000 	C:\WINDOWS\System32\RPCRT4.dll
0x00007ffb48be0000 - 0x00007ffb48be8000 	C:\WINDOWS\System32\PSAPI.DLL
0x00007ffb0ed00000 - 0x00007ffb0ed09000 	C:\WINDOWS\SYSTEM32\WSOCK32.dll
0x00007ffb48fa0000 - 0x00007ffb4900b000 	C:\WINDOWS\System32\WS2_32.dll
0x00007ffb3ec90000 - 0x00007ffb3ecb7000 	C:\WINDOWS\SYSTEM32\WINMM.dll
0x00007ffb3ec80000 - 0x00007ffb3ec8a000 	C:\WINDOWS\SYSTEM32\VERSION.dll
0x00007ffb44db0000 - 0x00007ffb44dc2000 	C:\WINDOWS\SYSTEM32\kernel.appcore.dll
0x00007ffaf8920000 - 0x00007ffaf8931000 	C:\Program Files\Android\Android Studio1\jre\bin\verify.dll
0x00007ffb2fa80000 - 0x00007ffb2fc64000 	C:\WINDOWS\SYSTEM32\DBGHELP.DLL
0x00007ffb2fa50000 - 0x00007ffb2fa7c000 	C:\WINDOWS\SYSTEM32\dbgcore.DLL
0x00007ffb474f0000 - 0x00007ffb47572000 	C:\WINDOWS\System32\bcryptPrimitives.dll
0x00007ffaf2660000 - 0x00007ffaf2689000 	C:\Program Files\Android\Android Studio1\jre\bin\java.dll
0x00007ffaf8910000 - 0x00007ffaf891b000 	C:\Program Files\Android\Android Studio1\jre\bin\jimage.dll
0x00007ffaf49c0000 - 0x00007ffaf49d8000 	C:\Program Files\Android\Android Studio1\jre\bin\zip.dll
0x00007ffb47830000 - 0x00007ffb47f74000 	C:\WINDOWS\System32\SHELL32.dll
0x00007ffb44fb0000 - 0x00007ffb45744000 	C:\WINDOWS\SYSTEM32\windows.storage.dll
0x00007ffb482c0000 - 0x00007ffb48615000 	C:\WINDOWS\System32\combase.dll
0x00007ffb46800000 - 0x00007ffb4682e000 	C:\WINDOWS\SYSTEM32\Wldp.dll
0x00007ffb493e0000 - 0x00007ffb4948d000 	C:\WINDOWS\System32\SHCORE.dll
0x00007ffb49550000 - 0x00007ffb495a5000 	C:\WINDOWS\System32\shlwapi.dll
0x00007ffb46e40000 - 0x00007ffb46e5f000 	C:\WINDOWS\SYSTEM32\profapi.dll
0x00007ffaf13d0000 - 0x00007ffaf13ea000 	C:\Program Files\Android\Android Studio1\jre\bin\net.dll
0x00007ffb33fc0000 - 0x00007ffb340cc000 	C:\WINDOWS\SYSTEM32\WINHTTP.dll
0x00007ffb46580000 - 0x00007ffb465ea000 	C:\WINDOWS\system32\mswsock.dll
0x00007ffaf11b0000 - 0x00007ffaf11c4000 	C:\Program Files\Android\Android Studio1\jre\bin\nio.dll
0x00007ffaf1160000 - 0x00007ffaf1187000 	C:\Users\amwa\.gradle\native\8bec1ad78214c89d9ad589b4d07fe93259594b29d510b10fafb7a158f7737e5d\windows-amd64\native-platform.dll
0x00007ffac2900000 - 0x00007ffac2a3d000 	C:\Users\amwa\.gradle\native\53dbd7edfb1c66fb8903c78663c9afc45aea4f116125fa6feffd364cf09443e8\windows-amd64\native-platform-file-events.dll
0x00007ffaf8900000 - 0x00007ffaf890a000 	C:\Program Files\Android\Android Studio1\jre\bin\management.dll
0x00007ffaf29c0000 - 0x00007ffaf29cc000 	C:\Program Files\Android\Android Studio1\jre\bin\management_ext.dll
0x00007ffb46840000 - 0x00007ffb46858000 	C:\WINDOWS\SYSTEM32\CRYPTSP.dll
0x00007ffb45f20000 - 0x00007ffb45f54000 	C:\WINDOWS\system32\rsaenh.dll
0x00007ffb474c0000 - 0x00007ffb474e7000 	C:\WINDOWS\System32\bcrypt.dll
0x00007ffb46dc0000 - 0x00007ffb46dee000 	C:\WINDOWS\SYSTEM32\USERENV.dll
0x00007ffb46710000 - 0x00007ffb4671c000 	C:\WINDOWS\SYSTEM32\CRYPTBASE.dll
0x00007ffb46290000 - 0x00007ffb462cb000 	C:\WINDOWS\SYSTEM32\IPHLPAPI.DLL
0x00007ffb49010000 - 0x00007ffb49018000 	C:\WINDOWS\System32\NSI.dll
0x00007ffb345b0000 - 0x00007ffb345c7000 	C:\WINDOWS\SYSTEM32\dhcpcsvc6.DLL
0x00007ffb36a20000 - 0x00007ffb36a3d000 	C:\WINDOWS\SYSTEM32\dhcpcsvc.DLL
0x00007ffb462d0000 - 0x00007ffb4639b000 	C:\WINDOWS\SYSTEM32\DNSAPI.dll

dbghelp: loaded successfully - version: 4.0.5 - missing functions: none
symbol engine: initialized successfully - sym options: 0x614 - pdb path: .;C:\Program Files\Android\Android Studio1\jre\bin;C:\WINDOWS\SYSTEM32;C:\WINDOWS\WinSxS\amd64_microsoft.windows.common-controls_6595b64144ccf1df_6.0.19041.1110_none_60b5254171f9507e;C:\Program Files\Android\Android Studio1\jre\bin\server;C:\Users\amwa\.gradle\native\8bec1ad78214c89d9ad589b4d07fe93259594b29d510b10fafb7a158f7737e5d\windows-amd64;C:\Users\amwa\.gradle\native\53dbd7edfb1c66fb8903c78663c9afc45aea4f116125fa6feffd364cf09443e8\windows-amd64

VM Arguments:
jvm_args: --add-opens=java.base/java.util=ALL-UNNAMED --add-opens=java.base/java.lang=ALL-UNNAMED --add-opens=java.base/java.lang.invoke=ALL-UNNAMED --add-opens=java.base/java.util=ALL-UNNAMED --add-opens=java.prefs/java.util.prefs=ALL-UNNAMED --add-opens=java.prefs/java.util.prefs=ALL-UNNAMED --add-opens=java.base/java.nio.charset=ALL-UNNAMED --add-opens=java.base/java.net=ALL-UNNAMED --add-opens=java.base/java.util.concurrent.atomic=ALL-UNNAMED -Xmx2048m -Dfile.encoding=UTF-8 -Duser.country=ID -Duser.language=en -Duser.variant 
java_command: org.gradle.launcher.daemon.bootstrap.GradleDaemon 7.0.2
java_class_path (initial): C:\Users\amwa\.gradle\wrapper\dists\gradle-7.0.2-bin\857tjihv64xamwrf0h14cai3r\gradle-7.0.2\lib\gradle-launcher-7.0.2.jar
Launcher Type: SUN_STANDARD

[Global flags]
     intx CICompilerCount                          = 2                                         {product} {ergonomic}
     uint ConcGCThreads                            = 1                                         {product} {ergonomic}
     uint G1ConcRefinementThreads                  = 2                                         {product} {ergonomic}
   size_t G1HeapRegionSize                         = 1048576                                   {product} {ergonomic}
    uintx GCDrainStackTargetSize                   = 64                                        {product} {ergonomic}
   size_t InitialHeapSize                          = 117440512                                 {product} {ergonomic}
   size_t MarkStackSize                            = 4194304                                   {product} {ergonomic}
   size_t MaxHeapSize                              = 2147483648                                {product} {command line}
   size_t MaxNewSize                               = 1287651328                                {product} {ergonomic}
   size_t MinHeapDeltaBytes                        = 1048576                                   {product} {ergonomic}
    uintx NonNMethodCodeHeapSize                   = 5825164                                {pd product} {ergonomic}
    uintx NonProfiledCodeHeapSize                  = 122916538                              {pd product} {ergonomic}
    uintx ProfiledCodeHeapSize                     = 122916538                              {pd product} {ergonomic}
    uintx ReservedCodeCacheSize                    = 251658240                              {pd product} {ergonomic}
     bool SegmentedCodeCache                       = true                                      {product} {ergonomic}
     bool UseCompressedClassPointers               = true                                 {lp64_product} {ergonomic}
     bool UseCompressedOops                        = true                                 {lp64_product} {ergonomic}
     bool UseG1GC                                  = true                                      {product} {ergonomic}
     bool UseLargePagesIndividualAllocation        = false                                  {pd product} {ergonomic}

Logging:
Log output configuration:
 #0: stdout all=warning uptime,level,tags
 #1: stderr all=off uptime,level,tags

Environment Variables:
JAVA_HOME=C:\Program Files\Amazon Corretto\jdk11.0.11_9\bin\bin
CLASSPATH=C:\Android\openjdk\lib\*.jar;.;C:\PROGRA~1\IBM\SQLLIB\java\db2java.zip;C:\PROGRA~1\IBM\SQLLIB\java\db2jcc4.jar;C:\PROGRA~1\IBM\SQLLIB\java\sqlj4.zip;C:\PROGRA~1\IBM\SQLLIB\java\db2jcc_license_cisuz.jar;C:\PROGRA~1\IBM\SQLLIB\java\db2jcc_license_cu.jar;C:\PROGRA~1\IBM\SQLLIB\bin;C:\PROGRA~1\IBM\SQLLIB\java\common.jar
PATH=C:\WINDOWS\system32;C:\WINDOWS;C:\WINDOWS\System32\Wbem;C:\WINDOWS\System32\WindowsPowerShell\v1.0\;C:\WINDOWS\System32\OpenSSH\;C:\Program Files\mingw-w64\x86_64-8.1.0-posix-seh-rt_v6-rev0\mingw64\bin;C:\Program Files\Dart\dart-sdk\bin;C:\Android\flutter\bin;C:\Android\cmdline-tools;C:\Android\cmdline-tools\tools;C:\Android\cmdline-tools\tools\bin;C:\Users\amwa\.gradle\wrapper\dists\gradle-6.7-all\9st6wgf78h16so49nn74lgtbb\gradle-5.6.2;C:\Android\openjdk\bin;C:\Program Files\nodejs\;C:\Program Files\apache-maven-3.8.1\bin;C:\xampp\php;C:\ProgramData\ComposerSetup\bin;C:\WINDOWS\system32\config\systemprofile\AppData\Roaming\Composer\vendor\bin;C:\Program Files\ibm\gsk8\lib64;C:\Program Files (x86)\ibm\gsk8\lib;C:\Program Files\Git\cmd;C:\Program Files\Amazon Corretto\jdk11.0.11_9\bin;C:\PROGRA~1\IBM\SQLLIB\BIN;C:\PROGRA~1\IBM\SQLLIB\FUNCTION;C:\PROGRA~1\IBM\SQLLIB\SAMPLES\REPL;C:\Users\amwa\Documents\MongoDB\mongosh-1.1.2-win32-x64\bin;C:\Users\amwa\Documents\MongoDB\bin;C:\Program Files\MongoDB\Server\3.6\bin;C:\Users\amwa\AppData\Local\Microsoft\WindowsApps;C:\Users\amwa\AppData\Local\Programs\Microsoft VS Code\bin;C:\Users\amwa\AppData\Roaming\npm;C:\Users\amwa\AppData\Roaming\Composer\vendor\bin
USERNAME=amwa
OS=Windows_NT
PROCESSOR_IDENTIFIER=AMD64 Family 21 Model 112 Stepping 0, AuthenticAMD



---------------  S Y S T E M  ---------------

OS: Windows 10 , 64 bit Build 19041 (10.0.19041.1348)
OS uptime: 0 days 1:02 hours
Hyper-V role detected

CPU:total 2 (initial active 2) (2 cores per cpu, 1 threads per core) family 21 model 112 stepping 0 microcode 0x0, cmov, cx8, fxsr, mmx, sse, sse2, sse3, ssse3, sse4.1, sse4.2, popcnt, avx, avx2, aes, clmul, mmxext, 3dnowpref, lzcnt, sse4a, tsc, tscinvbit, tscinv, bmi1, bmi2, fma

Memory: 4k page, system-wide physical 7129M (98M free)
TotalPageFile size 9433M (AvailPageFile size 5M)
current process WorkingSet (physical memory assigned to process): 431M, peak: 438M
current process commit charge ("private bytes"): 454M, peak: 460M

vm_info: OpenJDK 64-Bit Server VM (11.0.10+0-b96-7249189) for windows-amd64 JRE (11.0.10+0-b96-7249189), built on Mar 31 2021 21:44:00 by "builder" with MS VC++ 14.0 (VS2015)

END.
