#
# There is insufficient memory for the Java Runtime Environment to continue.
# Native memory allocation (mmap) failed to map 354418688 bytes for Failed to commit area from 0x0000000095200000 to 0x00000000aa400000 of length 354418688.
# Possible reasons:
#   The system is out of physical RAM or swap space
#   The process is running with CompressedOops enabled, and the Java Heap may be blocking the growth of the native heap
# Possible solutions:
#   Reduce memory load on the system
#   Increase physical memory or swap space
#   Check if swap backing store is full
#   Decrease Java heap size (-Xmx/-Xms)
#   Decrease number of Java threads
#   Decrease Java thread stack sizes (-Xss)
#   Set larger code cache with -XX:ReservedCodeCacheSize=
#   JVM is running with Unscaled Compressed Oops mode in which the Java heap is
#     placed in the first 4GB address space. The Java Heap base address is the
#     maximum limit for the native heap growth. Please use -XX:HeapBaseMinAddress
#     to set the Java Heap base and to place the Java Heap above 4GB virtual address.
# This output file may be truncated or incomplete.
#
#  Out of Memory Error (./src/hotspot/os/windows/os_windows.cpp:3301), pid=2796, tid=12080
#
# JRE version: OpenJDK Runtime Environment (11.0.10) (build 11.0.10+0-b96-7249189)
# Java VM: OpenJDK 64-Bit Server VM (11.0.10+0-b96-7249189, mixed mode, tiered, compressed oops, g1 gc, windows-amd64)
# No core dump will be written. Minidumps are not enabled by default on client versions of Windows
#

---------------  S U M M A R Y ------------

Command Line: --add-opens=java.base/java.util=ALL-UNNAMED --add-opens=java.base/java.lang=ALL-UNNAMED --add-opens=java.base/java.lang.invoke=ALL-UNNAMED --add-opens=java.base/java.util=ALL-UNNAMED --add-opens=java.prefs/java.util.prefs=ALL-UNNAMED --add-opens=java.prefs/java.util.prefs=ALL-UNNAMED --add-opens=java.base/java.nio.charset=ALL-UNNAMED --add-opens=java.base/java.net=ALL-UNNAMED --add-opens=java.base/java.util.concurrent.atomic=ALL-UNNAMED -Xmx2048m -Dfile.encoding=UTF-8 -Duser.country=ID -Duser.language=en -Duser.variant org.gradle.launcher.daemon.bootstrap.GradleDaemon 7.0.2

Host: AMD A9-9425 RADEON R5, 5 COMPUTE CORES 2C+3G   , 2 cores, 6G,  Windows 10 , 64 bit Build 19041 (10.0.19041.1348)
Time: Tue Jan  4 12:52:39 2022 SE Asia Standard Time elapsed time: 9728.618867 seconds (0d 2h 42m 8s)

---------------  T H R E A D  ---------------

Current thread (0x00000237d32ea000):  VMThread "VM Thread" [stack: 0x000000db39300000,0x000000db39400000] [id=12080]

Stack: [0x000000db39300000,0x000000db39400000]
[error occurred during error reporting (printing stack bounds), id 0xc0000005, EXCEPTION_ACCESS_VIOLATION (0xc0000005) at pc=0x00000237bd740f2d]

Native frames: (J=compiled Java code, j=interpreted, Vv=VM code, C=native code)
V  [jvm.dll+0x5ecfaa]
V  [jvm.dll+0x722bd5]
V  [jvm.dll+0x72412d]
V  [jvm.dll+0x724745]
V  [jvm.dll+0x7246fb]
V  [jvm.dll+0x5ec348]
V  [jvm.dll+0x5ecad8]
C  [ntdll.dll+0xa20cf]
C  [ntdll.dll+0x51454]
C  [ntdll.dll+0xa0bfe]
C  0x00000237bd740f2d

VM_Operation (0x000000db3c3fd830): G1CollectForAllocation, mode: safepoint, requested by thread 0x00000237e1c1f000


---------------  P R O C E S S  ---------------

Threads class SMR info:
_java_thread_list=0x00000237e07ad200, length=50, elements={
0x00000237b9c4f800, 0x00000237d32f0000, 0x00000237d32f7000, 0x00000237d3ca3000,
0x00000237d330c000, 0x00000237d330d000, 0x00000237d330f000, 0x00000237d3cb9000,
0x00000237d3cc0800, 0x00000237d3db2000, 0x00000237d5d52000, 0x00000237d5532000,
0x00000237d522f800, 0x00000237d3df7000, 0x00000237d3df3000, 0x00000237d3df1800,
0x00000237d3df4800, 0x00000237d3df8000, 0x00000237d6af7000, 0x00000237d6af8000,
0x00000237d6af9000, 0x00000237d6af3000, 0x00000237d6afc000, 0x00000237d66ea800,
0x00000237d6b02000, 0x00000237d66eb000, 0x00000237d66ec000, 0x00000237d66ec800,
0x00000237d66ed800, 0x00000237d66ee800, 0x00000237d66f5000, 0x00000237d66ef000,
0x00000237d66f3800, 0x00000237d66f1000, 0x00000237d66f4000, 0x00000237d66f0000,
0x00000237d66f2800, 0x00000237d66f6800, 0x00000237d66f1800, 0x00000237d6af9800,
0x00000237d6af4000, 0x00000237d6afa800, 0x00000237d6afb000, 0x00000237d6af6800,
0x00000237d6afd800, 0x00000237d6afe800, 0x00000237d6b00000, 0x00000237d6b01000,
0x00000237e1c1d800, 0x00000237e1c1f000
}

Java Threads: ( => current thread )
  0x00000237b9c4f800 JavaThread "main" [_thread_blocked, id=1800, stack(0x000000db38d00000,0x000000db38e00000)]
  0x00000237d32f0000 JavaThread "Reference Handler" daemon [_thread_blocked, id=10744, stack(0x000000db39400000,0x000000db39500000)]
  0x00000237d32f7000 JavaThread "Finalizer" daemon [_thread_blocked, id=7680, stack(0x000000db39500000,0x000000db39600000)]
  0x00000237d3ca3000 JavaThread "Signal Dispatcher" daemon [_thread_blocked, id=10580, stack(0x000000db39600000,0x000000db39700000)]
  0x00000237d330c000 JavaThread "Attach Listener" daemon [_thread_blocked, id=8584, stack(0x000000db39700000,0x000000db39800000)]
  0x00000237d330d000 JavaThread "Service Thread" daemon [_thread_blocked, id=12128, stack(0x000000db39800000,0x000000db39900000)]
  0x00000237d330f000 JavaThread "C2 CompilerThread0" daemon [_thread_blocked, id=6712, stack(0x000000db39900000,0x000000db39a00000)]
  0x00000237d3cb9000 JavaThread "C1 CompilerThread0" daemon [_thread_blocked, id=11588, stack(0x000000db39a00000,0x000000db39b00000)]
  0x00000237d3cc0800 JavaThread "Sweeper thread" daemon [_thread_blocked, id=11984, stack(0x000000db39b00000,0x000000db39c00000)]
  0x00000237d3db2000 JavaThread "Common-Cleaner" daemon [_thread_blocked, id=3412, stack(0x000000db39c00000,0x000000db39d00000)]
  0x00000237d5d52000 JavaThread "Daemon health stats" [_thread_blocked, id=1080, stack(0x000000db3a000000,0x000000db3a100000)]
  0x00000237d5532000 JavaThread "Incoming local TCP Connector on port 50188" [_thread_in_native, id=8416, stack(0x000000db3a100000,0x000000db3a200000)]
  0x00000237d522f800 JavaThread "Daemon periodic checks" [_thread_blocked, id=8796, stack(0x000000db3a200000,0x000000db3a300000)]
  0x00000237d3df7000 JavaThread "Cache worker for file hash cache (C:\Users\amwa\.gradle\caches\7.0.2\fileHashes)" [_thread_blocked, id=6148, stack(0x000000db3aa00000,0x000000db3ab00000)]
  0x00000237d3df3000 JavaThread "File lock request listener" [_thread_in_native, id=3916, stack(0x000000db3ab00000,0x000000db3ac00000)]
  0x00000237d3df1800 JavaThread "Cache worker for journal cache (C:\Users\amwa\.gradle\caches\journal-1)" [_thread_blocked, id=4856, stack(0x000000db3ac00000,0x000000db3ad00000)]
  0x00000237d3df4800 JavaThread "File watcher server" daemon [_thread_blocked, id=7560, stack(0x000000db3ae00000,0x000000db3af00000)]
  0x00000237d3df8000 JavaThread "File watcher consumer" daemon [_thread_blocked, id=8172, stack(0x000000db3af00000,0x000000db3b000000)]
  0x00000237d6af7000 JavaThread "Cache worker for execution history cache (C:\Users\amwa\.gradle\caches\7.0.2\executionHistory)" [_thread_blocked, id=4852, stack(0x000000db3b300000,0x000000db3b400000)]
  0x00000237d6af8000 JavaThread "jar transforms" [_thread_blocked, id=10028, stack(0x000000db3b400000,0x000000db3b500000)]
  0x00000237d6af9000 JavaThread "jar transforms Thread 2" [_thread_blocked, id=9704, stack(0x000000db3b500000,0x000000db3b600000)]
  0x00000237d6af3000 JavaThread "Cache worker for file content cache (C:\Users\amwa\.gradle\caches\7.0.2\fileContent)" [_thread_blocked, id=5148, stack(0x000000db3b600000,0x000000db3b700000)]
  0x00000237d6afc000 JavaThread "Memory manager" [_thread_blocked, id=9184, stack(0x000000db3bb00000,0x000000db3bc00000)]
  0x00000237d66ea800 JavaThread "Cache worker for Java compile cache (C:\Users\amwa\.gradle\caches\7.0.2\javaCompile)" [_thread_blocked, id=1464, stack(0x000000db3c500000,0x000000db3c600000)]
  0x00000237d6b02000 JavaThread "ForkJoinPool.commonPool-worker-3" daemon [_thread_blocked, id=7108, stack(0x000000db3c400000,0x000000db3c500000)]
  0x00000237d66eb000 JavaThread "Daemon Thread 11" [_thread_blocked, id=5780, stack(0x000000db38a00000,0x000000db38b00000)]
  0x00000237d66ec000 JavaThread "Handler for socket connection from /127.0.0.1:50188 to /127.0.0.1:50956" [_thread_in_native, id=4156, stack(0x000000db38b00000,0x000000db38c00000)]
  0x00000237d66ec800 JavaThread "Cancel handler" [_thread_blocked, id=12072, stack(0x000000db38c00000,0x000000db38d00000)]
  0x00000237d66ed800 JavaThread "Daemon worker Thread 11" [_thread_blocked, id=1116, stack(0x000000db3a300000,0x000000db3a400000)]
  0x00000237d66ee800 JavaThread "Asynchronous log dispatcher for DefaultDaemonConnection: socket connection from /127.0.0.1:50188 to /127.0.0.1:50956" [_thread_blocked, id=1428, stack(0x000000db3a400000,0x000000db3a500000)]
  0x00000237d66f5000 JavaThread "Daemon client event forwarder" [_thread_blocked, id=11764, stack(0x000000db3a600000,0x000000db3a700000)]
  0x00000237d66ef000 JavaThread "Cache worker for file hash cache (C:\Users\amwa\AndroidStudioProjects\CafeMenu\.gradle\7.0.2\fileHashes)" [_thread_blocked, id=5768, stack(0x000000db3a700000,0x000000db3a800000)]
  0x00000237d66f3800 JavaThread "Cache worker for checksums cache (C:\Users\amwa\AndroidStudioProjects\CafeMenu\.gradle\checksums)" [_thread_blocked, id=8432, stack(0x000000db3a800000,0x000000db3a900000)]
  0x00000237d66f1000 JavaThread "Cache worker for cache directory md-supplier (C:\Users\amwa\.gradle\caches\7.0.2\md-supplier)" [_thread_blocked, id=8784, stack(0x000000db3a900000,0x000000db3aa00000)]
  0x00000237d66f4000 JavaThread "Cache worker for cache directory md-rule (C:\Users\amwa\.gradle\caches\7.0.2\md-rule)" [_thread_blocked, id=3816, stack(0x000000db3ad00000,0x000000db3ae00000)]
  0x00000237d66f0000 JavaThread "Cache worker for dependencies-accessors (C:\Users\amwa\AndroidStudioProjects\CafeMenu\.gradle\7.0.2\dependencies-accessors)" [_thread_blocked, id=1200, stack(0x000000db3b000000,0x000000db3b100000)]
  0x00000237d66f2800 JavaThread "Cache worker for Build Output Cleanup Cache (C:\Users\amwa\AndroidStudioProjects\CafeMenu\.gradle\buildOutputCleanup)" [_thread_blocked, id=4936, stack(0x000000db3b100000,0x000000db3b200000)]
  0x00000237d66f6800 JavaThread "Build operations" [_thread_blocked, id=4932, stack(0x000000db3b200000,0x000000db3b300000)]
  0x00000237d66f1800 JavaThread "Build operations Thread 2" [_thread_blocked, id=5500, stack(0x000000db3b700000,0x000000db3b800000)]
  0x00000237d6af9800 JavaThread "build event listener" [_thread_blocked, id=8452, stack(0x000000db3b800000,0x000000db3b900000)]
  0x00000237d6af4000 JavaThread "Execution worker for ':'" [_thread_blocked, id=1716, stack(0x000000db3b900000,0x000000db3ba00000)]
  0x00000237d6afa800 JavaThread "Cache worker for execution history cache (C:\Users\amwa\AndroidStudioProjects\CafeMenu\.gradle\7.0.2\executionHistory)" [_thread_blocked, id=10652, stack(0x000000db3ba00000,0x000000db3bb00000)]
  0x00000237d6afb000 JavaThread "WorkerExecutor Queue" [_thread_blocked, id=4868, stack(0x000000db3bc00000,0x000000db3bd00000)]
  0x00000237d6af6800 JavaThread "WorkerExecutor Queue Thread 2" [_thread_blocked, id=9032, stack(0x000000db3bd00000,0x000000db3be00000)]
  0x00000237d6afd800 JavaThread "pool-41-thread-1" [_thread_blocked, id=5296, stack(0x000000db3be00000,0x000000db3bf00000)]
  0x00000237d6afe800 JavaThread "stderr" [_thread_in_native, id=1864, stack(0x000000db3bf00000,0x000000db3c000000)]
  0x00000237d6b00000 JavaThread "stdout" [_thread_in_native, id=8876, stack(0x000000db3c000000,0x000000db3c100000)]
  0x00000237d6b01000 JavaThread "Cache worker for Java compile cache (C:\Users\amwa\AndroidStudioProjects\CafeMenu\.gradle\7.0.2\javaCompile)" [_thread_blocked, id=9116, stack(0x000000db3c100000,0x000000db3c200000)]
  0x00000237e1c1d800 JavaThread "ForkJoinPool-3-worker-3" daemon [_thread_blocked, id=7412, stack(0x000000db3c200000,0x000000db3c300000)]
  0x00000237e1c1f000 JavaThread "ForkJoinPool-3-worker-1" daemon [_thread_blocked, id=7788, stack(0x000000db3c300000,0x000000db3c400000)]

Other Threads:
=>0x00000237d32ea000 VMThread "VM Thread" [stack: 0x000000db39300000,0x000000db39400000] [id=12080]
  0x00000237d3e21800 WatcherThread [stack: 0x000000db39d00000,0x000000db39e00000] [id=7772]
  0x00000237b9c68800 GCTaskThread "GC Thread#0" [stack: 0x000000db38e00000,0x000000db38f00000] [id=11720]
  0x00000237d3f0f800 GCTaskThread "GC Thread#1" [stack: 0x000000db39e00000,0x000000db39f00000] [id=11276]
  0x00000237b9c9a000 ConcurrentGCThread "G1 Main Marker" [stack: 0x000000db38f00000,0x000000db39000000] [id=2844]
  0x00000237b9c9b800 ConcurrentGCThread "G1 Conc#0" [stack: 0x000000db39000000,0x000000db39100000] [id=3792]
  0x00000237b9d0c000 ConcurrentGCThread "G1 Refine#0" [stack: 0x000000db39100000,0x000000db39200000] [id=4032]
  0x00000237d4031000 ConcurrentGCThread "G1 Refine#1" [stack: 0x000000db39f00000,0x000000db3a000000] [id=4756]
  0x00000237b9d0d800 ConcurrentGCThread "G1 Young RemSet Sampling" [stack: 0x000000db39200000,0x000000db39300000] [id=4200]

Threads with active compile tasks:
C2 CompilerThread09728654 42929       4       com.android.tools.r8.internal.Su::a (112 bytes)

VM state:at safepoint (normal execution)

VM Mutex/Monitor currently owned by a thread:  ([mutex/lock_event])
[0x00000237b9c4ca10] Threads_lock - owner thread: 0x00000237d32ea000
[0x00000237b9c4bd20] Heap_lock - owner thread: 0x00000237e1c1f000

Heap address: 0x0000000080000000, size: 2048 MB, Compressed Oops mode: 32-bit
Narrow klass base: 0x0000000000000000, Narrow klass shift: 3
Compressed class space size: 1073741824 Address: 0x0000000100000000

Heap:
 garbage-first heap   total 692224K, used 211968K [0x0000000080000000, 0x0000000100000000)
  region size 1024K, 2 young (2048K), 2 survivors (2048K)
 Metaspace       used 196014K, capacity 200894K, committed 200960K, reserved 1224704K
  class space    used 23948K, capacity 25814K, committed 25856K, reserved 1048576K
Heap Regions: E=young(eden), S=young(survivor), O=old, HS=humongous(starts), HC=humongous(continues), CS=collection set, F=free, A=archive, TAMS=top-at-mark-start (previous, next)
|   0|0x0000000080000000, 0x0000000080100000, 0x0000000080100000|100%| O|  |TAMS 0x0000000080100000, 0x0000000080000000| Untracked 
|   1|0x0000000080100000, 0x0000000080200000, 0x0000000080200000|100%| O|  |TAMS 0x0000000080200000, 0x0000000080100000| Untracked 
|   2|0x0000000080200000, 0x0000000080300000, 0x0000000080300000|100%| O|  |TAMS 0x0000000080300000, 0x0000000080200000| Untracked 
|   3|0x0000000080300000, 0x0000000080400000, 0x0000000080400000|100%| O|  |TAMS 0x0000000080400000, 0x0000000080300000| Untracked 
|   4|0x0000000080400000, 0x0000000080500000, 0x0000000080500000|100%|HS|  |TAMS 0x0000000080500000, 0x0000000080400000| Complete 
|   5|0x0000000080500000, 0x0000000080600000, 0x0000000080600000|100%|HC|  |TAMS 0x0000000080600000, 0x0000000080500000| Complete 
|   6|0x0000000080600000, 0x0000000080700000, 0x0000000080700000|100%|HC|  |TAMS 0x0000000080700000, 0x0000000080600000| Complete 
|   7|0x0000000080700000, 0x0000000080800000, 0x0000000080800000|100%| O|  |TAMS 0x0000000080800000, 0x0000000080700000| Untracked 
|   8|0x0000000080800000, 0x0000000080900000, 0x0000000080900000|100%| O|  |TAMS 0x0000000080900000, 0x0000000080800000| Untracked 
|   9|0x0000000080900000, 0x0000000080a00000, 0x0000000080a00000|100%| O|  |TAMS 0x0000000080a00000, 0x0000000080900000| Untracked 
|  10|0x0000000080a00000, 0x0000000080b00000, 0x0000000080b00000|100%| O|  |TAMS 0x0000000080b00000, 0x0000000080a00000| Complete 
|  11|0x0000000080b00000, 0x0000000080c00000, 0x0000000080c00000|100%| O|  |TAMS 0x0000000080c00000, 0x0000000080b00000| Untracked 
|  12|0x0000000080c00000, 0x0000000080d00000, 0x0000000080d00000|100%| O|  |TAMS 0x0000000080d00000, 0x0000000080c00000| Untracked 
|  13|0x0000000080d00000, 0x0000000080e00000, 0x0000000080e00000|100%| O|  |TAMS 0x0000000080e00000, 0x0000000080d00000| Complete 
|  14|0x0000000080e00000, 0x0000000080f00000, 0x0000000080f00000|100%| O|  |TAMS 0x0000000080f00000, 0x0000000080e00000| Complete 
|  15|0x0000000080f00000, 0x0000000081000000, 0x0000000081000000|100%| O|  |TAMS 0x0000000081000000, 0x0000000080f00000| Complete 
|  16|0x0000000081000000, 0x0000000081100000, 0x0000000081100000|100%| O|  |TAMS 0x0000000081100000, 0x0000000081000000| Complete 
|  17|0x0000000081100000, 0x0000000081200000, 0x0000000081200000|100%|HS|  |TAMS 0x0000000081200000, 0x0000000081100000| Complete 
|  18|0x0000000081200000, 0x0000000081300000, 0x0000000081300000|100%| O|  |TAMS 0x0000000081300000, 0x0000000081200000| Complete 
|  19|0x0000000081300000, 0x0000000081400000, 0x0000000081400000|100%| O|  |TAMS 0x0000000081400000, 0x0000000081300000| Complete 
|  20|0x0000000081400000, 0x0000000081500000, 0x0000000081500000|100%| O|  |TAMS 0x0000000081500000, 0x0000000081400000| Complete 
|  21|0x0000000081500000, 0x0000000081600000, 0x0000000081600000|100%| O|  |TAMS 0x0000000081600000, 0x0000000081500000| Complete 
|  22|0x0000000081600000, 0x0000000081700000, 0x0000000081700000|100%| O|  |TAMS 0x0000000081700000, 0x0000000081600000| Complete 
|  23|0x0000000081700000, 0x0000000081800000, 0x0000000081800000|100%| O|  |TAMS 0x0000000081800000, 0x0000000081700000| Untracked 
|  24|0x0000000081800000, 0x0000000081900000, 0x0000000081900000|100%|HS|  |TAMS 0x0000000081800000, 0x0000000081800000| Complete 
|  25|0x0000000081900000, 0x0000000081a00000, 0x0000000081a00000|100%| O|  |TAMS 0x0000000081a00000, 0x0000000081900000| Complete 
|  26|0x0000000081a00000, 0x0000000081b00000, 0x0000000081b00000|100%|HS|  |TAMS 0x0000000081b00000, 0x0000000081a00000| Complete 
|  27|0x0000000081b00000, 0x0000000081c00000, 0x0000000081c00000|100%|HS|  |TAMS 0x0000000081c00000, 0x0000000081b00000| Complete 
|  28|0x0000000081c00000, 0x0000000081d00000, 0x0000000081d00000|100%|HC|  |TAMS 0x0000000081d00000, 0x0000000081c00000| Complete 
|  29|0x0000000081d00000, 0x0000000081e00000, 0x0000000081e00000|100%| O|  |TAMS 0x0000000081e00000, 0x0000000081d00000| Untracked 
|  30|0x0000000081e00000, 0x0000000081f00000, 0x0000000081f00000|100%| O|  |TAMS 0x0000000081f00000, 0x0000000081e00000| Untracked 
|  31|0x0000000081f00000, 0x0000000082000000, 0x0000000082000000|100%| O|  |TAMS 0x0000000082000000, 0x0000000081f00000| Complete 
|  32|0x0000000082000000, 0x0000000082100000, 0x0000000082100000|100%| O|  |TAMS 0x0000000082100000, 0x0000000082000000| Untracked 
|  33|0x0000000082100000, 0x0000000082200000, 0x0000000082200000|100%| O|  |TAMS 0x0000000082200000, 0x0000000082100000| Untracked 
|  34|0x0000000082200000, 0x0000000082300000, 0x0000000082300000|100%| O|  |TAMS 0x0000000082300000, 0x0000000082200000| Untracked 
|  35|0x0000000082300000, 0x0000000082400000, 0x0000000082400000|100%| O|  |TAMS 0x0000000082400000, 0x0000000082300000| Untracked 
|  36|0x0000000082400000, 0x0000000082500000, 0x0000000082500000|100%| O|  |TAMS 0x0000000082500000, 0x0000000082400000| Untracked 
|  37|0x0000000082500000, 0x0000000082600000, 0x0000000082600000|100%| O|  |TAMS 0x0000000082600000, 0x0000000082500000| Untracked 
|  38|0x0000000082600000, 0x0000000082600000, 0x0000000082700000|  0%| F|  |TAMS 0x0000000082600000, 0x0000000082600000| Untracked 
|  39|0x0000000082700000, 0x0000000082800000, 0x0000000082800000|100%| O|  |TAMS 0x0000000082800000, 0x0000000082700000| Complete 
|  40|0x0000000082800000, 0x0000000082900000, 0x0000000082900000|100%| O|  |TAMS 0x0000000082900000, 0x0000000082800000| Complete 
|  41|0x0000000082900000, 0x0000000082a00000, 0x0000000082a00000|100%| O|  |TAMS 0x0000000082a00000, 0x0000000082900000| Complete 
|  42|0x0000000082a00000, 0x0000000082b00000, 0x0000000082b00000|100%| O|  |TAMS 0x0000000082b00000, 0x0000000082a00000| Complete 
|  43|0x0000000082b00000, 0x0000000082c00000, 0x0000000082c00000|100%| O|  |TAMS 0x0000000082c00000, 0x0000000082b00000| Complete 
|  44|0x0000000082c00000, 0x0000000082d00000, 0x0000000082d00000|100%| O|  |TAMS 0x0000000082d00000, 0x0000000082c00000| Untracked 
|  45|0x0000000082d00000, 0x0000000082e00000, 0x0000000082e00000|100%| O|  |TAMS 0x0000000082e00000, 0x0000000082d00000| Untracked 
|  46|0x0000000082e00000, 0x0000000082e00000, 0x0000000082f00000|  0%| F|  |TAMS 0x0000000082e00000, 0x0000000082e00000| Untracked 
|  47|0x0000000082f00000, 0x0000000082f00000, 0x0000000083000000|  0%| F|  |TAMS 0x0000000082f00000, 0x0000000082f00000| Untracked 
|  48|0x0000000083000000, 0x0000000083100000, 0x0000000083100000|100%| O|  |TAMS 0x0000000083100000, 0x0000000083000000| Untracked 
|  49|0x0000000083100000, 0x0000000083200000, 0x0000000083200000|100%| O|  |TAMS 0x0000000083200000, 0x0000000083100000| Untracked 
|  50|0x0000000083200000, 0x0000000083300000, 0x0000000083300000|100%| O|  |TAMS 0x0000000083300000, 0x0000000083200000| Untracked 
|  51|0x0000000083300000, 0x0000000083400000, 0x0000000083400000|100%| O|  |TAMS 0x0000000083400000, 0x0000000083300000| Untracked 
|  52|0x0000000083400000, 0x0000000083500000, 0x0000000083500000|100%| O|  |TAMS 0x0000000083500000, 0x0000000083400000| Untracked 
|  53|0x0000000083500000, 0x0000000083600000, 0x0000000083600000|100%| O|  |TAMS 0x0000000083600000, 0x0000000083500000| Complete 
|  54|0x0000000083600000, 0x0000000083700000, 0x0000000083700000|100%| O|  |TAMS 0x0000000083700000, 0x0000000083600000| Untracked 
|  55|0x0000000083700000, 0x0000000083800000, 0x0000000083800000|100%| O|  |TAMS 0x0000000083800000, 0x0000000083700000| Untracked 
|  56|0x0000000083800000, 0x0000000083900000, 0x0000000083900000|100%| O|  |TAMS 0x0000000083900000, 0x0000000083800000| Untracked 
|  57|0x0000000083900000, 0x0000000083a00000, 0x0000000083a00000|100%| O|  |TAMS 0x0000000083a00000, 0x0000000083900000| Complete 
|  58|0x0000000083a00000, 0x0000000083b00000, 0x0000000083b00000|100%| O|  |TAMS 0x0000000083b00000, 0x0000000083a00000| Untracked 
|  59|0x0000000083b00000, 0x0000000083c00000, 0x0000000083c00000|100%| O|  |TAMS 0x0000000083c00000, 0x0000000083b00000| Untracked 
|  60|0x0000000083c00000, 0x0000000083d00000, 0x0000000083d00000|100%|HS|  |TAMS 0x0000000083d00000, 0x0000000083c00000| Complete 
|  61|0x0000000083d00000, 0x0000000083e00000, 0x0000000083e00000|100%| O|  |TAMS 0x0000000083e00000, 0x0000000083d00000| Untracked 
|  62|0x0000000083e00000, 0x0000000083f00000, 0x0000000083f00000|100%| O|  |TAMS 0x0000000083f00000, 0x0000000083e00000| Complete 
|  63|0x0000000083f00000, 0x0000000084000000, 0x0000000084000000|100%| O|  |TAMS 0x0000000084000000, 0x0000000083f00000| Untracked 
|  64|0x0000000084000000, 0x0000000084100000, 0x0000000084100000|100%| O|  |TAMS 0x0000000084100000, 0x0000000084000000| Untracked 
|  65|0x0000000084100000, 0x0000000084200000, 0x0000000084200000|100%| O|  |TAMS 0x0000000084200000, 0x0000000084100000| Complete 
|  66|0x0000000084200000, 0x0000000084300000, 0x0000000084300000|100%| O|  |TAMS 0x0000000084300000, 0x0000000084200000| Untracked 
|  67|0x0000000084300000, 0x0000000084400000, 0x0000000084400000|100%| O|  |TAMS 0x0000000084400000, 0x0000000084300000| Untracked 
|  68|0x0000000084400000, 0x0000000084500000, 0x0000000084500000|100%| O|  |TAMS 0x0000000084500000, 0x0000000084400000| Complete 
|  69|0x0000000084500000, 0x0000000084600000, 0x0000000084600000|100%| O|  |TAMS 0x0000000084600000, 0x0000000084500000| Complete 
|  70|0x0000000084600000, 0x0000000084700000, 0x0000000084700000|100%| O|  |TAMS 0x0000000084700000, 0x0000000084600000| Complete 
|  71|0x0000000084700000, 0x0000000084800000, 0x0000000084800000|100%| O|  |TAMS 0x0000000084800000, 0x0000000084700000| Untracked 
|  72|0x0000000084800000, 0x0000000084900000, 0x0000000084900000|100%| O|  |TAMS 0x0000000084900000, 0x0000000084800000| Complete 
|  73|0x0000000084900000, 0x0000000084a00000, 0x0000000084a00000|100%| O|  |TAMS 0x0000000084a00000, 0x0000000084900000| Untracked 
|  74|0x0000000084a00000, 0x0000000084b00000, 0x0000000084b00000|100%| O|  |TAMS 0x0000000084b00000, 0x0000000084a00000| Complete 
|  75|0x0000000084b00000, 0x0000000084c00000, 0x0000000084c00000|100%| O|  |TAMS 0x0000000084c00000, 0x0000000084b00000| Untracked 
|  76|0x0000000084c00000, 0x0000000084d00000, 0x0000000084d00000|100%| O|  |TAMS 0x0000000084d00000, 0x0000000084c00000| Untracked 
|  77|0x0000000084d00000, 0x0000000084e00000, 0x0000000084e00000|100%| O|  |TAMS 0x0000000084e00000, 0x0000000084d00000| Untracked 
|  78|0x0000000084e00000, 0x0000000084e00000, 0x0000000084f00000|  0%| F|  |TAMS 0x0000000084e00000, 0x0000000084e00000| Untracked 
|  79|0x0000000084f00000, 0x0000000084f00000, 0x0000000085000000|  0%| F|  |TAMS 0x0000000084f00000, 0x0000000084f00000| Untracked 
|  80|0x0000000085000000, 0x0000000085100000, 0x0000000085100000|100%| O|  |TAMS 0x0000000085100000, 0x0000000085000000| Untracked 
|  81|0x0000000085100000, 0x0000000085200000, 0x0000000085200000|100%| O|  |TAMS 0x0000000085200000, 0x0000000085100000| Complete 
|  82|0x0000000085200000, 0x0000000085300000, 0x0000000085300000|100%| O|  |TAMS 0x0000000085300000, 0x0000000085200000| Untracked 
|  83|0x0000000085300000, 0x0000000085400000, 0x0000000085400000|100%| O|  |TAMS 0x0000000085400000, 0x0000000085300000| Untracked 
|  84|0x0000000085400000, 0x0000000085500000, 0x0000000085500000|100%| O|  |TAMS 0x0000000085500000, 0x0000000085400000| Untracked 
|  85|0x0000000085500000, 0x0000000085600000, 0x0000000085600000|100%| O|  |TAMS 0x0000000085600000, 0x0000000085500000| Complete 
|  86|0x0000000085600000, 0x0000000085700000, 0x0000000085700000|100%| O|  |TAMS 0x0000000085700000, 0x0000000085600000| Complete 
|  87|0x0000000085700000, 0x0000000085800000, 0x0000000085800000|100%| O|  |TAMS 0x0000000085800000, 0x0000000085700000| Untracked 
|  88|0x0000000085800000, 0x0000000085900000, 0x0000000085900000|100%| O|  |TAMS 0x0000000085900000, 0x0000000085800000| Complete 
|  89|0x0000000085900000, 0x0000000085a00000, 0x0000000085a00000|100%| O|  |TAMS 0x0000000085a00000, 0x0000000085900000| Complete 
|  90|0x0000000085a00000, 0x0000000085b00000, 0x0000000085b00000|100%| O|  |TAMS 0x0000000085b00000, 0x0000000085a00000| Untracked 
|  91|0x0000000085b00000, 0x0000000085c00000, 0x0000000085c00000|100%| O|  |TAMS 0x0000000085c00000, 0x0000000085b00000| Complete 
|  92|0x0000000085c00000, 0x0000000085c00000, 0x0000000085d00000|  0%| F|  |TAMS 0x0000000085c00000, 0x0000000085c00000| Untracked 
|  93|0x0000000085d00000, 0x0000000085e00000, 0x0000000085e00000|100%| O|  |TAMS 0x0000000085e00000, 0x0000000085d00000| Complete 
|  94|0x0000000085e00000, 0x0000000085f00000, 0x0000000085f00000|100%| O|  |TAMS 0x0000000085f00000, 0x0000000085e00000| Untracked 
|  95|0x0000000085f00000, 0x0000000086000000, 0x0000000086000000|100%| O|  |TAMS 0x0000000086000000, 0x0000000085f00000| Untracked 
|  96|0x0000000086000000, 0x0000000086100000, 0x0000000086100000|100%| O|  |TAMS 0x0000000086100000, 0x0000000086000000| Complete 
|  97|0x0000000086100000, 0x0000000086200000, 0x0000000086200000|100%| O|  |TAMS 0x0000000086200000, 0x0000000086100000| Untracked 
|  98|0x0000000086200000, 0x0000000086200000, 0x0000000086300000|  0%| F|  |TAMS 0x0000000086200000, 0x0000000086200000| Untracked 
|  99|0x0000000086300000, 0x0000000086400000, 0x0000000086400000|100%| O|  |TAMS 0x0000000086400000, 0x0000000086300000| Untracked 
| 100|0x0000000086400000, 0x0000000086500000, 0x0000000086500000|100%| O|  |TAMS 0x0000000086500000, 0x0000000086400000| Complete 
| 101|0x0000000086500000, 0x0000000086600000, 0x0000000086600000|100%| O|  |TAMS 0x0000000086600000, 0x0000000086500000| Untracked 
| 102|0x0000000086600000, 0x0000000086700000, 0x0000000086700000|100%| O|  |TAMS 0x0000000086700000, 0x0000000086600000| Untracked 
| 103|0x0000000086700000, 0x0000000086800000, 0x0000000086800000|100%| O|  |TAMS 0x0000000086800000, 0x0000000086700000| Untracked 
| 104|0x0000000086800000, 0x0000000086900000, 0x0000000086900000|100%| O|  |TAMS 0x0000000086900000, 0x0000000086800000| Complete 
| 105|0x0000000086900000, 0x0000000086a00000, 0x0000000086a00000|100%| O|  |TAMS 0x0000000086a00000, 0x0000000086900000| Untracked 
| 106|0x0000000086a00000, 0x0000000086b00000, 0x0000000086b00000|100%| O|  |TAMS 0x0000000086b00000, 0x0000000086a00000| Untracked 
| 107|0x0000000086b00000, 0x0000000086c00000, 0x0000000086c00000|100%| O|  |TAMS 0x0000000086c00000, 0x0000000086b00000| Complete 
| 108|0x0000000086c00000, 0x0000000086d00000, 0x0000000086d00000|100%| O|  |TAMS 0x0000000086d00000, 0x0000000086c00000| Complete 
| 109|0x0000000086d00000, 0x0000000086e00000, 0x0000000086e00000|100%| O|  |TAMS 0x0000000086e00000, 0x0000000086d00000| Complete 
| 110|0x0000000086e00000, 0x0000000086f00000, 0x0000000086f00000|100%| O|  |TAMS 0x0000000086f00000, 0x0000000086e00000| Untracked 
| 111|0x0000000086f00000, 0x0000000087000000, 0x0000000087000000|100%| O|  |TAMS 0x0000000087000000, 0x0000000086f00000| Untracked 
| 112|0x0000000087000000, 0x0000000087100000, 0x0000000087100000|100%| O|  |TAMS 0x0000000087100000, 0x0000000087000000| Untracked 
| 113|0x0000000087100000, 0x0000000087200000, 0x0000000087200000|100%| O|  |TAMS 0x0000000087200000, 0x0000000087100000| Untracked 
| 114|0x0000000087200000, 0x0000000087300000, 0x0000000087300000|100%|HS|  |TAMS 0x0000000087300000, 0x0000000087200000| Complete 
| 115|0x0000000087300000, 0x0000000087400000, 0x0000000087400000|100%|HC|  |TAMS 0x0000000087400000, 0x0000000087300000| Complete 
| 116|0x0000000087400000, 0x0000000087500000, 0x0000000087500000|100%|HS|  |TAMS 0x0000000087500000, 0x0000000087400000| Complete 
| 117|0x0000000087500000, 0x0000000087600000, 0x0000000087600000|100%|HC|  |TAMS 0x0000000087600000, 0x0000000087500000| Complete 
| 118|0x0000000087600000, 0x0000000087700000, 0x0000000087700000|100%|HC|  |TAMS 0x0000000087700000, 0x0000000087600000| Complete 
| 119|0x0000000087700000, 0x0000000087800000, 0x0000000087800000|100%|HS|  |TAMS 0x0000000087800000, 0x0000000087700000| Complete 
| 120|0x0000000087800000, 0x0000000087900000, 0x0000000087900000|100%|HC|  |TAMS 0x0000000087900000, 0x0000000087800000| Complete 
| 121|0x0000000087900000, 0x0000000087a00000, 0x0000000087a00000|100%|HC|  |TAMS 0x0000000087a00000, 0x0000000087900000| Complete 
| 122|0x0000000087a00000, 0x0000000087b00000, 0x0000000087b00000|100%|HC|  |TAMS 0x0000000087b00000, 0x0000000087a00000| Complete 
| 123|0x0000000087b00000, 0x0000000087c00000, 0x0000000087c00000|100%|HC|  |TAMS 0x0000000087c00000, 0x0000000087b00000| Complete 
| 124|0x0000000087c00000, 0x0000000087d00000, 0x0000000087d00000|100%|HS|  |TAMS 0x0000000087d00000, 0x0000000087c00000| Complete 
| 125|0x0000000087d00000, 0x0000000087e00000, 0x0000000087e00000|100%|HC|  |TAMS 0x0000000087e00000, 0x0000000087d00000| Complete 
| 126|0x0000000087e00000, 0x0000000087f00000, 0x0000000087f00000|100%|HC|  |TAMS 0x0000000087f00000, 0x0000000087e00000| Complete 
| 127|0x0000000087f00000, 0x0000000088000000, 0x0000000088000000|100%|HC|  |TAMS 0x0000000088000000, 0x0000000087f00000| Complete 
| 128|0x0000000088000000, 0x0000000088100000, 0x0000000088100000|100%|HC|  |TAMS 0x0000000088100000, 0x0000000088000000| Complete 
| 129|0x0000000088100000, 0x0000000088200000, 0x0000000088200000|100%|HS|  |TAMS 0x0000000088200000, 0x0000000088100000| Complete 
| 130|0x0000000088200000, 0x0000000088300000, 0x0000000088300000|100%|HC|  |TAMS 0x0000000088300000, 0x0000000088200000| Complete 
| 131|0x0000000088300000, 0x0000000088400000, 0x0000000088400000|100%|HC|  |TAMS 0x0000000088400000, 0x0000000088300000| Complete 
| 132|0x0000000088400000, 0x0000000088500000, 0x0000000088500000|100%| O|  |TAMS 0x0000000088500000, 0x0000000088400000| Complete 
| 133|0x0000000088500000, 0x0000000088600000, 0x0000000088600000|100%| O|  |TAMS 0x0000000088600000, 0x0000000088500000| Untracked 
| 134|0x0000000088600000, 0x0000000088600000, 0x0000000088700000|  0%| F|  |TAMS 0x0000000088600000, 0x0000000088600000| Untracked 
| 135|0x0000000088700000, 0x0000000088800000, 0x0000000088800000|100%| O|  |TAMS 0x0000000088800000, 0x0000000088700000| Complete 
| 136|0x0000000088800000, 0x0000000088900000, 0x0000000088900000|100%| O|  |TAMS 0x0000000088900000, 0x0000000088800000| Untracked 
| 137|0x0000000088900000, 0x0000000088900000, 0x0000000088a00000|  0%| F|  |TAMS 0x0000000088900000, 0x0000000088900000| Untracked 
| 138|0x0000000088a00000, 0x0000000088b00000, 0x0000000088b00000|100%| O|  |TAMS 0x0000000088b00000, 0x0000000088a00000| Untracked 
| 139|0x0000000088b00000, 0x0000000088c00000, 0x0000000088c00000|100%| O|  |TAMS 0x0000000088c00000, 0x0000000088b00000| Complete 
| 140|0x0000000088c00000, 0x0000000088d00000, 0x0000000088d00000|100%| O|  |TAMS 0x0000000088d00000, 0x0000000088c00000| Untracked 
| 141|0x0000000088d00000, 0x0000000088e00000, 0x0000000088e00000|100%| O|  |TAMS 0x0000000088e00000, 0x0000000088d00000| Complete 
| 142|0x0000000088e00000, 0x0000000088f00000, 0x0000000088f00000|100%| O|  |TAMS 0x0000000088f00000, 0x0000000088e00000| Untracked 
| 143|0x0000000088f00000, 0x0000000088f00000, 0x0000000089000000|  0%| F|  |TAMS 0x0000000088f00000, 0x0000000088f00000| Untracked 
| 144|0x0000000089000000, 0x0000000089100000, 0x0000000089100000|100%|HS|  |TAMS 0x0000000089100000, 0x0000000089000000| Complete 
| 145|0x0000000089100000, 0x0000000089200000, 0x0000000089200000|100%| O|  |TAMS 0x0000000089200000, 0x0000000089100000| Complete 
| 146|0x0000000089200000, 0x0000000089300000, 0x0000000089300000|100%|HS|  |TAMS 0x0000000089300000, 0x0000000089200000| Complete 
| 147|0x0000000089300000, 0x0000000089400000, 0x0000000089400000|100%|HC|  |TAMS 0x0000000089400000, 0x0000000089300000| Complete 
| 148|0x0000000089400000, 0x0000000089500000, 0x0000000089500000|100%|HS|  |TAMS 0x0000000089400000, 0x0000000089400000| Complete 
| 149|0x0000000089500000, 0x0000000089600000, 0x0000000089600000|100%| O|  |TAMS 0x0000000089600000, 0x0000000089500000| Complete 
| 150|0x0000000089600000, 0x0000000089700000, 0x0000000089700000|100%|HS|  |TAMS 0x0000000089700000, 0x0000000089600000| Complete 
| 151|0x0000000089700000, 0x0000000089800000, 0x0000000089800000|100%| O|  |TAMS 0x0000000089700000, 0x0000000089700000| Untracked 
| 152|0x0000000089800000, 0x0000000089900000, 0x0000000089900000|100%| O|  |TAMS 0x0000000089900000, 0x0000000089800000| Complete 
| 153|0x0000000089900000, 0x0000000089a00000, 0x0000000089a00000|100%| O|  |TAMS 0x0000000089900000, 0x0000000089900000| Untracked 
| 154|0x0000000089a00000, 0x0000000089a00000, 0x0000000089b00000|  0%| F|  |TAMS 0x0000000089a00000, 0x0000000089a00000| Untracked 
| 155|0x0000000089b00000, 0x0000000089c00000, 0x0000000089c00000|100%| O|  |TAMS 0x0000000089c00000, 0x0000000089b00000| Complete 
| 156|0x0000000089c00000, 0x0000000089d00000, 0x0000000089d00000|100%|HS|  |TAMS 0x0000000089d00000, 0x0000000089c00000| Complete 
| 157|0x0000000089d00000, 0x0000000089e00000, 0x0000000089e00000|100%| O|  |TAMS 0x0000000089e00000, 0x0000000089d00000| Untracked 
| 158|0x0000000089e00000, 0x0000000089f00000, 0x0000000089f00000|100%| O|  |TAMS 0x0000000089f00000, 0x0000000089e00000| Complete 
| 159|0x0000000089f00000, 0x000000008a000000, 0x000000008a000000|100%| O|  |TAMS 0x0000000089f00000, 0x0000000089f00000| Untracked 
| 160|0x000000008a000000, 0x000000008a100000, 0x000000008a100000|100%| O|  |TAMS 0x000000008a000000, 0x000000008a000000| Untracked 
| 161|0x000000008a100000, 0x000000008a200000, 0x000000008a200000|100%| O|  |TAMS 0x000000008a200000, 0x000000008a100000| Untracked 
| 162|0x000000008a200000, 0x000000008a300000, 0x000000008a300000|100%| O|  |TAMS 0x000000008a200000, 0x000000008a200000| Untracked 
| 163|0x000000008a300000, 0x000000008a400000, 0x000000008a400000|100%| O|  |TAMS 0x000000008a400000, 0x000000008a300000| Untracked 
| 164|0x000000008a400000, 0x000000008a500000, 0x000000008a500000|100%| O|  |TAMS 0x000000008a400000, 0x000000008a400000| Untracked 
| 165|0x000000008a500000, 0x000000008a600000, 0x000000008a600000|100%| O|  |TAMS 0x000000008a600000, 0x000000008a500000| Untracked 
| 166|0x000000008a600000, 0x000000008a700000, 0x000000008a700000|100%| O|  |TAMS 0x000000008a600000, 0x000000008a600000| Untracked 
| 167|0x000000008a700000, 0x000000008a800000, 0x000000008a800000|100%| O|  |TAMS 0x000000008a800000, 0x000000008a700000| Untracked 
| 168|0x000000008a800000, 0x000000008a900000, 0x000000008a900000|100%| O|  |TAMS 0x000000008a800000, 0x000000008a800000| Untracked 
| 169|0x000000008a900000, 0x000000008aa00000, 0x000000008aa00000|100%| O|  |TAMS 0x000000008aa00000, 0x000000008a900000| Complete 
| 170|0x000000008aa00000, 0x000000008ab00000, 0x000000008ab00000|100%| O|  |TAMS 0x000000008ab00000, 0x000000008aa00000| Complete 
| 171|0x000000008ab00000, 0x000000008ac00000, 0x000000008ac00000|100%| O|  |TAMS 0x000000008ac00000, 0x000000008ab00000| Untracked 
| 172|0x000000008ac00000, 0x000000008ad00000, 0x000000008ad00000|100%| O|  |TAMS 0x000000008ad00000, 0x000000008ac00000| Untracked 
| 173|0x000000008ad00000, 0x000000008ae00000, 0x000000008ae00000|100%| O|  |TAMS 0x000000008ae00000, 0x000000008ad00000| Untracked 
| 174|0x000000008ae00000, 0x000000008af00000, 0x000000008af00000|100%| O|  |TAMS 0x000000008af00000, 0x000000008ae00000| Untracked 
| 175|0x000000008af00000, 0x000000008b000000, 0x000000008b000000|100%| O|  |TAMS 0x000000008b000000, 0x000000008af00000| Untracked 
| 176|0x000000008b000000, 0x000000008b100000, 0x000000008b100000|100%| O|  |TAMS 0x000000008b100000, 0x000000008b000000| Untracked 
| 177|0x000000008b100000, 0x000000008b200000, 0x000000008b200000|100%| O|  |TAMS 0x000000008b200000, 0x000000008b100000| Complete 
| 178|0x000000008b200000, 0x000000008b300000, 0x000000008b300000|100%| O|  |TAMS 0x000000008b300000, 0x000000008b200000| Untracked 
| 179|0x000000008b300000, 0x000000008b400000, 0x000000008b400000|100%| O|  |TAMS 0x000000008b400000, 0x000000008b300000| Untracked 
| 180|0x000000008b400000, 0x000000008b400000, 0x000000008b500000|  0%| F|  |TAMS 0x000000008b400000, 0x000000008b400000| Untracked 
| 181|0x000000008b500000, 0x000000008b600000, 0x000000008b600000|100%| O|  |TAMS 0x000000008b600000, 0x000000008b500000| Untracked 
| 182|0x000000008b600000, 0x000000008b700000, 0x000000008b700000|100%| O|  |TAMS 0x000000008b700000, 0x000000008b600000| Complete 
| 183|0x000000008b700000, 0x000000008b700000, 0x000000008b800000|  0%| F|  |TAMS 0x000000008b700000, 0x000000008b700000| Untracked 
| 184|0x000000008b800000, 0x000000008b900000, 0x000000008b900000|100%| O|  |TAMS 0x000000008b900000, 0x000000008b800000| Untracked 
| 185|0x000000008b900000, 0x000000008ba00000, 0x000000008ba00000|100%| O|  |TAMS 0x000000008ba00000, 0x000000008b900000| Complete 
| 186|0x000000008ba00000, 0x000000008bb00000, 0x000000008bb00000|100%| O|  |TAMS 0x000000008bb00000, 0x000000008ba00000| Complete 
| 187|0x000000008bb00000, 0x000000008bc00000, 0x000000008bc00000|100%| O|  |TAMS 0x000000008bc00000, 0x000000008bb00000| Untracked 
| 188|0x000000008bc00000, 0x000000008bd00000, 0x000000008bd00000|100%| O|  |TAMS 0x000000008bd00000, 0x000000008bc00000| Complete 
| 189|0x000000008bd00000, 0x000000008bd00000, 0x000000008be00000|  0%| F|  |TAMS 0x000000008bd00000, 0x000000008bd00000| Untracked 
| 190|0x000000008be00000, 0x000000008bf00000, 0x000000008bf00000|100%| O|  |TAMS 0x000000008bf00000, 0x000000008be00000| Untracked 
| 191|0x000000008bf00000, 0x000000008c000000, 0x000000008c000000|100%| O|  |TAMS 0x000000008c000000, 0x000000008bf00000| Untracked 
| 192|0x000000008c000000, 0x000000008c100000, 0x000000008c100000|100%| O|  |TAMS 0x000000008c100000, 0x000000008c000000| Complete 
| 193|0x000000008c100000, 0x000000008c200000, 0x000000008c200000|100%| O|  |TAMS 0x000000008c200000, 0x000000008c100000| Complete 
| 194|0x000000008c200000, 0x000000008c300000, 0x000000008c300000|100%| O|  |TAMS 0x000000008c300000, 0x000000008c200000| Untracked 
| 195|0x000000008c300000, 0x000000008c400000, 0x000000008c400000|100%| O|  |TAMS 0x000000008c400000, 0x000000008c300000| Complete 
| 196|0x000000008c400000, 0x000000008c400000, 0x000000008c500000|  0%| F|  |TAMS 0x000000008c400000, 0x000000008c400000| Untracked 
| 197|0x000000008c500000, 0x000000008c500000, 0x000000008c600000|  0%| F|  |TAMS 0x000000008c500000, 0x000000008c500000| Untracked 
| 198|0x000000008c600000, 0x000000008c700000, 0x000000008c700000|100%| O|  |TAMS 0x000000008c700000, 0x000000008c600000| Complete 
| 199|0x000000008c700000, 0x000000008c800000, 0x000000008c800000|100%| O|  |TAMS 0x000000008c800000, 0x000000008c700000| Untracked 
| 200|0x000000008c800000, 0x000000008c900000, 0x000000008c900000|100%| O|  |TAMS 0x000000008c900000, 0x000000008c800000| Untracked 
| 201|0x000000008c900000, 0x000000008ca00000, 0x000000008ca00000|100%| O|  |TAMS 0x000000008ca00000, 0x000000008c900000| Untracked 
| 202|0x000000008ca00000, 0x000000008cb00000, 0x000000008cb00000|100%| O|  |TAMS 0x000000008cb00000, 0x000000008ca00000| Complete 
| 203|0x000000008cb00000, 0x000000008cc00000, 0x000000008cc00000|100%| O|  |TAMS 0x000000008cc00000, 0x000000008cb00000| Untracked 
| 204|0x000000008cc00000, 0x000000008cd00000, 0x000000008cd00000|100%| O|  |TAMS 0x000000008cd00000, 0x000000008cc00000| Complete 
| 205|0x000000008cd00000, 0x000000008cd00000, 0x000000008ce00000|  0%| F|  |TAMS 0x000000008cd00000, 0x000000008cd00000| Untracked 
| 206|0x000000008ce00000, 0x000000008ce00000, 0x000000008cf00000|  0%| F|  |TAMS 0x000000008ce00000, 0x000000008ce00000| Untracked 
| 207|0x000000008cf00000, 0x000000008d000000, 0x000000008d000000|100%| O|  |TAMS 0x000000008d000000, 0x000000008cf00000| Complete 
| 208|0x000000008d000000, 0x000000008d100000, 0x000000008d100000|100%|HS|  |TAMS 0x000000008d000000, 0x000000008d000000| Complete 
| 209|0x000000008d100000, 0x000000008d200000, 0x000000008d200000|100%|HC|  |TAMS 0x000000008d100000, 0x000000008d100000| Complete 
| 210|0x000000008d200000, 0x000000008d300000, 0x000000008d300000|100%|HS|  |TAMS 0x000000008d200000, 0x000000008d200000| Complete 
| 211|0x000000008d300000, 0x000000008d400000, 0x000000008d400000|100%|HC|  |TAMS 0x000000008d300000, 0x000000008d300000| Complete 
| 212|0x000000008d400000, 0x000000008d500000, 0x000000008d500000|100%|HS|  |TAMS 0x000000008d400000, 0x000000008d400000| Complete 
| 213|0x000000008d500000, 0x000000008d600000, 0x000000008d600000|100%| O|  |TAMS 0x000000008d500000, 0x000000008d500000| Untracked 
| 214|0x000000008d600000, 0x000000008d700000, 0x000000008d700000|100%| O|  |TAMS 0x000000008d600000, 0x000000008d600000| Untracked 
| 215|0x000000008d700000, 0x000000008d800000, 0x000000008d800000|100%| O|  |TAMS 0x000000008d700000, 0x000000008d700000| Untracked 
| 216|0x000000008d800000, 0x000000008d900000, 0x000000008d900000|100%| O|  |TAMS 0x000000008d800000, 0x000000008d800000| Untracked 
| 217|0x000000008d900000, 0x000000008da00000, 0x000000008da00000|100%| O|  |TAMS 0x000000008d900000, 0x000000008d900000| Untracked 
| 218|0x000000008da00000, 0x000000008db00000, 0x000000008db00000|100%| O|  |TAMS 0x000000008da00000, 0x000000008da00000| Untracked 
| 219|0x000000008db00000, 0x000000008dc00000, 0x000000008dc00000|100%| O|  |TAMS 0x000000008db00000, 0x000000008db00000| Untracked 
| 220|0x000000008dc00000, 0x000000008dd00000, 0x000000008dd00000|100%| O|  |TAMS 0x000000008dc00000, 0x000000008dc00000| Untracked 
| 221|0x000000008dd00000, 0x000000008de00000, 0x000000008de00000|100%| O|  |TAMS 0x000000008dd00000, 0x000000008dd00000| Untracked 
| 222|0x000000008de00000, 0x000000008df00000, 0x000000008df00000|100%| O|  |TAMS 0x000000008de00000, 0x000000008de00000| Untracked 
| 223|0x000000008df00000, 0x000000008df00000, 0x000000008e000000|  0%| F|  |TAMS 0x000000008df00000, 0x000000008df00000| Untracked 
| 224|0x000000008e000000, 0x000000008e000000, 0x000000008e100000|  0%| F|  |TAMS 0x000000008e000000, 0x000000008e000000| Untracked 
| 225|0x000000008e100000, 0x000000008e100000, 0x000000008e200000|  0%| F|  |TAMS 0x000000008e100000, 0x000000008e100000| Untracked 
| 226|0x000000008e200000, 0x000000008e200000, 0x000000008e300000|  0%| F|  |TAMS 0x000000008e200000, 0x000000008e200000| Untracked 
| 227|0x000000008e300000, 0x000000008e300000, 0x000000008e400000|  0%| F|  |TAMS 0x000000008e300000, 0x000000008e300000| Untracked 
| 228|0x000000008e400000, 0x000000008e400000, 0x000000008e500000|  0%| F|  |TAMS 0x000000008e400000, 0x000000008e400000| Untracked 
| 229|0x000000008e500000, 0x000000008e500000, 0x000000008e600000|  0%| F|  |TAMS 0x000000008e500000, 0x000000008e500000| Untracked 
| 230|0x000000008e600000, 0x000000008e600000, 0x000000008e700000|  0%| F|  |TAMS 0x000000008e600000, 0x000000008e600000| Untracked 
| 231|0x000000008e700000, 0x000000008e700000, 0x000000008e800000|  0%| F|  |TAMS 0x000000008e700000, 0x000000008e700000| Untracked 
| 232|0x000000008e800000, 0x000000008e800000, 0x000000008e900000|  0%| F|  |TAMS 0x000000008e800000, 0x000000008e800000| Untracked 
| 233|0x000000008e900000, 0x000000008e900000, 0x000000008ea00000|  0%| F|  |TAMS 0x000000008e900000, 0x000000008e900000| Untracked 
| 234|0x000000008ea00000, 0x000000008ea00000, 0x000000008eb00000|  0%| F|  |TAMS 0x000000008ea00000, 0x000000008ea00000| Untracked 
| 235|0x000000008eb00000, 0x000000008eb00000, 0x000000008ec00000|  0%| F|  |TAMS 0x000000008eb00000, 0x000000008eb00000| Untracked 
| 236|0x000000008ec00000, 0x000000008ec00000, 0x000000008ed00000|  0%| F|  |TAMS 0x000000008ec00000, 0x000000008ec00000| Untracked 
| 237|0x000000008ed00000, 0x000000008ed00000, 0x000000008ee00000|  0%| F|  |TAMS 0x000000008ed00000, 0x000000008ed00000| Untracked 
| 238|0x000000008ee00000, 0x000000008ee00000, 0x000000008ef00000|  0%| F|  |TAMS 0x000000008ee00000, 0x000000008ee00000| Untracked 
| 239|0x000000008ef00000, 0x000000008ef00000, 0x000000008f000000|  0%| F|  |TAMS 0x000000008ef00000, 0x000000008ef00000| Untracked 
| 240|0x000000008f000000, 0x000000008f000000, 0x000000008f100000|  0%| F|  |TAMS 0x000000008f000000, 0x000000008f000000| Untracked 
| 241|0x000000008f100000, 0x000000008f100000, 0x000000008f200000|  0%| F|  |TAMS 0x000000008f100000, 0x000000008f100000| Untracked 
| 242|0x000000008f200000, 0x000000008f200000, 0x000000008f300000|  0%| F|  |TAMS 0x000000008f200000, 0x000000008f200000| Untracked 
| 243|0x000000008f300000, 0x000000008f300000, 0x000000008f400000|  0%| F|  |TAMS 0x000000008f300000, 0x000000008f300000| Untracked 
| 244|0x000000008f400000, 0x000000008f400000, 0x000000008f500000|  0%| F|  |TAMS 0x000000008f400000, 0x000000008f400000| Untracked 
| 245|0x000000008f500000, 0x000000008f500000, 0x000000008f600000|  0%| F|  |TAMS 0x000000008f500000, 0x000000008f500000| Untracked 
| 246|0x000000008f600000, 0x000000008f600000, 0x000000008f700000|  0%| F|  |TAMS 0x000000008f600000, 0x000000008f600000| Untracked 
| 247|0x000000008f700000, 0x000000008f700000, 0x000000008f800000|  0%| F|  |TAMS 0x000000008f700000, 0x000000008f700000| Untracked 
| 248|0x000000008f800000, 0x000000008f800000, 0x000000008f900000|  0%| F|  |TAMS 0x000000008f800000, 0x000000008f800000| Untracked 
| 249|0x000000008f900000, 0x000000008f900000, 0x000000008fa00000|  0%| F|  |TAMS 0x000000008f900000, 0x000000008f900000| Untracked 
| 250|0x000000008fa00000, 0x000000008fa00000, 0x000000008fb00000|  0%| F|  |TAMS 0x000000008fa00000, 0x000000008fa00000| Untracked 
| 251|0x000000008fb00000, 0x000000008fb00000, 0x000000008fc00000|  0%| F|  |TAMS 0x000000008fb00000, 0x000000008fb00000| Untracked 
| 252|0x000000008fc00000, 0x000000008fc00000, 0x000000008fd00000|  0%| F|  |TAMS 0x000000008fc00000, 0x000000008fc00000| Untracked 
| 253|0x000000008fd00000, 0x000000008fd00000, 0x000000008fe00000|  0%| F|  |TAMS 0x000000008fd00000, 0x000000008fd00000| Untracked 
| 254|0x000000008fe00000, 0x000000008fe00000, 0x000000008ff00000|  0%| F|  |TAMS 0x000000008fe00000, 0x000000008fe00000| Untracked 
| 255|0x000000008ff00000, 0x000000008ff00000, 0x0000000090000000|  0%| F|  |TAMS 0x000000008ff00000, 0x000000008ff00000| Untracked 
| 256|0x0000000090000000, 0x0000000090000000, 0x0000000090100000|  0%| F|  |TAMS 0x0000000090000000, 0x0000000090000000| Untracked 
| 257|0x0000000090100000, 0x0000000090100000, 0x0000000090200000|  0%| F|  |TAMS 0x0000000090100000, 0x0000000090100000| Untracked 
| 258|0x0000000090200000, 0x0000000090200000, 0x0000000090300000|  0%| F|  |TAMS 0x0000000090200000, 0x0000000090200000| Untracked 
| 259|0x0000000090300000, 0x0000000090300000, 0x0000000090400000|  0%| F|  |TAMS 0x0000000090300000, 0x0000000090300000| Untracked 
| 260|0x0000000090400000, 0x0000000090400000, 0x0000000090500000|  0%| F|  |TAMS 0x0000000090400000, 0x0000000090400000| Untracked 
| 261|0x0000000090500000, 0x0000000090500000, 0x0000000090600000|  0%| F|  |TAMS 0x0000000090500000, 0x0000000090500000| Untracked 
| 262|0x0000000090600000, 0x0000000090600000, 0x0000000090700000|  0%| F|  |TAMS 0x0000000090600000, 0x0000000090600000| Untracked 
| 263|0x0000000090700000, 0x0000000090700000, 0x0000000090800000|  0%| F|  |TAMS 0x0000000090700000, 0x0000000090700000| Untracked 
| 264|0x0000000090800000, 0x0000000090800000, 0x0000000090900000|  0%| F|  |TAMS 0x0000000090800000, 0x0000000090800000| Untracked 
| 265|0x0000000090900000, 0x0000000090900000, 0x0000000090a00000|  0%| F|  |TAMS 0x0000000090900000, 0x0000000090900000| Untracked 
| 266|0x0000000090a00000, 0x0000000090a00000, 0x0000000090b00000|  0%| F|  |TAMS 0x0000000090a00000, 0x0000000090a00000| Untracked 
| 267|0x0000000090b00000, 0x0000000090b00000, 0x0000000090c00000|  0%| F|  |TAMS 0x0000000090b00000, 0x0000000090b00000| Untracked 
| 268|0x0000000090c00000, 0x0000000090c00000, 0x0000000090d00000|  0%| F|  |TAMS 0x0000000090c00000, 0x0000000090c00000| Untracked 
| 269|0x0000000090d00000, 0x0000000090d00000, 0x0000000090e00000|  0%| F|  |TAMS 0x0000000090d00000, 0x0000000090d00000| Untracked 
| 270|0x0000000090e00000, 0x0000000090e00000, 0x0000000090f00000|  0%| F|  |TAMS 0x0000000090e00000, 0x0000000090e00000| Untracked 
| 271|0x0000000090f00000, 0x0000000090f00000, 0x0000000091000000|  0%| F|  |TAMS 0x0000000090f00000, 0x0000000090f00000| Untracked 
| 272|0x0000000091000000, 0x0000000091000000, 0x0000000091100000|  0%| F|  |TAMS 0x0000000091000000, 0x0000000091000000| Untracked 
| 273|0x0000000091100000, 0x0000000091100000, 0x0000000091200000|  0%| F|  |TAMS 0x0000000091100000, 0x0000000091100000| Untracked 
| 274|0x0000000091200000, 0x0000000091200000, 0x0000000091300000|  0%| F|  |TAMS 0x0000000091200000, 0x0000000091200000| Untracked 
| 275|0x0000000091300000, 0x0000000091300000, 0x0000000091400000|  0%| F|  |TAMS 0x0000000091300000, 0x0000000091300000| Untracked 
| 276|0x0000000091400000, 0x0000000091400000, 0x0000000091500000|  0%| F|  |TAMS 0x0000000091400000, 0x0000000091400000| Untracked 
| 277|0x0000000091500000, 0x0000000091500000, 0x0000000091600000|  0%| F|  |TAMS 0x0000000091500000, 0x0000000091500000| Untracked 
| 278|0x0000000091600000, 0x0000000091600000, 0x0000000091700000|  0%| F|  |TAMS 0x0000000091600000, 0x0000000091600000| Untracked 
| 279|0x0000000091700000, 0x0000000091700000, 0x0000000091800000|  0%| F|  |TAMS 0x0000000091700000, 0x0000000091700000| Untracked 
| 280|0x0000000091800000, 0x0000000091800000, 0x0000000091900000|  0%| F|  |TAMS 0x0000000091800000, 0x0000000091800000| Untracked 
| 281|0x0000000091900000, 0x0000000091900000, 0x0000000091a00000|  0%| F|  |TAMS 0x0000000091900000, 0x0000000091900000| Untracked 
| 282|0x0000000091a00000, 0x0000000091a00000, 0x0000000091b00000|  0%| F|  |TAMS 0x0000000091a00000, 0x0000000091a00000| Untracked 
| 283|0x0000000091b00000, 0x0000000091b00000, 0x0000000091c00000|  0%| F|  |TAMS 0x0000000091b00000, 0x0000000091b00000| Untracked 
| 284|0x0000000091c00000, 0x0000000091c00000, 0x0000000091d00000|  0%| F|  |TAMS 0x0000000091c00000, 0x0000000091c00000| Untracked 
| 285|0x0000000091d00000, 0x0000000091d00000, 0x0000000091e00000|  0%| F|  |TAMS 0x0000000091d00000, 0x0000000091d00000| Untracked 
| 286|0x0000000091e00000, 0x0000000091e00000, 0x0000000091f00000|  0%| F|  |TAMS 0x0000000091e00000, 0x0000000091e00000| Untracked 
| 287|0x0000000091f00000, 0x0000000091f00000, 0x0000000092000000|  0%| F|  |TAMS 0x0000000091f00000, 0x0000000091f00000| Untracked 
| 288|0x0000000092000000, 0x0000000092000000, 0x0000000092100000|  0%| F|  |TAMS 0x0000000092000000, 0x0000000092000000| Untracked 
| 289|0x0000000092100000, 0x0000000092100000, 0x0000000092200000|  0%| F|  |TAMS 0x0000000092100000, 0x0000000092100000| Untracked 
| 290|0x0000000092200000, 0x0000000092200000, 0x0000000092300000|  0%| F|  |TAMS 0x0000000092200000, 0x0000000092200000| Untracked 
| 291|0x0000000092300000, 0x0000000092300000, 0x0000000092400000|  0%| F|  |TAMS 0x0000000092300000, 0x0000000092300000| Untracked 
| 292|0x0000000092400000, 0x0000000092400000, 0x0000000092500000|  0%| F|  |TAMS 0x0000000092400000, 0x0000000092400000| Untracked 
| 293|0x0000000092500000, 0x0000000092500000, 0x0000000092600000|  0%| F|  |TAMS 0x0000000092500000, 0x0000000092500000| Untracked 
| 294|0x0000000092600000, 0x0000000092600000, 0x0000000092700000|  0%| F|  |TAMS 0x0000000092600000, 0x0000000092600000| Untracked 
| 295|0x0000000092700000, 0x0000000092700000, 0x0000000092800000|  0%| F|  |TAMS 0x0000000092700000, 0x0000000092700000| Untracked 
| 296|0x0000000092800000, 0x0000000092800000, 0x0000000092900000|  0%| F|  |TAMS 0x0000000092800000, 0x0000000092800000| Untracked 
| 297|0x0000000092900000, 0x0000000092900000, 0x0000000092a00000|  0%| F|  |TAMS 0x0000000092900000, 0x0000000092900000| Untracked 
| 298|0x0000000092a00000, 0x0000000092a00000, 0x0000000092b00000|  0%| F|  |TAMS 0x0000000092a00000, 0x0000000092a00000| Untracked 
| 299|0x0000000092b00000, 0x0000000092b00000, 0x0000000092c00000|  0%| F|  |TAMS 0x0000000092b00000, 0x0000000092b00000| Untracked 
| 300|0x0000000092c00000, 0x0000000092c00000, 0x0000000092d00000|  0%| F|  |TAMS 0x0000000092c00000, 0x0000000092c00000| Untracked 
| 301|0x0000000092d00000, 0x0000000092d00000, 0x0000000092e00000|  0%| F|  |TAMS 0x0000000092d00000, 0x0000000092d00000| Untracked 
| 302|0x0000000092e00000, 0x0000000092e00000, 0x0000000092f00000|  0%| F|  |TAMS 0x0000000092e00000, 0x0000000092e00000| Untracked 
| 303|0x0000000092f00000, 0x0000000092f00000, 0x0000000093000000|  0%| F|  |TAMS 0x0000000092f00000, 0x0000000092f00000| Untracked 
| 304|0x0000000093000000, 0x0000000093000000, 0x0000000093100000|  0%| F|  |TAMS 0x0000000093000000, 0x0000000093000000| Untracked 
| 305|0x0000000093100000, 0x0000000093100000, 0x0000000093200000|  0%| F|  |TAMS 0x0000000093100000, 0x0000000093100000| Untracked 
| 306|0x0000000093200000, 0x0000000093200000, 0x0000000093300000|  0%| F|  |TAMS 0x0000000093200000, 0x0000000093200000| Untracked 
| 307|0x0000000093300000, 0x0000000093300000, 0x0000000093400000|  0%| F|  |TAMS 0x0000000093300000, 0x0000000093300000| Untracked 
| 308|0x0000000093400000, 0x0000000093400000, 0x0000000093500000|  0%| F|  |TAMS 0x0000000093400000, 0x0000000093400000| Untracked 
| 309|0x0000000093500000, 0x0000000093500000, 0x0000000093600000|  0%| F|  |TAMS 0x0000000093500000, 0x0000000093500000| Untracked 
| 310|0x0000000093600000, 0x0000000093600000, 0x0000000093700000|  0%| F|  |TAMS 0x0000000093600000, 0x0000000093600000| Untracked 
| 311|0x0000000093700000, 0x0000000093700000, 0x0000000093800000|  0%| F|  |TAMS 0x0000000093700000, 0x0000000093700000| Untracked 
| 312|0x0000000093800000, 0x0000000093800000, 0x0000000093900000|  0%| F|  |TAMS 0x0000000093800000, 0x0000000093800000| Untracked 
| 313|0x0000000093900000, 0x0000000093900000, 0x0000000093a00000|  0%| F|  |TAMS 0x0000000093900000, 0x0000000093900000| Untracked 
| 314|0x0000000093a00000, 0x0000000093a00000, 0x0000000093b00000|  0%| F|  |TAMS 0x0000000093a00000, 0x0000000093a00000| Untracked 
| 315|0x0000000093b00000, 0x0000000093b00000, 0x0000000093c00000|  0%| F|  |TAMS 0x0000000093b00000, 0x0000000093b00000| Untracked 
| 316|0x0000000093c00000, 0x0000000093c00000, 0x0000000093d00000|  0%| F|  |TAMS 0x0000000093c00000, 0x0000000093c00000| Untracked 
| 317|0x0000000093d00000, 0x0000000093d00000, 0x0000000093e00000|  0%| F|  |TAMS 0x0000000093d00000, 0x0000000093d00000| Untracked 
| 318|0x0000000093e00000, 0x0000000093e00000, 0x0000000093f00000|  0%| F|  |TAMS 0x0000000093e00000, 0x0000000093e00000| Untracked 
| 319|0x0000000093f00000, 0x0000000093f00000, 0x0000000094000000|  0%| F|  |TAMS 0x0000000093f00000, 0x0000000093f00000| Untracked 
| 320|0x0000000094000000, 0x0000000094000000, 0x0000000094100000|  0%| F|  |TAMS 0x0000000094000000, 0x0000000094000000| Untracked 
| 321|0x0000000094100000, 0x0000000094100000, 0x0000000094200000|  0%| F|  |TAMS 0x0000000094100000, 0x0000000094100000| Untracked 
| 322|0x0000000094200000, 0x0000000094200000, 0x0000000094300000|  0%| F|  |TAMS 0x0000000094200000, 0x0000000094200000| Untracked 
| 323|0x0000000094300000, 0x0000000094300000, 0x0000000094400000|  0%| F|  |TAMS 0x0000000094300000, 0x0000000094300000| Untracked 
| 324|0x0000000094400000, 0x0000000094400000, 0x0000000094500000|  0%| F|  |TAMS 0x0000000094400000, 0x0000000094400000| Untracked 
| 325|0x0000000094500000, 0x0000000094500000, 0x0000000094600000|  0%| F|  |TAMS 0x0000000094500000, 0x0000000094500000| Untracked 
| 326|0x0000000094600000, 0x0000000094700000, 0x0000000094700000|100%| S|CS|TAMS 0x0000000094600000, 0x0000000094600000| Complete 
| 327|0x0000000094700000, 0x0000000094800000, 0x0000000094800000|100%| S|CS|TAMS 0x0000000094700000, 0x0000000094700000| Complete 
| 328|0x0000000094800000, 0x0000000094800000, 0x0000000094900000|  0%| F|  |TAMS 0x0000000094800000, 0x0000000094800000| Untracked 
| 329|0x0000000094900000, 0x0000000094900000, 0x0000000094a00000|  0%| F|  |TAMS 0x0000000094900000, 0x0000000094900000| Untracked 
| 330|0x0000000094a00000, 0x0000000094a00000, 0x0000000094b00000|  0%| F|  |TAMS 0x0000000094a00000, 0x0000000094a00000| Untracked 
| 331|0x0000000094b00000, 0x0000000094b00000, 0x0000000094c00000|  0%| F|  |TAMS 0x0000000094b00000, 0x0000000094b00000| Untracked 
| 332|0x0000000094c00000, 0x0000000094c00000, 0x0000000094d00000|  0%| F|  |TAMS 0x0000000094c00000, 0x0000000094c00000| Untracked 
| 333|0x0000000094d00000, 0x0000000094d00000, 0x0000000094e00000|  0%| F|  |TAMS 0x0000000094d00000, 0x0000000094d00000| Untracked 
| 334|0x0000000094e00000, 0x0000000094e00000, 0x0000000094f00000|  0%| F|  |TAMS 0x0000000094e00000, 0x0000000094e00000| Untracked 
| 335|0x0000000094f00000, 0x0000000094f00000, 0x0000000095000000|  0%| F|  |TAMS 0x0000000094f00000, 0x0000000094f00000| Untracked 
| 336|0x0000000095000000, 0x0000000095000000, 0x0000000095100000|  0%| F|  |TAMS 0x0000000095000000, 0x0000000095000000| Untracked 
| 337|0x0000000095100000, 0x0000000095100000, 0x0000000095200000|  0%| F|  |TAMS 0x0000000095100000, 0x0000000095100000| Untracked 

Card table byte_map: [0x00000237cc740000,0x00000237ccb40000] _byte_map_base: 0x00000237cc340000

Marking Bits (Prev, Next): (CMBitMap*) 0x00000237b9c91688, (CMBitMap*) 0x00000237b9c916c0
 Prev Bits: [0x00000237ccf40000, 0x00000237cef40000)
 Next Bits: [0x00000237cef40000, 0x00000237d0f40000)

Polling page: 0x00000237b7ab0000

Metaspace:

Usage:
  Non-class:    170.98 MB capacity,   168.03 MB ( 98%) used,     2.32 MB (  1%) free+waste,   641.75 KB ( <1%) overhead. 
      Class:     25.21 MB capacity,    23.39 MB ( 93%) used,     1.55 MB (  6%) free+waste,   273.69 KB (  1%) overhead. 
       Both:    196.19 MB capacity,   191.42 MB ( 98%) used,     3.87 MB (  2%) free+waste,   915.44 KB ( <1%) overhead. 

Virtual space:
  Non-class space:      172.00 MB reserved,     171.00 MB (>99%) committed 
      Class space:        1.00 GB reserved,      25.25 MB (  2%) committed 
             Both:        1.17 GB reserved,     196.25 MB ( 16%) committed 

Chunk freelists:
   Non-Class:  24.00 KB
       Class:  10.00 KB
        Both:  34.00 KB

MaxMetaspaceSize: 17179869184.00 GB
CompressedClassSpaceSize: 1.00 GB

CodeHeap 'non-profiled nmethods': size=120064Kb used=30286Kb max_used=30286Kb free=89777Kb
 bounds [0x00000237c5200000, 0x00000237c6fb0000, 0x00000237cc740000]
CodeHeap 'profiled nmethods': size=120000Kb used=75065Kb max_used=75990Kb free=44935Kb
 bounds [0x00000237bdcd0000, 0x00000237c2940000, 0x00000237c5200000]
CodeHeap 'non-nmethods': size=5696Kb used=2406Kb max_used=2469Kb free=3289Kb
 bounds [0x00000237bd740000, 0x00000237bd9c0000, 0x00000237bdcd0000]
 total_blobs=33281 nmethods=32238 adapters=953
 compilation: enabled
              stopped_count=0, restarted_count=0
 full_count=0

Compilation events (20 events):
Event: 9728.327 Thread 0x00000237d330f000 nmethod 42926 0x00000237c6f9f490 code [0x00000237c6f9f640, 0x00000237c6f9f738]
Event: 9728.327 Thread 0x00000237d330f000 42928       4       com.android.tools.r8.internal.j8::a (24 bytes)
Event: 9728.339 Thread 0x00000237d330f000 nmethod 42928 0x00000237c6f9f890 code [0x00000237c6f9fa80, 0x00000237c6fa0078]
Event: 9728.339 Thread 0x00000237d330f000 42927       4       com.android.tools.r8.internal.i8::a (28 bytes)
Event: 9728.344 Thread 0x00000237d3cb9000 42930       3       java.util.stream.SortedOps$SizedRefSortingSink::accept (18 bytes)
Event: 9728.344 Thread 0x00000237d3cb9000 nmethod 42930 0x00000237bfd66a10 code [0x00000237bfd66be0, 0x00000237bfd66e78]
Event: 9728.346 Thread 0x00000237d3cb9000 42931       3       com.android.tools.r8.internal.Su$$Lambda$2837/0x00000001018ed840::compare (20 bytes)
Event: 9728.346 Thread 0x00000237d3cb9000 nmethod 42931 0x00000237bfe35190 code [0x00000237bfe35360, 0x00000237bfe35668]
Event: 9728.347 Thread 0x00000237d3cb9000 42932       3       com.android.tools.r8.internal.Su$b::a (155 bytes)
Event: 9728.348 Thread 0x00000237d3cb9000 nmethod 42932 0x00000237c014cd90 code [0x00000237c014d000, 0x00000237c014dab8]
Event: 9728.348 Thread 0x00000237d3cb9000 42933       3       com.android.tools.r8.internal.Su::a (40 bytes)
Event: 9728.349 Thread 0x00000237d3cb9000 nmethod 42933 0x00000237c01e6890 code [0x00000237c01e6ae0, 0x00000237c01e7388]
Event: 9728.352 Thread 0x00000237d3cb9000 42935       3       com.android.tools.r8.internal.oa::a (21 bytes)
Event: 9728.352 Thread 0x00000237d3cb9000 nmethod 42935 0x00000237bfe37190 code [0x00000237bfe37360, 0x00000237bfe37568]
Event: 9728.353 Thread 0x00000237d330f000 nmethod 42927 0x00000237c6fa0690 code [0x00000237c6fa08a0, 0x00000237c6fa0f18]
Event: 9728.353 Thread 0x00000237d330f000 42929       4       com.android.tools.r8.internal.Su::a (112 bytes)
Event: 9728.368 Thread 0x00000237d3cb9000 42937       3       com.android.tools.r8.graph.I0::a (154 bytes)
Event: 9728.369 Thread 0x00000237d3cb9000 nmethod 42937 0x00000237bfe8da10 code [0x00000237bfe8dc40, 0x00000237bfe8e438]
Event: 9728.369 Thread 0x00000237d3cb9000 42938       3       com.android.tools.r8.graph.c$$Lambda$2183/0x00000001016aec40::apply (12 bytes)
Event: 9728.370 Thread 0x00000237d3cb9000 nmethod 42938 0x00000237bfe36c10 code [0x00000237bfe36de0, 0x00000237bfe37088]

GC Heap History (20 events):
Event: 9716.968 GC heap after
{Heap after GC invocations=380 (full 0):
 garbage-first heap   total 346112K, used 157478K [0x0000000080000000, 0x0000000100000000)
  region size 1024K, 4 young (4096K), 4 survivors (4096K)
 Metaspace       used 195005K, capacity 199932K, committed 200064K, reserved 1224704K
  class space    used 23843K, capacity 25692K, committed 25728K, reserved 1048576K
}
Event: 9717.209 GC heap before
{Heap before GC invocations=380 (full 0):
 garbage-first heap   total 346112K, used 183078K [0x0000000080000000, 0x0000000100000000)
  region size 1024K, 30 young (30720K), 4 survivors (4096K)
 Metaspace       used 195007K, capacity 199932K, committed 200064K, reserved 1224704K
  class space    used 23843K, capacity 25692K, committed 25728K, reserved 1048576K
}
Event: 9717.227 GC heap after
{Heap after GC invocations=381 (full 0):
 garbage-first heap   total 346112K, used 159341K [0x0000000080000000, 0x0000000100000000)
  region size 1024K, 6 young (6144K), 6 survivors (6144K)
 Metaspace       used 195007K, capacity 199932K, committed 200064K, reserved 1224704K
  class space    used 23843K, capacity 25692K, committed 25728K, reserved 1048576K
}
Event: 9719.026 GC heap before
{Heap before GC invocations=382 (full 0):
 garbage-first heap   total 346112K, used 278125K [0x0000000080000000, 0x0000000100000000)
  region size 1024K, 121 young (123904K), 6 survivors (6144K)
 Metaspace       used 195013K, capacity 199932K, committed 200064K, reserved 1224704K
  class space    used 23843K, capacity 25692K, committed 25728K, reserved 1048576K
}
Event: 9719.046 GC heap after
{Heap after GC invocations=383 (full 0):
 garbage-first heap   total 346112K, used 156932K [0x0000000080000000, 0x0000000100000000)
  region size 1024K, 3 young (3072K), 3 survivors (3072K)
 Metaspace       used 195013K, capacity 199932K, committed 200064K, reserved 1224704K
  class space    used 23843K, capacity 25692K, committed 25728K, reserved 1048576K
}
Event: 9719.355 GC heap before
{Heap before GC invocations=383 (full 0):
 garbage-first heap   total 346112K, used 170244K [0x0000000080000000, 0x0000000100000000)
  region size 1024K, 16 young (16384K), 3 survivors (3072K)
 Metaspace       used 195013K, capacity 199932K, committed 200064K, reserved 1224704K
  class space    used 23843K, capacity 25692K, committed 25728K, reserved 1048576K
}
Event: 9719.372 GC heap after
{Heap after GC invocations=384 (full 0):
 garbage-first heap   total 346112K, used 154881K [0x0000000080000000, 0x0000000100000000)
  region size 1024K, 1 young (1024K), 1 survivors (1024K)
 Metaspace       used 195013K, capacity 199932K, committed 200064K, reserved 1224704K
  class space    used 23843K, capacity 25692K, committed 25728K, reserved 1048576K
}
Event: 9721.797 GC heap before
{Heap before GC invocations=384 (full 0):
 garbage-first heap   total 346112K, used 286977K [0x0000000080000000, 0x0000000100000000)
  region size 1024K, 125 young (128000K), 1 survivors (1024K)
 Metaspace       used 195194K, capacity 200080K, committed 200320K, reserved 1224704K
  class space    used 23862K, capacity 25696K, committed 25728K, reserved 1048576K
}
Event: 9721.812 GC heap after
{Heap after GC invocations=385 (full 0):
 garbage-first heap   total 346112K, used 162072K [0x0000000080000000, 0x0000000100000000)
  region size 1024K, 3 young (3072K), 3 survivors (3072K)
 Metaspace       used 195194K, capacity 200080K, committed 200320K, reserved 1224704K
  class space    used 23862K, capacity 25696K, committed 25728K, reserved 1048576K
}
Event: 9721.876 GC heap before
{Heap before GC invocations=385 (full 0):
 garbage-first heap   total 346112K, used 164120K [0x0000000080000000, 0x0000000100000000)
  region size 1024K, 6 young (6144K), 3 survivors (3072K)
 Metaspace       used 195194K, capacity 200080K, committed 200320K, reserved 1224704K
  class space    used 23862K, capacity 25696K, committed 25728K, reserved 1048576K
}
Event: 9721.890 GC heap after
{Heap after GC invocations=386 (full 0):
 garbage-first heap   total 346112K, used 163632K [0x0000000080000000, 0x0000000100000000)
  region size 1024K, 5 young (5120K), 5 survivors (5120K)
 Metaspace       used 195194K, capacity 200080K, committed 200320K, reserved 1224704K
  class space    used 23862K, capacity 25696K, committed 25728K, reserved 1048576K
}
Event: 9724.029 GC heap before
{Heap before GC invocations=387 (full 0):
 garbage-first heap   total 346112K, used 263984K [0x0000000080000000, 0x0000000100000000)
  region size 1024K, 91 young (93184K), 5 survivors (5120K)
 Metaspace       used 195963K, capacity 200893K, committed 200960K, reserved 1224704K
  class space    used 23948K, capacity 25814K, committed 25856K, reserved 1048576K
}
Event: 9724.220 GC heap after
{Heap after GC invocations=388 (full 0):
 garbage-first heap   total 346112K, used 209739K [0x0000000080000000, 0x0000000100000000)
  region size 1024K, 12 young (12288K), 12 survivors (12288K)
 Metaspace       used 195963K, capacity 200893K, committed 200960K, reserved 1224704K
  class space    used 23948K, capacity 25814K, committed 25856K, reserved 1048576K
}
Event: 9724.576 GC heap before
{Heap before GC invocations=388 (full 0):
 garbage-first heap   total 346112K, used 213835K [0x0000000080000000, 0x0000000100000000)
  region size 1024K, 16 young (16384K), 12 survivors (12288K)
 Metaspace       used 195963K, capacity 200893K, committed 200960K, reserved 1224704K
  class space    used 23948K, capacity 25814K, committed 25856K, reserved 1048576K
}
Event: 9724.754 GC heap after
{Heap after GC invocations=389 (full 0):
 garbage-first heap   total 346112K, used 202752K [0x0000000080000000, 0x0000000100000000)
  region size 1024K, 2 young (2048K), 2 survivors (2048K)
 Metaspace       used 195963K, capacity 200893K, committed 200960K, reserved 1224704K
  class space    used 23948K, capacity 25814K, committed 25856K, reserved 1048576K
}
Event: 9725.700 GC heap before
{Heap before GC invocations=389 (full 0):
 garbage-first heap   total 346112K, used 261120K [0x0000000080000000, 0x0000000100000000)
  region size 1024K, 59 young (60416K), 2 survivors (2048K)
 Metaspace       used 196009K, capacity 200894K, committed 200960K, reserved 1224704K
  class space    used 23948K, capacity 25814K, committed 25856K, reserved 1048576K
}
Event: 9725.804 GC heap after
{Heap after GC invocations=390 (full 0):
 garbage-first heap   total 346112K, used 218112K [0x0000000080000000, 0x0000000100000000)
  region size 1024K, 8 young (8192K), 8 survivors (8192K)
 Metaspace       used 196009K, capacity 200894K, committed 200960K, reserved 1224704K
  class space    used 23948K, capacity 25814K, committed 25856K, reserved 1048576K
}
Event: 9727.840 GC heap before
{Heap before GC invocations=391 (full 0):
 garbage-first heap   total 346112K, used 264192K [0x0000000080000000, 0x0000000100000000)
  region size 1024K, 58 young (59392K), 8 survivors (8192K)
 Metaspace       used 196013K, capacity 200894K, committed 200960K, reserved 1224704K
  class space    used 23948K, capacity 25814K, committed 25856K, reserved 1048576K
}
Event: 9727.931 GC heap after
{Heap after GC invocations=392 (full 0):
 garbage-first heap   total 346112K, used 218112K [0x0000000080000000, 0x0000000100000000)
  region size 1024K, 6 young (6144K), 6 survivors (6144K)
 Metaspace       used 196013K, capacity 200894K, committed 200960K, reserved 1224704K
  class space    used 23948K, capacity 25814K, committed 25856K, reserved 1048576K
}
Event: 9728.419 GC heap before
{Heap before GC invocations=392 (full 0):
 garbage-first heap   total 346112K, used 232448K [0x0000000080000000, 0x0000000100000000)
  region size 1024K, 16 young (16384K), 6 survivors (6144K)
 Metaspace       used 196014K, capacity 200894K, committed 200960K, reserved 1224704K
  class space    used 23948K, capacity 25814K, committed 25856K, reserved 1048576K
}

Deoptimization events (20 events):
Event: 9728.111 Thread 0x00000237d6af6800 DEOPT PACKING pc=0x00000237bef0d1ab sp=0x000000db3bdfdac0
Event: 9728.111 Thread 0x00000237d6af6800 DEOPT UNPACKING pc=0x00000237bd7671ce sp=0x000000db3bdfcf68 mode 0
Event: 9728.342 Thread 0x00000237e1c1f000 DEOPT PACKING pc=0x00000237be42fed9 sp=0x000000db3c3fe3a0
Event: 9728.342 Thread 0x00000237e1c1f000 DEOPT UNPACKING pc=0x00000237bd7671ce sp=0x000000db3c3fd8c8 mode 0
Event: 9728.368 Thread 0x00000237e1c1f000 Uncommon trap: trap_request=0xffffffde fr.pc=0x00000237c6fa0c98 relative=0x00000000000003f8
Event: 9728.368 Thread 0x00000237e1c1f000 Uncommon trap: reason=class_check action=maybe_recompile pc=0x00000237c6fa0c98 method=com.android.tools.r8.internal.i8.a(Lcom/android/tools/r8/graph/d0;Lcom/android/tools/r8/graph/d0;)I @ 24 c2
Event: 9728.368 Thread 0x00000237e1c1f000 DEOPT PACKING pc=0x00000237c6fa0c98 sp=0x000000db3c3fdff0
Event: 9728.368 Thread 0x00000237e1c1f000 DEOPT UNPACKING pc=0x00000237bd7673af sp=0x000000db3c3fdf88 mode 2
Event: 9728.368 Thread 0x00000237e1c1f000 Uncommon trap: trap_request=0xffffffde fr.pc=0x00000237c6fa0c98 relative=0x00000000000003f8
Event: 9728.368 Thread 0x00000237e1c1f000 Uncommon trap: reason=class_check action=maybe_recompile pc=0x00000237c6fa0c98 method=com.android.tools.r8.internal.i8.a(Lcom/android/tools/r8/graph/d0;Lcom/android/tools/r8/graph/d0;)I @ 24 c2
Event: 9728.368 Thread 0x00000237e1c1f000 DEOPT PACKING pc=0x00000237c6fa0c98 sp=0x000000db3c3fdff0
Event: 9728.368 Thread 0x00000237e1c1f000 DEOPT UNPACKING pc=0x00000237bd7673af sp=0x000000db3c3fdf88 mode 2
Event: 9728.368 Thread 0x00000237e1c1f000 Uncommon trap: trap_request=0xffffffde fr.pc=0x00000237c6fa0c98 relative=0x00000000000003f8
Event: 9728.368 Thread 0x00000237e1c1f000 Uncommon trap: reason=class_check action=maybe_recompile pc=0x00000237c6fa0c98 method=com.android.tools.r8.internal.i8.a(Lcom/android/tools/r8/graph/d0;Lcom/android/tools/r8/graph/d0;)I @ 24 c2
Event: 9728.368 Thread 0x00000237e1c1f000 DEOPT PACKING pc=0x00000237c6fa0c98 sp=0x000000db3c3fdff0
Event: 9728.368 Thread 0x00000237e1c1f000 DEOPT UNPACKING pc=0x00000237bd7673af sp=0x000000db3c3fdf88 mode 2
Event: 9728.368 Thread 0x00000237e1c1f000 Uncommon trap: trap_request=0xffffffde fr.pc=0x00000237c6fa0c98 relative=0x00000000000003f8
Event: 9728.368 Thread 0x00000237e1c1f000 Uncommon trap: reason=class_check action=maybe_recompile pc=0x00000237c6fa0c98 method=com.android.tools.r8.internal.i8.a(Lcom/android/tools/r8/graph/d0;Lcom/android/tools/r8/graph/d0;)I @ 24 c2
Event: 9728.368 Thread 0x00000237e1c1f000 DEOPT PACKING pc=0x00000237c6fa0c98 sp=0x000000db3c3fdff0
Event: 9728.368 Thread 0x00000237e1c1f000 DEOPT UNPACKING pc=0x00000237bd7673af sp=0x000000db3c3fdf88 mode 2

Classes redefined (0 events):
No events

Internal exceptions (20 events):
Event: 9704.414 Thread 0x00000237d66f6800 Exception <a 'sun/nio/fs/WindowsException'{0x000000008e052050}> (0x000000008e052050) thrown at [./src/hotspot/share/prims/jni.cpp, line 615]
Event: 9704.486 Thread 0x00000237d66f6800 Exception <a 'sun/nio/fs/WindowsException'{0x000000008e0b0de0}> (0x000000008e0b0de0) thrown at [./src/hotspot/share/prims/jni.cpp, line 615]
Event: 9704.566 Thread 0x00000237d66f6800 Exception <a 'sun/nio/fs/WindowsException'{0x000000008d808098}> (0x000000008d808098) thrown at [./src/hotspot/share/prims/jni.cpp, line 615]
Event: 9704.591 Thread 0x00000237d6af4000 Exception <a 'sun/nio/fs/WindowsException'{0x000000008de29850}> (0x000000008de29850) thrown at [./src/hotspot/share/prims/jni.cpp, line 615]
Event: 9704.624 Thread 0x00000237d6af4000 Exception <a 'sun/nio/fs/WindowsException'{0x000000008d5c1070}> (0x000000008d5c1070) thrown at [./src/hotspot/share/prims/jni.cpp, line 615]
Event: 9704.736 Thread 0x00000237d66f6800 Exception <a 'sun/nio/fs/WindowsException'{0x000000008d4d0e30}> (0x000000008d4d0e30) thrown at [./src/hotspot/share/prims/jni.cpp, line 615]
Event: 9704.789 Thread 0x00000237d6af4000 Exception <a 'sun/nio/fs/WindowsException'{0x000000008d46e540}> (0x000000008d46e540) thrown at [./src/hotspot/share/prims/jni.cpp, line 615]
Event: 9704.938 Thread 0x00000237d66f6800 Exception <a 'sun/nio/fs/WindowsException'{0x00000000943fb1d0}> (0x00000000943fb1d0) thrown at [./src/hotspot/share/prims/jni.cpp, line 615]
Event: 9705.001 Thread 0x00000237d6af4000 Exception <a 'sun/nio/fs/WindowsException'{0x0000000093d49e68}> (0x0000000093d49e68) thrown at [./src/hotspot/share/prims/jni.cpp, line 615]
Event: 9705.070 Thread 0x00000237d66f6800 Exception <a 'sun/nio/fs/WindowsException'{0x0000000093b391d0}> (0x0000000093b391d0) thrown at [./src/hotspot/share/prims/jni.cpp, line 615]
Event: 9705.103 Thread 0x00000237d66f6800 Exception <a 'sun/nio/fs/WindowsException'{0x0000000093994620}> (0x0000000093994620) thrown at [./src/hotspot/share/prims/jni.cpp, line 615]
Event: 9705.159 Thread 0x00000237d6af4000 Exception <a 'sun/nio/fs/WindowsException'{0x0000000093da8d58}> (0x0000000093da8d58) thrown at [./src/hotspot/share/prims/jni.cpp, line 615]
Event: 9705.173 Thread 0x00000237d6af4000 Exception <a 'sun/nio/fs/WindowsException'{0x00000000938ee2f0}> (0x00000000938ee2f0) thrown at [./src/hotspot/share/prims/jni.cpp, line 615]
Event: 9705.297 Thread 0x00000237d66f6800 Exception <a 'sun/nio/fs/WindowsException'{0x0000000093291870}> (0x0000000093291870) thrown at [./src/hotspot/share/prims/jni.cpp, line 615]
Event: 9705.790 Thread 0x00000237d6af4000 Exception <a 'sun/nio/fs/WindowsException'{0x000000009259ef00}> (0x000000009259ef00) thrown at [./src/hotspot/share/prims/jni.cpp, line 615]
Event: 9705.795 Thread 0x00000237d6af4000 Exception <a 'sun/nio/fs/WindowsException'{0x00000000925eac60}> (0x00000000925eac60) thrown at [./src/hotspot/share/prims/jni.cpp, line 615]
Event: 9708.117 Thread 0x00000237d66f1800 Exception <a 'sun/nio/fs/WindowsException'{0x0000000093fdfbf0}> (0x0000000093fdfbf0) thrown at [./src/hotspot/share/prims/jni.cpp, line 615]
Event: 9718.141 Thread 0x00000237d66f6800 Exception <a 'sun/nio/fs/WindowsException'{0x00000000949222c8}> (0x00000000949222c8) thrown at [./src/hotspot/share/prims/jni.cpp, line 615]
Event: 9721.619 Thread 0x00000237d66f1800 Exception <a 'sun/nio/fs/WindowsException'{0x000000008da7c180}> (0x000000008da7c180) thrown at [./src/hotspot/share/prims/jni.cpp, line 615]
Event: 9722.120 Thread 0x00000237d6af6800 Exception <a 'sun/nio/fs/WindowsException'{0x00000000951c31f0}> (0x00000000951c31f0) thrown at [./src/hotspot/share/prims/jni.cpp, line 615]

Events (20 events):
Event: 9725.103 Executing VM operation: RevokeBias done
Event: 9725.103 Executing VM operation: RevokeBias
Event: 9725.103 Executing VM operation: RevokeBias done
Event: 9725.137 Executing VM operation: RevokeBias
Event: 9725.143 Executing VM operation: RevokeBias done
Event: 9725.143 Executing VM operation: RevokeBias
Event: 9725.143 Executing VM operation: RevokeBias done
Event: 9725.178 Executing VM operation: RevokeBias
Event: 9725.178 Executing VM operation: RevokeBias done
Event: 9725.267 Executing VM operation: RevokeBias
Event: 9725.267 Executing VM operation: RevokeBias done
Event: 9725.700 Executing VM operation: G1CollectForAllocation
Event: 9725.804 Executing VM operation: G1CollectForAllocation done
Event: 9726.382 Executing VM operation: CGC_Operation
Event: 9726.483 Executing VM operation: CGC_Operation done
Event: 9726.804 Executing VM operation: CGC_Operation
Event: 9726.805 Executing VM operation: CGC_Operation done
Event: 9727.839 Executing VM operation: G1CollectForAllocation
Event: 9727.931 Executing VM operation: G1CollectForAllocation done
Event: 9728.419 Executing VM operation: G1CollectForAllocation


Dynamic libraries:
0x00007ff70a9e0000 - 0x00007ff70a9ea000 	C:\Program Files\Android\Android Studio1\jre\bin\java.exe
0x00007ffbb8970000 - 0x00007ffbb8b65000 	C:\WINDOWS\SYSTEM32\ntdll.dll
0x00007ffbb86e0000 - 0x00007ffbb879e000 	C:\WINDOWS\System32\KERNEL32.DLL
0x00007ffbb61c0000 - 0x00007ffbb6488000 	C:\WINDOWS\System32\KERNELBASE.dll
0x00007ffbb6800000 - 0x00007ffbb6900000 	C:\WINDOWS\System32\ucrtbase.dll
0x00007ffbb1a30000 - 0x00007ffbb1a47000 	C:\Program Files\Android\Android Studio1\jre\bin\VCRUNTIME140.dll
0x00007ffbac650000 - 0x00007ffbac669000 	C:\Program Files\Android\Android Studio1\jre\bin\jli.dll
0x00007ffbb73e0000 - 0x00007ffbb7581000 	C:\WINDOWS\System32\USER32.dll
0x00007ffbb6080000 - 0x00007ffbb60a2000 	C:\WINDOWS\System32\win32u.dll
0x00007ffbb7590000 - 0x00007ffbb75bb000 	C:\WINDOWS\System32\GDI32.dll
0x00007ffbb60b0000 - 0x00007ffbb61bd000 	C:\WINDOWS\System32\gdi32full.dll
0x00007ffbb6730000 - 0x00007ffbb67cd000 	C:\WINDOWS\System32\msvcp_win.dll
0x00007ffba3c40000 - 0x00007ffba3eda000 	C:\WINDOWS\WinSxS\amd64_microsoft.windows.common-controls_6595b64144ccf1df_6.0.19041.1110_none_60b5254171f9507e\COMCTL32.dll
0x00007ffbb83e0000 - 0x00007ffbb847e000 	C:\WINDOWS\System32\msvcrt.dll
0x00007ffbb7770000 - 0x00007ffbb77a0000 	C:\WINDOWS\System32\IMM32.DLL
0x00007ffb9b0a0000 - 0x00007ffb9b13d000 	C:\Program Files\Android\Android Studio1\jre\bin\msvcp140.dll
0x00007ffb3d400000 - 0x00007ffb3decf000 	C:\Program Files\Android\Android Studio1\jre\bin\server\jvm.dll
0x00007ffbb81f0000 - 0x00007ffbb829c000 	C:\WINDOWS\System32\ADVAPI32.dll
0x00007ffbb6ac0000 - 0x00007ffbb6b5b000 	C:\WINDOWS\System32\sechost.dll
0x00007ffbb87a0000 - 0x00007ffbb88ca000 	C:\WINDOWS\System32\RPCRT4.dll
0x00007ffbb72b0000 - 0x00007ffbb72b8000 	C:\WINDOWS\System32\PSAPI.DLL
0x00007ffb7cfb0000 - 0x00007ffb7cfb9000 	C:\WINDOWS\SYSTEM32\WSOCK32.dll
0x00007ffbb8180000 - 0x00007ffbb81eb000 	C:\WINDOWS\System32\WS2_32.dll
0x00007ffbae960000 - 0x00007ffbae96a000 	C:\WINDOWS\SYSTEM32\VERSION.dll
0x00007ffbae970000 - 0x00007ffbae997000 	C:\WINDOWS\SYSTEM32\WINMM.dll
0x00007ffbb3f30000 - 0x00007ffbb3f42000 	C:\WINDOWS\SYSTEM32\kernel.appcore.dll
0x00007ffba8c50000 - 0x00007ffba8c61000 	C:\Program Files\Android\Android Studio1\jre\bin\verify.dll
0x00007ffb9d8b0000 - 0x00007ffb9da94000 	C:\WINDOWS\SYSTEM32\DBGHELP.DLL
0x00007ffb9d880000 - 0x00007ffb9d8ac000 	C:\WINDOWS\SYSTEM32\dbgcore.DLL
0x00007ffbb6650000 - 0x00007ffbb66d2000 	C:\WINDOWS\System32\bcryptPrimitives.dll
0x00007ffba49b0000 - 0x00007ffba49d9000 	C:\Program Files\Android\Android Studio1\jre\bin\java.dll
0x00007ffbac620000 - 0x00007ffbac62b000 	C:\Program Files\Android\Android Studio1\jre\bin\jimage.dll
0x00007ffba23e0000 - 0x00007ffba23f8000 	C:\Program Files\Android\Android Studio1\jre\bin\zip.dll
0x00007ffbb6b60000 - 0x00007ffbb72a4000 	C:\WINDOWS\System32\SHELL32.dll
0x00007ffbb4130000 - 0x00007ffbb48c4000 	C:\WINDOWS\SYSTEM32\windows.storage.dll
0x00007ffbb77a0000 - 0x00007ffbb7af5000 	C:\WINDOWS\System32\combase.dll
0x00007ffbb5920000 - 0x00007ffbb594e000 	C:\WINDOWS\SYSTEM32\Wldp.dll
0x00007ffbb72d0000 - 0x00007ffbb737d000 	C:\WINDOWS\System32\SHCORE.dll
0x00007ffbb69e0000 - 0x00007ffbb6a35000 	C:\WINDOWS\System32\shlwapi.dll
0x00007ffbb5fc0000 - 0x00007ffbb5fdf000 	C:\WINDOWS\SYSTEM32\profapi.dll
0x00007ffb9aef0000 - 0x00007ffb9af0a000 	C:\Program Files\Android\Android Studio1\jre\bin\net.dll
0x00007ffba2fd0000 - 0x00007ffba30dc000 	C:\WINDOWS\SYSTEM32\WINHTTP.dll
0x00007ffbb5700000 - 0x00007ffbb576a000 	C:\WINDOWS\system32\mswsock.dll
0x00007ffb9ae30000 - 0x00007ffb9ae44000 	C:\Program Files\Android\Android Studio1\jre\bin\nio.dll
0x00007ffbb0270000 - 0x00007ffbb0297000 	C:\Users\amwa\.gradle\native\8bec1ad78214c89d9ad589b4d07fe93259594b29d510b10fafb7a158f7737e5d\windows-amd64\native-platform.dll
0x00007ffb9f9e0000 - 0x00007ffb9fb1d000 	C:\Users\amwa\.gradle\native\53dbd7edfb1c66fb8903c78663c9afc45aea4f116125fa6feffd364cf09443e8\windows-amd64\native-platform-file-events.dll
0x00007ffbac3b0000 - 0x00007ffbac3ba000 	C:\Program Files\Android\Android Studio1\jre\bin\management.dll
0x00007ffbac230000 - 0x00007ffbac23c000 	C:\Program Files\Android\Android Studio1\jre\bin\management_ext.dll
0x00007ffbb5960000 - 0x00007ffbb5978000 	C:\WINDOWS\SYSTEM32\CRYPTSP.dll
0x00007ffbb50a0000 - 0x00007ffbb50d4000 	C:\WINDOWS\system32\rsaenh.dll
0x00007ffbb67d0000 - 0x00007ffbb67f7000 	C:\WINDOWS\System32\bcrypt.dll
0x00007ffbb5f40000 - 0x00007ffbb5f6e000 	C:\WINDOWS\SYSTEM32\USERENV.dll
0x00007ffbb5890000 - 0x00007ffbb589c000 	C:\WINDOWS\SYSTEM32\CRYPTBASE.dll
0x00007ffbb5410000 - 0x00007ffbb544b000 	C:\WINDOWS\SYSTEM32\IPHLPAPI.DLL
0x00007ffbb69d0000 - 0x00007ffbb69d8000 	C:\WINDOWS\System32\NSI.dll
0x00007ffba5ac0000 - 0x00007ffba5ad7000 	C:\WINDOWS\SYSTEM32\dhcpcsvc6.DLL
0x00007ffba84e0000 - 0x00007ffba84fd000 	C:\WINDOWS\SYSTEM32\dhcpcsvc.DLL
0x00007ffbb5450000 - 0x00007ffbb551b000 	C:\WINDOWS\SYSTEM32\DNSAPI.dll
0x00007ffba8930000 - 0x00007ffba8957000 	C:\Program Files\Android\Android Studio1\jre\bin\sunec.dll
0x00007ffb99af0000 - 0x00007ffb99afa000 	C:\Windows\System32\rasadhlp.dll
0x00007ffb9ff00000 - 0x00007ffb9ff7f000 	C:\WINDOWS\System32\fwpuclnt.dll
0x00007ffbb4d30000 - 0x00007ffbb4d63000 	C:\WINDOWS\SYSTEM32\ntmarta.dll
0x00007ffbb38b0000 - 0x00007ffbb3940000 	C:\WINDOWS\system32\apphelp.dll

dbghelp: loaded successfully - version: 4.0.5 - missing functions: none
symbol engine: initialized successfully - sym options: 0x614 - pdb path: .;C:\Program Files\Android\Android Studio1\jre\bin;C:\WINDOWS\SYSTEM32;C:\WINDOWS\WinSxS\amd64_microsoft.windows.common-controls_6595b64144ccf1df_6.0.19041.1110_none_60b5254171f9507e;C:\Program Files\Android\Android Studio1\jre\bin\server;C:\Users\amwa\.gradle\native\8bec1ad78214c89d9ad589b4d07fe93259594b29d510b10fafb7a158f7737e5d\windows-amd64;C:\Users\amwa\.gradle\native\53dbd7edfb1c66fb8903c78663c9afc45aea4f116125fa6feffd364cf09443e8\windows-amd64

VM Arguments:
jvm_args: --add-opens=java.base/java.util=ALL-UNNAMED --add-opens=java.base/java.lang=ALL-UNNAMED --add-opens=java.base/java.lang.invoke=ALL-UNNAMED --add-opens=java.base/java.util=ALL-UNNAMED --add-opens=java.prefs/java.util.prefs=ALL-UNNAMED --add-opens=java.prefs/java.util.prefs=ALL-UNNAMED --add-opens=java.base/java.nio.charset=ALL-UNNAMED --add-opens=java.base/java.net=ALL-UNNAMED --add-opens=java.base/java.util.concurrent.atomic=ALL-UNNAMED -Xmx2048m -Dfile.encoding=UTF-8 -Duser.country=ID -Duser.language=en -Duser.variant 
java_command: org.gradle.launcher.daemon.bootstrap.GradleDaemon 7.0.2
java_class_path (initial): C:\Users\amwa\.gradle\wrapper\dists\gradle-7.0.2-bin\857tjihv64xamwrf0h14cai3r\gradle-7.0.2\lib\gradle-launcher-7.0.2.jar
Launcher Type: SUN_STANDARD

[Global flags]
     intx CICompilerCount                          = 2                                         {product} {ergonomic}
     uint ConcGCThreads                            = 1                                         {product} {ergonomic}
     uint G1ConcRefinementThreads                  = 2                                         {product} {ergonomic}
   size_t G1HeapRegionSize                         = 1048576                                   {product} {ergonomic}
    uintx GCDrainStackTargetSize                   = 64                                        {product} {ergonomic}
   size_t InitialHeapSize                          = 117440512                                 {product} {ergonomic}
   size_t MarkStackSize                            = 4194304                                   {product} {ergonomic}
   size_t MaxHeapSize                              = 2147483648                                {product} {command line}
   size_t MaxNewSize                               = 1287651328                                {product} {ergonomic}
   size_t MinHeapDeltaBytes                        = 1048576                                   {product} {ergonomic}
    uintx NonNMethodCodeHeapSize                   = 5825164                                {pd product} {ergonomic}
    uintx NonProfiledCodeHeapSize                  = 122916538                              {pd product} {ergonomic}
    uintx ProfiledCodeHeapSize                     = 122916538                              {pd product} {ergonomic}
    uintx ReservedCodeCacheSize                    = 251658240                              {pd product} {ergonomic}
     bool SegmentedCodeCache                       = true                                      {product} {ergonomic}
     bool UseCompressedClassPointers               = true                                 {lp64_product} {ergonomic}
     bool UseCompressedOops                        = true                                 {lp64_product} {ergonomic}
     bool UseG1GC                                  = true                                      {product} {ergonomic}
     bool UseLargePagesIndividualAllocation        = false                                  {pd product} {ergonomic}

Logging:
Log output configuration:
 #0: stdout all=warning uptime,level,tags
 #1: stderr all=off uptime,level,tags

Environment Variables:
JAVA_HOME=C:\Program Files\Amazon Corretto\jdk11.0.11_9\bin\bin
CLASSPATH=C:\Android\openjdk\lib\*.jar;.;C:\PROGRA~1\IBM\SQLLIB\java\db2java.zip;C:\PROGRA~1\IBM\SQLLIB\java\db2jcc4.jar;C:\PROGRA~1\IBM\SQLLIB\java\sqlj4.zip;C:\PROGRA~1\IBM\SQLLIB\java\db2jcc_license_cisuz.jar;C:\PROGRA~1\IBM\SQLLIB\java\db2jcc_license_cu.jar;C:\PROGRA~1\IBM\SQLLIB\bin;C:\PROGRA~1\IBM\SQLLIB\java\common.jar
PATH=C:\WINDOWS\system32;C:\WINDOWS;C:\WINDOWS\System32\Wbem;C:\WINDOWS\System32\WindowsPowerShell\v1.0\;C:\WINDOWS\System32\OpenSSH\;C:\Program Files\mingw-w64\x86_64-8.1.0-posix-seh-rt_v6-rev0\mingw64\bin;C:\Program Files\Dart\dart-sdk\bin;C:\Android\flutter\bin;C:\Android\cmdline-tools;C:\Android\cmdline-tools\tools;C:\Android\cmdline-tools\tools\bin;C:\Users\amwa\.gradle\wrapper\dists\gradle-6.7-all\9st6wgf78h16so49nn74lgtbb\gradle-5.6.2;C:\Android\openjdk\bin;C:\Program Files\nodejs\;C:\Program Files\apache-maven-3.8.1\bin;C:\xampp\php;C:\ProgramData\ComposerSetup\bin;C:\WINDOWS\system32\config\systemprofile\AppData\Roaming\Composer\vendor\bin;C:\Program Files\ibm\gsk8\lib64;C:\Program Files (x86)\ibm\gsk8\lib;C:\Program Files\Git\cmd;C:\Program Files\Amazon Corretto\jdk11.0.11_9\bin;C:\PROGRA~1\IBM\SQLLIB\BIN;C:\PROGRA~1\IBM\SQLLIB\FUNCTION;C:\PROGRA~1\IBM\SQLLIB\SAMPLES\REPL;C:\Users\amwa\Documents\MongoDB\mongosh-1.1.2-win32-x64\bin;C:\Users\amwa\Documents\MongoDB\bin;C:\Program Files\MongoDB\Server\3.6\bin;C:\Users\amwa\AppData\Local\Microsoft\WindowsApps;C:\Users\amwa\AppData\Local\Programs\Microsoft VS Code\bin;C:\Users\amwa\AppData\Roaming\npm;C:\Users\amwa\AppData\Roaming\Composer\vendor\bin
USERNAME=amwa
OS=Windows_NT
PROCESSOR_IDENTIFIER=AMD64 Family 21 Model 112 Stepping 0, AuthenticAMD



---------------  S Y S T E M  ---------------

OS: Windows 10 , 64 bit Build 19041 (10.0.19041.1348)
OS uptime: 0 days 3:18 hours
Hyper-V role detected

CPU:total 2 (initial active 2) (2 cores per cpu, 1 threads per core) family 21 model 112 stepping 0 microcode 0x0, cmov, cx8, fxsr, mmx, sse, sse2, sse3, ssse3, sse4.1, sse4.2, popcnt, avx, avx2, aes, clmul, mmxext, 3dnowpref, lzcnt, sse4a, tsc, tscinvbit, tscinv, bmi1, bmi2, fma

Memory: 4k page, system-wide physical 7129M (124M free)
TotalPageFile size 9433M (AvailPageFile size 56M)
current process WorkingSet (physical memory assigned to process): 802M, peak: 841M
current process commit charge ("private bytes"): 855M, peak: 1193M

vm_info: OpenJDK 64-Bit Server VM (11.0.10+0-b96-7249189) for windows-amd64 JRE (11.0.10+0-b96-7249189), built on Mar 31 2021 21:44:00 by "builder" with MS VC++ 14.0 (VS2015)

END.
