#
# There is insufficient memory for the Java Runtime Environment to continue.
# Native memory allocation (malloc) failed to allocate 32744 bytes for ChunkPool::allocate
# Possible reasons:
#   The system is out of physical RAM or swap space
#   The process is running with CompressedOops enabled, and the Java Heap may be blocking the growth of the native heap
# Possible solutions:
#   Reduce memory load on the system
#   Increase physical memory or swap space
#   Check if swap backing store is full
#   Decrease Java heap size (-Xmx/-Xms)
#   Decrease number of Java threads
#   Decrease Java thread stack sizes (-Xss)
#   Set larger code cache with -XX:ReservedCodeCacheSize=
#   JVM is running with Unscaled Compressed Oops mode in which the Java heap is
#     placed in the first 4GB address space. The Java Heap base address is the
#     maximum limit for the native heap growth. Please use -XX:HeapBaseMinAddress
#     to set the Java Heap base and to place the Java Heap above 4GB virtual address.
# This output file may be truncated or incomplete.
#
#  Out of Memory Error (./src/hotspot/share/memory/arena.cpp:81), pid=12172, tid=1480
#
# JRE version: OpenJDK Runtime Environment (11.0.10) (build 11.0.10+0-b96-7249189)
# Java VM: OpenJDK 64-Bit Server VM (11.0.10+0-b96-7249189, mixed mode, tiered, compressed oops, g1 gc, windows-amd64)
# No core dump will be written. Minidumps are not enabled by default on client versions of Windows
#

---------------  S U M M A R Y ------------

Command Line: --add-opens=java.base/java.util=ALL-UNNAMED --add-opens=java.base/java.lang=ALL-UNNAMED --add-opens=java.base/java.lang.invoke=ALL-UNNAMED --add-opens=java.base/java.util=ALL-UNNAMED --add-opens=java.prefs/java.util.prefs=ALL-UNNAMED --add-opens=java.prefs/java.util.prefs=ALL-UNNAMED --add-opens=java.base/java.nio.charset=ALL-UNNAMED --add-opens=java.base/java.net=ALL-UNNAMED --add-opens=java.base/java.util.concurrent.atomic=ALL-UNNAMED -Xmx2048m -Dfile.encoding=UTF-8 -Duser.country=ID -Duser.language=en -Duser.variant org.gradle.launcher.daemon.bootstrap.GradleDaemon 7.0.2

Host: AMD A9-9425 RADEON R5, 5 COMPUTE CORES 2C+3G   , 2 cores, 6G,  Windows 10 , 64 bit Build 19041 (10.0.19041.1348)
Time: Tue Jan  4 19:32:16 2022 SE Asia Standard Time elapsed time: 1903.125163 seconds (0d 0h 31m 43s)

---------------  T H R E A D  ---------------

Current thread (0x000001d6f956f800):  JavaThread "C2 CompilerThread0" daemon [_thread_in_native, id=1480, stack(0x0000007c17b00000,0x0000007c17c00000)]


Current CompileTask:
C2:1903125 13300       4       java.io.ObjectOutputStream::writeClassDesc (60 bytes)

Stack: [0x0000007c17b00000,0x0000007c17c00000]
Native frames: (J=compiled Java code, j=interpreted, Vv=VM code, C=native code)
V  [jvm.dll+0x5ecfaa]
V  [jvm.dll+0x722bd5]
V  [jvm.dll+0x72412d]
V  [jvm.dll+0x7247e3]
V  [jvm.dll+0x242928]
V  [jvm.dll+0xbc75b]
V  [jvm.dll+0xbca0c]
V  [jvm.dll+0xbc608]
V  [jvm.dll+0x5cc470]
V  [jvm.dll+0x61cfee]
V  [jvm.dll+0x1980d8]
V  [jvm.dll+0x1fb70e]
V  [jvm.dll+0x1fa7f4]
V  [jvm.dll+0x18354c]
V  [jvm.dll+0x208ee7]
V  [jvm.dll+0x207731]
V  [jvm.dll+0x6eb1cf]
V  [jvm.dll+0x6e3d45]
V  [jvm.dll+0x5ebe96]
C  [ucrtbase.dll+0x21bb2]
C  [KERNEL32.DLL+0x17034]
C  [ntdll.dll+0x52651]


---------------  P R O C E S S  ---------------

Threads class SMR info:
_java_thread_list=0x000001d68f913230, length=46, elements={
0x000001d6eee60000, 0x000001d6f954f800, 0x000001d6f9557000, 0x000001d6f956b800,
0x000001d6f956c800, 0x000001d6f956d800, 0x000001d6f956f800, 0x000001d6f95bb000,
0x000001d6f9f28000, 0x000001d6fa016800, 0x000001d6fb72f800, 0x000001d6fb44d800,
0x000001d6fb5a0000, 0x000001d6fa513000, 0x000001d6fa515800, 0x000001d6fa514000,
0x000001d6fa511800, 0x000001d6fa517000, 0x000001d6fe6bf800, 0x000001d6fe6c3000,
0x000001d6fe6c3800, 0x000001d6fe6c4800, 0x000001d6fe6cc000, 0x000001d6fc554000,
0x000001d6fc550000, 0x000001d6fc551000, 0x000001d6fc551800, 0x000001d6fc552800,
0x000001d6fc553800, 0x000001d6fc54f800, 0x000001d6fc558800, 0x000001d6fc559000,
0x000001d6fc556000, 0x000001d6fc55a000, 0x000001d6fc556800, 0x000001d6fc55d000,
0x000001d6fc55a800, 0x000001d6fc55b800, 0x000001d6fc557800, 0x000001d6fc55c800,
0x000001d6fc55e000, 0x000001d6fe6c2000, 0x000001d6fe6c8000, 0x000001d6fe6ca000,
0x000001d6fe6cb000, 0x000001d6fe6c5800
}

Java Threads: ( => current thread )
  0x000001d6eee60000 JavaThread "main" [_thread_blocked, id=2652, stack(0x0000007c16f00000,0x0000007c17000000)]
  0x000001d6f954f800 JavaThread "Reference Handler" daemon [_thread_blocked, id=9268, stack(0x0000007c17600000,0x0000007c17700000)]
  0x000001d6f9557000 JavaThread "Finalizer" daemon [_thread_blocked, id=11208, stack(0x0000007c17700000,0x0000007c17800000)]
  0x000001d6f956b800 JavaThread "Signal Dispatcher" daemon [_thread_blocked, id=68, stack(0x0000007c17800000,0x0000007c17900000)]
  0x000001d6f956c800 JavaThread "Attach Listener" daemon [_thread_blocked, id=2776, stack(0x0000007c17900000,0x0000007c17a00000)]
  0x000001d6f956d800 JavaThread "Service Thread" daemon [_thread_blocked, id=9060, stack(0x0000007c17a00000,0x0000007c17b00000)]
=>0x000001d6f956f800 JavaThread "C2 CompilerThread0" daemon [_thread_in_native, id=1480, stack(0x0000007c17b00000,0x0000007c17c00000)]
  0x000001d6f95bb000 JavaThread "C1 CompilerThread0" daemon [_thread_in_vm, id=1512, stack(0x0000007c17c00000,0x0000007c17d00000)]
  0x000001d6f9f28000 JavaThread "Sweeper thread" daemon [_thread_blocked, id=10332, stack(0x0000007c17d00000,0x0000007c17e00000)]
  0x000001d6fa016800 JavaThread "Common-Cleaner" daemon [_thread_blocked, id=11580, stack(0x0000007c17e00000,0x0000007c17f00000)]
  0x000001d6fb72f800 JavaThread "Daemon health stats" [_thread_blocked, id=9876, stack(0x0000007c18100000,0x0000007c18200000)]
  0x000001d6fb44d800 JavaThread "Incoming local TCP Connector on port 60236" [_thread_in_native, id=5496, stack(0x0000007c18200000,0x0000007c18300000)]
  0x000001d6fb5a0000 JavaThread "Daemon periodic checks" [_thread_blocked, id=9760, stack(0x0000007c18300000,0x0000007c18400000)]
  0x000001d6fa513000 JavaThread "Cache worker for file hash cache (C:\Users\amwa\.gradle\caches\7.0.2\fileHashes)" [_thread_blocked, id=4904, stack(0x0000007c18b00000,0x0000007c18c00000)]
  0x000001d6fa515800 JavaThread "File lock request listener" [_thread_in_native, id=3528, stack(0x0000007c18c00000,0x0000007c18d00000)]
  0x000001d6fa514000 JavaThread "Cache worker for journal cache (C:\Users\amwa\.gradle\caches\journal-1)" [_thread_blocked, id=9280, stack(0x0000007c18d00000,0x0000007c18e00000)]
  0x000001d6fa511800 JavaThread "File watcher server" daemon [_thread_in_native, id=8764, stack(0x0000007c18f00000,0x0000007c19000000)]
  0x000001d6fa517000 JavaThread "File watcher consumer" daemon [_thread_blocked, id=908, stack(0x0000007c19000000,0x0000007c19100000)]
  0x000001d6fe6bf800 JavaThread "Cache worker for execution history cache (C:\Users\amwa\.gradle\caches\7.0.2\executionHistory)" [_thread_blocked, id=4008, stack(0x0000007c19400000,0x0000007c19500000)]
  0x000001d6fe6c3000 JavaThread "jar transforms" [_thread_blocked, id=2892, stack(0x0000007c19500000,0x0000007c19600000)]
  0x000001d6fe6c3800 JavaThread "jar transforms Thread 2" [_thread_blocked, id=11128, stack(0x0000007c19600000,0x0000007c19700000)]
  0x000001d6fe6c4800 JavaThread "Cache worker for file content cache (C:\Users\amwa\.gradle\caches\7.0.2\fileContent)" [_thread_blocked, id=4812, stack(0x0000007c19700000,0x0000007c19800000)]
  0x000001d6fe6cc000 JavaThread "Memory manager" [_thread_blocked, id=9164, stack(0x0000007c19c00000,0x0000007c19d00000)]
  0x000001d6fc554000 JavaThread "Daemon Thread 2" [_thread_blocked, id=4576, stack(0x0000007c16c00000,0x0000007c16d00000)]
  0x000001d6fc550000 JavaThread "Handler for socket connection from /127.0.0.1:60236 to /127.0.0.1:60581" [_thread_in_native, id=8012, stack(0x0000007c16d00000,0x0000007c16e00000)]
  0x000001d6fc551000 JavaThread "Cancel handler" [_thread_blocked, id=7812, stack(0x0000007c16e00000,0x0000007c16f00000)]
  0x000001d6fc551800 JavaThread "Daemon worker Thread 2" [_thread_blocked, id=3236, stack(0x0000007c18400000,0x0000007c18500000)]
  0x000001d6fc552800 JavaThread "Asynchronous log dispatcher for DefaultDaemonConnection: socket connection from /127.0.0.1:60236 to /127.0.0.1:60581" [_thread_blocked, id=10632, stack(0x0000007c18500000,0x0000007c18600000)]
  0x000001d6fc553800 JavaThread "Stdin handler" [_thread_blocked, id=5220, stack(0x0000007c18600000,0x0000007c18700000)]
  0x000001d6fc54f800 JavaThread "Daemon client event forwarder" [_thread_blocked, id=3412, stack(0x0000007c18700000,0x0000007c18800000)]
  0x000001d6fc558800 JavaThread "Cache worker for file hash cache (C:\Users\amwa\AndroidStudioProjects\CafeMenu\.gradle\7.0.2\fileHashes)" [_thread_blocked, id=9428, stack(0x0000007c18800000,0x0000007c18900000)]
  0x000001d6fc559000 JavaThread "Cache worker for checksums cache (C:\Users\amwa\AndroidStudioProjects\CafeMenu\.gradle\checksums)" [_thread_blocked, id=2728, stack(0x0000007c18900000,0x0000007c18a00000)]
  0x000001d6fc556000 JavaThread "Cache worker for cache directory md-supplier (C:\Users\amwa\.gradle\caches\7.0.2\md-supplier)" [_thread_blocked, id=1556, stack(0x0000007c18a00000,0x0000007c18b00000)]
  0x000001d6fc55a000 JavaThread "Cache worker for cache directory md-rule (C:\Users\amwa\.gradle\caches\7.0.2\md-rule)" [_thread_blocked, id=5876, stack(0x0000007c18e00000,0x0000007c18f00000)]
  0x000001d6fc556800 JavaThread "Cache worker for dependencies-accessors (C:\Users\amwa\AndroidStudioProjects\CafeMenu\.gradle\7.0.2\dependencies-accessors)" [_thread_blocked, id=12092, stack(0x0000007c19100000,0x0000007c19200000)]
  0x000001d6fc55d000 JavaThread "Cache worker for Build Output Cleanup Cache (C:\Users\amwa\AndroidStudioProjects\CafeMenu\.gradle\buildOutputCleanup)" [_thread_blocked, id=8488, stack(0x0000007c19200000,0x0000007c19300000)]
  0x000001d6fc55a800 JavaThread "Build operations" [_thread_blocked, id=4824, stack(0x0000007c19300000,0x0000007c19400000)]
  0x000001d6fc55b800 JavaThread "Build operations Thread 2" [_thread_blocked, id=4596, stack(0x0000007c19800000,0x0000007c19900000)]
  0x000001d6fc557800 JavaThread "build event listener" [_thread_blocked, id=8180, stack(0x0000007c19900000,0x0000007c19a00000)]
  0x000001d6fc55c800 JavaThread "Execution worker for ':'" [_thread_blocked, id=7392, stack(0x0000007c19a00000,0x0000007c19b00000)]
  0x000001d6fc55e000 JavaThread "Cache worker for execution history cache (C:\Users\amwa\AndroidStudioProjects\CafeMenu\.gradle\7.0.2\executionHistory)" [_thread_blocked, id=9404, stack(0x0000007c19b00000,0x0000007c19c00000)]
  0x000001d6fe6c2000 JavaThread "Cache worker for Java compile cache (C:\Users\amwa\.gradle\caches\7.0.2\javaCompile)" [_thread_blocked, id=9920, stack(0x0000007c19d00000,0x0000007c19e00000)]
  0x000001d6fe6c8000 JavaThread "Cache worker for Java compile cache (C:\Users\amwa\AndroidStudioProjects\CafeMenu\.gradle\7.0.2\javaCompile)" [_thread_blocked, id=3596, stack(0x0000007c19e00000,0x0000007c19f00000)]
  0x000001d6fe6ca000 JavaThread "WorkerExecutor Queue" [_thread_in_Java, id=12076, stack(0x0000007c19f00000,0x0000007c1a000000)]
  0x000001d6fe6cb000 JavaThread "WorkerExecutor Queue Thread 2" [_thread_blocked, id=8396, stack(0x0000007c1a000000,0x0000007c1a100000)]
  0x000001d6fe6c5800 JavaThread "WorkerExecutor Queue Thread 4" [_thread_blocked, id=1864, stack(0x0000007c1a100000,0x0000007c1a200000)]

Other Threads:
  0x000001d6f954b800 VMThread "VM Thread" [stack: 0x0000007c17500000,0x0000007c17600000] [id=5020]
  0x000001d6fa05a800 WatcherThread [stack: 0x0000007c17f00000,0x0000007c18000000] [id=4984]
  0x000001d6eee77800 GCTaskThread "GC Thread#0" [stack: 0x0000007c17000000,0x0000007c17100000] [id=7952]
  0x000001d6fa169800 GCTaskThread "GC Thread#1" [stack: 0x0000007c18000000,0x0000007c18100000] [id=11612]
  0x000001d6eeeaa000 ConcurrentGCThread "G1 Main Marker" [stack: 0x0000007c17100000,0x0000007c17200000] [id=4980]
  0x000001d6eeeab000 ConcurrentGCThread "G1 Conc#0" [stack: 0x0000007c17200000,0x0000007c17300000] [id=11368]
  0x000001d6eef1c000 ConcurrentGCThread "G1 Refine#0" [stack: 0x0000007c17300000,0x0000007c17400000] [id=8320]
  0x000001d6eef1d000 ConcurrentGCThread "G1 Young RemSet Sampling" [stack: 0x0000007c17400000,0x0000007c17500000] [id=3084]

Threads with active compile tasks:
C2 CompilerThread01903174 13300       4       java.io.ObjectOutputStream::writeClassDesc (60 bytes)
C1 CompilerThread01903174 13315       3       com.android.tools.r8.graph.X::F (30 bytes)

VM state:not at safepoint (normal execution)

VM Mutex/Monitor currently owned by a thread: None

Heap address: 0x0000000080000000, size: 2048 MB, Compressed Oops mode: 32-bit
Narrow klass base: 0x0000000000000000, Narrow klass shift: 3
Compressed class space size: 1073741824 Address: 0x0000000100000000

Heap:
 garbage-first heap   total 199680K, used 112128K [0x0000000080000000, 0x0000000100000000)
  region size 1024K, 23 young (23552K), 3 survivors (3072K)
 Metaspace       used 101929K, capacity 104718K, committed 104984K, reserved 1140736K
  class space    used 13222K, capacity 14272K, committed 14360K, reserved 1048576K
Heap Regions: E=young(eden), S=young(survivor), O=old, HS=humongous(starts), HC=humongous(continues), CS=collection set, F=free, A=archive, TAMS=top-at-mark-start (previous, next)
|   0|0x0000000080000000, 0x0000000080100000, 0x0000000080100000|100%| O|  |TAMS 0x0000000080100000, 0x0000000080000000| Untracked 
|   1|0x0000000080100000, 0x0000000080200000, 0x0000000080200000|100%| O|  |TAMS 0x0000000080200000, 0x0000000080100000| Untracked 
|   2|0x0000000080200000, 0x0000000080300000, 0x0000000080300000|100%| O|  |TAMS 0x0000000080300000, 0x0000000080200000| Untracked 
|   3|0x0000000080300000, 0x0000000080400000, 0x0000000080400000|100%| O|  |TAMS 0x0000000080400000, 0x0000000080300000| Untracked 
|   4|0x0000000080400000, 0x0000000080500000, 0x0000000080500000|100%|HS|  |TAMS 0x0000000080500000, 0x0000000080400000| Complete 
|   5|0x0000000080500000, 0x0000000080600000, 0x0000000080600000|100%|HC|  |TAMS 0x0000000080600000, 0x0000000080500000| Complete 
|   6|0x0000000080600000, 0x0000000080700000, 0x0000000080700000|100%|HC|  |TAMS 0x0000000080700000, 0x0000000080600000| Complete 
|   7|0x0000000080700000, 0x0000000080800000, 0x0000000080800000|100%| O|  |TAMS 0x0000000080800000, 0x0000000080700000| Untracked 
|   8|0x0000000080800000, 0x0000000080900000, 0x0000000080900000|100%| O|  |TAMS 0x0000000080900000, 0x0000000080800000| Untracked 
|   9|0x0000000080900000, 0x0000000080a00000, 0x0000000080a00000|100%| O|  |TAMS 0x0000000080a00000, 0x0000000080900000| Untracked 
|  10|0x0000000080a00000, 0x0000000080b00000, 0x0000000080b00000|100%| O|  |TAMS 0x0000000080b00000, 0x0000000080a00000| Untracked 
|  11|0x0000000080b00000, 0x0000000080c00000, 0x0000000080c00000|100%| O|  |TAMS 0x0000000080c00000, 0x0000000080b00000| Untracked 
|  12|0x0000000080c00000, 0x0000000080d00000, 0x0000000080d00000|100%| O|  |TAMS 0x0000000080d00000, 0x0000000080c00000| Untracked 
|  13|0x0000000080d00000, 0x0000000080e00000, 0x0000000080e00000|100%| O|  |TAMS 0x0000000080e00000, 0x0000000080d00000| Untracked 
|  14|0x0000000080e00000, 0x0000000080f00000, 0x0000000080f00000|100%| O|  |TAMS 0x0000000080f00000, 0x0000000080e00000| Untracked 
|  15|0x0000000080f00000, 0x0000000081000000, 0x0000000081000000|100%| O|  |TAMS 0x0000000081000000, 0x0000000080f00000| Untracked 
|  16|0x0000000081000000, 0x0000000081100000, 0x0000000081100000|100%| O|  |TAMS 0x0000000081100000, 0x0000000081000000| Untracked 
|  17|0x0000000081100000, 0x0000000081200000, 0x0000000081200000|100%| O|  |TAMS 0x0000000081200000, 0x0000000081100000| Untracked 
|  18|0x0000000081200000, 0x0000000081300000, 0x0000000081300000|100%|HS|  |TAMS 0x0000000081300000, 0x0000000081200000| Complete 
|  19|0x0000000081300000, 0x0000000081400000, 0x0000000081400000|100%| O|  |TAMS 0x0000000081400000, 0x0000000081300000| Untracked 
|  20|0x0000000081400000, 0x0000000081500000, 0x0000000081500000|100%| O|  |TAMS 0x0000000081500000, 0x0000000081400000| Untracked 
|  21|0x0000000081500000, 0x0000000081600000, 0x0000000081600000|100%| O|  |TAMS 0x0000000081600000, 0x0000000081500000| Untracked 
|  22|0x0000000081600000, 0x0000000081700000, 0x0000000081700000|100%| O|  |TAMS 0x0000000081700000, 0x0000000081600000| Untracked 
|  23|0x0000000081700000, 0x0000000081800000, 0x0000000081800000|100%|HS|  |TAMS 0x0000000081800000, 0x0000000081700000| Complete 
|  24|0x0000000081800000, 0x0000000081900000, 0x0000000081900000|100%|HS|  |TAMS 0x0000000081900000, 0x0000000081800000| Complete 
|  25|0x0000000081900000, 0x0000000081a00000, 0x0000000081a00000|100%|HC|  |TAMS 0x0000000081a00000, 0x0000000081900000| Complete 
|  26|0x0000000081a00000, 0x0000000081b00000, 0x0000000081b00000|100%| O|  |TAMS 0x0000000081b00000, 0x0000000081a00000| Untracked 
|  27|0x0000000081b00000, 0x0000000081c00000, 0x0000000081c00000|100%| O|  |TAMS 0x0000000081c00000, 0x0000000081b00000| Untracked 
|  28|0x0000000081c00000, 0x0000000081d00000, 0x0000000081d00000|100%| O|  |TAMS 0x0000000081d00000, 0x0000000081c00000| Untracked 
|  29|0x0000000081d00000, 0x0000000081e00000, 0x0000000081e00000|100%| O|  |TAMS 0x0000000081e00000, 0x0000000081d00000| Untracked 
|  30|0x0000000081e00000, 0x0000000081f00000, 0x0000000081f00000|100%| O|  |TAMS 0x0000000081f00000, 0x0000000081e00000| Untracked 
|  31|0x0000000081f00000, 0x0000000082000000, 0x0000000082000000|100%| O|  |TAMS 0x0000000082000000, 0x0000000081f00000| Untracked 
|  32|0x0000000082000000, 0x0000000082100000, 0x0000000082100000|100%| O|  |TAMS 0x0000000082100000, 0x0000000082000000| Untracked 
|  33|0x0000000082100000, 0x0000000082200000, 0x0000000082200000|100%| O|  |TAMS 0x0000000082200000, 0x0000000082100000| Untracked 
|  34|0x0000000082200000, 0x0000000082300000, 0x0000000082300000|100%| O|  |TAMS 0x0000000082300000, 0x0000000082200000| Untracked 
|  35|0x0000000082300000, 0x0000000082400000, 0x0000000082400000|100%| O|  |TAMS 0x0000000082400000, 0x0000000082300000| Untracked 
|  36|0x0000000082400000, 0x0000000082500000, 0x0000000082500000|100%| O|  |TAMS 0x0000000082500000, 0x0000000082400000| Untracked 
|  37|0x0000000082500000, 0x0000000082600000, 0x0000000082600000|100%| O|  |TAMS 0x0000000082600000, 0x0000000082500000| Untracked 
|  38|0x0000000082600000, 0x0000000082700000, 0x0000000082700000|100%| O|  |TAMS 0x0000000082700000, 0x0000000082600000| Untracked 
|  39|0x0000000082700000, 0x0000000082800000, 0x0000000082800000|100%| O|  |TAMS 0x0000000082800000, 0x0000000082700000| Untracked 
|  40|0x0000000082800000, 0x0000000082900000, 0x0000000082900000|100%| O|  |TAMS 0x0000000082900000, 0x0000000082800000| Untracked 
|  41|0x0000000082900000, 0x0000000082a00000, 0x0000000082a00000|100%| O|  |TAMS 0x0000000082a00000, 0x0000000082900000| Untracked 
|  42|0x0000000082a00000, 0x0000000082b00000, 0x0000000082b00000|100%| O|  |TAMS 0x0000000082b00000, 0x0000000082a00000| Untracked 
|  43|0x0000000082b00000, 0x0000000082c00000, 0x0000000082c00000|100%| O|  |TAMS 0x0000000082c00000, 0x0000000082b00000| Untracked 
|  44|0x0000000082c00000, 0x0000000082d00000, 0x0000000082d00000|100%| O|  |TAMS 0x0000000082d00000, 0x0000000082c00000| Untracked 
|  45|0x0000000082d00000, 0x0000000082e00000, 0x0000000082e00000|100%| O|  |TAMS 0x0000000082e00000, 0x0000000082d00000| Untracked 
|  46|0x0000000082e00000, 0x0000000082f00000, 0x0000000082f00000|100%| O|  |TAMS 0x0000000082f00000, 0x0000000082e00000| Untracked 
|  47|0x0000000082f00000, 0x0000000083000000, 0x0000000083000000|100%| O|  |TAMS 0x0000000083000000, 0x0000000082f00000| Untracked 
|  48|0x0000000083000000, 0x0000000083100000, 0x0000000083100000|100%| O|  |TAMS 0x0000000083100000, 0x0000000083000000| Untracked 
|  49|0x0000000083100000, 0x0000000083200000, 0x0000000083200000|100%| O|  |TAMS 0x0000000083200000, 0x0000000083100000| Untracked 
|  50|0x0000000083200000, 0x0000000083300000, 0x0000000083300000|100%| O|  |TAMS 0x0000000083300000, 0x0000000083200000| Untracked 
|  51|0x0000000083300000, 0x0000000083400000, 0x0000000083400000|100%| O|  |TAMS 0x0000000083400000, 0x0000000083300000| Untracked 
|  52|0x0000000083400000, 0x0000000083500000, 0x0000000083500000|100%| O|  |TAMS 0x0000000083500000, 0x0000000083400000| Untracked 
|  53|0x0000000083500000, 0x0000000083600000, 0x0000000083600000|100%| O|  |TAMS 0x0000000083600000, 0x0000000083500000| Untracked 
|  54|0x0000000083600000, 0x0000000083700000, 0x0000000083700000|100%| O|  |TAMS 0x0000000083700000, 0x0000000083600000| Untracked 
|  55|0x0000000083700000, 0x0000000083800000, 0x0000000083800000|100%| O|  |TAMS 0x0000000083800000, 0x0000000083700000| Untracked 
|  56|0x0000000083800000, 0x0000000083900000, 0x0000000083900000|100%| O|  |TAMS 0x0000000083900000, 0x0000000083800000| Untracked 
|  57|0x0000000083900000, 0x0000000083a00000, 0x0000000083a00000|100%| O|  |TAMS 0x0000000083a00000, 0x0000000083900000| Untracked 
|  58|0x0000000083a00000, 0x0000000083b00000, 0x0000000083b00000|100%| O|  |TAMS 0x0000000083b00000, 0x0000000083a00000| Untracked 
|  59|0x0000000083b00000, 0x0000000083c00000, 0x0000000083c00000|100%| O|  |TAMS 0x0000000083c00000, 0x0000000083b00000| Untracked 
|  60|0x0000000083c00000, 0x0000000083d00000, 0x0000000083d00000|100%| O|  |TAMS 0x0000000083d00000, 0x0000000083c00000| Untracked 
|  61|0x0000000083d00000, 0x0000000083e00000, 0x0000000083e00000|100%| O|  |TAMS 0x0000000083e00000, 0x0000000083d00000| Untracked 
|  62|0x0000000083e00000, 0x0000000083f00000, 0x0000000083f00000|100%| O|  |TAMS 0x0000000083f00000, 0x0000000083e00000| Untracked 
|  63|0x0000000083f00000, 0x0000000084000000, 0x0000000084000000|100%| O|  |TAMS 0x0000000084000000, 0x0000000083f00000| Untracked 
|  64|0x0000000084000000, 0x0000000084100000, 0x0000000084100000|100%| O|  |TAMS 0x0000000084100000, 0x0000000084000000| Untracked 
|  65|0x0000000084100000, 0x0000000084200000, 0x0000000084200000|100%| O|  |TAMS 0x0000000084200000, 0x0000000084100000| Untracked 
|  66|0x0000000084200000, 0x0000000084300000, 0x0000000084300000|100%| O|  |TAMS 0x0000000084300000, 0x0000000084200000| Untracked 
|  67|0x0000000084300000, 0x0000000084400000, 0x0000000084400000|100%| O|  |TAMS 0x0000000084400000, 0x0000000084300000| Untracked 
|  68|0x0000000084400000, 0x0000000084500000, 0x0000000084500000|100%| O|  |TAMS 0x0000000084500000, 0x0000000084400000| Untracked 
|  69|0x0000000084500000, 0x0000000084600000, 0x0000000084600000|100%|HS|  |TAMS 0x0000000084600000, 0x0000000084500000| Complete 
|  70|0x0000000084600000, 0x0000000084700000, 0x0000000084700000|100%|HC|  |TAMS 0x0000000084700000, 0x0000000084600000| Complete 
|  71|0x0000000084700000, 0x0000000084800000, 0x0000000084800000|100%| O|  |TAMS 0x0000000084800000, 0x0000000084700000| Untracked 
|  72|0x0000000084800000, 0x0000000084900000, 0x0000000084900000|100%| O|  |TAMS 0x0000000084900000, 0x0000000084800000| Untracked 
|  73|0x0000000084900000, 0x0000000084a00000, 0x0000000084a00000|100%| O|  |TAMS 0x0000000084a00000, 0x0000000084900000| Untracked 
|  74|0x0000000084a00000, 0x0000000084b00000, 0x0000000084b00000|100%| O|  |TAMS 0x0000000084b00000, 0x0000000084a00000| Untracked 
|  75|0x0000000084b00000, 0x0000000084c00000, 0x0000000084c00000|100%| O|  |TAMS 0x0000000084c00000, 0x0000000084b00000| Untracked 
|  76|0x0000000084c00000, 0x0000000084d00000, 0x0000000084d00000|100%| O|  |TAMS 0x0000000084d00000, 0x0000000084c00000| Untracked 
|  77|0x0000000084d00000, 0x0000000084e00000, 0x0000000084e00000|100%| O|  |TAMS 0x0000000084e00000, 0x0000000084d00000| Untracked 
|  78|0x0000000084e00000, 0x0000000084f00000, 0x0000000084f00000|100%| O|  |TAMS 0x0000000084f00000, 0x0000000084e00000| Untracked 
|  79|0x0000000084f00000, 0x0000000085000000, 0x0000000085000000|100%| O|  |TAMS 0x0000000085000000, 0x0000000084f00000| Untracked 
|  80|0x0000000085000000, 0x0000000085100000, 0x0000000085100000|100%| O|  |TAMS 0x0000000085100000, 0x0000000085000000| Untracked 
|  81|0x0000000085100000, 0x0000000085200000, 0x0000000085200000|100%| O|  |TAMS 0x0000000085200000, 0x0000000085100000| Untracked 
|  82|0x0000000085200000, 0x0000000085300000, 0x0000000085300000|100%| O|  |TAMS 0x0000000085300000, 0x0000000085200000| Untracked 
|  83|0x0000000085300000, 0x0000000085400000, 0x0000000085400000|100%| O|  |TAMS 0x0000000085400000, 0x0000000085300000| Untracked 
|  84|0x0000000085400000, 0x0000000085500000, 0x0000000085500000|100%| O|  |TAMS 0x0000000085500000, 0x0000000085400000| Untracked 
|  85|0x0000000085500000, 0x0000000085600000, 0x0000000085600000|100%| O|  |TAMS 0x0000000085600000, 0x0000000085500000| Untracked 
|  86|0x0000000085600000, 0x0000000085700000, 0x0000000085700000|100%| O|  |TAMS 0x0000000085700000, 0x0000000085600000| Untracked 
|  87|0x0000000085700000, 0x0000000085800000, 0x0000000085800000|100%| O|  |TAMS 0x0000000085800000, 0x0000000085700000| Untracked 
|  88|0x0000000085800000, 0x0000000085880000, 0x0000000085900000| 50%| O|  |TAMS 0x0000000085880000, 0x0000000085800000| Untracked 
|  89|0x0000000085900000, 0x0000000085900000, 0x0000000085a00000|  0%| F|  |TAMS 0x0000000085900000, 0x0000000085900000| Untracked 
|  90|0x0000000085a00000, 0x0000000085a00000, 0x0000000085b00000|  0%| F|  |TAMS 0x0000000085a00000, 0x0000000085a00000| Untracked 
|  91|0x0000000085b00000, 0x0000000085b00000, 0x0000000085c00000|  0%| F|  |TAMS 0x0000000085b00000, 0x0000000085b00000| Untracked 
|  92|0x0000000085c00000, 0x0000000085c00000, 0x0000000085d00000|  0%| F|  |TAMS 0x0000000085c00000, 0x0000000085c00000| Untracked 
|  93|0x0000000085d00000, 0x0000000085d00000, 0x0000000085e00000|  0%| F|  |TAMS 0x0000000085d00000, 0x0000000085d00000| Untracked 
|  94|0x0000000085e00000, 0x0000000085e00000, 0x0000000085f00000|  0%| F|  |TAMS 0x0000000085e00000, 0x0000000085e00000| Untracked 
|  95|0x0000000085f00000, 0x0000000085f00000, 0x0000000086000000|  0%| F|  |TAMS 0x0000000085f00000, 0x0000000085f00000| Untracked 
|  96|0x0000000086000000, 0x0000000086000000, 0x0000000086100000|  0%| F|  |TAMS 0x0000000086000000, 0x0000000086000000| Untracked 
|  97|0x0000000086100000, 0x0000000086100000, 0x0000000086200000|  0%| F|  |TAMS 0x0000000086100000, 0x0000000086100000| Untracked 
|  98|0x0000000086200000, 0x0000000086200000, 0x0000000086300000|  0%| F|  |TAMS 0x0000000086200000, 0x0000000086200000| Untracked 
|  99|0x0000000086300000, 0x0000000086300000, 0x0000000086400000|  0%| F|  |TAMS 0x0000000086300000, 0x0000000086300000| Untracked 
| 100|0x0000000086400000, 0x0000000086400000, 0x0000000086500000|  0%| F|  |TAMS 0x0000000086400000, 0x0000000086400000| Untracked 
| 101|0x0000000086500000, 0x0000000086500000, 0x0000000086600000|  0%| F|  |TAMS 0x0000000086500000, 0x0000000086500000| Untracked 
| 102|0x0000000086600000, 0x0000000086600000, 0x0000000086700000|  0%| F|  |TAMS 0x0000000086600000, 0x0000000086600000| Untracked 
| 103|0x0000000086700000, 0x0000000086700000, 0x0000000086800000|  0%| F|  |TAMS 0x0000000086700000, 0x0000000086700000| Untracked 
| 104|0x0000000086800000, 0x0000000086800000, 0x0000000086900000|  0%| F|  |TAMS 0x0000000086800000, 0x0000000086800000| Untracked 
| 105|0x0000000086900000, 0x0000000086900000, 0x0000000086a00000|  0%| F|  |TAMS 0x0000000086900000, 0x0000000086900000| Untracked 
| 106|0x0000000086a00000, 0x0000000086a00000, 0x0000000086b00000|  0%| F|  |TAMS 0x0000000086a00000, 0x0000000086a00000| Untracked 
| 107|0x0000000086b00000, 0x0000000086b00000, 0x0000000086c00000|  0%| F|  |TAMS 0x0000000086b00000, 0x0000000086b00000| Untracked 
| 108|0x0000000086c00000, 0x0000000086c00000, 0x0000000086d00000|  0%| F|  |TAMS 0x0000000086c00000, 0x0000000086c00000| Untracked 
| 109|0x0000000086d00000, 0x0000000086d00000, 0x0000000086e00000|  0%| F|  |TAMS 0x0000000086d00000, 0x0000000086d00000| Untracked 
| 110|0x0000000086e00000, 0x0000000086e00000, 0x0000000086f00000|  0%| F|  |TAMS 0x0000000086e00000, 0x0000000086e00000| Untracked 
| 111|0x0000000086f00000, 0x0000000086f00000, 0x0000000087000000|  0%| F|  |TAMS 0x0000000086f00000, 0x0000000086f00000| Untracked 
| 112|0x0000000087000000, 0x0000000087000000, 0x0000000087100000|  0%| F|  |TAMS 0x0000000087000000, 0x0000000087000000| Untracked 
| 113|0x0000000087100000, 0x0000000087100000, 0x0000000087200000|  0%| F|  |TAMS 0x0000000087100000, 0x0000000087100000| Untracked 
| 114|0x0000000087200000, 0x0000000087200000, 0x0000000087300000|  0%| F|  |TAMS 0x0000000087200000, 0x0000000087200000| Untracked 
| 115|0x0000000087300000, 0x0000000087300000, 0x0000000087400000|  0%| F|  |TAMS 0x0000000087300000, 0x0000000087300000| Untracked 
| 116|0x0000000087400000, 0x0000000087400000, 0x0000000087500000|  0%| F|  |TAMS 0x0000000087400000, 0x0000000087400000| Untracked 
| 117|0x0000000087500000, 0x0000000087500000, 0x0000000087600000|  0%| F|  |TAMS 0x0000000087500000, 0x0000000087500000| Untracked 
| 118|0x0000000087600000, 0x0000000087600000, 0x0000000087700000|  0%| F|  |TAMS 0x0000000087600000, 0x0000000087600000| Untracked 
| 119|0x0000000087700000, 0x0000000087700000, 0x0000000087800000|  0%| F|  |TAMS 0x0000000087700000, 0x0000000087700000| Untracked 
| 120|0x0000000087800000, 0x0000000087800000, 0x0000000087900000|  0%| F|  |TAMS 0x0000000087800000, 0x0000000087800000| Untracked 
| 121|0x0000000087900000, 0x0000000087900000, 0x0000000087a00000|  0%| F|  |TAMS 0x0000000087900000, 0x0000000087900000| Untracked 
| 122|0x0000000087a00000, 0x0000000087a00000, 0x0000000087b00000|  0%| F|  |TAMS 0x0000000087a00000, 0x0000000087a00000| Untracked 
| 123|0x0000000087b00000, 0x0000000087b00000, 0x0000000087c00000|  0%| F|  |TAMS 0x0000000087b00000, 0x0000000087b00000| Untracked 
| 124|0x0000000087c00000, 0x0000000087c00000, 0x0000000087d00000|  0%| F|  |TAMS 0x0000000087c00000, 0x0000000087c00000| Untracked 
| 125|0x0000000087d00000, 0x0000000087d00000, 0x0000000087e00000|  0%| F|  |TAMS 0x0000000087d00000, 0x0000000087d00000| Untracked 
| 126|0x0000000087e00000, 0x0000000087e00000, 0x0000000087f00000|  0%| F|  |TAMS 0x0000000087e00000, 0x0000000087e00000| Untracked 
| 127|0x0000000087f00000, 0x0000000087f00000, 0x0000000088000000|  0%| F|  |TAMS 0x0000000087f00000, 0x0000000087f00000| Untracked 
| 128|0x0000000088000000, 0x0000000088000000, 0x0000000088100000|  0%| F|  |TAMS 0x0000000088000000, 0x0000000088000000| Untracked 
| 129|0x0000000088100000, 0x0000000088100000, 0x0000000088200000|  0%| F|  |TAMS 0x0000000088100000, 0x0000000088100000| Untracked 
| 130|0x0000000088200000, 0x0000000088200000, 0x0000000088300000|  0%| F|  |TAMS 0x0000000088200000, 0x0000000088200000| Untracked 
| 131|0x0000000088300000, 0x0000000088300000, 0x0000000088400000|  0%| F|  |TAMS 0x0000000088300000, 0x0000000088300000| Untracked 
| 132|0x0000000088400000, 0x0000000088400000, 0x0000000088500000|  0%| F|  |TAMS 0x0000000088400000, 0x0000000088400000| Untracked 
| 133|0x0000000088500000, 0x0000000088500000, 0x0000000088600000|  0%| F|  |TAMS 0x0000000088500000, 0x0000000088500000| Untracked 
| 134|0x0000000088600000, 0x0000000088600000, 0x0000000088700000|  0%| F|  |TAMS 0x0000000088600000, 0x0000000088600000| Untracked 
| 135|0x0000000088700000, 0x0000000088700000, 0x0000000088800000|  0%| F|  |TAMS 0x0000000088700000, 0x0000000088700000| Untracked 
| 136|0x0000000088800000, 0x0000000088800000, 0x0000000088900000|  0%| F|  |TAMS 0x0000000088800000, 0x0000000088800000| Untracked 
| 137|0x0000000088900000, 0x0000000088900000, 0x0000000088a00000|  0%| F|  |TAMS 0x0000000088900000, 0x0000000088900000| Untracked 
| 138|0x0000000088a00000, 0x0000000088a00000, 0x0000000088b00000|  0%| F|  |TAMS 0x0000000088a00000, 0x0000000088a00000| Untracked 
| 139|0x0000000088b00000, 0x0000000088b00000, 0x0000000088c00000|  0%| F|  |TAMS 0x0000000088b00000, 0x0000000088b00000| Untracked 
| 140|0x0000000088c00000, 0x0000000088c00000, 0x0000000088d00000|  0%| F|  |TAMS 0x0000000088c00000, 0x0000000088c00000| Untracked 
| 141|0x0000000088d00000, 0x0000000088d00000, 0x0000000088e00000|  0%| F|  |TAMS 0x0000000088d00000, 0x0000000088d00000| Untracked 
| 142|0x0000000088e00000, 0x0000000088e00000, 0x0000000088f00000|  0%| F|  |TAMS 0x0000000088e00000, 0x0000000088e00000| Untracked 
| 143|0x0000000088f00000, 0x0000000088f00000, 0x0000000089000000|  0%| F|  |TAMS 0x0000000088f00000, 0x0000000088f00000| Untracked 
| 144|0x0000000089000000, 0x0000000089100000, 0x0000000089100000|100%| S|CS|TAMS 0x0000000089000000, 0x0000000089000000| Complete 
| 145|0x0000000089100000, 0x0000000089200000, 0x0000000089200000|100%| S|CS|TAMS 0x0000000089100000, 0x0000000089100000| Complete 
| 146|0x0000000089200000, 0x0000000089300000, 0x0000000089300000|100%| S|CS|TAMS 0x0000000089200000, 0x0000000089200000| Complete 
| 147|0x0000000089300000, 0x0000000089300000, 0x0000000089400000|  0%| F|  |TAMS 0x0000000089300000, 0x0000000089300000| Untracked 
| 148|0x0000000089400000, 0x0000000089400000, 0x0000000089500000|  0%| F|  |TAMS 0x0000000089400000, 0x0000000089400000| Untracked 
| 149|0x0000000089500000, 0x0000000089500000, 0x0000000089600000|  0%| F|  |TAMS 0x0000000089500000, 0x0000000089500000| Untracked 
| 150|0x0000000089600000, 0x0000000089600000, 0x0000000089700000|  0%| F|  |TAMS 0x0000000089600000, 0x0000000089600000| Untracked 
| 151|0x0000000089700000, 0x0000000089700000, 0x0000000089800000|  0%| F|  |TAMS 0x0000000089700000, 0x0000000089700000| Untracked 
| 152|0x0000000089800000, 0x0000000089800000, 0x0000000089900000|  0%| F|  |TAMS 0x0000000089800000, 0x0000000089800000| Untracked 
| 153|0x0000000089900000, 0x0000000089900000, 0x0000000089a00000|  0%| F|  |TAMS 0x0000000089900000, 0x0000000089900000| Untracked 
| 154|0x0000000089a00000, 0x0000000089a00000, 0x0000000089b00000|  0%| F|  |TAMS 0x0000000089a00000, 0x0000000089a00000| Untracked 
| 155|0x0000000089b00000, 0x0000000089b00000, 0x0000000089c00000|  0%| F|  |TAMS 0x0000000089b00000, 0x0000000089b00000| Untracked 
| 156|0x0000000089c00000, 0x0000000089c00000, 0x0000000089d00000|  0%| F|  |TAMS 0x0000000089c00000, 0x0000000089c00000| Untracked 
| 157|0x0000000089d00000, 0x0000000089d00000, 0x0000000089e00000|  0%| F|  |TAMS 0x0000000089d00000, 0x0000000089d00000| Untracked 
| 158|0x0000000089e00000, 0x0000000089e00000, 0x0000000089f00000|  0%| F|  |TAMS 0x0000000089e00000, 0x0000000089e00000| Untracked 
| 159|0x0000000089f00000, 0x0000000089f00000, 0x000000008a000000|  0%| F|  |TAMS 0x0000000089f00000, 0x0000000089f00000| Untracked 
| 160|0x000000008a000000, 0x000000008a000000, 0x000000008a100000|  0%| F|  |TAMS 0x000000008a000000, 0x000000008a000000| Untracked 
| 161|0x000000008a100000, 0x000000008a100000, 0x000000008a200000|  0%| F|  |TAMS 0x000000008a100000, 0x000000008a100000| Untracked 
| 162|0x000000008a200000, 0x000000008a200000, 0x000000008a300000|  0%| F|  |TAMS 0x000000008a200000, 0x000000008a200000| Untracked 
| 163|0x000000008a300000, 0x000000008a300000, 0x000000008a400000|  0%| F|  |TAMS 0x000000008a300000, 0x000000008a300000| Untracked 
| 164|0x000000008a400000, 0x000000008a400000, 0x000000008a500000|  0%| F|  |TAMS 0x000000008a400000, 0x000000008a400000| Untracked 
| 165|0x000000008a500000, 0x000000008a500000, 0x000000008a600000|  0%| F|  |TAMS 0x000000008a500000, 0x000000008a500000| Untracked 
| 166|0x000000008a600000, 0x000000008a600000, 0x000000008a700000|  0%| F|  |TAMS 0x000000008a600000, 0x000000008a600000| Untracked 
| 167|0x000000008a700000, 0x000000008a700000, 0x000000008a800000|  0%| F|  |TAMS 0x000000008a700000, 0x000000008a700000| Untracked 
| 168|0x000000008a800000, 0x000000008a800000, 0x000000008a900000|  0%| F|  |TAMS 0x000000008a800000, 0x000000008a800000| Untracked 
| 169|0x000000008a900000, 0x000000008a900000, 0x000000008aa00000|  0%| F|  |TAMS 0x000000008a900000, 0x000000008a900000| Untracked 
| 170|0x000000008aa00000, 0x000000008aa00000, 0x000000008ab00000|  0%| F|  |TAMS 0x000000008aa00000, 0x000000008aa00000| Untracked 
| 171|0x000000008ab00000, 0x000000008ab00000, 0x000000008ac00000|  0%| F|  |TAMS 0x000000008ab00000, 0x000000008ab00000| Untracked 
| 172|0x000000008ac00000, 0x000000008ac00000, 0x000000008ad00000|  0%| F|  |TAMS 0x000000008ac00000, 0x000000008ac00000| Untracked 
| 173|0x000000008ad00000, 0x000000008ad00000, 0x000000008ae00000|  0%| F|  |TAMS 0x000000008ad00000, 0x000000008ad00000| Untracked 
| 174|0x000000008ae00000, 0x000000008ae00000, 0x000000008af00000|  0%| F|  |TAMS 0x000000008ae00000, 0x000000008ae00000| Untracked 
| 175|0x000000008af00000, 0x000000008af7f800, 0x000000008b000000| 49%| E|  |TAMS 0x000000008af00000, 0x000000008af00000| Complete 
| 176|0x000000008b000000, 0x000000008b100000, 0x000000008b100000|100%| E|CS|TAMS 0x000000008b000000, 0x000000008b000000| Complete 
| 177|0x000000008b100000, 0x000000008b200000, 0x000000008b200000|100%| E|CS|TAMS 0x000000008b100000, 0x000000008b100000| Complete 
| 178|0x000000008b200000, 0x000000008b300000, 0x000000008b300000|100%| E|CS|TAMS 0x000000008b200000, 0x000000008b200000| Complete 
| 179|0x000000008b300000, 0x000000008b400000, 0x000000008b400000|100%| E|CS|TAMS 0x000000008b300000, 0x000000008b300000| Complete 
| 180|0x000000008b400000, 0x000000008b500000, 0x000000008b500000|100%| E|CS|TAMS 0x000000008b400000, 0x000000008b400000| Complete 
| 181|0x000000008b500000, 0x000000008b600000, 0x000000008b600000|100%| E|CS|TAMS 0x000000008b500000, 0x000000008b500000| Complete 
| 182|0x000000008b600000, 0x000000008b700000, 0x000000008b700000|100%| E|  |TAMS 0x000000008b600000, 0x000000008b600000| Complete 
| 183|0x000000008b700000, 0x000000008b800000, 0x000000008b800000|100%| E|CS|TAMS 0x000000008b700000, 0x000000008b700000| Complete 
| 184|0x000000008b800000, 0x000000008b900000, 0x000000008b900000|100%| E|CS|TAMS 0x000000008b800000, 0x000000008b800000| Complete 
| 185|0x000000008b900000, 0x000000008ba00000, 0x000000008ba00000|100%| E|CS|TAMS 0x000000008b900000, 0x000000008b900000| Complete 
| 186|0x000000008ba00000, 0x000000008bb00000, 0x000000008bb00000|100%| E|CS|TAMS 0x000000008ba00000, 0x000000008ba00000| Complete 
| 187|0x000000008bb00000, 0x000000008bc00000, 0x000000008bc00000|100%| E|CS|TAMS 0x000000008bb00000, 0x000000008bb00000| Complete 
| 188|0x000000008bc00000, 0x000000008bd00000, 0x000000008bd00000|100%| E|CS|TAMS 0x000000008bc00000, 0x000000008bc00000| Complete 
| 189|0x000000008bd00000, 0x000000008be00000, 0x000000008be00000|100%| E|CS|TAMS 0x000000008bd00000, 0x000000008bd00000| Complete 
| 190|0x000000008be00000, 0x000000008bf00000, 0x000000008bf00000|100%| E|CS|TAMS 0x000000008be00000, 0x000000008be00000| Complete 
| 191|0x000000008bf00000, 0x000000008c000000, 0x000000008c000000|100%| E|CS|TAMS 0x000000008bf00000, 0x000000008bf00000| Complete 
| 192|0x000000008c000000, 0x000000008c100000, 0x000000008c100000|100%| E|CS|TAMS 0x000000008c000000, 0x000000008c000000| Complete 
| 193|0x000000008c100000, 0x000000008c200000, 0x000000008c200000|100%| E|CS|TAMS 0x000000008c100000, 0x000000008c100000| Complete 
| 194|0x000000008c200000, 0x000000008c300000, 0x000000008c300000|100%| E|CS|TAMS 0x000000008c200000, 0x000000008c200000| Complete 

Card table byte_map: [0x000001d6f2950000,0x000001d6f2d50000] _byte_map_base: 0x000001d6f2550000

Marking Bits (Prev, Next): (CMBitMap*) 0x000001d6eeea1308, (CMBitMap*) 0x000001d6eeea1340
 Prev Bits: [0x000001d6f3150000, 0x000001d6f5150000)
 Next Bits: [0x000001d6f5150000, 0x000001d6f7150000)

Polling page: 0x000001d6ece50000

Metaspace:

Usage:
  Non-class:     88.33 MB capacity,    86.66 MB ( 98%) used,     1.35 MB (  2%) free+waste,   328.25 KB ( <1%) overhead. 
      Class:     13.94 MB capacity,    12.91 MB ( 93%) used,   898.18 KB (  6%) free+waste,   149.13 KB (  1%) overhead. 
       Both:    102.26 MB capacity,    99.57 MB ( 97%) used,     2.23 MB (  2%) free+waste,   477.38 KB ( <1%) overhead. 

Virtual space:
  Non-class space:       90.00 MB reserved,      88.50 MB ( 98%) committed 
      Class space:        1.00 GB reserved,      14.02 MB (  1%) committed 
             Both:        1.09 GB reserved,     102.52 MB (  9%) committed 

Chunk freelists:
   Non-Class:  50.00 KB
       Class:  0 bytes
        Both:  50.00 KB

MaxMetaspaceSize: 17179869184.00 GB
CompressedClassSpaceSize: 1.00 GB

CodeHeap 'non-profiled nmethods': size=120064Kb used=8126Kb max_used=8126Kb free=111937Kb
 bounds [0x000001d687ac0000, 0x000001d6882b0000, 0x000001d68f000000]
CodeHeap 'profiled nmethods': size=120000Kb used=29261Kb max_used=29261Kb free=90738Kb
 bounds [0x000001d680590000, 0x000001d682230000, 0x000001d687ac0000]
CodeHeap 'non-nmethods': size=5696Kb used=2308Kb max_used=2330Kb free=3387Kb
 bounds [0x000001d680000000, 0x000001d680270000, 0x000001d680590000]
 total_blobs=14119 nmethods=13200 adapters=831
 compilation: enabled
              stopped_count=0, restarted_count=0
 full_count=0

Compilation events (20 events):
Event: 1901.507 Thread 0x000001d6f956f800 nmethod 13296 0x000001d6882ae190 code [0x000001d6882ae320, 0x000001d6882ae3d8]
Event: 1901.511 Thread 0x000001d6f95bb000 13297       3       jdk.internal.reflect.Label::<init> (16 bytes)
Event: 1901.511 Thread 0x000001d6f95bb000 nmethod 13297 0x000001d68220f590 code [0x000001d68220f780, 0x000001d68220fb78]
Event: 1901.511 Thread 0x000001d6f95bb000 13298       3       jdk.internal.reflect.Label::bind (74 bytes)
Event: 1901.512 Thread 0x000001d6f95bb000 nmethod 13298 0x000001d68220fd10 code [0x000001d68220ff40, 0x000001d682210658]
Event: 1901.514 Thread 0x000001d6f956f800 13299       4       java.io.ObjectOutputStream$BlockDataOutputStream::writeUTF (46 bytes)
Event: 1901.569 Thread 0x000001d6f956f800 nmethod 13299 0x000001d6882ae490 code [0x000001d6882ae640, 0x000001d6882aedb8]
Event: 1901.570 Thread 0x000001d6f956f800 13300       4       java.io.ObjectOutputStream::writeClassDesc (60 bytes)
Event: 1902.441 Thread 0x000001d6f95bb000 13301       1       java.io.ObjectStreamClass::getResolveException (5 bytes)
Event: 1902.441 Thread 0x000001d6f95bb000 nmethod 13301 0x000001d6882af310 code [0x000001d6882af4c0, 0x000001d6882af578]
Event: 1902.441 Thread 0x000001d6f95bb000 13302   !   3       java.io.ObjectInputStream::readObject0 (671 bytes)
Event: 1902.447 Thread 0x000001d6f95bb000 nmethod 13302 0x000001d682210910 code [0x000001d682211100, 0x000001d6822144f8]
Event: 1902.448 Thread 0x000001d6f95bb000 13303   !   3       java.io.ObjectInputStream::filterCheck (223 bytes)
Event: 1902.451 Thread 0x000001d6f95bb000 nmethod 13303 0x000001d682216490 code [0x000001d6822168c0, 0x000001d682218b88]
Event: 1902.451 Thread 0x000001d6f95bb000 13304       3       java.io.ObjectInputStream$HandleTable::markDependency (175 bytes)
Event: 1902.452 Thread 0x000001d6f95bb000 nmethod 13304 0x000001d682219790 code [0x000001d682219a00, 0x000001d68221a488]
Event: 1902.452 Thread 0x000001d6f95bb000 13305       1       java.io.ObjectInputStream$HandleTable::size (5 bytes)
Event: 1902.452 Thread 0x000001d6f95bb000 nmethod 13305 0x000001d6882af610 code [0x000001d6882af7c0, 0x000001d6882af878]
Event: 1902.926 Thread 0x000001d6f95bb000 13307       3       java.util.regex.Pattern$SliceU::match (99 bytes)
Event: 1902.926 Thread 0x000001d6f95bb000 nmethod 13307 0x000001d68221a810 code [0x000001d68221aa40, 0x000001d68221b178]

GC Heap History (20 events):
Event: 26.214 GC heap before
{Heap before GC invocations=14 (full 0):
 garbage-first heap   total 165888K, used 64287K [0x0000000080000000, 0x0000000100000000)
  region size 1024K, 34 young (34816K), 12 survivors (12288K)
 Metaspace       used 58591K, capacity 60051K, committed 60160K, reserved 1101824K
  class space    used 7407K, capacity 7929K, committed 7936K, reserved 1048576K
}
Event: 26.250 GC heap after
{Heap after GC invocations=15 (full 0):
 garbage-first heap   total 165888K, used 44837K [0x0000000080000000, 0x0000000100000000)
  region size 1024K, 2 young (2048K), 2 survivors (2048K)
 Metaspace       used 58591K, capacity 60051K, committed 60160K, reserved 1101824K
  class space    used 7407K, capacity 7929K, committed 7936K, reserved 1048576K
}
Event: 28.593 GC heap before
{Heap before GC invocations=16 (full 0):
 garbage-first heap   total 165888K, used 105253K [0x0000000080000000, 0x0000000100000000)
  region size 1024K, 61 young (62464K), 2 survivors (2048K)
 Metaspace       used 63450K, capacity 64965K, committed 65152K, reserved 1105920K
  class space    used 8035K, capacity 8569K, committed 8576K, reserved 1048576K
}
Event: 28.616 GC heap after
{Heap after GC invocations=17 (full 0):
 garbage-first heap   total 199680K, used 48933K [0x0000000080000000, 0x0000000100000000)
  region size 1024K, 6 young (6144K), 6 survivors (6144K)
 Metaspace       used 63450K, capacity 64965K, committed 65152K, reserved 1105920K
  class space    used 8035K, capacity 8569K, committed 8576K, reserved 1048576K
}
Event: 35.372 GC heap before
{Heap before GC invocations=17 (full 0):
 garbage-first heap   total 199680K, used 125733K [0x0000000080000000, 0x0000000100000000)
  region size 1024K, 81 young (82944K), 6 survivors (6144K)
 Metaspace       used 68827K, capacity 70498K, committed 70784K, reserved 1110016K
  class space    used 8888K, capacity 9509K, committed 9600K, reserved 1048576K
}
Event: 35.409 GC heap after
{Heap after GC invocations=18 (full 0):
 garbage-first heap   total 199680K, used 55508K [0x0000000080000000, 0x0000000100000000)
  region size 1024K, 11 young (11264K), 11 survivors (11264K)
 Metaspace       used 68827K, capacity 70498K, committed 70784K, reserved 1110016K
  class space    used 8888K, capacity 9509K, committed 9600K, reserved 1048576K
}
Event: 46.784 GC heap before
{Heap before GC invocations=18 (full 0):
 garbage-first heap   total 199680K, used 132308K [0x0000000080000000, 0x0000000100000000)
  region size 1024K, 86 young (88064K), 11 survivors (11264K)
 Metaspace       used 74069K, capacity 75875K, committed 76160K, reserved 1116160K
  class space    used 9668K, capacity 10321K, committed 10368K, reserved 1048576K
}
Event: 46.947 GC heap after
{Heap after GC invocations=19 (full 0):
 garbage-first heap   total 199680K, used 59819K [0x0000000080000000, 0x0000000100000000)
  region size 1024K, 5 young (5120K), 5 survivors (5120K)
 Metaspace       used 74069K, capacity 75875K, committed 76160K, reserved 1116160K
  class space    used 9668K, capacity 10321K, committed 10368K, reserved 1048576K
}
Event: 56.219 GC heap before
{Heap before GC invocations=19 (full 0):
 garbage-first heap   total 199680K, used 138667K [0x0000000080000000, 0x0000000100000000)
  region size 1024K, 82 young (83968K), 5 survivors (5120K)
 Metaspace       used 79261K, capacity 81293K, committed 81536K, reserved 1120256K
  class space    used 10351K, capacity 11093K, committed 11136K, reserved 1048576K
}
Event: 56.270 GC heap after
{Heap after GC invocations=20 (full 0):
 garbage-first heap   total 199680K, used 65451K [0x0000000080000000, 0x0000000100000000)
  region size 1024K, 11 young (11264K), 11 survivors (11264K)
 Metaspace       used 79261K, capacity 81293K, committed 81536K, reserved 1120256K
  class space    used 10351K, capacity 11093K, committed 11136K, reserved 1048576K
}
Event: 63.756 GC heap before
{Heap before GC invocations=20 (full 0):
 garbage-first heap   total 199680K, used 143275K [0x0000000080000000, 0x0000000100000000)
  region size 1024K, 87 young (89088K), 11 survivors (11264K)
 Metaspace       used 80329K, capacity 82480K, committed 82688K, reserved 1120256K
  class space    used 10423K, capacity 11195K, committed 11264K, reserved 1048576K
}
Event: 63.799 GC heap after
{Heap after GC invocations=21 (full 0):
 garbage-first heap   total 199680K, used 70037K [0x0000000080000000, 0x0000000100000000)
  region size 1024K, 5 young (5120K), 5 survivors (5120K)
 Metaspace       used 80329K, capacity 82480K, committed 82688K, reserved 1120256K
  class space    used 10423K, capacity 11195K, committed 11264K, reserved 1048576K
}
Event: 306.486 GC heap before
{Heap before GC invocations=21 (full 0):
 garbage-first heap   total 199680K, used 146837K [0x0000000080000000, 0x0000000100000000)
  region size 1024K, 81 young (82944K), 5 survivors (5120K)
 Metaspace       used 81537K, capacity 83620K, committed 83840K, reserved 1122304K
  class space    used 10552K, capacity 11310K, committed 11392K, reserved 1048576K
}
Event: 306.517 GC heap after
{Heap after GC invocations=22 (full 0):
 garbage-first heap   total 199680K, used 73621K [0x0000000080000000, 0x0000000100000000)
  region size 1024K, 9 young (9216K), 9 survivors (9216K)
 Metaspace       used 81537K, capacity 83620K, committed 83840K, reserved 1122304K
  class space    used 10552K, capacity 11310K, committed 11392K, reserved 1048576K
}
Event: 1890.273 GC heap before
{Heap before GC invocations=22 (full 0):
 garbage-first heap   total 199680K, used 151445K [0x0000000080000000, 0x0000000100000000)
  region size 1024K, 85 young (87040K), 9 survivors (9216K)
 Metaspace       used 82625K, capacity 84867K, committed 85120K, reserved 1122304K
  class space    used 10595K, capacity 11372K, committed 11392K, reserved 1048576K
}
Event: 1890.315 GC heap after
{Heap after GC invocations=23 (full 0):
 garbage-first heap   total 199680K, used 79247K [0x0000000080000000, 0x0000000100000000)
  region size 1024K, 9 young (9216K), 9 survivors (9216K)
 Metaspace       used 82625K, capacity 84867K, committed 85120K, reserved 1122304K
  class space    used 10595K, capacity 11372K, committed 11392K, reserved 1048576K
}
Event: 1895.626 GC heap before
{Heap before GC invocations=23 (full 0):
 garbage-first heap   total 199680K, used 157071K [0x0000000080000000, 0x0000000100000000)
  region size 1024K, 84 young (86016K), 9 survivors (9216K)
 Metaspace       used 90774K, capacity 93046K, committed 93184K, reserved 1130496K
  class space    used 11554K, capacity 12433K, committed 12544K, reserved 1048576K
}
Event: 1895.712 GC heap after
{Heap after GC invocations=24 (full 0):
 garbage-first heap   total 199680K, used 93184K [0x0000000080000000, 0x0000000100000000)
  region size 1024K, 11 young (11264K), 11 survivors (11264K)
 Metaspace       used 90774K, capacity 93046K, committed 93184K, reserved 1130496K
  class space    used 11554K, capacity 12433K, committed 12544K, reserved 1048576K
}
Event: 1899.545 GC heap before
{Heap before GC invocations=24 (full 0):
 garbage-first heap   total 199680K, used 140288K [0x0000000080000000, 0x0000000100000000)
  region size 1024K, 59 young (60416K), 11 survivors (11264K)
 Metaspace       used 97910K, capacity 100391K, committed 100480K, reserved 1136640K
  class space    used 12551K, capacity 13514K, committed 13568K, reserved 1048576K
}
Event: 1899.625 GC heap after
{Heap after GC invocations=25 (full 0):
 garbage-first heap   total 199680K, used 93696K [0x0000000080000000, 0x0000000100000000)
  region size 1024K, 3 young (3072K), 3 survivors (3072K)
 Metaspace       used 97910K, capacity 100391K, committed 100480K, reserved 1136640K
  class space    used 12551K, capacity 13514K, committed 13568K, reserved 1048576K
}

Deoptimization events (20 events):
Event: 1900.513 Thread 0x000001d6fe6ca000 Uncommon trap: trap_request=0xffffff4d fr.pc=0x000001d687cbc114 relative=0x00000000000012f4
Event: 1900.513 Thread 0x000001d6fe6ca000 Uncommon trap: reason=unstable_if action=reinterpret pc=0x000001d687cbc114 method=java.util.HashMap.computeIfAbsent(Ljava/lang/Object;Ljava/util/function/Function;)Ljava/lang/Object; @ 145 c2
Event: 1900.513 Thread 0x000001d6fe6ca000 DEOPT PACKING pc=0x000001d687cbc114 sp=0x0000007c19ffc8b0
Event: 1900.513 Thread 0x000001d6fe6ca000 DEOPT UNPACKING pc=0x000001d6800273af sp=0x0000007c19ffc880 mode 2
Event: 1901.020 Thread 0x000001d6fc551800 DEOPT PACKING pc=0x000001d6819e76e4 sp=0x0000007c184f98a0
Event: 1901.020 Thread 0x000001d6fc551800 DEOPT UNPACKING pc=0x000001d6800271ce sp=0x0000007c184f8d98 mode 0
Event: 1901.020 Thread 0x000001d6fc551800 DEOPT PACKING pc=0x000001d681a28114 sp=0x0000007c184f99e0
Event: 1901.020 Thread 0x000001d6fc551800 DEOPT UNPACKING pc=0x000001d6800271ce sp=0x0000007c184f8e90 mode 0
Event: 1901.020 Thread 0x000001d6fc551800 DEOPT PACKING pc=0x000001d6819bd10c sp=0x0000007c184fa060
Event: 1901.020 Thread 0x000001d6fc551800 DEOPT UNPACKING pc=0x000001d6800271ce sp=0x0000007c184f9610 mode 0
Event: 1901.041 Thread 0x000001d6fc551800 DEOPT PACKING pc=0x000001d68803f568 sp=0x0000007c184f9090
Event: 1901.041 Thread 0x000001d6fc551800 DEOPT UNPACKING pc=0x000001d6800271ce sp=0x0000007c184f8450 mode 0
Event: 1901.104 Thread 0x000001d6fc551800 Uncommon trap: trap_request=0xffffff7e fr.pc=0x000001d6881ca944 relative=0x0000000000001764
Event: 1901.104 Thread 0x000001d6fc551800 Uncommon trap: reason=predicate action=maybe_recompile pc=0x000001d6881ca944 method=java.util.TimSort.reverseRange([Ljava/lang/Object;II)V @ 5 c2
Event: 1901.104 Thread 0x000001d6fc551800 DEOPT PACKING pc=0x000001d6881ca944 sp=0x0000007c184f4450
Event: 1901.104 Thread 0x000001d6fc551800 DEOPT UNPACKING pc=0x000001d6800273af sp=0x0000007c184f4300 mode 2
Event: 1901.510 Thread 0x000001d6fe6cb000 Uncommon trap: trap_request=0xffffff4d fr.pc=0x000001d687c43118 relative=0x0000000000000078
Event: 1901.510 Thread 0x000001d6fe6cb000 Uncommon trap: reason=unstable_if action=reinterpret pc=0x000001d687c43118 method=java.lang.Integer.stringSize(I)I @ 19 c2
Event: 1901.510 Thread 0x000001d6fe6cb000 DEOPT PACKING pc=0x000001d687c43118 sp=0x0000007c1a0fdba0
Event: 1901.510 Thread 0x000001d6fe6cb000 DEOPT UNPACKING pc=0x000001d6800273af sp=0x0000007c1a0fdb20 mode 2

Classes redefined (0 events):
No events

Internal exceptions (20 events):
Event: 1899.036 Thread 0x000001d6fe6ca000 Exception <a 'java/lang/NoSuchMethodError'{0x0000000089b35460}: 'java.lang.Object java.lang.invoke.DirectMethodHandle$Holder.invokeStatic(java.lang.Object, long)'> (0x0000000089b35460) thrown at [./src/hotspot/share/interpreter/linkResolver.cpp, line 773]
Event: 1899.037 Thread 0x000001d6fe6ca000 Exception <a 'java/lang/NoSuchMethodError'{0x0000000089b3ba38}: 'java.lang.Object java.lang.invoke.Invokers$Holder.linkToTargetMethod(long, java.lang.Object)'> (0x0000000089b3ba38) thrown at [./src/hotspot/share/interpreter/linkResolver.cpp, line 773]
Event: 1899.203 Thread 0x000001d6fe6ca000 Exception <a 'java/lang/NoSuchMethodError'{0x00000000899c5938}: 'void java.lang.invoke.DirectMethodHandle$Holder.invokeStatic(java.lang.Object, java.lang.Object, java.lang.Object, int)'> (0x00000000899c5938) thrown at [./src/hotspot/share/interpreter/linkResolver.cpp, line 773]
Event: 1899.206 Thread 0x000001d6fe6ca000 Exception <a 'java/lang/IncompatibleClassChangeError'{0x00000000899cd918}: Found class java.lang.Object, but interface was expected> (0x00000000899cd918) thrown at [./src/hotspot/share/interpreter/linkResolver.cpp, line 839]
Event: 1899.495 Thread 0x000001d6fe6ca000 Exception <a 'java/lang/NoSuchMethodError'{0x0000000089471a10}: 'java.lang.Object java.lang.invoke.Invokers$Holder.linkToTargetMethod(java.lang.Object, java.lang.Object, java.lang.Object, java.lang.Object, java.lang.Object, java.lang.Object, java.lang.Object)'> (0x0000000089471a10) thrown at [./src/hotspot/share/interpreter/linkResolver.cpp, line 773]
Event: 1899.873 Thread 0x000001d6fe6ca000 Exception <a 'java/lang/NoSuchMethodError'{0x000000008bf0cb40}: 'java.lang.Object java.lang.invoke.DirectMethodHandle$Holder.invokeVirtual(java.lang.Object, java.lang.Object, int, java.lang.Object)'> (0x000000008bf0cb40) thrown at [./src/hotspot/share/interpreter/linkResolver.cpp, line 773]
Event: 1900.035 Thread 0x000001d6fe6ca000 Exception <a 'java/lang/IncompatibleClassChangeError'{0x000000008bf820b8}: Found class java.lang.Object, but interface was expected> (0x000000008bf820b8) thrown at [./src/hotspot/share/interpreter/linkResolver.cpp, line 839]
Event: 1900.036 Thread 0x000001d6fe6ca000 Exception <a 'java/lang/IncompatibleClassChangeError'{0x000000008bf8b000}: Found class java.lang.Object, but interface was expected> (0x000000008bf8b000) thrown at [./src/hotspot/share/interpreter/linkResolver.cpp, line 839]
Event: 1900.104 Thread 0x000001d6fe6ca000 Exception <a 'java/lang/NoSuchMethodError'{0x000000008be4e5a0}: 'void java.lang.invoke.DirectMethodHandle$Holder.invokeVirtual(java.lang.Object, java.lang.Object, int, java.lang.Object)'> (0x000000008be4e5a0) thrown at [./src/hotspot/share/interpreter/linkResolver.cpp, line 773]
Event: 1900.323 Thread 0x000001d6fe6ca000 Exception <a 'java/lang/NoSuchMethodError'{0x000000008bc80c60}: 'java.lang.Object java.lang.invoke.DirectMethodHandle$Holder.newInvokeSpecial(java.lang.Object, int)'> (0x000000008bc80c60) thrown at [./src/hotspot/share/interpreter/linkResolver.cpp, line 773]
Event: 1900.620 Thread 0x000001d6fe6ca000 Exception <a 'java/lang/NoSuchMethodError'{0x000000008b97bba8}: 'long java.lang.invoke.DirectMethodHandle$Holder.invokeStatic(java.lang.Object, java.lang.Object)'> (0x000000008b97bba8) thrown at [./src/hotspot/share/interpreter/linkResolver.cpp, line 773]
Event: 1900.714 Thread 0x000001d6fe6ca000 Exception <a 'java/lang/NoSuchMethodError'{0x000000008b8a5ec8}: 'void java.lang.invoke.DirectMethodHandle$Holder.invokeSpecial(java.lang.Object, java.lang.Object, int, java.lang.Object, java.lang.Object, java.lang.Object, java.lang.Object)'> (0x000000008b8a5ec8) thrown at [./src/hotspot/share/interpreter/linkResolver.cpp, line 773]
Event: 1900.716 Thread 0x000001d6fe6ca000 Exception <a 'java/lang/NoSuchMethodError'{0x000000008b8b1478}: 'java.lang.Object java.lang.invoke.Invokers$Holder.linkToTargetMethod(java.lang.Object, int, java.lang.Object, java.lang.Object, java.lang.Object, java.lang.Object)'> (0x000000008b8b1478) thrown at [./src/hotspot/share/interpreter/linkResolver.cpp, line 773]
Event: 1900.717 Thread 0x000001d6fe6ca000 Exception <a 'java/lang/NoSuchMethodError'{0x000000008b8b5130}: 'void java.lang.invoke.DirectMethodHandle$Holder.invokeSpecial(java.lang.Object, java.lang.Object, java.lang.Object, java.lang.Object, java.lang.Object, java.lang.Object, java.lang.Object, java.lang.Object, java.lang.Object)'> (0x000000008b8b5130) thrown at [./src/hotspot/share/interpreter/linkResolver.cpp, line 773]
Event: 1900.725 Thread 0x000001d6fe6ca000 Exception <a 'java/lang/NoSuchMethodError'{0x000000008b8cca68}: 'void java.lang.invoke.DirectMethodHandle$Holder.invokeStatic(java.lang.Object, java.lang.Object, java.lang.Object, java.lang.Object, java.lang.Object, java.lang.Object, java.lang.Object, java.lang.Object)'> (0x000000008b8cca68) thrown at [./src/hotspot/share/interpreter/linkResolver.cpp, line 773]
Event: 1900.831 Thread 0x000001d6fe6ca000 Exception <a 'java/lang/IncompatibleClassChangeError'{0x000000008b63ee30}: Found class java.lang.Object, but interface was expected> (0x000000008b63ee30) thrown at [./src/hotspot/share/interpreter/linkResolver.cpp, line 839]
Event: 1900.907 Thread 0x000001d6fe6ca000 Exception <a 'java/lang/NoSuchMethodError'{0x000000008b57b588}: 'void java.lang.invoke.DirectMethodHandle$Holder.invokeVirtual(java.lang.Object, java.lang.Object, int)'> (0x000000008b57b588) thrown at [./src/hotspot/share/interpreter/linkResolver.cpp, line 773]
Event: 1900.961 Thread 0x000001d6fe6ca000 Exception <a 'sun/nio/fs/WindowsException'{0x000000008b5fd4c8}> (0x000000008b5fd4c8) thrown at [./src/hotspot/share/prims/jni.cpp, line 615]
Event: 1900.979 Thread 0x000001d6fe6ca000 Exception <a 'sun/nio/fs/WindowsException'{0x000000008b413e38}> (0x000000008b413e38) thrown at [./src/hotspot/share/prims/jni.cpp, line 615]
Event: 1901.104 Thread 0x000001d6fc551800 Exception <a 'java/lang/NoSuchMethodError'{0x000000008b298980}: <clinit>> (0x000000008b298980) thrown at [./src/hotspot/share/prims/jni.cpp, line 1362]

Events (20 events):
Event: 1901.490 loading class com/android/builder/dexing/DexEntryBucket done
Event: 1901.491 loading class com/android/builder/dexing/DexEntryBucket$Companion
Event: 1901.491 loading class com/android/builder/dexing/DexEntryBucket$Companion done
Event: 1901.498 loading class com/android/build/gradle/internal/tasks/DexMergingWorkAction
Event: 1901.498 loading class com/android/build/gradle/internal/tasks/DexMergingWorkAction done
Event: 1901.501 loading class com/android/build/gradle/internal/tasks/DexMergingTaskDelegate$run$1$1
Event: 1901.501 loading class com/android/build/gradle/internal/tasks/DexMergingTaskDelegate$run$1$1 done
Event: 1901.503 loading class com/android/build/gradle/internal/tasks/DexMergingWorkAction$Params
Event: 1901.503 loading class com/android/build/gradle/internal/tasks/DexMergingWorkAction$Params done
Event: 1902.437 Thread 0x000001d6fe6c5800 Thread added: 0x000001d6fe6c5800
Event: 1902.457 loading class com/android/build/api/transform/TransformException
Event: 1902.457 loading class com/android/build/api/transform/TransformException done
Event: 1902.691 loading class com/android/builder/dexing/DexArchiveEntry
Event: 1902.691 loading class com/android/builder/dexing/DexArchiveEntry done
Event: 1902.692 loading class com/android/builder/dexing/DexArchives
Event: 1902.692 loading class com/android/builder/dexing/DexArchives done
Event: 1902.693 loading class com/android/builder/dexing/DexArchive
Event: 1902.693 loading class com/android/builder/dexing/DexArchive done
Event: 1902.693 loading class com/android/builder/dexing/DirDexArchive
Event: 1902.693 loading class com/android/builder/dexing/DirDexArchive done


Dynamic libraries:
0x00007ff75c320000 - 0x00007ff75c32a000 	C:\Program Files\Android\Android Studio1\jre\bin\java.exe
0x00007ffb497f0000 - 0x00007ffb499e5000 	C:\WINDOWS\SYSTEM32\ntdll.dll
0x00007ffb49490000 - 0x00007ffb4954e000 	C:\WINDOWS\System32\KERNEL32.DLL
0x00007ffb47000000 - 0x00007ffb472c8000 	C:\WINDOWS\System32\KERNELBASE.dll
0x00007ffb46f00000 - 0x00007ffb47000000 	C:\WINDOWS\System32\ucrtbase.dll
0x00007ffb30710000 - 0x00007ffb30729000 	C:\Program Files\Android\Android Studio1\jre\bin\jli.dll
0x00007ffb480b0000 - 0x00007ffb48251000 	C:\WINDOWS\System32\USER32.dll
0x00007ffb472d0000 - 0x00007ffb472f2000 	C:\WINDOWS\System32\win32u.dll
0x00007ffb48680000 - 0x00007ffb486ab000 	C:\WINDOWS\System32\GDI32.dll
0x00007ffb47720000 - 0x00007ffb4782d000 	C:\WINDOWS\System32\gdi32full.dll
0x00007ffb475d0000 - 0x00007ffb4766d000 	C:\WINDOWS\System32\msvcp_win.dll
0x00007ffb306f0000 - 0x00007ffb30707000 	C:\Program Files\Android\Android Studio1\jre\bin\VCRUNTIME140.dll
0x00007ffb34240000 - 0x00007ffb344da000 	C:\WINDOWS\WinSxS\amd64_microsoft.windows.common-controls_6595b64144ccf1df_6.0.19041.1110_none_60b5254171f9507e\COMCTL32.dll
0x00007ffb48da0000 - 0x00007ffb48e3e000 	C:\WINDOWS\System32\msvcrt.dll
0x00007ffb48ea0000 - 0x00007ffb48ed0000 	C:\WINDOWS\System32\IMM32.DLL
0x00007ffb30400000 - 0x00007ffb3049d000 	C:\Program Files\Android\Android Studio1\jre\bin\msvcp140.dll
0x00007ffad32e0000 - 0x00007ffad3daf000 	C:\Program Files\Android\Android Studio1\jre\bin\server\jvm.dll
0x00007ffb48b30000 - 0x00007ffb48bdc000 	C:\WINDOWS\System32\ADVAPI32.dll
0x00007ffb49020000 - 0x00007ffb490bb000 	C:\WINDOWS\System32\sechost.dll
0x00007ffb47f80000 - 0x00007ffb480aa000 	C:\WINDOWS\System32\RPCRT4.dll
0x00007ffb48be0000 - 0x00007ffb48be8000 	C:\WINDOWS\System32\PSAPI.DLL
0x00007ffb0ed00000 - 0x00007ffb0ed09000 	C:\WINDOWS\SYSTEM32\WSOCK32.dll
0x00007ffb48fa0000 - 0x00007ffb4900b000 	C:\WINDOWS\System32\WS2_32.dll
0x00007ffb3ec90000 - 0x00007ffb3ecb7000 	C:\WINDOWS\SYSTEM32\WINMM.dll
0x00007ffb3ec80000 - 0x00007ffb3ec8a000 	C:\WINDOWS\SYSTEM32\VERSION.dll
0x00007ffb44db0000 - 0x00007ffb44dc2000 	C:\WINDOWS\SYSTEM32\kernel.appcore.dll
0x00007ffaf8920000 - 0x00007ffaf8931000 	C:\Program Files\Android\Android Studio1\jre\bin\verify.dll
0x00007ffb2fa80000 - 0x00007ffb2fc64000 	C:\WINDOWS\SYSTEM32\DBGHELP.DLL
0x00007ffb2fa50000 - 0x00007ffb2fa7c000 	C:\WINDOWS\SYSTEM32\dbgcore.DLL
0x00007ffb474f0000 - 0x00007ffb47572000 	C:\WINDOWS\System32\bcryptPrimitives.dll
0x00007ffaf2660000 - 0x00007ffaf2689000 	C:\Program Files\Android\Android Studio1\jre\bin\java.dll
0x00007ffaf8910000 - 0x00007ffaf891b000 	C:\Program Files\Android\Android Studio1\jre\bin\jimage.dll
0x00007ffaf49c0000 - 0x00007ffaf49d8000 	C:\Program Files\Android\Android Studio1\jre\bin\zip.dll
0x00007ffb47830000 - 0x00007ffb47f74000 	C:\WINDOWS\System32\SHELL32.dll
0x00007ffb44fb0000 - 0x00007ffb45744000 	C:\WINDOWS\SYSTEM32\windows.storage.dll
0x00007ffb482c0000 - 0x00007ffb48615000 	C:\WINDOWS\System32\combase.dll
0x00007ffb46800000 - 0x00007ffb4682e000 	C:\WINDOWS\SYSTEM32\Wldp.dll
0x00007ffb493e0000 - 0x00007ffb4948d000 	C:\WINDOWS\System32\SHCORE.dll
0x00007ffb49550000 - 0x00007ffb495a5000 	C:\WINDOWS\System32\shlwapi.dll
0x00007ffb46e40000 - 0x00007ffb46e5f000 	C:\WINDOWS\SYSTEM32\profapi.dll
0x00007ffaf13d0000 - 0x00007ffaf13ea000 	C:\Program Files\Android\Android Studio1\jre\bin\net.dll
0x00007ffb33fc0000 - 0x00007ffb340cc000 	C:\WINDOWS\SYSTEM32\WINHTTP.dll
0x00007ffb46580000 - 0x00007ffb465ea000 	C:\WINDOWS\system32\mswsock.dll
0x00007ffaf11b0000 - 0x00007ffaf11c4000 	C:\Program Files\Android\Android Studio1\jre\bin\nio.dll
0x00007ffaf1160000 - 0x00007ffaf1187000 	C:\Users\amwa\.gradle\native\8bec1ad78214c89d9ad589b4d07fe93259594b29d510b10fafb7a158f7737e5d\windows-amd64\native-platform.dll
0x00007ffac2900000 - 0x00007ffac2a3d000 	C:\Users\amwa\.gradle\native\53dbd7edfb1c66fb8903c78663c9afc45aea4f116125fa6feffd364cf09443e8\windows-amd64\native-platform-file-events.dll
0x00007ffaf8900000 - 0x00007ffaf890a000 	C:\Program Files\Android\Android Studio1\jre\bin\management.dll
0x00007ffaf29c0000 - 0x00007ffaf29cc000 	C:\Program Files\Android\Android Studio1\jre\bin\management_ext.dll
0x00007ffb46840000 - 0x00007ffb46858000 	C:\WINDOWS\SYSTEM32\CRYPTSP.dll
0x00007ffb45f20000 - 0x00007ffb45f54000 	C:\WINDOWS\system32\rsaenh.dll
0x00007ffb474c0000 - 0x00007ffb474e7000 	C:\WINDOWS\System32\bcrypt.dll
0x00007ffb46dc0000 - 0x00007ffb46dee000 	C:\WINDOWS\SYSTEM32\USERENV.dll
0x00007ffb46710000 - 0x00007ffb4671c000 	C:\WINDOWS\SYSTEM32\CRYPTBASE.dll
0x00007ffb46290000 - 0x00007ffb462cb000 	C:\WINDOWS\SYSTEM32\IPHLPAPI.DLL
0x00007ffb49010000 - 0x00007ffb49018000 	C:\WINDOWS\System32\NSI.dll
0x00007ffb345b0000 - 0x00007ffb345c7000 	C:\WINDOWS\SYSTEM32\dhcpcsvc6.DLL
0x00007ffb36a20000 - 0x00007ffb36a3d000 	C:\WINDOWS\SYSTEM32\dhcpcsvc.DLL
0x00007ffb462d0000 - 0x00007ffb4639b000 	C:\WINDOWS\SYSTEM32\DNSAPI.dll

dbghelp: loaded successfully - version: 4.0.5 - missing functions: none
symbol engine: initialized successfully - sym options: 0x614 - pdb path: .;C:\Program Files\Android\Android Studio1\jre\bin;C:\WINDOWS\SYSTEM32;C:\WINDOWS\WinSxS\amd64_microsoft.windows.common-controls_6595b64144ccf1df_6.0.19041.1110_none_60b5254171f9507e;C:\Program Files\Android\Android Studio1\jre\bin\server;C:\Users\amwa\.gradle\native\8bec1ad78214c89d9ad589b4d07fe93259594b29d510b10fafb7a158f7737e5d\windows-amd64;C:\Users\amwa\.gradle\native\53dbd7edfb1c66fb8903c78663c9afc45aea4f116125fa6feffd364cf09443e8\windows-amd64

VM Arguments:
jvm_args: --add-opens=java.base/java.util=ALL-UNNAMED --add-opens=java.base/java.lang=ALL-UNNAMED --add-opens=java.base/java.lang.invoke=ALL-UNNAMED --add-opens=java.base/java.util=ALL-UNNAMED --add-opens=java.prefs/java.util.prefs=ALL-UNNAMED --add-opens=java.prefs/java.util.prefs=ALL-UNNAMED --add-opens=java.base/java.nio.charset=ALL-UNNAMED --add-opens=java.base/java.net=ALL-UNNAMED --add-opens=java.base/java.util.concurrent.atomic=ALL-UNNAMED -Xmx2048m -Dfile.encoding=UTF-8 -Duser.country=ID -Duser.language=en -Duser.variant 
java_command: org.gradle.launcher.daemon.bootstrap.GradleDaemon 7.0.2
java_class_path (initial): C:\Users\amwa\.gradle\wrapper\dists\gradle-7.0.2-bin\857tjihv64xamwrf0h14cai3r\gradle-7.0.2\lib\gradle-launcher-7.0.2.jar
Launcher Type: SUN_STANDARD

[Global flags]
     intx CICompilerCount                          = 2                                         {product} {ergonomic}
     uint ConcGCThreads                            = 1                                         {product} {ergonomic}
     uint G1ConcRefinementThreads                  = 2                                         {product} {ergonomic}
   size_t G1HeapRegionSize                         = 1048576                                   {product} {ergonomic}
    uintx GCDrainStackTargetSize                   = 64                                        {product} {ergonomic}
   size_t InitialHeapSize                          = 117440512                                 {product} {ergonomic}
   size_t MarkStackSize                            = 4194304                                   {product} {ergonomic}
   size_t MaxHeapSize                              = 2147483648                                {product} {command line}
   size_t MaxNewSize                               = 1287651328                                {product} {ergonomic}
   size_t MinHeapDeltaBytes                        = 1048576                                   {product} {ergonomic}
    uintx NonNMethodCodeHeapSize                   = 5825164                                {pd product} {ergonomic}
    uintx NonProfiledCodeHeapSize                  = 122916538                              {pd product} {ergonomic}
    uintx ProfiledCodeHeapSize                     = 122916538                              {pd product} {ergonomic}
    uintx ReservedCodeCacheSize                    = 251658240                              {pd product} {ergonomic}
     bool SegmentedCodeCache                       = true                                      {product} {ergonomic}
     bool UseCompressedClassPointers               = true                                 {lp64_product} {ergonomic}
     bool UseCompressedOops                        = true                                 {lp64_product} {ergonomic}
     bool UseG1GC                                  = true                                      {product} {ergonomic}
     bool UseLargePagesIndividualAllocation        = false                                  {pd product} {ergonomic}

Logging:
Log output configuration:
 #0: stdout all=warning uptime,level,tags
 #1: stderr all=off uptime,level,tags

Environment Variables:
JAVA_HOME=C:\Program Files\Amazon Corretto\jdk11.0.11_9\bin\bin
CLASSPATH=C:\Android\openjdk\lib\*.jar;.;C:\PROGRA~1\IBM\SQLLIB\java\db2java.zip;C:\PROGRA~1\IBM\SQLLIB\java\db2jcc4.jar;C:\PROGRA~1\IBM\SQLLIB\java\sqlj4.zip;C:\PROGRA~1\IBM\SQLLIB\java\db2jcc_license_cisuz.jar;C:\PROGRA~1\IBM\SQLLIB\java\db2jcc_license_cu.jar;C:\PROGRA~1\IBM\SQLLIB\bin;C:\PROGRA~1\IBM\SQLLIB\java\common.jar
PATH=C:\WINDOWS\system32;C:\WINDOWS;C:\WINDOWS\System32\Wbem;C:\WINDOWS\System32\WindowsPowerShell\v1.0\;C:\WINDOWS\System32\OpenSSH\;C:\Program Files\mingw-w64\x86_64-8.1.0-posix-seh-rt_v6-rev0\mingw64\bin;C:\Program Files\Dart\dart-sdk\bin;C:\Android\flutter\bin;C:\Android\cmdline-tools;C:\Android\cmdline-tools\tools;C:\Android\cmdline-tools\tools\bin;C:\Users\amwa\.gradle\wrapper\dists\gradle-6.7-all\9st6wgf78h16so49nn74lgtbb\gradle-5.6.2;C:\Android\openjdk\bin;C:\Program Files\nodejs\;C:\Program Files\apache-maven-3.8.1\bin;C:\xampp\php;C:\ProgramData\ComposerSetup\bin;C:\WINDOWS\system32\config\systemprofile\AppData\Roaming\Composer\vendor\bin;C:\Program Files\ibm\gsk8\lib64;C:\Program Files (x86)\ibm\gsk8\lib;C:\Program Files\Git\cmd;C:\Program Files\Amazon Corretto\jdk11.0.11_9\bin;C:\PROGRA~1\IBM\SQLLIB\BIN;C:\PROGRA~1\IBM\SQLLIB\FUNCTION;C:\PROGRA~1\IBM\SQLLIB\SAMPLES\REPL;C:\Users\amwa\Documents\MongoDB\mongosh-1.1.2-win32-x64\bin;C:\Users\amwa\Documents\MongoDB\bin;C:\Program Files\MongoDB\Server\3.6\bin;C:\Users\amwa\AppData\Local\Microsoft\WindowsApps;C:\Users\amwa\AppData\Local\Programs\Microsoft VS Code\bin;C:\Users\amwa\AppData\Roaming\npm;C:\Users\amwa\AppData\Roaming\Composer\vendor\bin
USERNAME=amwa
OS=Windows_NT
PROCESSOR_IDENTIFIER=AMD64 Family 21 Model 112 Stepping 0, AuthenticAMD



---------------  S Y S T E M  ---------------

OS: Windows 10 , 64 bit Build 19041 (10.0.19041.1348)
OS uptime: 0 days 1:00 hours
Hyper-V role detected

CPU:total 2 (initial active 2) (2 cores per cpu, 1 threads per core) family 21 model 112 stepping 0 microcode 0x0, cmov, cx8, fxsr, mmx, sse, sse2, sse3, ssse3, sse4.1, sse4.2, popcnt, avx, avx2, aes, clmul, mmxext, 3dnowpref, lzcnt, sse4a, tsc, tscinvbit, tscinv, bmi1, bmi2, fma

Memory: 4k page, system-wide physical 7129M (114M free)
TotalPageFile size 9433M (AvailPageFile size 7M)
current process WorkingSet (physical memory assigned to process): 451M, peak: 451M
current process commit charge ("private bytes"): 494M, peak: 494M

vm_info: OpenJDK 64-Bit Server VM (11.0.10+0-b96-7249189) for windows-amd64 JRE (11.0.10+0-b96-7249189), built on Mar 31 2021 21:44:00 by "builder" with MS VC++ 14.0 (VS2015)

END.
